#
# There is insufficient memory for the Java Runtime Environment to continue.
# Native memory allocation (malloc) failed to allocate 1307056 bytes for Chunk::new
# Possible reasons:
#   The system is out of physical RAM or swap space
#   The process is running with CompressedOops enabled, and the Java Heap may be blocking the growth of the native heap
# Possible solutions:
#   Reduce memory load on the system
#   Increase physical memory or swap space
#   Check if swap backing store is full
#   Decrease Java heap size (-Xmx/-Xms)
#   Decrease number of Java threads
#   Decrease Java thread stack sizes (-Xss)
#   Set larger code cache with -XX:ReservedCodeCacheSize=
#   JVM is running with Unscaled Compressed Oops mode in which the Java heap is
#     placed in the first 4GB address space. The Java Heap base address is the
#     maximum limit for the native heap growth. Please use -XX:HeapBaseMinAddress
#     to set the Java Heap base and to place the Java Heap above 4GB virtual address.
# This output file may be truncated or incomplete.
#
#  Out of Memory Error (./src/hotspot/share/memory/arena.cpp:197), pid=10540, tid=16564
#
# JRE version: OpenJDK Runtime Environment (11.0.12+7) (build 11.0.12+7-b1504.28-7817840)
# Java VM: OpenJDK 64-Bit Server VM (11.0.12+7-b1504.28-7817840, mixed mode, tiered, compressed oops, g1 gc, windows-amd64)
# No core dump will be written. Minidumps are not enabled by default on client versions of Windows
#

---------------  S U M M A R Y ------------

Command Line: --add-opens=java.base/java.util=ALL-UNNAMED --add-opens=java.base/java.lang=ALL-UNNAMED --add-opens=java.base/java.lang.invoke=ALL-UNNAMED --add-opens=java.base/java.util=ALL-UNNAMED --add-opens=java.prefs/java.util.prefs=ALL-UNNAMED --add-opens=java.prefs/java.util.prefs=ALL-UNNAMED --add-opens=java.base/java.nio.charset=ALL-UNNAMED --add-opens=java.base/java.net=ALL-UNNAMED --add-opens=java.base/java.util.concurrent.atomic=ALL-UNNAMED -Xmx2048m -Dfile.encoding=UTF-8 -Duser.country=SK -Duser.language=sk -Duser.variant org.gradle.launcher.daemon.bootstrap.GradleDaemon 7.3.3

Host: Intel(R) Core(TM) i5-8300H CPU @ 2.30GHz, 8 cores, 7G,  Windows 10 , 64 bit Build 22000 (10.0.22000.613)
Time: Tue May 10 20:02:54 2022 Stredoeurópsky èas (letný) elapsed time: 927.075094 seconds (0d 0h 15m 27s)

---------------  T H R E A D  ---------------

Current thread (0x000002b57afdc000):  JavaThread "C2 CompilerThread0" daemon [_thread_in_native, id=16564, stack(0x000000ce69e00000,0x000000ce69f00000)]


Current CompileTask:
C2: 927076 21214       4       org.gradle.internal.file.FileHierarchySet$Node::plus (337 bytes)

Stack: [0x000000ce69e00000,0x000000ce69f00000]
Native frames: (J=compiled Java code, j=interpreted, Vv=VM code, C=native code)
V  [jvm.dll+0x5fbcea]
V  [jvm.dll+0x731905]
V  [jvm.dll+0x732f1d]
V  [jvm.dll+0x7335d3]
V  [jvm.dll+0x247bf8]
V  [jvm.dll+0xc018c]
V  [jvm.dll+0xc06cc]
V  [jvm.dll+0x35b2db]
V  [jvm.dll+0x328803]
V  [jvm.dll+0x327cfa]
V  [jvm.dll+0x200602]
V  [jvm.dll+0x1ff794]
V  [jvm.dll+0x18868c]
V  [jvm.dll+0x20e0d7]
V  [jvm.dll+0x20c901]
V  [jvm.dll+0x6f9b7f]
V  [jvm.dll+0x6f26a5]
V  [jvm.dll+0x5fabf6]
C  [ucrtbase.dll+0x26c0c]
C  [KERNEL32.DLL+0x154e0]
C  [ntdll.dll+0x485b]


---------------  P R O C E S S  ---------------

Threads class SMR info:
_java_thread_list=0x000002b505f92f90, length=139, elements={
0x000002b55eb4e800, 0x000002b57afb5800, 0x000002b57afb6800, 0x000002b57afd2800,
0x000002b57afd3000, 0x000002b57afd4000, 0x000002b57afdc000, 0x000002b57afdd800,
0x000002b57afde800, 0x000002b57bab1800, 0x000002b57cf2e000, 0x000002b57df23800,
0x000002b57c0fb800, 0x000002b57de91000, 0x000002b57de8f800, 0x000002b57de93800,
0x000002b57de92000, 0x000002b57de8e000, 0x000002b57e908000, 0x000002b57e90b800,
0x000002b57e90c000, 0x000002b57e909000, 0x000002b57e909800, 0x000002b57e90a800,
0x000002b57e90d000, 0x000002b57e907800, 0x000002b57e33b800, 0x000002b57e342800,
0x000002b57dc0e000, 0x000002b50474c800, 0x000002b50474d800, 0x000002b50474c000,
0x000002b504747800, 0x000002b50474e800, 0x000002b50474a000, 0x000002b504748800,
0x000002b504750000, 0x000002b50474f000, 0x000002b504750800, 0x000002b50474b000,
0x000002b504752800, 0x000002b504754000, 0x000002b504751800, 0x000002b504755000,
0x000002b504755800, 0x000002b504756800, 0x000002b57dc07800, 0x000002b57dc06000,
0x000002b57dc05000, 0x000002b57dc07000, 0x000002b57dc08800, 0x000002b57dc04800,
0x000002b57dc03000, 0x000002b57dc09800, 0x000002b57dc03800, 0x000002b57dc0c800,
0x000002b57dc0d800, 0x000002b57dc0a000, 0x000002b57dc0f000, 0x000002b57dc10800,
0x000002b57dc0b000, 0x000002b57dc11800, 0x000002b57dc0c000, 0x000002b57e341000,
0x000002b57e33d800, 0x000002b57e33d000, 0x000002b57e340000, 0x000002b57e33c000,
0x000002b57e346000, 0x000002b57e345000, 0x000002b57e343800, 0x000002b57e346800,
0x000002b57e347800, 0x000002b57e348800, 0x000002b57e349000, 0x000002b57e34a000,
0x000002b57e344800, 0x000002b57de93000, 0x000002b57de90800, 0x000002b57de8d000,
0x000002b57de8f000, 0x000002b57e90e000, 0x000002b502bf0800, 0x000002b502bf1800,
0x000002b502bef800, 0x000002b502bec800, 0x000002b502beb800, 0x000002b502bf3000,
0x000002b502bed800, 0x000002b502bee000, 0x000002b502bf2000, 0x000002b502bf4000,
0x000002b502bf4800, 0x000002b502bef000, 0x000002b502bf7000, 0x000002b502bf8800,
0x000002b502bf9800, 0x000002b502bfa800, 0x000002b502bf8000, 0x000002b502bf5800,
0x000002b502bf6000, 0x000002b504c0f000, 0x000002b504c14000, 0x000002b504c0e000,
0x000002b504c14800, 0x000002b504c0f800, 0x000002b504c16000, 0x000002b504c12000,
0x000002b504c10800, 0x000002b504c17000, 0x000002b504c15800, 0x000002b504c11800,
0x000002b504c13000, 0x000002b504c19800, 0x000002b504c18800, 0x000002b504c18000,
0x000002b504c1a800, 0x000002b504c1b000, 0x000002b504c1c000, 0x000002b504c1c800,
0x000002b5060a5800, 0x000002b5060a7000, 0x000002b5060aa800, 0x000002b5060a6800,
0x000002b5060a9800, 0x000002b5060ac000, 0x000002b5060a9000, 0x000002b5060ad800,
0x000002b5060a8000, 0x000002b5060b0000, 0x000002b5060b1000, 0x000002b5060af800,
0x000002b5060ad000, 0x000002b5060ae800, 0x000002b5060ab000, 0x000002b5060b2000,
0x000002b5060b2800, 0x000002b5060b3800, 0x000002b5060b4000
}

Java Threads: ( => current thread )
  0x000002b55eb4e800 JavaThread "main" [_thread_blocked, id=6180, stack(0x000000ce69200000,0x000000ce69300000)]
  0x000002b57afb5800 JavaThread "Reference Handler" daemon [_thread_blocked, id=11416, stack(0x000000ce69900000,0x000000ce69a00000)]
  0x000002b57afb6800 JavaThread "Finalizer" daemon [_thread_blocked, id=3228, stack(0x000000ce69a00000,0x000000ce69b00000)]
  0x000002b57afd2800 JavaThread "Signal Dispatcher" daemon [_thread_blocked, id=13124, stack(0x000000ce69b00000,0x000000ce69c00000)]
  0x000002b57afd3000 JavaThread "Attach Listener" daemon [_thread_blocked, id=12612, stack(0x000000ce69c00000,0x000000ce69d00000)]
  0x000002b57afd4000 JavaThread "Service Thread" daemon [_thread_blocked, id=15400, stack(0x000000ce69d00000,0x000000ce69e00000)]
=>0x000002b57afdc000 JavaThread "C2 CompilerThread0" daemon [_thread_in_native, id=16564, stack(0x000000ce69e00000,0x000000ce69f00000)]
  0x000002b57afdd800 JavaThread "C1 CompilerThread0" daemon [_thread_blocked, id=12072, stack(0x000000ce69f00000,0x000000ce6a000000)]
  0x000002b57afde800 JavaThread "Sweeper thread" daemon [_thread_blocked, id=2116, stack(0x000000ce6a000000,0x000000ce6a100000)]
  0x000002b57bab1800 JavaThread "Common-Cleaner" daemon [_thread_blocked, id=15644, stack(0x000000ce6a100000,0x000000ce6a200000)]
  0x000002b57cf2e000 JavaThread "Daemon health stats" [_thread_blocked, id=13184, stack(0x000000ce6a700000,0x000000ce6a800000)]
  0x000002b57df23800 JavaThread "Incoming local TCP Connector on port 56798" [_thread_in_native, id=608, stack(0x000000ce6a300000,0x000000ce6a400000)]
  0x000002b57c0fb800 JavaThread "Daemon periodic checks" [_thread_blocked, id=11488, stack(0x000000ce6a400000,0x000000ce6a500000)]
  0x000002b57de91000 JavaThread "Cache worker for journal cache (C:\Users\svkja\.gradle\caches\journal-1)" [_thread_blocked, id=17048, stack(0x000000ce6b400000,0x000000ce6b500000)]
  0x000002b57de8f800 JavaThread "File lock request listener" [_thread_in_native, id=17204, stack(0x000000ce6b500000,0x000000ce6b600000)]
  0x000002b57de93800 JavaThread "Cache worker for file hash cache (C:\Users\svkja\.gradle\caches\7.3.3\fileHashes)" [_thread_blocked, id=17228, stack(0x000000ce6b700000,0x000000ce6b800000)]
  0x000002b57de92000 JavaThread "File watcher server" daemon [_thread_in_native, id=2480, stack(0x000000ce6ba00000,0x000000ce6bb00000)]
  0x000002b57de8e000 JavaThread "File watcher consumer" daemon [_thread_blocked, id=13440, stack(0x000000ce6bb00000,0x000000ce6bc00000)]
  0x000002b57e908000 JavaThread "jar transforms" [_thread_blocked, id=17744, stack(0x000000ce6b800000,0x000000ce6b900000)]
  0x000002b57e90b800 JavaThread "jar transforms Thread 2" [_thread_blocked, id=6612, stack(0x000000ce6bc00000,0x000000ce6bd00000)]
  0x000002b57e90c000 JavaThread "jar transforms Thread 3" [_thread_blocked, id=13008, stack(0x000000ce6bd00000,0x000000ce6be00000)]
  0x000002b57e909000 JavaThread "jar transforms Thread 4" [_thread_blocked, id=18236, stack(0x000000ce6be00000,0x000000ce6bf00000)]
  0x000002b57e909800 JavaThread "jar transforms Thread 5" [_thread_blocked, id=13820, stack(0x000000ce6bf00000,0x000000ce6c000000)]
  0x000002b57e90a800 JavaThread "jar transforms Thread 6" [_thread_blocked, id=12160, stack(0x000000ce6c000000,0x000000ce6c100000)]
  0x000002b57e90d000 JavaThread "jar transforms Thread 7" [_thread_blocked, id=17436, stack(0x000000ce6c100000,0x000000ce6c200000)]
  0x000002b57e907800 JavaThread "jar transforms Thread 8" [_thread_blocked, id=508, stack(0x000000ce6c200000,0x000000ce6c300000)]
  0x000002b57e33b800 JavaThread "Cache worker for execution history cache (C:\Users\svkja\.gradle\caches\7.3.3\executionHistory)" [_thread_blocked, id=10752, stack(0x000000ce6c800000,0x000000ce6c900000)]
  0x000002b57e342800 JavaThread "Cache worker for file content cache (C:\Users\svkja\.gradle\caches\7.3.3\fileContent)" [_thread_blocked, id=11700, stack(0x000000ce6c900000,0x000000ce6ca00000)]
  0x000002b57dc0e000 JavaThread "Memory manager" [_thread_blocked, id=2576, stack(0x000000ce71e00000,0x000000ce71f00000)]
  0x000002b50474c800 JavaThread "Daemon Thread 2" [_thread_blocked, id=8840, stack(0x000000ce68f00000,0x000000ce69000000)]
  0x000002b50474d800 JavaThread "Handler for socket connection from /127.0.0.1:56798 to /127.0.0.1:57255" [_thread_in_native, id=10268, stack(0x000000ce69000000,0x000000ce69100000)]
  0x000002b50474c000 JavaThread "Cancel handler" [_thread_blocked, id=14628, stack(0x000000ce69100000,0x000000ce69200000)]
  0x000002b504747800 JavaThread "Daemon worker Thread 2" [_thread_blocked, id=8548, stack(0x000000ce6a800000,0x000000ce6a900000)]
  0x000002b50474e800 JavaThread "Asynchronous log dispatcher for DefaultDaemonConnection: socket connection from /127.0.0.1:56798 to /127.0.0.1:57255" [_thread_blocked, id=14492, stack(0x000000ce6a900000,0x000000ce6aa00000)]
  0x000002b50474a000 JavaThread "Stdin handler" [_thread_blocked, id=17556, stack(0x000000ce6aa00000,0x000000ce6ab00000)]
  0x000002b504748800 JavaThread "Daemon client event forwarder" [_thread_blocked, id=17868, stack(0x000000ce6ab00000,0x000000ce6ac00000)]
  0x000002b504750000 JavaThread "Cache worker for file hash cache (D:\test2\.gradle\7.3.3\fileHashes)" [_thread_blocked, id=16284, stack(0x000000ce6ad00000,0x000000ce6ae00000)]
  0x000002b50474f000 JavaThread "Cache worker for checksums cache (D:\test2\.gradle\7.3.3\checksums)" [_thread_blocked, id=15628, stack(0x000000ce6ae00000,0x000000ce6af00000)]
  0x000002b504750800 JavaThread "Cache worker for cache directory md-supplier (C:\Users\svkja\.gradle\caches\7.3.3\md-supplier)" [_thread_blocked, id=13000, stack(0x000000ce6c300000,0x000000ce6c400000)]
  0x000002b50474b000 JavaThread "Cache worker for cache directory md-rule (C:\Users\svkja\.gradle\caches\7.3.3\md-rule)" [_thread_blocked, id=12128, stack(0x000000ce6c600000,0x000000ce6c700000)]
  0x000002b504752800 JavaThread "Cache worker for dependencies-accessors (D:\test2\.gradle\7.3.3\dependencies-accessors)" [_thread_blocked, id=16848, stack(0x000000ce6ac00000,0x000000ce6ad00000)]
  0x000002b504754000 JavaThread "Cache worker for Build Output Cleanup Cache (D:\test2\.gradle\buildOutputCleanup)" [_thread_blocked, id=16256, stack(0x000000ce6c700000,0x000000ce6c800000)]
  0x000002b504751800 JavaThread "Unconstrained build operations" [_thread_blocked, id=15188, stack(0x000000ce6cb00000,0x000000ce6cc00000)]
  0x000002b504755000 JavaThread "Unconstrained build operations Thread 2" [_thread_blocked, id=17660, stack(0x000000ce6cc00000,0x000000ce6cd00000)]
  0x000002b504755800 JavaThread "Unconstrained build operations Thread 3" [_thread_blocked, id=15456, stack(0x000000ce6cd00000,0x000000ce6ce00000)]
  0x000002b504756800 JavaThread "Unconstrained build operations Thread 4" [_thread_blocked, id=9312, stack(0x000000ce6ce00000,0x000000ce6cf00000)]
  0x000002b57dc07800 JavaThread "Unconstrained build operations Thread 5" [_thread_in_native, id=7240, stack(0x000000ce6cf00000,0x000000ce6d000000)]
  0x000002b57dc06000 JavaThread "Unconstrained build operations Thread 6" [_thread_blocked, id=4700, stack(0x000000ce6d000000,0x000000ce6d100000)]
  0x000002b57dc05000 JavaThread "Unconstrained build operations Thread 7" [_thread_blocked, id=11928, stack(0x000000ce6d100000,0x000000ce6d200000)]
  0x000002b57dc07000 JavaThread "Unconstrained build operations Thread 8" [_thread_blocked, id=7260, stack(0x000000ce6d200000,0x000000ce6d300000)]
  0x000002b57dc08800 JavaThread "Unconstrained build operations Thread 9" [_thread_blocked, id=11912, stack(0x000000ce6d300000,0x000000ce6d400000)]
  0x000002b57dc04800 JavaThread "Unconstrained build operations Thread 10" [_thread_blocked, id=884, stack(0x000000ce6d400000,0x000000ce6d500000)]
  0x000002b57dc03000 JavaThread "Unconstrained build operations Thread 11" [_thread_blocked, id=7676, stack(0x000000ce6d500000,0x000000ce6d600000)]
  0x000002b57dc09800 JavaThread "Unconstrained build operations Thread 12" [_thread_blocked, id=7492, stack(0x000000ce6d600000,0x000000ce6d700000)]
  0x000002b57dc03800 JavaThread "Unconstrained build operations Thread 13" [_thread_blocked, id=6488, stack(0x000000ce6d700000,0x000000ce6d800000)]
  0x000002b57dc0c800 JavaThread "Unconstrained build operations Thread 14" [_thread_blocked, id=7184, stack(0x000000ce6d800000,0x000000ce6d900000)]
  0x000002b57dc0d800 JavaThread "Unconstrained build operations Thread 15" [_thread_blocked, id=10984, stack(0x000000ce6d900000,0x000000ce6da00000)]
  0x000002b57dc0a000 JavaThread "Unconstrained build operations Thread 16" [_thread_in_native, id=17044, stack(0x000000ce6da00000,0x000000ce6db00000)]
  0x000002b57dc0f000 JavaThread "Unconstrained build operations Thread 17" [_thread_blocked, id=14520, stack(0x000000ce6db00000,0x000000ce6dc00000)]
  0x000002b57dc10800 JavaThread "Unconstrained build operations Thread 18" [_thread_blocked, id=436, stack(0x000000ce6dc00000,0x000000ce6dd00000)]
  0x000002b57dc0b000 JavaThread "Unconstrained build operations Thread 19" [_thread_blocked, id=11216, stack(0x000000ce6dd00000,0x000000ce6de00000)]
  0x000002b57dc11800 JavaThread "Unconstrained build operations Thread 20" [_thread_blocked, id=16664, stack(0x000000ce6de00000,0x000000ce6df00000)]
  0x000002b57dc0c000 JavaThread "Unconstrained build operations Thread 21" [_thread_in_native, id=17628, stack(0x000000ce6df00000,0x000000ce6e000000)]
  0x000002b57e341000 JavaThread "Unconstrained build operations Thread 22" [_thread_blocked, id=4012, stack(0x000000ce6e000000,0x000000ce6e100000)]
  0x000002b57e33d800 JavaThread "Unconstrained build operations Thread 23" [_thread_blocked, id=15484, stack(0x000000ce6e100000,0x000000ce6e200000)]
  0x000002b57e33d000 JavaThread "Unconstrained build operations Thread 24" [_thread_blocked, id=3332, stack(0x000000ce6e200000,0x000000ce6e300000)]
  0x000002b57e340000 JavaThread "Unconstrained build operations Thread 25" [_thread_blocked, id=5344, stack(0x000000ce6e300000,0x000000ce6e400000)]
  0x000002b57e33c000 JavaThread "Unconstrained build operations Thread 26" [_thread_blocked, id=16064, stack(0x000000ce6e400000,0x000000ce6e500000)]
  0x000002b57e346000 JavaThread "Unconstrained build operations Thread 27" [_thread_blocked, id=17264, stack(0x000000ce6e500000,0x000000ce6e600000)]
  0x000002b57e345000 JavaThread "Unconstrained build operations Thread 28" [_thread_blocked, id=14560, stack(0x000000ce6e600000,0x000000ce6e700000)]
  0x000002b57e343800 JavaThread "Unconstrained build operations Thread 29" [_thread_in_native, id=12508, stack(0x000000ce6e700000,0x000000ce6e800000)]
  0x000002b57e346800 JavaThread "Unconstrained build operations Thread 30" [_thread_blocked, id=14252, stack(0x000000ce6e800000,0x000000ce6e900000)]
  0x000002b57e347800 JavaThread "Unconstrained build operations Thread 31" [_thread_blocked, id=8968, stack(0x000000ce6e900000,0x000000ce6ea00000)]
  0x000002b57e348800 JavaThread "Unconstrained build operations Thread 32" [_thread_blocked, id=15304, stack(0x000000ce6ea00000,0x000000ce6eb00000)]
  0x000002b57e349000 JavaThread "Unconstrained build operations Thread 33" [_thread_blocked, id=14984, stack(0x000000ce6eb00000,0x000000ce6ec00000)]
  0x000002b57e34a000 JavaThread "Unconstrained build operations Thread 34" [_thread_blocked, id=1504, stack(0x000000ce6ec00000,0x000000ce6ed00000)]
  0x000002b57e344800 JavaThread "Unconstrained build operations Thread 35" [_thread_blocked, id=2944, stack(0x000000ce6ed00000,0x000000ce6ee00000)]
  0x000002b57de93000 JavaThread "Unconstrained build operations Thread 36" [_thread_blocked, id=16512, stack(0x000000ce6ee00000,0x000000ce6ef00000)]
  0x000002b57de90800 JavaThread "Unconstrained build operations Thread 37" [_thread_blocked, id=14100, stack(0x000000ce6ef00000,0x000000ce6f000000)]
  0x000002b57de8d000 JavaThread "Unconstrained build operations Thread 38" [_thread_blocked, id=17952, stack(0x000000ce6f000000,0x000000ce6f100000)]
  0x000002b57de8f000 JavaThread "Unconstrained build operations Thread 39" [_thread_blocked, id=3624, stack(0x000000ce6f100000,0x000000ce6f200000)]
  0x000002b57e90e000 JavaThread "Unconstrained build operations Thread 40" [_thread_blocked, id=8044, stack(0x000000ce6f200000,0x000000ce6f300000)]
  0x000002b502bf0800 JavaThread "Unconstrained build operations Thread 41" [_thread_blocked, id=12992, stack(0x000000ce6f300000,0x000000ce6f400000)]
  0x000002b502bf1800 JavaThread "Unconstrained build operations Thread 42" [_thread_blocked, id=17312, stack(0x000000ce6f400000,0x000000ce6f500000)]
  0x000002b502bef800 JavaThread "Unconstrained build operations Thread 43" [_thread_blocked, id=13372, stack(0x000000ce6f500000,0x000000ce6f600000)]
  0x000002b502bec800 JavaThread "Unconstrained build operations Thread 44" [_thread_in_native, id=14344, stack(0x000000ce6f600000,0x000000ce6f700000)]
  0x000002b502beb800 JavaThread "Unconstrained build operations Thread 45" [_thread_blocked, id=16416, stack(0x000000ce6f700000,0x000000ce6f800000)]
  0x000002b502bf3000 JavaThread "Unconstrained build operations Thread 46" [_thread_blocked, id=6196, stack(0x000000ce6f800000,0x000000ce6f900000)]
  0x000002b502bed800 JavaThread "Unconstrained build operations Thread 47" [_thread_blocked, id=5672, stack(0x000000ce6f900000,0x000000ce6fa00000)]
  0x000002b502bee000 JavaThread "Unconstrained build operations Thread 48" [_thread_blocked, id=12452, stack(0x000000ce6fa00000,0x000000ce6fb00000)]
  0x000002b502bf2000 JavaThread "Unconstrained build operations Thread 49" [_thread_in_native, id=5592, stack(0x000000ce6fb00000,0x000000ce6fc00000)]
  0x000002b502bf4000 JavaThread "Unconstrained build operations Thread 50" [_thread_blocked, id=14540, stack(0x000000ce6fc00000,0x000000ce6fd00000)]
  0x000002b502bf4800 JavaThread "Unconstrained build operations Thread 51" [_thread_blocked, id=14460, stack(0x000000ce6fd00000,0x000000ce6fe00000)]
  0x000002b502bef000 JavaThread "Unconstrained build operations Thread 52" [_thread_blocked, id=6496, stack(0x000000ce6fe00000,0x000000ce6ff00000)]
  0x000002b502bf7000 JavaThread "Unconstrained build operations Thread 53" [_thread_blocked, id=13152, stack(0x000000ce6ff00000,0x000000ce70000000)]
  0x000002b502bf8800 JavaThread "Unconstrained build operations Thread 54" [_thread_blocked, id=3804, stack(0x000000ce70000000,0x000000ce70100000)]
  0x000002b502bf9800 JavaThread "Unconstrained build operations Thread 55" [_thread_blocked, id=3800, stack(0x000000ce70100000,0x000000ce70200000)]
  0x000002b502bfa800 JavaThread "Unconstrained build operations Thread 56" [_thread_blocked, id=17028, stack(0x000000ce70200000,0x000000ce70300000)]
  0x000002b502bf8000 JavaThread "Unconstrained build operations Thread 57" [_thread_blocked, id=8464, stack(0x000000ce70300000,0x000000ce70400000)]
  0x000002b502bf5800 JavaThread "Unconstrained build operations Thread 58" [_thread_blocked, id=11424, stack(0x000000ce70400000,0x000000ce70500000)]
  0x000002b502bf6000 JavaThread "Unconstrained build operations Thread 59" [_thread_blocked, id=720, stack(0x000000ce70500000,0x000000ce70600000)]
  0x000002b504c0f000 JavaThread "Unconstrained build operations Thread 60" [_thread_blocked, id=17588, stack(0x000000ce70600000,0x000000ce70700000)]
  0x000002b504c14000 JavaThread "Unconstrained build operations Thread 61" [_thread_blocked, id=8312, stack(0x000000ce70700000,0x000000ce70800000)]
  0x000002b504c0e000 JavaThread "Unconstrained build operations Thread 62" [_thread_blocked, id=13748, stack(0x000000ce70800000,0x000000ce70900000)]
  0x000002b504c14800 JavaThread "Unconstrained build operations Thread 63" [_thread_blocked, id=13316, stack(0x000000ce70900000,0x000000ce70a00000)]
  0x000002b504c0f800 JavaThread "Unconstrained build operations Thread 64" [_thread_blocked, id=12140, stack(0x000000ce70a00000,0x000000ce70b00000)]
  0x000002b504c16000 JavaThread "Unconstrained build operations Thread 65" [_thread_blocked, id=18400, stack(0x000000ce70b00000,0x000000ce70c00000)]
  0x000002b504c12000 JavaThread "Unconstrained build operations Thread 66" [_thread_blocked, id=16708, stack(0x000000ce70c00000,0x000000ce70d00000)]
  0x000002b504c10800 JavaThread "Unconstrained build operations Thread 67" [_thread_blocked, id=3424, stack(0x000000ce70d00000,0x000000ce70e00000)]
  0x000002b504c17000 JavaThread "Unconstrained build operations Thread 68" [_thread_blocked, id=13792, stack(0x000000ce70e00000,0x000000ce70f00000)]
  0x000002b504c15800 JavaThread "Unconstrained build operations Thread 69" [_thread_blocked, id=16744, stack(0x000000ce70f00000,0x000000ce71000000)]
  0x000002b504c11800 JavaThread "Unconstrained build operations Thread 70" [_thread_blocked, id=12000, stack(0x000000ce71000000,0x000000ce71100000)]
  0x000002b504c13000 JavaThread "Unconstrained build operations Thread 71" [_thread_blocked, id=8552, stack(0x000000ce71100000,0x000000ce71200000)]
  0x000002b504c19800 JavaThread "Unconstrained build operations Thread 72" [_thread_blocked, id=5708, stack(0x000000ce71200000,0x000000ce71300000)]
  0x000002b504c18800 JavaThread "Unconstrained build operations Thread 73" [_thread_blocked, id=16152, stack(0x000000ce71300000,0x000000ce71400000)]
  0x000002b504c18000 JavaThread "Unconstrained build operations Thread 74" [_thread_in_native, id=2328, stack(0x000000ce71400000,0x000000ce71500000)]
  0x000002b504c1a800 JavaThread "Unconstrained build operations Thread 75" [_thread_blocked, id=17984, stack(0x000000ce71500000,0x000000ce71600000)]
  0x000002b504c1b000 JavaThread "Unconstrained build operations Thread 76" [_thread_blocked, id=10648, stack(0x000000ce71600000,0x000000ce71700000)]
  0x000002b504c1c000 JavaThread "Unconstrained build operations Thread 77" [_thread_blocked, id=11240, stack(0x000000ce71700000,0x000000ce71800000)]
  0x000002b504c1c800 JavaThread "Unconstrained build operations Thread 78" [_thread_blocked, id=9580, stack(0x000000ce71800000,0x000000ce71900000)]
  0x000002b5060a5800 JavaThread "Unconstrained build operations Thread 79" [_thread_blocked, id=14380, stack(0x000000ce71900000,0x000000ce71a00000)]
  0x000002b5060a7000 JavaThread "Unconstrained build operations Thread 80" [_thread_blocked, id=5664, stack(0x000000ce71a00000,0x000000ce71b00000)]
  0x000002b5060aa800 JavaThread "build event listener" [_thread_blocked, id=15728, stack(0x000000ce71b00000,0x000000ce71c00000)]
  0x000002b5060a6800 JavaThread "Execution worker for ':'" [_thread_blocked, id=17616, stack(0x000000ce71c00000,0x000000ce71d00000)]
  0x000002b5060a9800 JavaThread "Execution worker for ':' Thread 2" [_thread_blocked, id=17324, stack(0x000000ce71d00000,0x000000ce71e00000)]
  0x000002b5060ac000 JavaThread "Execution worker for ':' Thread 3" [_thread_blocked, id=11420, stack(0x000000ce71f00000,0x000000ce72000000)]
  0x000002b5060a9000 JavaThread "Execution worker for ':' Thread 4" [_thread_blocked, id=976, stack(0x000000ce72000000,0x000000ce72100000)]
  0x000002b5060ad800 JavaThread "Execution worker for ':' Thread 5" [_thread_blocked, id=3544, stack(0x000000ce72100000,0x000000ce72200000)]
  0x000002b5060a8000 JavaThread "Execution worker for ':' Thread 6" [_thread_blocked, id=17680, stack(0x000000ce72200000,0x000000ce72300000)]
  0x000002b5060b0000 JavaThread "Execution worker for ':' Thread 7" [_thread_blocked, id=17732, stack(0x000000ce72300000,0x000000ce72400000)]
  0x000002b5060b1000 JavaThread "Cache worker for execution history cache (D:\test2\.gradle\7.3.3\executionHistory)" [_thread_blocked, id=16268, stack(0x000000ce72400000,0x000000ce72500000)]
  0x000002b5060af800 JavaThread "WorkerExecutor Queue" [_thread_blocked, id=13456, stack(0x000000ce72500000,0x000000ce72600000)]
  0x000002b5060ad000 JavaThread "WorkerExecutor Queue Thread 2" [_thread_blocked, id=7620, stack(0x000000ce72600000,0x000000ce72700000)]
  0x000002b5060ae800 JavaThread "WorkerExecutor Queue Thread 3" [_thread_blocked, id=6076, stack(0x000000ce72700000,0x000000ce72800000)]
  0x000002b5060ab000 JavaThread "WorkerExecutor Queue Thread 4" [_thread_blocked, id=4420, stack(0x000000ce72800000,0x000000ce72900000)]
  0x000002b5060b2000 JavaThread "WorkerExecutor Queue Thread 5" [_thread_blocked, id=16688, stack(0x000000ce72900000,0x000000ce72a00000)]
  0x000002b5060b2800 JavaThread "WorkerExecutor Queue Thread 6" [_thread_blocked, id=4736, stack(0x000000ce72a00000,0x000000ce72b00000)]
  0x000002b5060b3800 JavaThread "WorkerExecutor Queue Thread 7" [_thread_blocked, id=15080, stack(0x000000ce72b00000,0x000000ce72c00000)]
  0x000002b5060b4000 JavaThread "WorkerExecutor Queue Thread 8" [_thread_blocked, id=17860, stack(0x000000ce72c00000,0x000000ce72d00000)]

Other Threads:
  0x000002b57afb1800 VMThread "VM Thread" [stack: 0x000000ce69800000,0x000000ce69900000] [id=3972]
  0x000002b57bac2000 WatcherThread [stack: 0x000000ce6a200000,0x000000ce6a300000] [id=14200]
  0x000002b55eb68800 GCTaskThread "GC Thread#0" [stack: 0x000000ce69300000,0x000000ce69400000] [id=18020]
  0x000002b57c620800 GCTaskThread "GC Thread#1" [stack: 0x000000ce6a500000,0x000000ce6a600000] [id=17760]
  0x000002b57bd47800 GCTaskThread "GC Thread#2" [stack: 0x000000ce6a600000,0x000000ce6a700000] [id=15332]
  0x000002b57cf3d000 GCTaskThread "GC Thread#3" [stack: 0x000000ce6af00000,0x000000ce6b000000] [id=16024]
  0x000002b57e62a800 GCTaskThread "GC Thread#4" [stack: 0x000000ce6b000000,0x000000ce6b100000] [id=9636]
  0x000002b57e000800 GCTaskThread "GC Thread#5" [stack: 0x000000ce6b100000,0x000000ce6b200000] [id=18396]
  0x000002b57da7e800 GCTaskThread "GC Thread#6" [stack: 0x000000ce6b200000,0x000000ce6b300000] [id=13520]
  0x000002b57da7f800 GCTaskThread "GC Thread#7" [stack: 0x000000ce6b300000,0x000000ce6b400000] [id=10252]
  0x000002b55eb99800 ConcurrentGCThread "G1 Main Marker" [stack: 0x000000ce69400000,0x000000ce69500000] [id=7384]
  0x000002b55eb9b000 ConcurrentGCThread "G1 Conc#0" [stack: 0x000000ce69500000,0x000000ce69600000] [id=6396]
  0x000002b57e95b000 ConcurrentGCThread "G1 Conc#1" [stack: 0x000000ce6b600000,0x000000ce6b700000] [id=12676]
  0x000002b57ae00800 ConcurrentGCThread "G1 Refine#0" [stack: 0x000000ce69600000,0x000000ce69700000] [id=12748]
  0x000002b57f5f1800 ConcurrentGCThread "G1 Refine#1" [stack: 0x000000ce6b900000,0x000000ce6ba00000] [id=2388]
  0x000002b57f5f2000 ConcurrentGCThread "G1 Refine#2" [stack: 0x000000ce6c400000,0x000000ce6c500000] [id=17280]
  0x000002b57f5f3000 ConcurrentGCThread "G1 Refine#3" [stack: 0x000000ce6c500000,0x000000ce6c600000] [id=14208]
  0x000002b57ae01800 ConcurrentGCThread "G1 Young RemSet Sampling" [stack: 0x000000ce69700000,0x000000ce69800000] [id=11220]

Threads with active compile tasks:
C2 CompilerThread0 927961 21214       4       org.gradle.internal.file.FileHierarchySet$Node::plus (337 bytes)

VM state:not at safepoint (normal execution)

VM Mutex/Monitor currently owned by a thread: None

Heap address: 0x0000000080000000, size: 2048 MB, Compressed Oops mode: 32-bit
Narrow klass base: 0x0000000000000000, Narrow klass shift: 3
Compressed class space size: 1073741824 Address: 0x0000000100000000

Heap:
 garbage-first heap   total 227328K, used 165388K [0x0000000080000000, 0x0000000100000000)
  region size 1024K, 36 young (36864K), 2 survivors (2048K)
 Metaspace       used 126214K, capacity 129580K, committed 129868K, reserved 1163264K
  class space    used 15462K, capacity 16682K, committed 16792K, reserved 1048576K
Heap Regions: E=young(eden), S=young(survivor), O=old, HS=humongous(starts), HC=humongous(continues), CS=collection set, F=free, A=archive, TAMS=top-at-mark-start (previous, next)
|   0|0x0000000080000000, 0x0000000080100000, 0x0000000080100000|100%| O|  |TAMS 0x0000000080100000, 0x0000000080000000| Untracked 
|   1|0x0000000080100000, 0x0000000080200000, 0x0000000080200000|100%| O|  |TAMS 0x0000000080200000, 0x0000000080100000| Untracked 
|   2|0x0000000080200000, 0x0000000080300000, 0x0000000080300000|100%| O|  |TAMS 0x0000000080300000, 0x0000000080200000| Untracked 
|   3|0x0000000080300000, 0x0000000080400000, 0x0000000080400000|100%|HS|  |TAMS 0x0000000080400000, 0x0000000080300000| Complete 
|   4|0x0000000080400000, 0x0000000080500000, 0x0000000080500000|100%|HC|  |TAMS 0x0000000080500000, 0x0000000080400000| Complete 
|   5|0x0000000080500000, 0x0000000080600000, 0x0000000080600000|100%|HC|  |TAMS 0x0000000080600000, 0x0000000080500000| Complete 
|   6|0x0000000080600000, 0x0000000080700000, 0x0000000080700000|100%| O|  |TAMS 0x0000000080700000, 0x0000000080600000| Untracked 
|   7|0x0000000080700000, 0x0000000080800000, 0x0000000080800000|100%| O|  |TAMS 0x0000000080800000, 0x0000000080700000| Untracked 
|   8|0x0000000080800000, 0x0000000080900000, 0x0000000080900000|100%| O|  |TAMS 0x0000000080900000, 0x0000000080800000| Untracked 
|   9|0x0000000080900000, 0x0000000080a00000, 0x0000000080a00000|100%| O|  |TAMS 0x0000000080a00000, 0x0000000080900000| Untracked 
|  10|0x0000000080a00000, 0x0000000080b00000, 0x0000000080b00000|100%| O|  |TAMS 0x0000000080b00000, 0x0000000080a00000| Untracked 
|  11|0x0000000080b00000, 0x0000000080c00000, 0x0000000080c00000|100%| O|  |TAMS 0x0000000080c00000, 0x0000000080b00000| Untracked 
|  12|0x0000000080c00000, 0x0000000080d00000, 0x0000000080d00000|100%| O|  |TAMS 0x0000000080d00000, 0x0000000080c00000| Untracked 
|  13|0x0000000080d00000, 0x0000000080e00000, 0x0000000080e00000|100%| O|  |TAMS 0x0000000080e00000, 0x0000000080d00000| Untracked 
|  14|0x0000000080e00000, 0x0000000080f00000, 0x0000000080f00000|100%|HS|  |TAMS 0x0000000080f00000, 0x0000000080e00000| Complete 
|  15|0x0000000080f00000, 0x0000000081000000, 0x0000000081000000|100%|HC|  |TAMS 0x0000000081000000, 0x0000000080f00000| Complete 
|  16|0x0000000081000000, 0x0000000081100000, 0x0000000081100000|100%|HS|  |TAMS 0x0000000081100000, 0x0000000081000000| Complete 
|  17|0x0000000081100000, 0x0000000081200000, 0x0000000081200000|100%|HC|  |TAMS 0x0000000081200000, 0x0000000081100000| Complete 
|  18|0x0000000081200000, 0x0000000081300000, 0x0000000081300000|100%|HC|  |TAMS 0x0000000081300000, 0x0000000081200000| Complete 
|  19|0x0000000081300000, 0x0000000081400000, 0x0000000081400000|100%|HS|  |TAMS 0x0000000081400000, 0x0000000081300000| Complete 
|  20|0x0000000081400000, 0x0000000081500000, 0x0000000081500000|100%|HS|  |TAMS 0x0000000081500000, 0x0000000081400000| Complete 
|  21|0x0000000081500000, 0x0000000081600000, 0x0000000081600000|100%|HC|  |TAMS 0x0000000081600000, 0x0000000081500000| Complete 
|  22|0x0000000081600000, 0x0000000081700000, 0x0000000081700000|100%|HC|  |TAMS 0x0000000081700000, 0x0000000081600000| Complete 
|  23|0x0000000081700000, 0x0000000081800000, 0x0000000081800000|100%|HC|  |TAMS 0x0000000081800000, 0x0000000081700000| Complete 
|  24|0x0000000081800000, 0x0000000081900000, 0x0000000081900000|100%| O|  |TAMS 0x0000000081900000, 0x0000000081800000| Untracked 
|  25|0x0000000081900000, 0x0000000081a00000, 0x0000000081a00000|100%| O|  |TAMS 0x0000000081a00000, 0x0000000081900000| Untracked 
|  26|0x0000000081a00000, 0x0000000081b00000, 0x0000000081b00000|100%| O|  |TAMS 0x0000000081b00000, 0x0000000081a00000| Untracked 
|  27|0x0000000081b00000, 0x0000000081c00000, 0x0000000081c00000|100%| O|  |TAMS 0x0000000081c00000, 0x0000000081b00000| Untracked 
|  28|0x0000000081c00000, 0x0000000081d00000, 0x0000000081d00000|100%| O|  |TAMS 0x0000000081d00000, 0x0000000081c00000| Untracked 
|  29|0x0000000081d00000, 0x0000000081e00000, 0x0000000081e00000|100%| O|  |TAMS 0x0000000081e00000, 0x0000000081d00000| Untracked 
|  30|0x0000000081e00000, 0x0000000081f00000, 0x0000000081f00000|100%| O|  |TAMS 0x0000000081f00000, 0x0000000081e00000| Untracked 
|  31|0x0000000081f00000, 0x0000000082000000, 0x0000000082000000|100%| O|  |TAMS 0x0000000082000000, 0x0000000081f00000| Untracked 
|  32|0x0000000082000000, 0x0000000082100000, 0x0000000082100000|100%| O|  |TAMS 0x0000000082100000, 0x0000000082000000| Untracked 
|  33|0x0000000082100000, 0x0000000082200000, 0x0000000082200000|100%| O|  |TAMS 0x0000000082200000, 0x0000000082100000| Untracked 
|  34|0x0000000082200000, 0x0000000082300000, 0x0000000082300000|100%| O|  |TAMS 0x0000000082300000, 0x0000000082200000| Untracked 
|  35|0x0000000082300000, 0x0000000082400000, 0x0000000082400000|100%| O|  |TAMS 0x0000000082400000, 0x0000000082300000| Untracked 
|  36|0x0000000082400000, 0x0000000082500000, 0x0000000082500000|100%| O|  |TAMS 0x0000000082500000, 0x0000000082400000| Untracked 
|  37|0x0000000082500000, 0x0000000082600000, 0x0000000082600000|100%| O|  |TAMS 0x0000000082600000, 0x0000000082500000| Untracked 
|  38|0x0000000082600000, 0x0000000082700000, 0x0000000082700000|100%| O|  |TAMS 0x0000000082700000, 0x0000000082600000| Untracked 
|  39|0x0000000082700000, 0x0000000082800000, 0x0000000082800000|100%| O|  |TAMS 0x0000000082800000, 0x0000000082700000| Untracked 
|  40|0x0000000082800000, 0x0000000082900000, 0x0000000082900000|100%|HS|  |TAMS 0x0000000082900000, 0x0000000082800000| Complete 
|  41|0x0000000082900000, 0x0000000082a00000, 0x0000000082a00000|100%|HC|  |TAMS 0x0000000082a00000, 0x0000000082900000| Complete 
|  42|0x0000000082a00000, 0x0000000082b00000, 0x0000000082b00000|100%|HC|  |TAMS 0x0000000082b00000, 0x0000000082a00000| Complete 
|  43|0x0000000082b00000, 0x0000000082c00000, 0x0000000082c00000|100%|HC|  |TAMS 0x0000000082c00000, 0x0000000082b00000| Complete 
|  44|0x0000000082c00000, 0x0000000082d00000, 0x0000000082d00000|100%| O|  |TAMS 0x0000000082d00000, 0x0000000082c00000| Untracked 
|  45|0x0000000082d00000, 0x0000000082e00000, 0x0000000082e00000|100%| O|  |TAMS 0x0000000082e00000, 0x0000000082d00000| Untracked 
|  46|0x0000000082e00000, 0x0000000082f00000, 0x0000000082f00000|100%| O|  |TAMS 0x0000000082f00000, 0x0000000082e00000| Untracked 
|  47|0x0000000082f00000, 0x0000000083000000, 0x0000000083000000|100%| O|  |TAMS 0x0000000083000000, 0x0000000082f00000| Untracked 
|  48|0x0000000083000000, 0x0000000083100000, 0x0000000083100000|100%| O|  |TAMS 0x0000000083100000, 0x0000000083000000| Untracked 
|  49|0x0000000083100000, 0x0000000083200000, 0x0000000083200000|100%|HS|  |TAMS 0x0000000083200000, 0x0000000083100000| Complete 
|  50|0x0000000083200000, 0x0000000083300000, 0x0000000083300000|100%|HC|  |TAMS 0x0000000083300000, 0x0000000083200000| Complete 
|  51|0x0000000083300000, 0x0000000083400000, 0x0000000083400000|100%|HC|  |TAMS 0x0000000083400000, 0x0000000083300000| Complete 
|  52|0x0000000083400000, 0x0000000083500000, 0x0000000083500000|100%| O|  |TAMS 0x0000000083500000, 0x0000000083400000| Untracked 
|  53|0x0000000083500000, 0x000000008355a800, 0x0000000083600000| 35%| O|  |TAMS 0x0000000083500000, 0x0000000083500000| Untracked 
|  54|0x0000000083600000, 0x0000000083600000, 0x0000000083700000|  0%| F|  |TAMS 0x0000000083600000, 0x0000000083600000| Untracked 
|  55|0x0000000083700000, 0x0000000083800000, 0x0000000083800000|100%| O|  |TAMS 0x0000000083800000, 0x0000000083700000| Untracked 
|  56|0x0000000083800000, 0x0000000083900000, 0x0000000083900000|100%| O|  |TAMS 0x0000000083900000, 0x0000000083800000| Untracked 
|  57|0x0000000083900000, 0x0000000083a00000, 0x0000000083a00000|100%| O|  |TAMS 0x0000000083a00000, 0x0000000083900000| Untracked 
|  58|0x0000000083a00000, 0x0000000083b00000, 0x0000000083b00000|100%| O|  |TAMS 0x0000000083b00000, 0x0000000083a00000| Untracked 
|  59|0x0000000083b00000, 0x0000000083c00000, 0x0000000083c00000|100%|HS|  |TAMS 0x0000000083c00000, 0x0000000083b00000| Complete 
|  60|0x0000000083c00000, 0x0000000083d00000, 0x0000000083d00000|100%| O|  |TAMS 0x0000000083d00000, 0x0000000083c00000| Untracked 
|  61|0x0000000083d00000, 0x0000000083e00000, 0x0000000083e00000|100%| O|  |TAMS 0x0000000083e00000, 0x0000000083d00000| Untracked 
|  62|0x0000000083e00000, 0x0000000083f00000, 0x0000000083f00000|100%| O|  |TAMS 0x0000000083f00000, 0x0000000083e00000| Untracked 
|  63|0x0000000083f00000, 0x0000000084000000, 0x0000000084000000|100%| O|  |TAMS 0x0000000084000000, 0x0000000083f00000| Untracked 
|  64|0x0000000084000000, 0x0000000084100000, 0x0000000084100000|100%| O|  |TAMS 0x0000000084100000, 0x0000000084000000| Untracked 
|  65|0x0000000084100000, 0x0000000084200000, 0x0000000084200000|100%| O|  |TAMS 0x0000000084200000, 0x0000000084100000| Untracked 
|  66|0x0000000084200000, 0x0000000084300000, 0x0000000084300000|100%| O|  |TAMS 0x0000000084300000, 0x0000000084200000| Untracked 
|  67|0x0000000084300000, 0x0000000084400000, 0x0000000084400000|100%| O|  |TAMS 0x0000000084400000, 0x0000000084300000| Untracked 
|  68|0x0000000084400000, 0x0000000084500000, 0x0000000084500000|100%| O|  |TAMS 0x0000000084500000, 0x0000000084400000| Untracked 
|  69|0x0000000084500000, 0x0000000084500000, 0x0000000084600000|  0%| F|  |TAMS 0x0000000084500000, 0x0000000084500000| Untracked 
|  70|0x0000000084600000, 0x0000000084600000, 0x0000000084700000|  0%| F|  |TAMS 0x0000000084600000, 0x0000000084600000| Untracked 
|  71|0x0000000084700000, 0x0000000084800000, 0x0000000084800000|100%| O|  |TAMS 0x0000000084800000, 0x0000000084700000| Untracked 
|  72|0x0000000084800000, 0x0000000084800000, 0x0000000084900000|  0%| F|  |TAMS 0x0000000084800000, 0x0000000084800000| Untracked 
|  73|0x0000000084900000, 0x0000000084a00000, 0x0000000084a00000|100%|HS|  |TAMS 0x0000000084a00000, 0x0000000084900000| Complete 
|  74|0x0000000084a00000, 0x0000000084b00000, 0x0000000084b00000|100%|HS|  |TAMS 0x0000000084b00000, 0x0000000084a00000| Complete 
|  75|0x0000000084b00000, 0x0000000084c00000, 0x0000000084c00000|100%|HS|  |TAMS 0x0000000084c00000, 0x0000000084b00000| Complete 
|  76|0x0000000084c00000, 0x0000000084d00000, 0x0000000084d00000|100%| O|  |TAMS 0x0000000084d00000, 0x0000000084c00000| Untracked 
|  77|0x0000000084d00000, 0x0000000084e00000, 0x0000000084e00000|100%|HS|  |TAMS 0x0000000084e00000, 0x0000000084d00000| Complete 
|  78|0x0000000084e00000, 0x0000000084f00000, 0x0000000084f00000|100%|HC|  |TAMS 0x0000000084f00000, 0x0000000084e00000| Complete 
|  79|0x0000000084f00000, 0x0000000085000000, 0x0000000085000000|100%| O|  |TAMS 0x0000000085000000, 0x0000000084f00000| Untracked 
|  80|0x0000000085000000, 0x0000000085100000, 0x0000000085100000|100%| O|  |TAMS 0x0000000085100000, 0x0000000085000000| Untracked 
|  81|0x0000000085100000, 0x0000000085200000, 0x0000000085200000|100%| O|  |TAMS 0x0000000085200000, 0x0000000085100000| Untracked 
|  82|0x0000000085200000, 0x0000000085300000, 0x0000000085300000|100%| O|  |TAMS 0x0000000085300000, 0x0000000085200000| Untracked 
|  83|0x0000000085300000, 0x0000000085400000, 0x0000000085400000|100%| O|  |TAMS 0x0000000085400000, 0x0000000085300000| Untracked 
|  84|0x0000000085400000, 0x0000000085500000, 0x0000000085500000|100%| O|  |TAMS 0x0000000085500000, 0x0000000085400000| Untracked 
|  85|0x0000000085500000, 0x0000000085600000, 0x0000000085600000|100%| O|  |TAMS 0x0000000085600000, 0x0000000085500000| Untracked 
|  86|0x0000000085600000, 0x0000000085700000, 0x0000000085700000|100%| O|  |TAMS 0x0000000085700000, 0x0000000085600000| Untracked 
|  87|0x0000000085700000, 0x0000000085800000, 0x0000000085800000|100%|HS|  |TAMS 0x0000000085800000, 0x0000000085700000| Complete 
|  88|0x0000000085800000, 0x0000000085900000, 0x0000000085900000|100%|HC|  |TAMS 0x0000000085900000, 0x0000000085800000| Complete 
|  89|0x0000000085900000, 0x0000000085a00000, 0x0000000085a00000|100%|HS|  |TAMS 0x0000000085a00000, 0x0000000085900000| Complete 
|  90|0x0000000085a00000, 0x0000000085b00000, 0x0000000085b00000|100%|HC|  |TAMS 0x0000000085b00000, 0x0000000085a00000| Complete 
|  91|0x0000000085b00000, 0x0000000085c00000, 0x0000000085c00000|100%|HC|  |TAMS 0x0000000085c00000, 0x0000000085b00000| Complete 
|  92|0x0000000085c00000, 0x0000000085d00000, 0x0000000085d00000|100%|HS|  |TAMS 0x0000000085d00000, 0x0000000085c00000| Complete 
|  93|0x0000000085d00000, 0x0000000085e00000, 0x0000000085e00000|100%|HC|  |TAMS 0x0000000085e00000, 0x0000000085d00000| Complete 
|  94|0x0000000085e00000, 0x0000000085f00000, 0x0000000085f00000|100%|HC|  |TAMS 0x0000000085f00000, 0x0000000085e00000| Complete 
|  95|0x0000000085f00000, 0x0000000086000000, 0x0000000086000000|100%|HC|  |TAMS 0x0000000086000000, 0x0000000085f00000| Complete 
|  96|0x0000000086000000, 0x0000000086100000, 0x0000000086100000|100%| O|  |TAMS 0x0000000086100000, 0x0000000086000000| Untracked 
|  97|0x0000000086100000, 0x0000000086200000, 0x0000000086200000|100%| O|  |TAMS 0x0000000086200000, 0x0000000086100000| Untracked 
|  98|0x0000000086200000, 0x0000000086300000, 0x0000000086300000|100%| O|  |TAMS 0x0000000086300000, 0x0000000086200000| Untracked 
|  99|0x0000000086300000, 0x0000000086400000, 0x0000000086400000|100%| O|  |TAMS 0x0000000086400000, 0x0000000086300000| Untracked 
| 100|0x0000000086400000, 0x0000000086500000, 0x0000000086500000|100%| O|  |TAMS 0x0000000086500000, 0x0000000086400000| Untracked 
| 101|0x0000000086500000, 0x0000000086600000, 0x0000000086600000|100%| O|  |TAMS 0x0000000086600000, 0x0000000086500000| Untracked 
| 102|0x0000000086600000, 0x0000000086700000, 0x0000000086700000|100%| O|  |TAMS 0x0000000086700000, 0x0000000086600000| Untracked 
| 103|0x0000000086700000, 0x0000000086800000, 0x0000000086800000|100%| O|  |TAMS 0x0000000086800000, 0x0000000086700000| Untracked 
| 104|0x0000000086800000, 0x0000000086900000, 0x0000000086900000|100%| O|  |TAMS 0x0000000086900000, 0x0000000086800000| Untracked 
| 105|0x0000000086900000, 0x0000000086a00000, 0x0000000086a00000|100%| O|  |TAMS 0x0000000086a00000, 0x0000000086900000| Untracked 
| 106|0x0000000086a00000, 0x0000000086b00000, 0x0000000086b00000|100%| O|  |TAMS 0x0000000086b00000, 0x0000000086a00000| Untracked 
| 107|0x0000000086b00000, 0x0000000086c00000, 0x0000000086c00000|100%| O|  |TAMS 0x0000000086c00000, 0x0000000086b00000| Untracked 
| 108|0x0000000086c00000, 0x0000000086d00000, 0x0000000086d00000|100%| O|  |TAMS 0x0000000086d00000, 0x0000000086c00000| Untracked 
| 109|0x0000000086d00000, 0x0000000086e00000, 0x0000000086e00000|100%| O|  |TAMS 0x0000000086e00000, 0x0000000086d00000| Untracked 
| 110|0x0000000086e00000, 0x0000000086e00000, 0x0000000086f00000|  0%| F|  |TAMS 0x0000000086e00000, 0x0000000086e00000| Untracked 
| 111|0x0000000086f00000, 0x0000000087000000, 0x0000000087000000|100%| O|  |TAMS 0x0000000087000000, 0x0000000086f00000| Untracked 
| 112|0x0000000087000000, 0x0000000087100000, 0x0000000087100000|100%| O|  |TAMS 0x0000000087100000, 0x0000000087000000| Untracked 
| 113|0x0000000087100000, 0x0000000087200000, 0x0000000087200000|100%| O|  |TAMS 0x00000000871e7600, 0x0000000087100000| Untracked 
| 114|0x0000000087200000, 0x0000000087300000, 0x0000000087300000|100%| O|  |TAMS 0x0000000087300000, 0x0000000087200000| Untracked 
| 115|0x0000000087300000, 0x0000000087400000, 0x0000000087400000|100%| O|  |TAMS 0x0000000087400000, 0x0000000087300000| Untracked 
| 116|0x0000000087400000, 0x0000000087500000, 0x0000000087500000|100%| O|  |TAMS 0x0000000087500000, 0x0000000087400000| Untracked 
| 117|0x0000000087500000, 0x0000000087600000, 0x0000000087600000|100%| O|  |TAMS 0x0000000087600000, 0x0000000087500000| Untracked 
| 118|0x0000000087600000, 0x0000000087700000, 0x0000000087700000|100%| O|  |TAMS 0x0000000087700000, 0x0000000087600000| Untracked 
| 119|0x0000000087700000, 0x0000000087800000, 0x0000000087800000|100%| O|  |TAMS 0x0000000087800000, 0x0000000087700000| Untracked 
| 120|0x0000000087800000, 0x0000000087900000, 0x0000000087900000|100%| O|  |TAMS 0x0000000087900000, 0x0000000087800000| Untracked 
| 121|0x0000000087900000, 0x0000000087a00000, 0x0000000087a00000|100%| O|  |TAMS 0x0000000087a00000, 0x0000000087900000| Untracked 
| 122|0x0000000087a00000, 0x0000000087a00000, 0x0000000087b00000|  0%| F|  |TAMS 0x0000000087a00000, 0x0000000087a00000| Untracked 
| 123|0x0000000087b00000, 0x0000000087c00000, 0x0000000087c00000|100%| O|  |TAMS 0x0000000087c00000, 0x0000000087b00000| Untracked 
| 124|0x0000000087c00000, 0x0000000087c00000, 0x0000000087d00000|  0%| F|  |TAMS 0x0000000087c00000, 0x0000000087c00000| Untracked 
| 125|0x0000000087d00000, 0x0000000087d00000, 0x0000000087e00000|  0%| F|  |TAMS 0x0000000087d00000, 0x0000000087d00000| Untracked 
| 126|0x0000000087e00000, 0x0000000087e00000, 0x0000000087f00000|  0%| F|  |TAMS 0x0000000087e00000, 0x0000000087e00000| Untracked 
| 127|0x0000000087f00000, 0x0000000087f00000, 0x0000000088000000|  0%| F|  |TAMS 0x0000000087f00000, 0x0000000087f00000| Untracked 
| 128|0x0000000088000000, 0x0000000088000000, 0x0000000088100000|  0%| F|  |TAMS 0x0000000088000000, 0x0000000088000000| Untracked 
| 129|0x0000000088100000, 0x0000000088100000, 0x0000000088200000|  0%| F|  |TAMS 0x0000000088100000, 0x0000000088100000| Untracked 
| 130|0x0000000088200000, 0x0000000088200000, 0x0000000088300000|  0%| F|  |TAMS 0x0000000088200000, 0x0000000088200000| Untracked 
| 131|0x0000000088300000, 0x0000000088400000, 0x0000000088400000|100%| O|  |TAMS 0x0000000088400000, 0x0000000088300000| Untracked 
| 132|0x0000000088400000, 0x0000000088500000, 0x0000000088500000|100%| O|  |TAMS 0x0000000088500000, 0x0000000088400000| Untracked 
| 133|0x0000000088500000, 0x0000000088600000, 0x0000000088600000|100%| O|  |TAMS 0x0000000088600000, 0x0000000088500000| Untracked 
| 134|0x0000000088600000, 0x0000000088700000, 0x0000000088700000|100%| O|  |TAMS 0x0000000088700000, 0x0000000088600000| Untracked 
| 135|0x0000000088700000, 0x0000000088800000, 0x0000000088800000|100%| O|  |TAMS 0x0000000088800000, 0x0000000088700000| Untracked 
| 136|0x0000000088800000, 0x0000000088900000, 0x0000000088900000|100%| O|  |TAMS 0x0000000088900000, 0x0000000088800000| Untracked 
| 137|0x0000000088900000, 0x0000000088a00000, 0x0000000088a00000|100%| O|  |TAMS 0x0000000088a00000, 0x0000000088900000| Untracked 
| 138|0x0000000088a00000, 0x0000000088b00000, 0x0000000088b00000|100%| O|  |TAMS 0x0000000088b00000, 0x0000000088a00000| Untracked 
| 139|0x0000000088b00000, 0x0000000088b00000, 0x0000000088c00000|  0%| F|  |TAMS 0x0000000088b00000, 0x0000000088b00000| Untracked 
| 140|0x0000000088c00000, 0x0000000088c00000, 0x0000000088d00000|  0%| F|  |TAMS 0x0000000088c00000, 0x0000000088c00000| Untracked 
| 141|0x0000000088d00000, 0x0000000088d00000, 0x0000000088e00000|  0%| F|  |TAMS 0x0000000088d00000, 0x0000000088d00000| Untracked 
| 142|0x0000000088e00000, 0x0000000088e00000, 0x0000000088f00000|  0%| F|  |TAMS 0x0000000088e00000, 0x0000000088e00000| Untracked 
| 143|0x0000000088f00000, 0x0000000088f00000, 0x0000000089000000|  0%| F|  |TAMS 0x0000000088f00000, 0x0000000088f00000| Untracked 
| 144|0x0000000089000000, 0x0000000089000000, 0x0000000089100000|  0%| F|  |TAMS 0x0000000089000000, 0x0000000089000000| Untracked 
| 145|0x0000000089100000, 0x0000000089100000, 0x0000000089200000|  0%| F|  |TAMS 0x0000000089100000, 0x0000000089100000| Untracked 
| 146|0x0000000089200000, 0x0000000089200000, 0x0000000089300000|  0%| F|  |TAMS 0x0000000089200000, 0x0000000089200000| Untracked 
| 147|0x0000000089300000, 0x0000000089300000, 0x0000000089400000|  0%| F|  |TAMS 0x0000000089300000, 0x0000000089300000| Untracked 
| 148|0x0000000089400000, 0x0000000089400000, 0x0000000089500000|  0%| F|  |TAMS 0x0000000089400000, 0x0000000089400000| Untracked 
| 149|0x0000000089500000, 0x0000000089500000, 0x0000000089600000|  0%| F|  |TAMS 0x0000000089500000, 0x0000000089500000| Untracked 
| 150|0x0000000089600000, 0x0000000089600000, 0x0000000089700000|  0%| F|  |TAMS 0x0000000089600000, 0x0000000089600000| Untracked 
| 151|0x0000000089700000, 0x0000000089700000, 0x0000000089800000|  0%| F|  |TAMS 0x0000000089700000, 0x0000000089700000| Untracked 
| 152|0x0000000089800000, 0x0000000089800000, 0x0000000089900000|  0%| F|  |TAMS 0x0000000089800000, 0x0000000089800000| Untracked 
| 153|0x0000000089900000, 0x0000000089900000, 0x0000000089a00000|  0%| F|  |TAMS 0x0000000089900000, 0x0000000089900000| Untracked 
| 154|0x0000000089a00000, 0x0000000089a00000, 0x0000000089b00000|  0%| F|  |TAMS 0x0000000089a00000, 0x0000000089a00000| Untracked 
| 155|0x0000000089b00000, 0x0000000089b00000, 0x0000000089c00000|  0%| F|  |TAMS 0x0000000089b00000, 0x0000000089b00000| Untracked 
| 156|0x0000000089c00000, 0x0000000089d00000, 0x0000000089d00000|100%| O|  |TAMS 0x0000000089d00000, 0x0000000089c00000| Untracked 
| 157|0x0000000089d00000, 0x0000000089e00000, 0x0000000089e00000|100%| O|  |TAMS 0x0000000089e00000, 0x0000000089d00000| Untracked 
| 158|0x0000000089e00000, 0x0000000089f00000, 0x0000000089f00000|100%| O|  |TAMS 0x0000000089f00000, 0x0000000089e00000| Untracked 
| 159|0x0000000089f00000, 0x0000000089f00000, 0x000000008a000000|  0%| F|  |TAMS 0x0000000089f00000, 0x0000000089f00000| Untracked 
| 160|0x000000008a000000, 0x000000008a000000, 0x000000008a100000|  0%| F|  |TAMS 0x000000008a000000, 0x000000008a000000| Untracked 
| 161|0x000000008a100000, 0x000000008a100000, 0x000000008a200000|  0%| F|  |TAMS 0x000000008a100000, 0x000000008a100000| Untracked 
| 162|0x000000008a200000, 0x000000008a200000, 0x000000008a300000|  0%| F|  |TAMS 0x000000008a200000, 0x000000008a200000| Untracked 
| 163|0x000000008a300000, 0x000000008a300000, 0x000000008a400000|  0%| F|  |TAMS 0x000000008a300000, 0x000000008a300000| Untracked 
| 164|0x000000008a400000, 0x000000008a400000, 0x000000008a500000|  0%| F|  |TAMS 0x000000008a400000, 0x000000008a400000| Untracked 
| 165|0x000000008a500000, 0x000000008a500000, 0x000000008a600000|  0%| F|  |TAMS 0x000000008a500000, 0x000000008a500000| Untracked 
| 166|0x000000008a600000, 0x000000008a600000, 0x000000008a700000|  0%| F|  |TAMS 0x000000008a600000, 0x000000008a600000| Untracked 
| 167|0x000000008a700000, 0x000000008a700000, 0x000000008a800000|  0%| F|  |TAMS 0x000000008a700000, 0x000000008a700000| Untracked 
| 168|0x000000008a800000, 0x000000008a800000, 0x000000008a900000|  0%| F|  |TAMS 0x000000008a800000, 0x000000008a800000| Untracked 
| 169|0x000000008a900000, 0x000000008a900000, 0x000000008aa00000|  0%| F|  |TAMS 0x000000008a900000, 0x000000008a900000| Untracked 
| 170|0x000000008aa00000, 0x000000008aa00000, 0x000000008ab00000|  0%| F|  |TAMS 0x000000008aa00000, 0x000000008aa00000| Untracked 
| 171|0x000000008ab00000, 0x000000008ab00000, 0x000000008ac00000|  0%| F|  |TAMS 0x000000008ab00000, 0x000000008ab00000| Untracked 
| 172|0x000000008ac00000, 0x000000008ac00000, 0x000000008ad00000|  0%| F|  |TAMS 0x000000008ac00000, 0x000000008ac00000| Untracked 
| 173|0x000000008ad00000, 0x000000008ad00000, 0x000000008ae00000|  0%| F|  |TAMS 0x000000008ad00000, 0x000000008ad00000| Untracked 
| 174|0x000000008ae00000, 0x000000008ae00000, 0x000000008af00000|  0%| F|  |TAMS 0x000000008ae00000, 0x000000008ae00000| Untracked 
| 175|0x000000008af00000, 0x000000008af00000, 0x000000008b000000|  0%| F|  |TAMS 0x000000008af00000, 0x000000008af00000| Untracked 
| 176|0x000000008b000000, 0x000000008b000000, 0x000000008b100000|  0%| F|  |TAMS 0x000000008b000000, 0x000000008b000000| Untracked 
| 177|0x000000008b100000, 0x000000008b100000, 0x000000008b200000|  0%| F|  |TAMS 0x000000008b100000, 0x000000008b100000| Untracked 
| 178|0x000000008b200000, 0x000000008b200000, 0x000000008b300000|  0%| F|  |TAMS 0x000000008b200000, 0x000000008b200000| Untracked 
| 179|0x000000008b300000, 0x000000008b300000, 0x000000008b400000|  0%| F|  |TAMS 0x000000008b300000, 0x000000008b300000| Untracked 
| 180|0x000000008b400000, 0x000000008b400000, 0x000000008b500000|  0%| F|  |TAMS 0x000000008b400000, 0x000000008b400000| Untracked 
| 181|0x000000008b500000, 0x000000008b500000, 0x000000008b600000|  0%| F|  |TAMS 0x000000008b500000, 0x000000008b500000| Untracked 
| 182|0x000000008b600000, 0x000000008b600000, 0x000000008b700000|  0%| F|  |TAMS 0x000000008b600000, 0x000000008b600000| Untracked 
| 183|0x000000008b700000, 0x000000008b700000, 0x000000008b800000|  0%| F|  |TAMS 0x000000008b700000, 0x000000008b700000| Untracked 
| 184|0x000000008b800000, 0x000000008b800000, 0x000000008b900000|  0%| F|  |TAMS 0x000000008b800000, 0x000000008b800000| Untracked 
| 185|0x000000008b900000, 0x000000008b900000, 0x000000008ba00000|  0%| F|  |TAMS 0x000000008b900000, 0x000000008b900000| Untracked 
| 186|0x000000008ba00000, 0x000000008ba2acb0, 0x000000008bb00000| 16%| E|  |TAMS 0x000000008ba00000, 0x000000008ba00000| Complete 
| 187|0x000000008bb00000, 0x000000008bc00000, 0x000000008bc00000|100%| E|CS|TAMS 0x000000008bb00000, 0x000000008bb00000| Complete 
| 188|0x000000008bc00000, 0x000000008bd00000, 0x000000008bd00000|100%| E|  |TAMS 0x000000008bc00000, 0x000000008bc00000| Complete 
| 189|0x000000008bd00000, 0x000000008be00000, 0x000000008be00000|100%| E|CS|TAMS 0x000000008bd00000, 0x000000008bd00000| Complete 
| 190|0x000000008be00000, 0x000000008bf00000, 0x000000008bf00000|100%| E|CS|TAMS 0x000000008be00000, 0x000000008be00000| Complete 
| 191|0x000000008bf00000, 0x000000008c000000, 0x000000008c000000|100%| E|CS|TAMS 0x000000008bf00000, 0x000000008bf00000| Complete 
| 192|0x000000008c000000, 0x000000008c100000, 0x000000008c100000|100%| E|CS|TAMS 0x000000008c000000, 0x000000008c000000| Complete 
| 193|0x000000008c100000, 0x000000008c200000, 0x000000008c200000|100%| E|CS|TAMS 0x000000008c100000, 0x000000008c100000| Complete 
| 194|0x000000008c200000, 0x000000008c300000, 0x000000008c300000|100%| E|CS|TAMS 0x000000008c200000, 0x000000008c200000| Complete 
| 195|0x000000008c300000, 0x000000008c400000, 0x000000008c400000|100%| E|CS|TAMS 0x000000008c300000, 0x000000008c300000| Complete 
| 196|0x000000008c400000, 0x000000008c500000, 0x000000008c500000|100%| E|CS|TAMS 0x000000008c400000, 0x000000008c400000| Complete 
| 197|0x000000008c500000, 0x000000008c600000, 0x000000008c600000|100%| E|CS|TAMS 0x000000008c500000, 0x000000008c500000| Complete 
| 198|0x000000008c600000, 0x000000008c700000, 0x000000008c700000|100%| E|CS|TAMS 0x000000008c600000, 0x000000008c600000| Complete 
| 199|0x000000008c700000, 0x000000008c800000, 0x000000008c800000|100%| E|CS|TAMS 0x000000008c700000, 0x000000008c700000| Complete 
| 200|0x000000008c800000, 0x000000008c900000, 0x000000008c900000|100%| E|CS|TAMS 0x000000008c800000, 0x000000008c800000| Complete 
| 201|0x000000008c900000, 0x000000008ca00000, 0x000000008ca00000|100%| E|CS|TAMS 0x000000008c900000, 0x000000008c900000| Complete 
| 202|0x000000008ca00000, 0x000000008cb00000, 0x000000008cb00000|100%| E|CS|TAMS 0x000000008ca00000, 0x000000008ca00000| Complete 
| 203|0x000000008cb00000, 0x000000008cc00000, 0x000000008cc00000|100%| E|CS|TAMS 0x000000008cb00000, 0x000000008cb00000| Complete 
| 204|0x000000008cc00000, 0x000000008cd00000, 0x000000008cd00000|100%| E|CS|TAMS 0x000000008cc00000, 0x000000008cc00000| Complete 
| 205|0x000000008cd00000, 0x000000008ce00000, 0x000000008ce00000|100%| E|CS|TAMS 0x000000008cd00000, 0x000000008cd00000| Complete 
| 206|0x000000008ce00000, 0x000000008cf00000, 0x000000008cf00000|100%| E|CS|TAMS 0x000000008ce00000, 0x000000008ce00000| Complete 
| 207|0x000000008cf00000, 0x000000008d000000, 0x000000008d000000|100%| E|CS|TAMS 0x000000008cf00000, 0x000000008cf00000| Complete 
| 208|0x000000008d000000, 0x000000008d100000, 0x000000008d100000|100%| E|CS|TAMS 0x000000008d000000, 0x000000008d000000| Complete 
| 209|0x000000008d100000, 0x000000008d200000, 0x000000008d200000|100%| E|CS|TAMS 0x000000008d100000, 0x000000008d100000| Complete 
| 210|0x000000008d200000, 0x000000008d300000, 0x000000008d300000|100%| E|CS|TAMS 0x000000008d200000, 0x000000008d200000| Complete 
| 211|0x000000008d300000, 0x000000008d328818, 0x000000008d400000| 15%| S|CS|TAMS 0x000000008d300000, 0x000000008d300000| Complete 
| 212|0x000000008d400000, 0x000000008d500000, 0x000000008d500000|100%| S|CS|TAMS 0x000000008d400000, 0x000000008d400000| Complete 
| 213|0x000000008d500000, 0x000000008d600000, 0x000000008d600000|100%| E|CS|TAMS 0x000000008d500000, 0x000000008d500000| Complete 
| 214|0x000000008d600000, 0x000000008d700000, 0x000000008d700000|100%| E|CS|TAMS 0x000000008d600000, 0x000000008d600000| Complete 
| 215|0x000000008d700000, 0x000000008d800000, 0x000000008d800000|100%| E|CS|TAMS 0x000000008d700000, 0x000000008d700000| Complete 
| 216|0x000000008d800000, 0x000000008d900000, 0x000000008d900000|100%| E|CS|TAMS 0x000000008d800000, 0x000000008d800000| Complete 
| 217|0x000000008d900000, 0x000000008da00000, 0x000000008da00000|100%| E|CS|TAMS 0x000000008d900000, 0x000000008d900000| Complete 
| 218|0x000000008da00000, 0x000000008db00000, 0x000000008db00000|100%| E|CS|TAMS 0x000000008da00000, 0x000000008da00000| Complete 
| 219|0x000000008db00000, 0x000000008dc00000, 0x000000008dc00000|100%| E|CS|TAMS 0x000000008db00000, 0x000000008db00000| Complete 
| 220|0x000000008dc00000, 0x000000008dd00000, 0x000000008dd00000|100%| E|CS|TAMS 0x000000008dc00000, 0x000000008dc00000| Complete 
| 221|0x000000008dd00000, 0x000000008de00000, 0x000000008de00000|100%| E|CS|TAMS 0x000000008dd00000, 0x000000008dd00000| Complete 

Card table byte_map: [0x000002b573cd0000,0x000002b5740d0000] _byte_map_base: 0x000002b5738d0000

Marking Bits (Prev, Next): (CMBitMap*) 0x000002b55eb8faa8, (CMBitMap*) 0x000002b55eb8fae0
 Prev Bits: [0x000002b5744d0000, 0x000002b5764d0000)
 Next Bits: [0x000002b5764d0000, 0x000002b5784d0000)

Polling page: 0x000002b55ec30000

Metaspace:

Usage:
  Non-class:    110.25 MB capacity,   108.16 MB ( 98%) used,     1.74 MB (  2%) free+waste,   369.19 KB ( <1%) overhead. 
      Class:     16.29 MB capacity,    15.10 MB ( 93%) used,     1.03 MB (  6%) free+waste,   161.50 KB ( <1%) overhead. 
       Both:    126.54 MB capacity,   123.26 MB ( 97%) used,     2.77 MB (  2%) free+waste,   530.69 KB ( <1%) overhead. 

Virtual space:
  Non-class space:      112.00 MB reserved,     110.43 MB ( 99%) committed 
      Class space:        1.00 GB reserved,      16.40 MB (  2%) committed 
             Both:        1.11 GB reserved,     126.82 MB ( 11%) committed 

Chunk freelists:
   Non-Class:  50.00 KB
       Class:  22.00 KB
        Both:  72.00 KB

MaxMetaspaceSize: 17179869184.00 GB
CompressedClassSpaceSize: 1.00 GB
Initial GC threshold: 20.80 MB
Current GC threshold: 203.25 MB
CDS: off

CodeHeap 'non-profiled nmethods': size=120000Kb used=14640Kb max_used=14640Kb free=105360Kb
 bounds [0x000002b56b930000, 0x000002b56c780000, 0x000002b572e60000]
CodeHeap 'profiled nmethods': size=120000Kb used=42864Kb max_used=42864Kb free=77135Kb
 bounds [0x000002b564400000, 0x000002b566de0000, 0x000002b56b930000]
CodeHeap 'non-nmethods': size=5760Kb used=2473Kb max_used=2533Kb free=3286Kb
 bounds [0x000002b563e60000, 0x000002b5640f0000, 0x000002b564400000]
 total_blobs=20251 nmethods=19245 adapters=916
 compilation: enabled
              stopped_count=0, restarted_count=0
 full_count=0

Compilation events (20 events):
Event: 926.803 Thread 0x000002b57afdc000 nmethod 21193 0x000002b56c772810 code [0x000002b56c7729c0, 0x000002b56c772cf8]
Event: 926.803 Thread 0x000002b57afdc000 21204       4       sun.nio.fs.WindowsPath::getFileSystem (5 bytes)
Event: 926.803 Thread 0x000002b57afdc000 nmethod 21204 0x000002b56c772e10 code [0x000002b56c772fa0, 0x000002b56c773018]
Event: 926.803 Thread 0x000002b57afdc000 21202       4       org.gradle.internal.resources.DefaultResourceLockCoordinationService::getCurrent (42 bytes)
Event: 926.812 Thread 0x000002b57afdd800 21208       3       com.google.common.collect.Iterators::transform (15 bytes)
Event: 926.813 Thread 0x000002b57afdd800 nmethod 21208 0x000002b566dd9890 code [0x000002b566dd9aa0, 0x000002b566dda178]
Event: 926.814 Thread 0x000002b57afdc000 nmethod 21202 0x000002b56c773110 code [0x000002b56c773320, 0x000002b56c773d98]
Event: 926.814 Thread 0x000002b57afdc000 21206       4       org.gradle.internal.execution.history.impl.FingerprintMapSerializer::writeFingerprint (147 bytes)
Event: 926.837 Thread 0x000002b57afdc000 nmethod 21206 0x000002b56c774310 code [0x000002b56c7745c0, 0x000002b56c7757b0]
Event: 926.837 Thread 0x000002b57afdc000 21207       4       com.esotericsoftware.kryo.io.Output::writeString_slow (238 bytes)
Event: 926.844 Thread 0x000002b57afdc000 nmethod 21207 0x000002b56c776510 code [0x000002b56c7766e0, 0x000002b56c776ce8]
Event: 926.844 Thread 0x000002b57afdc000 21209       4       org.gradle.tooling.internal.provider.runner.TaskOperationMapper$PostProcessors::finished (43 bytes)
Event: 926.847 Thread 0x000002b57afdc000 nmethod 21209 0x000002b56c777090 code [0x000002b56c777260, 0x000002b56c777608]
Event: 926.847 Thread 0x000002b57afdc000 21196       4       org.gradle.internal.snapshot.RootTrackingFileSystemSnapshotHierarchyVisitor::enterDirectory (1 bytes)
Event: 926.847 Thread 0x000002b57afdc000 nmethod 21196 0x000002b56c777a10 code [0x000002b56c777ba0, 0x000002b56c777bf8]
Event: 926.923 Thread 0x000002b57afdc000 21210       4       org.gradle.internal.resources.DefaultResourceLockCoordinationService$AcquireLocks::transform (62 bytes)
Event: 927.006 Thread 0x000002b57afdc000 nmethod 21210 0x000002b56c777d10 code [0x000002b56c7781a0, 0x000002b56c77a688]
Event: 927.006 Thread 0x000002b57afdc000 21213       4       org.gradle.internal.operations.DefaultBuildOperationListenerManager$ProgressShieldingBuildOperationListener::started (29 bytes)
Event: 927.007 Thread 0x000002b57afdc000 nmethod 21213 0x000002b56c77bc10 code [0x000002b56c77bdc0, 0x000002b56c77bec8]
Event: 927.007 Thread 0x000002b57afdc000 21214       4       org.gradle.internal.file.FileHierarchySet$Node::plus (337 bytes)

GC Heap History (20 events):
Event: 918.449 GC heap before
{Heap before GC invocations=94 (full 0):
 garbage-first heap   total 227328K, used 158492K [0x0000000080000000, 0x0000000100000000)
  region size 1024K, 11 young (11264K), 2 survivors (2048K)
 Metaspace       used 120251K, capacity 123562K, committed 123724K, reserved 1157120K
  class space    used 14781K, capacity 15958K, committed 16024K, reserved 1048576K
}
Event: 918.453 GC heap after
{Heap after GC invocations=95 (full 0):
 garbage-first heap   total 227328K, used 148760K [0x0000000080000000, 0x0000000100000000)
  region size 1024K, 2 young (2048K), 2 survivors (2048K)
 Metaspace       used 120251K, capacity 123562K, committed 123724K, reserved 1157120K
  class space    used 14781K, capacity 15958K, committed 16024K, reserved 1048576K
}
Event: 918.657 GC heap before
{Heap before GC invocations=95 (full 0):
 garbage-first heap   total 227328K, used 178456K [0x0000000080000000, 0x0000000100000000)
  region size 1024K, 31 young (31744K), 2 survivors (2048K)
 Metaspace       used 120934K, capacity 124266K, committed 124620K, reserved 1157120K
  class space    used 14830K, capacity 16022K, committed 16152K, reserved 1048576K
}
Event: 918.663 GC heap after
{Heap after GC invocations=96 (full 0):
 garbage-first heap   total 227328K, used 153214K [0x0000000080000000, 0x0000000100000000)
  region size 1024K, 4 young (4096K), 4 survivors (4096K)
 Metaspace       used 120934K, capacity 124266K, committed 124620K, reserved 1157120K
  class space    used 14830K, capacity 16022K, committed 16152K, reserved 1048576K
}
Event: 920.423 GC heap before
{Heap before GC invocations=96 (full 0):
 garbage-first heap   total 227328K, used 173694K [0x0000000080000000, 0x0000000100000000)
  region size 1024K, 26 young (26624K), 4 survivors (4096K)
 Metaspace       used 121236K, capacity 124586K, committed 124876K, reserved 1159168K
  class space    used 14844K, capacity 16022K, committed 16152K, reserved 1048576K
}
Event: 920.430 GC heap after
{Heap after GC invocations=97 (full 0):
 garbage-first heap   total 227328K, used 152312K [0x0000000080000000, 0x0000000100000000)
  region size 1024K, 2 young (2048K), 2 survivors (2048K)
 Metaspace       used 121236K, capacity 124586K, committed 124876K, reserved 1159168K
  class space    used 14844K, capacity 16022K, committed 16152K, reserved 1048576K
}
Event: 921.059 GC heap before
{Heap before GC invocations=98 (full 0):
 garbage-first heap   total 227328K, used 184056K [0x0000000080000000, 0x0000000100000000)
  region size 1024K, 32 young (32768K), 2 survivors (2048K)
 Metaspace       used 121236K, capacity 124586K, committed 124876K, reserved 1159168K
  class space    used 14844K, capacity 16022K, committed 16152K, reserved 1048576K
}
Event: 921.063 GC heap after
{Heap after GC invocations=99 (full 0):
 garbage-first heap   total 227328K, used 154104K [0x0000000080000000, 0x0000000100000000)
  region size 1024K, 1 young (1024K), 1 survivors (1024K)
 Metaspace       used 121236K, capacity 124586K, committed 124876K, reserved 1159168K
  class space    used 14844K, capacity 16022K, committed 16152K, reserved 1048576K
}
Event: 921.119 GC heap before
{Heap before GC invocations=99 (full 0):
 garbage-first heap   total 227328K, used 163320K [0x0000000080000000, 0x0000000100000000)
  region size 1024K, 11 young (11264K), 1 survivors (1024K)
 Metaspace       used 121236K, capacity 124586K, committed 124876K, reserved 1159168K
  class space    used 14844K, capacity 16022K, committed 16152K, reserved 1048576K
}
Event: 921.126 GC heap after
{Heap after GC invocations=100 (full 0):
 garbage-first heap   total 227328K, used 135160K [0x0000000080000000, 0x0000000100000000)
  region size 1024K, 2 young (2048K), 2 survivors (2048K)
 Metaspace       used 121236K, capacity 124586K, committed 124876K, reserved 1159168K
  class space    used 14844K, capacity 16022K, committed 16152K, reserved 1048576K
}
Event: 921.320 GC heap before
{Heap before GC invocations=100 (full 0):
 garbage-first heap   total 227328K, used 176120K [0x0000000080000000, 0x0000000100000000)
  region size 1024K, 42 young (43008K), 2 survivors (2048K)
 Metaspace       used 121236K, capacity 124586K, committed 124876K, reserved 1159168K
  class space    used 14844K, capacity 16022K, committed 16152K, reserved 1048576K
}
Event: 921.324 GC heap after
{Heap after GC invocations=101 (full 0):
 garbage-first heap   total 227328K, used 135741K [0x0000000080000000, 0x0000000100000000)
  region size 1024K, 2 young (2048K), 2 survivors (2048K)
 Metaspace       used 121236K, capacity 124586K, committed 124876K, reserved 1159168K
  class space    used 14844K, capacity 16022K, committed 16152K, reserved 1048576K
}
Event: 921.573 GC heap before
{Heap before GC invocations=101 (full 0):
 garbage-first heap   total 227328K, used 179773K [0x0000000080000000, 0x0000000100000000)
  region size 1024K, 45 young (46080K), 2 survivors (2048K)
 Metaspace       used 121236K, capacity 124586K, committed 124876K, reserved 1159168K
  class space    used 14844K, capacity 16022K, committed 16152K, reserved 1048576K
}
Event: 921.576 GC heap after
{Heap after GC invocations=102 (full 0):
 garbage-first heap   total 227328K, used 136472K [0x0000000080000000, 0x0000000100000000)
  region size 1024K, 3 young (3072K), 3 survivors (3072K)
 Metaspace       used 121236K, capacity 124586K, committed 124876K, reserved 1159168K
  class space    used 14844K, capacity 16022K, committed 16152K, reserved 1048576K
}
Event: 922.717 GC heap before
{Heap before GC invocations=102 (full 0):
 garbage-first heap   total 227328K, used 156952K [0x0000000080000000, 0x0000000100000000)
  region size 1024K, 24 young (24576K), 3 survivors (3072K)
 Metaspace       used 121236K, capacity 124586K, committed 124876K, reserved 1159168K
  class space    used 14844K, capacity 16022K, committed 16152K, reserved 1048576K
}
Event: 922.722 GC heap after
{Heap after GC invocations=103 (full 0):
 garbage-first heap   total 227328K, used 132472K [0x0000000080000000, 0x0000000100000000)
  region size 1024K, 1 young (1024K), 1 survivors (1024K)
 Metaspace       used 121236K, capacity 124586K, committed 124876K, reserved 1159168K
  class space    used 14844K, capacity 16022K, committed 16152K, reserved 1048576K
}
Event: 925.868 GC heap before
{Heap before GC invocations=104 (full 0):
 garbage-first heap   total 227328K, used 183672K [0x0000000080000000, 0x0000000100000000)
  region size 1024K, 50 young (51200K), 1 survivors (1024K)
 Metaspace       used 123914K, capacity 127238K, committed 127564K, reserved 1161216K
  class space    used 15191K, capacity 16392K, committed 16536K, reserved 1048576K
}
Event: 925.871 GC heap after
{Heap after GC invocations=105 (full 0):
 garbage-first heap   total 227328K, used 133205K [0x0000000080000000, 0x0000000100000000)
  region size 1024K, 2 young (2048K), 2 survivors (2048K)
 Metaspace       used 123914K, capacity 127238K, committed 127564K, reserved 1161216K
  class space    used 15191K, capacity 16392K, committed 16536K, reserved 1048576K
}
Event: 926.191 GC heap before
{Heap before GC invocations=105 (full 0):
 garbage-first heap   total 227328K, used 142421K [0x0000000080000000, 0x0000000100000000)
  region size 1024K, 11 young (11264K), 2 survivors (2048K)
 Metaspace       used 124646K, capacity 127974K, committed 128076K, reserved 1161216K
  class space    used 15284K, capacity 16488K, committed 16536K, reserved 1048576K
}
Event: 926.194 GC heap after
{Heap after GC invocations=106 (full 0):
 garbage-first heap   total 227328K, used 132620K [0x0000000080000000, 0x0000000100000000)
  region size 1024K, 2 young (2048K), 2 survivors (2048K)
 Metaspace       used 124646K, capacity 127974K, committed 128076K, reserved 1161216K
  class space    used 15284K, capacity 16488K, committed 16536K, reserved 1048576K
}

Deoptimization events (20 events):
Event: 926.741 Thread 0x000002b57de91000 DEOPT PACKING pc=0x000002b565730691 sp=0x000000ce6b4fea30
Event: 926.741 Thread 0x000002b57de91000 DEOPT UNPACKING pc=0x000002b563eaa95e sp=0x000000ce6b4fdee8 mode 0
Event: 926.800 Thread 0x000002b57e33b800 Uncommon trap: trap_request=0xffffffbe fr.pc=0x000002b56c77119c relative=0x0000000000000c3c
Event: 926.800 Thread 0x000002b57e33b800 Uncommon trap: reason=profile_predicate action=maybe_recompile pc=0x000002b56c77119c method=com.esotericsoftware.kryo.io.Output.writeString(Ljava/lang/CharSequence;)V @ 67 c2
Event: 926.800 Thread 0x000002b57e33b800 DEOPT PACKING pc=0x000002b56c77119c sp=0x000000ce6c8fe600
Event: 926.800 Thread 0x000002b57e33b800 DEOPT UNPACKING pc=0x000002b563eaa1af sp=0x000000ce6c8fe4e8 mode 2
Event: 926.800 Thread 0x000002b57e33b800 Uncommon trap: trap_request=0xffffffbe fr.pc=0x000002b56c77119c relative=0x0000000000000c3c
Event: 926.800 Thread 0x000002b57e33b800 Uncommon trap: reason=profile_predicate action=maybe_recompile pc=0x000002b56c77119c method=com.esotericsoftware.kryo.io.Output.writeString(Ljava/lang/CharSequence;)V @ 67 c2
Event: 926.800 Thread 0x000002b57e33b800 DEOPT PACKING pc=0x000002b56c77119c sp=0x000000ce6c8fe600
Event: 926.800 Thread 0x000002b57e33b800 DEOPT UNPACKING pc=0x000002b563eaa1af sp=0x000000ce6c8fe4e8 mode 2
Event: 926.800 Thread 0x000002b57e33b800 Uncommon trap: trap_request=0xffffffbe fr.pc=0x000002b56c77119c relative=0x0000000000000c3c
Event: 926.800 Thread 0x000002b57e33b800 Uncommon trap: reason=profile_predicate action=maybe_recompile pc=0x000002b56c77119c method=com.esotericsoftware.kryo.io.Output.writeString(Ljava/lang/CharSequence;)V @ 67 c2
Event: 926.800 Thread 0x000002b57e33b800 DEOPT PACKING pc=0x000002b56c77119c sp=0x000000ce6c8fe600
Event: 926.800 Thread 0x000002b57e33b800 DEOPT UNPACKING pc=0x000002b563eaa1af sp=0x000000ce6c8fe4e8 mode 2
Event: 926.800 Thread 0x000002b57e33b800 Uncommon trap: trap_request=0xffffffbe fr.pc=0x000002b56c77119c relative=0x0000000000000c3c
Event: 926.800 Thread 0x000002b57e33b800 Uncommon trap: reason=profile_predicate action=maybe_recompile pc=0x000002b56c77119c method=com.esotericsoftware.kryo.io.Output.writeString(Ljava/lang/CharSequence;)V @ 67 c2
Event: 926.800 Thread 0x000002b57e33b800 DEOPT PACKING pc=0x000002b56c77119c sp=0x000000ce6c8fe600
Event: 926.800 Thread 0x000002b57e33b800 DEOPT UNPACKING pc=0x000002b563eaa1af sp=0x000000ce6c8fe4e8 mode 2
Event: 926.804 Thread 0x000002b57e33b800 DEOPT PACKING pc=0x000002b5644dca97 sp=0x000000ce6c8fe5c0
Event: 926.804 Thread 0x000002b57e33b800 DEOPT UNPACKING pc=0x000002b563eaa95e sp=0x000000ce6c8fda80 mode 0

Classes redefined (0 events):
No events

Internal exceptions (20 events):
Event: 919.093 Thread 0x000002b5060b0000 Exception <a 'sun/nio/fs/WindowsException'{0x000000008ca04c28}> (0x000000008ca04c28) thrown at [./src/hotspot/share/prims/jni.cpp, line 615]
Event: 919.094 Thread 0x000002b5060b0000 Exception <a 'sun/nio/fs/WindowsException'{0x000000008ca07290}> (0x000000008ca07290) thrown at [./src/hotspot/share/prims/jni.cpp, line 615]
Event: 919.095 Thread 0x000002b5060b0000 Exception <a 'sun/nio/fs/WindowsException'{0x000000008ca08ed0}> (0x000000008ca08ed0) thrown at [./src/hotspot/share/prims/jni.cpp, line 615]
Event: 919.096 Thread 0x000002b5060b0000 Exception <a 'sun/nio/fs/WindowsException'{0x000000008ca0a098}> (0x000000008ca0a098) thrown at [./src/hotspot/share/prims/jni.cpp, line 615]
Event: 919.096 Thread 0x000002b5060b0000 Exception <a 'sun/nio/fs/WindowsException'{0x000000008ca0f438}> (0x000000008ca0f438) thrown at [./src/hotspot/share/prims/jni.cpp, line 615]
Event: 919.097 Thread 0x000002b5060b0000 Exception <a 'sun/nio/fs/WindowsException'{0x000000008ca11cc0}> (0x000000008ca11cc0) thrown at [./src/hotspot/share/prims/jni.cpp, line 615]
Event: 919.098 Thread 0x000002b5060b0000 Exception <a 'sun/nio/fs/WindowsException'{0x000000008ca12e20}> (0x000000008ca12e20) thrown at [./src/hotspot/share/prims/jni.cpp, line 615]
Event: 919.100 Thread 0x000002b5060b0000 Exception <a 'sun/nio/fs/WindowsException'{0x000000008ca14a10}> (0x000000008ca14a10) thrown at [./src/hotspot/share/prims/jni.cpp, line 615]
Event: 919.101 Thread 0x000002b5060b0000 Exception <a 'sun/nio/fs/WindowsException'{0x000000008ca16678}> (0x000000008ca16678) thrown at [./src/hotspot/share/prims/jni.cpp, line 615]
Event: 922.754 Thread 0x000002b5060b0000 Implicit null exception at 0x000002b56bb42b9b to 0x000002b56bb4335c
Event: 922.854 Thread 0x000002b5060b0000 Exception <a 'sun/nio/fs/WindowsException'{0x000000008dba3ec0}> (0x000000008dba3ec0) thrown at [./src/hotspot/share/prims/jni.cpp, line 615]
Event: 922.854 Thread 0x000002b5060b0000 Exception <a 'sun/nio/fs/WindowsException'{0x000000008dba4d08}> (0x000000008dba4d08) thrown at [./src/hotspot/share/prims/jni.cpp, line 615]
Event: 923.214 Thread 0x000002b5060ad800 Exception <a 'sun/nio/fs/WindowsException'{0x000000008d4b9c68}> (0x000000008d4b9c68) thrown at [./src/hotspot/share/prims/jni.cpp, line 615]
Event: 923.214 Thread 0x000002b5060ad800 Exception <a 'sun/nio/fs/WindowsException'{0x000000008d4baf78}> (0x000000008d4baf78) thrown at [./src/hotspot/share/prims/jni.cpp, line 615]
Event: 923.214 Thread 0x000002b5060ad800 Exception <a 'sun/nio/fs/WindowsException'{0x000000008d4bb458}> (0x000000008d4bb458) thrown at [./src/hotspot/share/prims/jni.cpp, line 615]
Event: 923.214 Thread 0x000002b5060ad800 Exception <a 'sun/nio/fs/WindowsException'{0x000000008d4bc528}> (0x000000008d4bc528) thrown at [./src/hotspot/share/prims/jni.cpp, line 615]
Event: 923.216 Thread 0x000002b5060ad800 Exception <a 'sun/nio/fs/WindowsException'{0x000000008d4bc770}> (0x000000008d4bc770) thrown at [./src/hotspot/share/prims/jni.cpp, line 615]
Event: 923.216 Thread 0x000002b5060ad800 Exception <a 'sun/nio/fs/WindowsException'{0x000000008d4bda70}> (0x000000008d4bda70) thrown at [./src/hotspot/share/prims/jni.cpp, line 615]
Event: 923.784 Thread 0x000002b5060ad800 Exception <a 'sun/nio/fs/WindowsException'{0x000000008c2249d8}> (0x000000008c2249d8) thrown at [./src/hotspot/share/prims/jni.cpp, line 615]
Event: 923.785 Thread 0x000002b5060ad800 Exception <a 'sun/nio/fs/WindowsException'{0x000000008c225a68}> (0x000000008c225a68) thrown at [./src/hotspot/share/prims/jni.cpp, line 615]

Events (20 events):
Event: 926.647 loading class org/apache/log4j/Log4jLoggerFactory
Event: 926.647 loading class org/apache/log4j/Log4jLoggerFactory done
Event: 926.648 loading class com/android/ide/common/resources/AssetFile
Event: 926.648 loading class com/android/ide/common/resources/AssetFile done
Event: 926.660 Executing VM operation: Deoptimize
Event: 926.662 Executing VM operation: Deoptimize done
Event: 926.663 loading class com/android/ide/common/resources/AssetMerger
Event: 926.663 loading class com/android/ide/common/resources/AssetMerger done
Event: 926.664 loading class com/android/ide/common/resources/MergedAssetWriter
Event: 926.664 loading class com/android/ide/common/resources/MergedAssetWriter done
Event: 926.686 loading class org/gradle/api/file/ReproducibleFileVisitor
Event: 926.686 loading class org/gradle/api/file/ReproducibleFileVisitor done
Event: 926.690 loading class org/gradle/api/internal/file/collections/DefaultDirectoryWalker$PathVisitor
Event: 926.690 loading class org/gradle/api/internal/file/collections/DefaultDirectoryWalker$PathVisitor done
Event: 926.691 loading class java/nio/file/FileTreeWalker$1
Event: 926.698 loading class java/nio/file/FileTreeWalker$1 done
Event: 926.721 Executing VM operation: RevokeBias
Event: 926.722 Executing VM operation: RevokeBias done
Event: 926.957 Executing VM operation: RevokeBias
Event: 926.958 Executing VM operation: RevokeBias done


Dynamic libraries:
0x00007ff7a8b40000 - 0x00007ff7a8b4a000 	D:\programy\android studio\jre\bin\java.exe
0x00007ff8bbaa0000 - 0x00007ff8bbca9000 	C:\Windows\SYSTEM32\ntdll.dll
0x00007ff8ba7c0000 - 0x00007ff8ba87d000 	C:\Windows\System32\KERNEL32.DLL
0x00007ff8b95c0000 - 0x00007ff8b9934000 	C:\Windows\System32\KERNELBASE.dll
0x00007ff8b9170000 - 0x00007ff8b9281000 	C:\Windows\System32\ucrtbase.dll
0x00007ff89bd70000 - 0x00007ff89bd89000 	D:\programy\android studio\jre\bin\jli.dll
0x00007ff89b900000 - 0x00007ff89b917000 	D:\programy\android studio\jre\bin\VCRUNTIME140.dll
0x00007ff8baf90000 - 0x00007ff8bb13c000 	C:\Windows\System32\USER32.dll
0x00007ff8b9400000 - 0x00007ff8b9426000 	C:\Windows\System32\win32u.dll
0x00007ff89f960000 - 0x00007ff89fc05000 	C:\Windows\WinSxS\amd64_microsoft.windows.common-controls_6595b64144ccf1df_6.0.22000.120_none_9d947278b86cc467\COMCTL32.dll
0x00007ff8bb7f0000 - 0x00007ff8bb819000 	C:\Windows\System32\GDI32.dll
0x00007ff8badc0000 - 0x00007ff8bae63000 	C:\Windows\System32\msvcrt.dll
0x00007ff8b94a0000 - 0x00007ff8b95b2000 	C:\Windows\System32\gdi32full.dll
0x00007ff8b8f90000 - 0x00007ff8b902d000 	C:\Windows\System32\msvcp_win.dll
0x00007ff8bb7b0000 - 0x00007ff8bb7e1000 	C:\Windows\System32\IMM32.DLL
0x00007ff893970000 - 0x00007ff893a0d000 	D:\programy\android studio\jre\bin\msvcp140.dll
0x00007ff861e40000 - 0x00007ff862925000 	D:\programy\android studio\jre\bin\server\jvm.dll
0x00007ff8bad00000 - 0x00007ff8badae000 	C:\Windows\System32\ADVAPI32.dll
0x00007ff8ba0f0000 - 0x00007ff8ba18e000 	C:\Windows\System32\sechost.dll
0x00007ff8bb690000 - 0x00007ff8bb7b0000 	C:\Windows\System32\RPCRT4.dll
0x00007ff8bb840000 - 0x00007ff8bb848000 	C:\Windows\System32\PSAPI.DLL
0x00007ff8a84e0000 - 0x00007ff8a84e9000 	C:\Windows\SYSTEM32\WSOCK32.dll
0x00007ff8b3950000 - 0x00007ff8b3983000 	C:\Windows\SYSTEM32\WINMM.dll
0x00007ff8b20a0000 - 0x00007ff8b20aa000 	C:\Windows\SYSTEM32\VERSION.dll
0x00007ff8baf20000 - 0x00007ff8baf8f000 	C:\Windows\System32\WS2_32.dll
0x00007ff8b8180000 - 0x00007ff8b8198000 	C:\Windows\SYSTEM32\kernel.appcore.dll
0x00007ff8a4050000 - 0x00007ff8a4061000 	D:\programy\android studio\jre\bin\verify.dll
0x00007ff8b6ae0000 - 0x00007ff8b6d01000 	C:\Windows\SYSTEM32\DBGHELP.DLL
0x00007ff8a40b0000 - 0x00007ff8a40e1000 	C:\Windows\SYSTEM32\dbgcore.DLL
0x00007ff8b9030000 - 0x00007ff8b90af000 	C:\Windows\System32\bcryptPrimitives.dll
0x00007ff8a3fe0000 - 0x00007ff8a4009000 	D:\programy\android studio\jre\bin\java.dll
0x00007ff8a7680000 - 0x00007ff8a768b000 	D:\programy\android studio\jre\bin\jimage.dll
0x00007ff8a4030000 - 0x00007ff8a4048000 	D:\programy\android studio\jre\bin\zip.dll
0x00007ff8b9940000 - 0x00007ff8ba0ef000 	C:\Windows\System32\SHELL32.dll
0x00007ff8b7110000 - 0x00007ff8b7978000 	C:\Windows\SYSTEM32\windows.storage.dll
0x00007ff8ba910000 - 0x00007ff8bac88000 	C:\Windows\System32\combase.dll
0x00007ff8b6fa0000 - 0x00007ff8b7106000 	C:\Windows\SYSTEM32\wintypes.dll
0x00007ff8bb310000 - 0x00007ff8bb3fa000 	C:\Windows\System32\SHCORE.dll
0x00007ff8bb140000 - 0x00007ff8bb19d000 	C:\Windows\System32\shlwapi.dll
0x00007ff8b8ec0000 - 0x00007ff8b8ee1000 	C:\Windows\SYSTEM32\profapi.dll
0x00007ff8a3fc0000 - 0x00007ff8a3fda000 	D:\programy\android studio\jre\bin\net.dll
0x00007ff8b2e90000 - 0x00007ff8b2f9c000 	C:\Windows\SYSTEM32\WINHTTP.dll
0x00007ff8b85b0000 - 0x00007ff8b8617000 	C:\Windows\system32\mswsock.dll
0x00007ff8a3f70000 - 0x00007ff8a3f84000 	D:\programy\android studio\jre\bin\nio.dll
0x00007ff89b400000 - 0x00007ff89b427000 	C:\Users\svkja\.gradle\native\e1d6ef7f7dcc3fd88c89a11ec53ec762bb8ba0a96d01ffa2cd45eb1d1d8dd5c5\windows-amd64\native-platform.dll
0x00007ff879ed0000 - 0x00007ff87a014000 	C:\Users\svkja\.gradle\native\5664cfc778a61ccfe75a443a1ab52a65af34e5dc3c78e0209fed803814484fcb\windows-amd64\native-platform-file-events.dll
0x00007ff8a40a0000 - 0x00007ff8a40aa000 	D:\programy\android studio\jre\bin\management.dll
0x00007ff89bec0000 - 0x00007ff89becd000 	D:\programy\android studio\jre\bin\management_ext.dll
0x00007ff8b87f0000 - 0x00007ff8b8808000 	C:\Windows\SYSTEM32\CRYPTSP.dll
0x00007ff8b80e0000 - 0x00007ff8b8115000 	C:\Windows\system32\rsaenh.dll
0x00007ff8b86a0000 - 0x00007ff8b86c9000 	C:\Windows\SYSTEM32\USERENV.dll
0x00007ff8b8970000 - 0x00007ff8b8997000 	C:\Windows\SYSTEM32\bcrypt.dll
0x00007ff8b8810000 - 0x00007ff8b881c000 	C:\Windows\SYSTEM32\CRYPTBASE.dll
0x00007ff8b7cb0000 - 0x00007ff8b7cdd000 	C:\Windows\SYSTEM32\IPHLPAPI.DLL
0x00007ff8badb0000 - 0x00007ff8badb9000 	C:\Windows\System32\NSI.dll
0x00007ff8b2cc0000 - 0x00007ff8b2cd9000 	C:\Windows\SYSTEM32\dhcpcsvc6.DLL
0x00007ff8b3500000 - 0x00007ff8b351e000 	C:\Windows\SYSTEM32\dhcpcsvc.DLL
0x00007ff8b7d20000 - 0x00007ff8b7e08000 	C:\Windows\SYSTEM32\DNSAPI.dll
0x00007ff89b350000 - 0x00007ff89b377000 	D:\programy\android studio\jre\bin\sunec.dll
0x00007ff8b20e0000 - 0x00007ff8b20ea000 	C:\Windows\System32\rasadhlp.dll
0x00007ff8b0ae0000 - 0x00007ff8b0b61000 	C:\Windows\System32\fwpuclnt.dll
0x00007ff8b6450000 - 0x00007ff8b6484000 	C:\Windows\SYSTEM32\ntmarta.dll

dbghelp: loaded successfully - version: 4.0.5 - missing functions: none
symbol engine: initialized successfully - sym options: 0x614 - pdb path: .;D:\programy\android studio\jre\bin;C:\Windows\SYSTEM32;C:\Windows\WinSxS\amd64_microsoft.windows.common-controls_6595b64144ccf1df_6.0.22000.120_none_9d947278b86cc467;D:\programy\android studio\jre\bin\server;C:\Users\svkja\.gradle\native\e1d6ef7f7dcc3fd88c89a11ec53ec762bb8ba0a96d01ffa2cd45eb1d1d8dd5c5\windows-amd64;C:\Users\svkja\.gradle\native\5664cfc778a61ccfe75a443a1ab52a65af34e5dc3c78e0209fed803814484fcb\windows-amd64

VM Arguments:
jvm_args: --add-opens=java.base/java.util=ALL-UNNAMED --add-opens=java.base/java.lang=ALL-UNNAMED --add-opens=java.base/java.lang.invoke=ALL-UNNAMED --add-opens=java.base/java.util=ALL-UNNAMED --add-opens=java.prefs/java.util.prefs=ALL-UNNAMED --add-opens=java.prefs/java.util.prefs=ALL-UNNAMED --add-opens=java.base/java.nio.charset=ALL-UNNAMED --add-opens=java.base/java.net=ALL-UNNAMED --add-opens=java.base/java.util.concurrent.atomic=ALL-UNNAMED -Xmx2048m -Dfile.encoding=UTF-8 -Duser.country=SK -Duser.language=sk -Duser.variant 
java_command: org.gradle.launcher.daemon.bootstrap.GradleDaemon 7.3.3
java_class_path (initial): C:\Users\svkja\.gradle\wrapper\dists\gradle-7.3.3-bin\6a41zxkdtcxs8rphpq6y0069z\gradle-7.3.3\lib\gradle-launcher-7.3.3.jar
Launcher Type: SUN_STANDARD

[Global flags]
     intx CICompilerCount                          = 4                                         {product} {ergonomic}
     uint ConcGCThreads                            = 2                                         {product} {ergonomic}
     uint G1ConcRefinementThreads                  = 8                                         {product} {ergonomic}
   size_t G1HeapRegionSize                         = 1048576                                   {product} {ergonomic}
    uintx GCDrainStackTargetSize                   = 64                                        {product} {ergonomic}
   size_t InitialHeapSize                          = 134217728                                 {product} {ergonomic}
   size_t MarkStackSize                            = 4194304                                   {product} {ergonomic}
   size_t MaxHeapSize                              = 2147483648                                {product} {command line}
   size_t MaxNewSize                               = 1287651328                                {product} {ergonomic}
   size_t MinHeapDeltaBytes                        = 1048576                                   {product} {ergonomic}
    uintx NonNMethodCodeHeapSize                   = 5836300                                {pd product} {ergonomic}
    uintx NonProfiledCodeHeapSize                  = 122910970                              {pd product} {ergonomic}
    uintx ProfiledCodeHeapSize                     = 122910970                              {pd product} {ergonomic}
    uintx ReservedCodeCacheSize                    = 251658240                              {pd product} {ergonomic}
     bool SegmentedCodeCache                       = true                                      {product} {ergonomic}
     bool UseCompressedClassPointers               = true                                 {lp64_product} {ergonomic}
     bool UseCompressedOops                        = true                                 {lp64_product} {ergonomic}
     bool UseG1GC                                  = true                                      {product} {ergonomic}
     bool UseLargePagesIndividualAllocation        = false                                  {pd product} {ergonomic}

Logging:
Log output configuration:
 #0: stdout all=warning uptime,level,tags
 #1: stderr all=off uptime,level,tags

Environment Variables:
PATH=C:\Windows\system32;C:\Windows;C:\Windows\System32\Wbem;C:\Windows\System32\WindowsPowerShell\v1.0\;C:\Windows\System32\OpenSSH\;D:\programy\matlab\bin;D:\programy\putty\;C:\Users\svkja\AppData\Local\Microsoft\WindowsApps;;D:\programy\vsc\Microsoft VS Code\bin
USERNAME=svkja
OS=Windows_NT
PROCESSOR_IDENTIFIER=Intel64 Family 6 Model 158 Stepping 10, GenuineIntel



---------------  S Y S T E M  ---------------

OS: Windows 10 , 64 bit Build 22000 (10.0.22000.613)
OS uptime: 8 days 23:05 hours

CPU:total 8 (initial active 8) (4 cores per cpu, 2 threads per core) family 6 model 158 stepping 10 microcode 0xde, cmov, cx8, fxsr, mmx, sse, sse2, sse3, ssse3, sse4.1, sse4.2, popcnt, avx, avx2, aes, clmul, erms, 3dnowpref, lzcnt, ht, tsc, tscinvbit, bmi1, bmi2, adx, fma

Memory: 4k page, system-wide physical 8066M (385M free)
TotalPageFile size 23169M (AvailPageFile size 5M)
current process WorkingSet (physical memory assigned to process): 408M, peak: 553M
current process commit charge ("private bytes"): 619M, peak: 625M

vm_info: OpenJDK 64-Bit Server VM (11.0.12+7-b1504.28-7817840) for windows-amd64 JRE (11.0.12+7-b1504.28-7817840), built on Oct 13 2021 22:12:33 by "builder" with MS VC++ 14.0 (VS2015)

END.
