#
# There is insufficient memory for the Java Runtime Environment to continue.
# Native memory allocation (mmap) failed to map 104857600 bytes for Failed to commit area from 0x000000008de00000 to 0x0000000094200000 of length 104857600.
# Possible reasons:
#   The system is out of physical RAM or swap space
#   The process is running with CompressedOops enabled, and the Java Heap may be blocking the growth of the native heap
# Possible solutions:
#   Reduce memory load on the system
#   Increase physical memory or swap space
#   Check if swap backing store is full
#   Decrease Java heap size (-Xmx/-Xms)
#   Decrease number of Java threads
#   Decrease Java thread stack sizes (-Xss)
#   Set larger code cache with -XX:ReservedCodeCacheSize=
#   JVM is running with Unscaled Compressed Oops mode in which the Java heap is
#     placed in the first 4GB address space. The Java Heap base address is the
#     maximum limit for the native heap growth. Please use -XX:HeapBaseMinAddress
#     to set the Java Heap base and to place the Java Heap above 4GB virtual address.
# This output file may be truncated or incomplete.
#
#  Out of Memory Error (./src/hotspot/os/windows/os_windows.cpp:3521), pid=14648, tid=4316
#
# JRE version: OpenJDK Runtime Environment (11.0.12+7) (build 11.0.12+7-b1504.28-7817840)
# Java VM: OpenJDK 64-Bit Server VM (11.0.12+7-b1504.28-7817840, mixed mode, tiered, compressed oops, g1 gc, windows-amd64)
# No core dump will be written. Minidumps are not enabled by default on client versions of Windows
#

---------------  S U M M A R Y ------------

Command Line: --add-opens=java.base/java.util=ALL-UNNAMED --add-opens=java.base/java.lang=ALL-UNNAMED --add-opens=java.base/java.lang.invoke=ALL-UNNAMED --add-opens=java.base/java.util=ALL-UNNAMED --add-opens=java.prefs/java.util.prefs=ALL-UNNAMED --add-opens=java.prefs/java.util.prefs=ALL-UNNAMED --add-opens=java.base/java.nio.charset=ALL-UNNAMED --add-opens=java.base/java.net=ALL-UNNAMED --add-opens=java.base/java.util.concurrent.atomic=ALL-UNNAMED -Xmx2048m -Dfile.encoding=UTF-8 -Duser.country=SK -Duser.language=sk -Duser.variant org.gradle.launcher.daemon.bootstrap.GradleDaemon 7.3.3

Host: Intel(R) Core(TM) i5-8300H CPU @ 2.30GHz, 8 cores, 7G,  Windows 10 , 64 bit Build 22000 (10.0.22000.708)
Time: Tue Aug 16 12:03:55 2022 Stredoeurópsky èas (letný) elapsed time: 12.191576 seconds (0d 0h 0m 12s)

---------------  T H R E A D  ---------------

Current thread (0x000001f976795000):  VMThread "VM Thread" [stack: 0x00000022f2500000,0x00000022f2600000] [id=4316]

Stack: [0x00000022f2500000,0x00000022f2600000]
[error occurred during error reporting (printing stack bounds), id 0xc0000005, EXCEPTION_ACCESS_VIOLATION (0xc0000005) at pc=0x000001f95fe2112d]

Native frames: (J=compiled Java code, j=interpreted, Vv=VM code, C=native code)
V  [jvm.dll+0x5fbcea]
V  [jvm.dll+0x731905]
V  [jvm.dll+0x732f1d]
V  [jvm.dll+0x733535]
V  [jvm.dll+0x7334eb]
V  [jvm.dll+0x5fb080]
V  [jvm.dll+0x5fb818]
C  [ntdll.dll+0xa8fcf]
C  [ntdll.dll+0x35e9a]
C  [ntdll.dll+0xa7fde]
C  0x000001f95fe2112d

VM_Operation (0x00000022f74f9120): G1CollectForAllocation, mode: safepoint, requested by thread 0x000001f978b26000


---------------  P R O C E S S  ---------------

Threads class SMR info:
_java_thread_list=0x000001f9047e4ed0, length=135, elements={
0x000001f95c30e000, 0x000001f976798000, 0x000001f976799000, 0x000001f9767b4800,
0x000001f9767b5800, 0x000001f9767b6800, 0x000001f9767bf000, 0x000001f9767c0000,
0x000001f9767cb800, 0x000001f977282000, 0x000001f977281000, 0x000001f977283800,
0x000001f977285000, 0x000001f977284000, 0x000001f977286000, 0x000001f977282800,
0x000001f977280000, 0x000001f977286800, 0x000001f979de9000, 0x000001f979de4800,
0x000001f979de5000, 0x000001f979deb800, 0x000001f979deb000, 0x000001f979de6800,
0x000001f979de6000, 0x000001f979de8800, 0x000001f979dea000, 0x000001f979ded800,
0x000001f979de7800, 0x000001f979dee000, 0x000001f979df1800, 0x000001f979df2000,
0x000001f979def000, 0x000001f979def800, 0x000001f979df0800, 0x000001f97ca11000,
0x000001f97ca12000, 0x000001f97ca13000, 0x000001f97ca0d000, 0x000001f97ca0f800,
0x000001f97ca10800, 0x000001f97ca0f000, 0x000001f97ca13800, 0x000001f97ca0e000,
0x000001f97ca19800, 0x000001f97ca17000, 0x000001f97ca18000, 0x000001f97ca18800,
0x000001f97ca1a000, 0x000001f97ca14800, 0x000001f97ca16000, 0x000001f97ca1b000,
0x000001f97ca15800, 0x000001f97ca1c000, 0x000001f9793b6800, 0x000001f9793b7800,
0x000001f9793b2000, 0x000001f9793b8800, 0x000001f9793b5000, 0x000001f9793b2800,
0x000001f9793b6000, 0x000001f9793b3800, 0x000001f9793b4800, 0x000001f978b21000,
0x000001f978b27800, 0x000001f978b25000, 0x000001f978b23800, 0x000001f978b27000,
0x000001f978b22000, 0x000001f978b26000, 0x000001f978b28800, 0x000001f978b23000,
0x000001f978b2a000, 0x000001f978b29800, 0x000001f978b24800, 0x000001f978b2b800,
0x000001f978b2f000, 0x000001f978b2b000, 0x000001f978b2e000, 0x000001f978b30000,
0x000001f978b2c800, 0x000001f978b2d800, 0x000001f9783d7000, 0x000001f9783d8000,
0x000001f9783d9000, 0x000001f9783d5000, 0x000001f9783d3000, 0x000001f9783d9800,
0x000001f9783d5800, 0x000001f9783d4000, 0x000001f9783db800, 0x000001f9783da800,
0x000001f9783dc000, 0x000001f9783d6800, 0x000001f9783de800, 0x000001f9783e2000,
0x000001f9783df800, 0x000001f9783e0000, 0x000001f9783dd000, 0x000001f9783dd800,
0x000001f9783e1000, 0x000001f979518800, 0x000001f97951b000, 0x000001f979519800,
0x000001f979516000, 0x000001f979517000, 0x000001f979518000, 0x000001f979515800,
0x000001f97951f000, 0x000001f97951d800, 0x000001f979520000, 0x000001f97951e800,
0x000001f97951c000, 0x000001f97951d000, 0x000001f97951a800, 0x000001f979522800,
0x000001f979521000, 0x000001f979521800, 0x000001f979523800, 0x000001f979524000,
0x000001f979e3e000, 0x000001f979e3d000, 0x000001f979e3b800, 0x000001f979e38000,
0x000001f979e3a800, 0x000001f979e3e800, 0x000001f979e39000, 0x000001f979e3f800,
0x000001f979e3a000, 0x000001f979e42000, 0x000001f979e45000, 0x000001f979e43800,
0x000001f979e44800, 0x000001f979e43000, 0x000001f979e41000
}

Java Threads: ( => current thread )
  0x000001f95c30e000 JavaThread "main" [_thread_blocked, id=8800, stack(0x00000022f1f00000,0x00000022f2000000)]
  0x000001f976798000 JavaThread "Reference Handler" daemon [_thread_blocked, id=15248, stack(0x00000022f2600000,0x00000022f2700000)]
  0x000001f976799000 JavaThread "Finalizer" daemon [_thread_blocked, id=12492, stack(0x00000022f2700000,0x00000022f2800000)]
  0x000001f9767b4800 JavaThread "Signal Dispatcher" daemon [_thread_blocked, id=8628, stack(0x00000022f2800000,0x00000022f2900000)]
  0x000001f9767b5800 JavaThread "Attach Listener" daemon [_thread_blocked, id=12560, stack(0x00000022f2900000,0x00000022f2a00000)]
  0x000001f9767b6800 JavaThread "Service Thread" daemon [_thread_blocked, id=14412, stack(0x00000022f2a00000,0x00000022f2b00000)]
  0x000001f9767bf000 JavaThread "C2 CompilerThread0" daemon [_thread_blocked, id=2516, stack(0x00000022f2b00000,0x00000022f2c00000)]
  0x000001f9767c0000 JavaThread "C1 CompilerThread0" daemon [_thread_blocked, id=14476, stack(0x00000022f2c00000,0x00000022f2d00000)]
  0x000001f9767cb800 JavaThread "Sweeper thread" daemon [_thread_blocked, id=14640, stack(0x00000022f2d00000,0x00000022f2e00000)]
  0x000001f977282000 JavaThread "Common-Cleaner" daemon [_thread_blocked, id=15580, stack(0x00000022f2e00000,0x00000022f2f00000)]
  0x000001f977281000 JavaThread "Daemon health stats" [_thread_blocked, id=2984, stack(0x00000022f3300000,0x00000022f3400000)]
  0x000001f977283800 JavaThread "Incoming local TCP Connector on port 57679" [_thread_in_native, id=5220, stack(0x00000022f3000000,0x00000022f3100000)]
  0x000001f977285000 JavaThread "Daemon periodic checks" [_thread_blocked, id=11196, stack(0x00000022f3400000,0x00000022f3500000)]
  0x000001f977284000 JavaThread "Daemon" [_thread_blocked, id=15828, stack(0x00000022f3500000,0x00000022f3600000)]
  0x000001f977286000 JavaThread "Handler for socket connection from /127.0.0.1:57679 to /127.0.0.1:57680" [_thread_in_native, id=12756, stack(0x00000022f3600000,0x00000022f3700000)]
  0x000001f977282800 JavaThread "Cancel handler" [_thread_blocked, id=10156, stack(0x00000022f3700000,0x00000022f3800000)]
  0x000001f977280000 JavaThread "Daemon worker" [_thread_blocked, id=8288, stack(0x00000022f3800000,0x00000022f3900000)]
  0x000001f977286800 JavaThread "Asynchronous log dispatcher for DefaultDaemonConnection: socket connection from /127.0.0.1:57679 to /127.0.0.1:57680" [_thread_blocked, id=11568, stack(0x00000022f3900000,0x00000022f3a00000)]
  0x000001f979de9000 JavaThread "Stdin handler" [_thread_blocked, id=8264, stack(0x00000022f3a00000,0x00000022f3b00000)]
  0x000001f979de4800 JavaThread "Daemon client event forwarder" [_thread_blocked, id=4172, stack(0x00000022f3b00000,0x00000022f3c00000)]
  0x000001f979de5000 JavaThread "Cache worker for journal cache (C:\Users\svkja\.gradle\caches\journal-1)" [_thread_blocked, id=13976, stack(0x00000022f4200000,0x00000022f4300000)]
  0x000001f979deb800 JavaThread "File lock request listener" [_thread_in_native, id=14688, stack(0x00000022f4300000,0x00000022f4400000)]
  0x000001f979deb000 JavaThread "Cache worker for file hash cache (C:\Users\svkja\.gradle\caches\7.3.3\fileHashes)" [_thread_blocked, id=5896, stack(0x00000022f4400000,0x00000022f4500000)]
  0x000001f979de6800 JavaThread "Cache worker for file hash cache (D:\test2\.gradle\7.3.3\fileHashes)" [_thread_blocked, id=16236, stack(0x00000022f4600000,0x00000022f4700000)]
  0x000001f979de6000 JavaThread "File watcher server" daemon [_thread_blocked, id=8876, stack(0x00000022f4700000,0x00000022f4800000)]
  0x000001f979de8800 JavaThread "File watcher consumer" daemon [_thread_blocked, id=2836, stack(0x00000022f4800000,0x00000022f4900000)]
  0x000001f979dea000 JavaThread "Cache worker for checksums cache (D:\test2\.gradle\7.3.3\checksums)" [_thread_blocked, id=5828, stack(0x00000022f4900000,0x00000022f4a00000)]
  0x000001f979ded800 JavaThread "Cache worker for cache directory md-supplier (C:\Users\svkja\.gradle\caches\7.3.3\md-supplier)" [_thread_blocked, id=8412, stack(0x00000022f4a00000,0x00000022f4b00000)]
  0x000001f979de7800 JavaThread "Cache worker for cache directory md-rule (C:\Users\svkja\.gradle\caches\7.3.3\md-rule)" [_thread_blocked, id=8048, stack(0x00000022f4b00000,0x00000022f4c00000)]
  0x000001f979dee000 JavaThread "Cache worker for execution history cache (C:\Users\svkja\.gradle\caches\7.3.3\executionHistory)" [_thread_blocked, id=13012, stack(0x00000022f4c00000,0x00000022f4d00000)]
  0x000001f979df1800 JavaThread "jar transforms" [_thread_blocked, id=7912, stack(0x00000022f4d00000,0x00000022f4e00000)]
  0x000001f979df2000 JavaThread "Cache worker for file content cache (C:\Users\svkja\.gradle\caches\7.3.3\fileContent)" [_thread_blocked, id=3212, stack(0x00000022f4e00000,0x00000022f4f00000)]
  0x000001f979def000 JavaThread "jar transforms Thread 2" [_thread_blocked, id=6836, stack(0x00000022f4f00000,0x00000022f5000000)]
  0x000001f979def800 JavaThread "Cache worker for dependencies-accessors (D:\test2\.gradle\7.3.3\dependencies-accessors)" [_thread_blocked, id=15276, stack(0x00000022f5000000,0x00000022f5100000)]
  0x000001f979df0800 JavaThread "jar transforms Thread 3" [_thread_blocked, id=7112, stack(0x00000022f5100000,0x00000022f5200000)]
  0x000001f97ca11000 JavaThread "Cache worker for Build Output Cleanup Cache (D:\test2\.gradle\buildOutputCleanup)" [_thread_blocked, id=11032, stack(0x00000022f5200000,0x00000022f5300000)]
  0x000001f97ca12000 JavaThread "Unconstrained build operations" [_thread_blocked, id=15716, stack(0x00000022f5300000,0x00000022f5400000)]
  0x000001f97ca13000 JavaThread "Unconstrained build operations Thread 2" [_thread_blocked, id=9072, stack(0x00000022f5400000,0x00000022f5500000)]
  0x000001f97ca0d000 JavaThread "Unconstrained build operations Thread 3" [_thread_blocked, id=4568, stack(0x00000022f5500000,0x00000022f5600000)]
  0x000001f97ca0f800 JavaThread "Unconstrained build operations Thread 4" [_thread_blocked, id=10232, stack(0x00000022f5600000,0x00000022f5700000)]
  0x000001f97ca10800 JavaThread "Unconstrained build operations Thread 5" [_thread_blocked, id=4612, stack(0x00000022f5700000,0x00000022f5800000)]
  0x000001f97ca0f000 JavaThread "Unconstrained build operations Thread 6" [_thread_blocked, id=8752, stack(0x00000022f5800000,0x00000022f5900000)]
  0x000001f97ca13800 JavaThread "Unconstrained build operations Thread 7" [_thread_blocked, id=14992, stack(0x00000022f5900000,0x00000022f5a00000)]
  0x000001f97ca0e000 JavaThread "Unconstrained build operations Thread 8" [_thread_blocked, id=7276, stack(0x00000022f5a00000,0x00000022f5b00000)]
  0x000001f97ca19800 JavaThread "Unconstrained build operations Thread 9" [_thread_blocked, id=6524, stack(0x00000022f5b00000,0x00000022f5c00000)]
  0x000001f97ca17000 JavaThread "Unconstrained build operations Thread 10" [_thread_blocked, id=8560, stack(0x00000022f5c00000,0x00000022f5d00000)]
  0x000001f97ca18000 JavaThread "Unconstrained build operations Thread 11" [_thread_blocked, id=10564, stack(0x00000022f5d00000,0x00000022f5e00000)]
  0x000001f97ca18800 JavaThread "Unconstrained build operations Thread 12" [_thread_blocked, id=6140, stack(0x00000022f5e00000,0x00000022f5f00000)]
  0x000001f97ca1a000 JavaThread "Unconstrained build operations Thread 13" [_thread_blocked, id=10076, stack(0x00000022f5f00000,0x00000022f6000000)]
  0x000001f97ca14800 JavaThread "Unconstrained build operations Thread 14" [_thread_blocked, id=11816, stack(0x00000022f6000000,0x00000022f6100000)]
  0x000001f97ca16000 JavaThread "Unconstrained build operations Thread 15" [_thread_blocked, id=12896, stack(0x00000022f6100000,0x00000022f6200000)]
  0x000001f97ca1b000 JavaThread "Unconstrained build operations Thread 16" [_thread_blocked, id=11520, stack(0x00000022f6200000,0x00000022f6300000)]
  0x000001f97ca15800 JavaThread "Unconstrained build operations Thread 17" [_thread_blocked, id=11692, stack(0x00000022f6300000,0x00000022f6400000)]
  0x000001f97ca1c000 JavaThread "Unconstrained build operations Thread 18" [_thread_blocked, id=11364, stack(0x00000022f6400000,0x00000022f6500000)]
  0x000001f9793b6800 JavaThread "Unconstrained build operations Thread 19" [_thread_blocked, id=8052, stack(0x00000022f6500000,0x00000022f6600000)]
  0x000001f9793b7800 JavaThread "Unconstrained build operations Thread 20" [_thread_blocked, id=9516, stack(0x00000022f6600000,0x00000022f6700000)]
  0x000001f9793b2000 JavaThread "Unconstrained build operations Thread 21" [_thread_blocked, id=3600, stack(0x00000022f6700000,0x00000022f6800000)]
  0x000001f9793b8800 JavaThread "Unconstrained build operations Thread 22" [_thread_blocked, id=3324, stack(0x00000022f6800000,0x00000022f6900000)]
  0x000001f9793b5000 JavaThread "Unconstrained build operations Thread 23" [_thread_blocked, id=5908, stack(0x00000022f6900000,0x00000022f6a00000)]
  0x000001f9793b2800 JavaThread "Unconstrained build operations Thread 24" [_thread_blocked, id=2280, stack(0x00000022f6a00000,0x00000022f6b00000)]
  0x000001f9793b6000 JavaThread "Unconstrained build operations Thread 25" [_thread_blocked, id=14048, stack(0x00000022f6b00000,0x00000022f6c00000)]
  0x000001f9793b3800 JavaThread "Unconstrained build operations Thread 26" [_thread_blocked, id=5764, stack(0x00000022f6c00000,0x00000022f6d00000)]
  0x000001f9793b4800 JavaThread "Unconstrained build operations Thread 27" [_thread_blocked, id=1532, stack(0x00000022f6d00000,0x00000022f6e00000)]
  0x000001f978b21000 JavaThread "Unconstrained build operations Thread 28" [_thread_blocked, id=10796, stack(0x00000022f6e00000,0x00000022f6f00000)]
  0x000001f978b27800 JavaThread "Unconstrained build operations Thread 29" [_thread_blocked, id=12820, stack(0x00000022f6f00000,0x00000022f7000000)]
  0x000001f978b25000 JavaThread "Unconstrained build operations Thread 30" [_thread_blocked, id=12056, stack(0x00000022f7000000,0x00000022f7100000)]
  0x000001f978b23800 JavaThread "Unconstrained build operations Thread 31" [_thread_blocked, id=2896, stack(0x00000022f7100000,0x00000022f7200000)]
  0x000001f978b27000 JavaThread "Unconstrained build operations Thread 32" [_thread_blocked, id=6288, stack(0x00000022f7200000,0x00000022f7300000)]
  0x000001f978b22000 JavaThread "Unconstrained build operations Thread 33" [_thread_blocked, id=4752, stack(0x00000022f7300000,0x00000022f7400000)]
  0x000001f978b26000 JavaThread "Unconstrained build operations Thread 34" [_thread_blocked, id=10628, stack(0x00000022f7400000,0x00000022f7500000)]
  0x000001f978b28800 JavaThread "Unconstrained build operations Thread 35" [_thread_blocked, id=1416, stack(0x00000022f7500000,0x00000022f7600000)]
  0x000001f978b23000 JavaThread "Unconstrained build operations Thread 36" [_thread_blocked, id=6812, stack(0x00000022f7600000,0x00000022f7700000)]
  0x000001f978b2a000 JavaThread "Unconstrained build operations Thread 37" [_thread_blocked, id=7380, stack(0x00000022f7700000,0x00000022f7800000)]
  0x000001f978b29800 JavaThread "Unconstrained build operations Thread 38" [_thread_blocked, id=860, stack(0x00000022f7800000,0x00000022f7900000)]
  0x000001f978b24800 JavaThread "Unconstrained build operations Thread 39" [_thread_blocked, id=10508, stack(0x00000022f7900000,0x00000022f7a00000)]
  0x000001f978b2b800 JavaThread "Unconstrained build operations Thread 40" [_thread_blocked, id=6168, stack(0x00000022f7a00000,0x00000022f7b00000)]
  0x000001f978b2f000 JavaThread "Unconstrained build operations Thread 41" [_thread_blocked, id=12996, stack(0x00000022f7b00000,0x00000022f7c00000)]
  0x000001f978b2b000 JavaThread "Unconstrained build operations Thread 42" [_thread_blocked, id=12860, stack(0x00000022f7c00000,0x00000022f7d00000)]
  0x000001f978b2e000 JavaThread "Unconstrained build operations Thread 43" [_thread_blocked, id=7120, stack(0x00000022f7d00000,0x00000022f7e00000)]
  0x000001f978b30000 JavaThread "Unconstrained build operations Thread 44" [_thread_blocked, id=7768, stack(0x00000022f7e00000,0x00000022f7f00000)]
  0x000001f978b2c800 JavaThread "Unconstrained build operations Thread 45" [_thread_blocked, id=6452, stack(0x00000022f7f00000,0x00000022f8000000)]
  0x000001f978b2d800 JavaThread "Unconstrained build operations Thread 46" [_thread_blocked, id=5632, stack(0x00000022f8000000,0x00000022f8100000)]
  0x000001f9783d7000 JavaThread "Unconstrained build operations Thread 47" [_thread_blocked, id=5940, stack(0x00000022f8100000,0x00000022f8200000)]
  0x000001f9783d8000 JavaThread "Unconstrained build operations Thread 48" [_thread_blocked, id=8908, stack(0x00000022f8200000,0x00000022f8300000)]
  0x000001f9783d9000 JavaThread "Unconstrained build operations Thread 49" [_thread_blocked, id=8936, stack(0x00000022f8300000,0x00000022f8400000)]
  0x000001f9783d5000 JavaThread "Unconstrained build operations Thread 50" [_thread_blocked, id=15196, stack(0x00000022f8400000,0x00000022f8500000)]
  0x000001f9783d3000 JavaThread "Unconstrained build operations Thread 51" [_thread_blocked, id=4628, stack(0x00000022f8500000,0x00000022f8600000)]
  0x000001f9783d9800 JavaThread "Unconstrained build operations Thread 52" [_thread_blocked, id=1052, stack(0x00000022f8600000,0x00000022f8700000)]
  0x000001f9783d5800 JavaThread "Unconstrained build operations Thread 53" [_thread_blocked, id=13552, stack(0x00000022f8700000,0x00000022f8800000)]
  0x000001f9783d4000 JavaThread "Unconstrained build operations Thread 54" [_thread_blocked, id=10256, stack(0x00000022f8800000,0x00000022f8900000)]
  0x000001f9783db800 JavaThread "Unconstrained build operations Thread 55" [_thread_blocked, id=14676, stack(0x00000022f8900000,0x00000022f8a00000)]
  0x000001f9783da800 JavaThread "Unconstrained build operations Thread 56" [_thread_blocked, id=2696, stack(0x00000022f8a00000,0x00000022f8b00000)]
  0x000001f9783dc000 JavaThread "Unconstrained build operations Thread 57" [_thread_blocked, id=11772, stack(0x00000022f8b00000,0x00000022f8c00000)]
  0x000001f9783d6800 JavaThread "Unconstrained build operations Thread 58" [_thread_blocked, id=3196, stack(0x00000022f8c00000,0x00000022f8d00000)]
  0x000001f9783de800 JavaThread "Unconstrained build operations Thread 59" [_thread_blocked, id=3572, stack(0x00000022f8d00000,0x00000022f8e00000)]
  0x000001f9783e2000 JavaThread "Unconstrained build operations Thread 60" [_thread_blocked, id=15300, stack(0x00000022f8e00000,0x00000022f8f00000)]
  0x000001f9783df800 JavaThread "Unconstrained build operations Thread 61" [_thread_blocked, id=14072, stack(0x00000022f8f00000,0x00000022f9000000)]
  0x000001f9783e0000 JavaThread "Unconstrained build operations Thread 62" [_thread_blocked, id=6696, stack(0x00000022f9000000,0x00000022f9100000)]
  0x000001f9783dd000 JavaThread "Unconstrained build operations Thread 63" [_thread_blocked, id=3624, stack(0x00000022f9100000,0x00000022f9200000)]
  0x000001f9783dd800 JavaThread "Unconstrained build operations Thread 64" [_thread_blocked, id=9224, stack(0x00000022f9200000,0x00000022f9300000)]
  0x000001f9783e1000 JavaThread "Unconstrained build operations Thread 65" [_thread_blocked, id=1784, stack(0x00000022f9300000,0x00000022f9400000)]
  0x000001f979518800 JavaThread "Unconstrained build operations Thread 66" [_thread_blocked, id=4680, stack(0x00000022f9400000,0x00000022f9500000)]
  0x000001f97951b000 JavaThread "Unconstrained build operations Thread 67" [_thread_blocked, id=1572, stack(0x00000022f9500000,0x00000022f9600000)]
  0x000001f979519800 JavaThread "Unconstrained build operations Thread 68" [_thread_blocked, id=724, stack(0x00000022f9600000,0x00000022f9700000)]
  0x000001f979516000 JavaThread "Unconstrained build operations Thread 69" [_thread_blocked, id=10916, stack(0x00000022f9700000,0x00000022f9800000)]
  0x000001f979517000 JavaThread "Unconstrained build operations Thread 70" [_thread_blocked, id=14028, stack(0x00000022f9800000,0x00000022f9900000)]
  0x000001f979518000 JavaThread "Unconstrained build operations Thread 71" [_thread_blocked, id=11240, stack(0x00000022f9900000,0x00000022f9a00000)]
  0x000001f979515800 JavaThread "Unconstrained build operations Thread 72" [_thread_blocked, id=15340, stack(0x00000022f9a00000,0x00000022f9b00000)]
  0x000001f97951f000 JavaThread "Unconstrained build operations Thread 73" [_thread_blocked, id=11296, stack(0x00000022f9b00000,0x00000022f9c00000)]
  0x000001f97951d800 JavaThread "Unconstrained build operations Thread 74" [_thread_blocked, id=11452, stack(0x00000022f9c00000,0x00000022f9d00000)]
  0x000001f979520000 JavaThread "Unconstrained build operations Thread 75" [_thread_blocked, id=6248, stack(0x00000022f9d00000,0x00000022f9e00000)]
  0x000001f97951e800 JavaThread "Unconstrained build operations Thread 76" [_thread_blocked, id=14316, stack(0x00000022f9e00000,0x00000022f9f00000)]
  0x000001f97951c000 JavaThread "Unconstrained build operations Thread 77" [_thread_blocked, id=13052, stack(0x00000022f9f00000,0x00000022fa000000)]
  0x000001f97951d000 JavaThread "Unconstrained build operations Thread 78" [_thread_blocked, id=12856, stack(0x00000022fa000000,0x00000022fa100000)]
  0x000001f97951a800 JavaThread "Unconstrained build operations Thread 79" [_thread_blocked, id=6728, stack(0x00000022fa100000,0x00000022fa200000)]
  0x000001f979522800 JavaThread "Unconstrained build operations Thread 80" [_thread_blocked, id=4812, stack(0x00000022fa200000,0x00000022fa300000)]
  0x000001f979521000 JavaThread "jar transforms Thread 4" [_thread_blocked, id=12536, stack(0x00000022fa300000,0x00000022fa400000)]
  0x000001f979521800 JavaThread "jar transforms Thread 5" [_thread_blocked, id=8100, stack(0x00000022fa400000,0x00000022fa500000)]
  0x000001f979523800 JavaThread "jar transforms Thread 6" [_thread_blocked, id=10028, stack(0x00000022fa500000,0x00000022fa600000)]
  0x000001f979524000 JavaThread "jar transforms Thread 7" [_thread_blocked, id=13940, stack(0x00000022fa600000,0x00000022fa700000)]
  0x000001f979e3e000 JavaThread "jar transforms Thread 8" [_thread_blocked, id=9820, stack(0x00000022fa700000,0x00000022fa800000)]
  0x000001f979e3d000 JavaThread "Memory manager" [_thread_blocked, id=720, stack(0x00000022fa800000,0x00000022fa900000)]
  0x000001f979e3b800 JavaThread "build event listener" [_thread_blocked, id=6212, stack(0x00000022fa900000,0x00000022faa00000)]
  0x000001f979e38000 JavaThread "Execution worker for ':'" [_thread_blocked, id=4296, stack(0x00000022faa00000,0x00000022fab00000)]
  0x000001f979e3a800 JavaThread "Execution worker for ':' Thread 2" [_thread_blocked, id=13928, stack(0x00000022fab00000,0x00000022fac00000)]
  0x000001f979e3e800 JavaThread "Execution worker for ':' Thread 3" [_thread_blocked, id=5448, stack(0x00000022fac00000,0x00000022fad00000)]
  0x000001f979e39000 JavaThread "Execution worker for ':' Thread 4" [_thread_blocked, id=4080, stack(0x00000022fad00000,0x00000022fae00000)]
  0x000001f979e3f800 JavaThread "Execution worker for ':' Thread 5" [_thread_blocked, id=11924, stack(0x00000022fae00000,0x00000022faf00000)]
  0x000001f979e3a000 JavaThread "Execution worker for ':' Thread 6" [_thread_blocked, id=10792, stack(0x00000022faf00000,0x00000022fb000000)]
  0x000001f979e42000 JavaThread "Execution worker for ':' Thread 7" [_thread_blocked, id=4436, stack(0x00000022fb000000,0x00000022fb100000)]
  0x000001f979e45000 JavaThread "Cache worker for execution history cache (D:\test2\.gradle\7.3.3\executionHistory)" [_thread_blocked, id=12192, stack(0x00000022fb100000,0x00000022fb200000)]
  0x000001f979e43800 JavaThread "WorkerExecutor Queue" [_thread_blocked, id=4404, stack(0x00000022fb200000,0x00000022fb300000)]
  0x000001f979e44800 JavaThread "pool-3-thread-1" [_thread_blocked, id=16380, stack(0x00000022fb300000,0x00000022fb400000)]
  0x000001f979e43000 JavaThread "stderr" [_thread_in_native, id=11260, stack(0x00000022fb400000,0x00000022fb500000)]
  0x000001f979e41000 JavaThread "stdout" [_thread_in_native, id=5936, stack(0x00000022fb500000,0x00000022fb600000)]

Other Threads:
=>0x000001f976795000 VMThread "VM Thread" [stack: 0x00000022f2500000,0x00000022f2600000] [id=4316]
  0x000001f9772b9000 WatcherThread [stack: 0x00000022f2f00000,0x00000022f3000000] [id=12428]
  0x000001f95c327800 GCTaskThread "GC Thread#0" [stack: 0x00000022f2000000,0x00000022f2100000] [id=13860]
  0x000001f977fb6800 GCTaskThread "GC Thread#1" [stack: 0x00000022f3100000,0x00000022f3200000] [id=408]
  0x000001f97795f800 GCTaskThread "GC Thread#2" [stack: 0x00000022f3200000,0x00000022f3300000] [id=9768]
  0x000001f979d9f800 GCTaskThread "GC Thread#3" [stack: 0x00000022f3c00000,0x00000022f3d00000] [id=5216]
  0x000001f977efb800 GCTaskThread "GC Thread#4" [stack: 0x00000022f3d00000,0x00000022f3e00000] [id=1460]
  0x000001f979e37000 GCTaskThread "GC Thread#5" [stack: 0x00000022f3e00000,0x00000022f3f00000] [id=16224]
  0x000001f979dfe800 GCTaskThread "GC Thread#6" [stack: 0x00000022f3f00000,0x00000022f4000000] [id=11952]
  0x000001f9791b7800 GCTaskThread "GC Thread#7" [stack: 0x00000022f4000000,0x00000022f4100000] [id=8008]
  0x000001f95c359800 ConcurrentGCThread "G1 Main Marker" [stack: 0x00000022f2100000,0x00000022f2200000] [id=7684]
  0x000001f95c35b800 ConcurrentGCThread "G1 Conc#0" [stack: 0x00000022f2200000,0x00000022f2300000] [id=1380]
  0x000001f979168800 ConcurrentGCThread "G1 Conc#1" [stack: 0x00000022f4500000,0x00000022f4600000] [id=9584]
  0x000001f9765e0800 ConcurrentGCThread "G1 Refine#0" [stack: 0x00000022f2300000,0x00000022f2400000] [id=9764]
  0x000001f9782aa800 ConcurrentGCThread "G1 Refine#1" [stack: 0x00000022f4100000,0x00000022f4200000] [id=11124]
  0x000001f9765e1800 ConcurrentGCThread "G1 Young RemSet Sampling" [stack: 0x00000022f2400000,0x00000022f2500000] [id=8456]

Threads with active compile tasks:
C2 CompilerThread0  12439 10513 %     4       com.android.tools.r8.internal.xa::a @ 2422 (6068 bytes)
C1 CompilerThread0  12439 11265       2       com.android.tools.r8.internal.l8::b (8 bytes)

VM state:at safepoint (normal execution)

VM Mutex/Monitor currently owned by a thread:  ([mutex/lock_event])
[0x000001f95c309980] Threads_lock - owner thread: 0x000001f976795000
[0x000001f95c30b5a0] Heap_lock - owner thread: 0x000001f978b26000

Heap address: 0x0000000080000000, size: 2048 MB, Compressed Oops mode: 32-bit
Narrow klass base: 0x0000000000000000, Narrow klass shift: 3
Compressed class space size: 1073741824 Address: 0x0000000100000000

Heap:
 garbage-first heap   total 329728K, used 142203K [0x0000000080000000, 0x0000000100000000)
  region size 1024K, 6 young (6144K), 6 survivors (6144K)
 Metaspace       used 97422K, capacity 100074K, committed 100396K, reserved 1136640K
  class space    used 12899K, capacity 13901K, committed 13952K, reserved 1048576K
Heap Regions: E=young(eden), S=young(survivor), O=old, HS=humongous(starts), HC=humongous(continues), CS=collection set, F=free, A=archive, TAMS=top-at-mark-start (previous, next)
|   0|0x0000000080000000, 0x0000000080100000, 0x0000000080100000|100%| O|  |TAMS 0x0000000080100000, 0x0000000080000000| Untracked 
|   1|0x0000000080100000, 0x0000000080200000, 0x0000000080200000|100%| O|  |TAMS 0x0000000080200000, 0x0000000080100000| Untracked 
|   2|0x0000000080200000, 0x0000000080300000, 0x0000000080300000|100%| O|  |TAMS 0x0000000080300000, 0x0000000080200000| Untracked 
|   3|0x0000000080300000, 0x0000000080400000, 0x0000000080400000|100%|HS|  |TAMS 0x0000000080400000, 0x0000000080300000| Complete 
|   4|0x0000000080400000, 0x0000000080500000, 0x0000000080500000|100%|HC|  |TAMS 0x0000000080500000, 0x0000000080400000| Complete 
|   5|0x0000000080500000, 0x0000000080600000, 0x0000000080600000|100%|HC|  |TAMS 0x0000000080600000, 0x0000000080500000| Complete 
|   6|0x0000000080600000, 0x0000000080700000, 0x0000000080700000|100%| O|  |TAMS 0x0000000080700000, 0x0000000080600000| Untracked 
|   7|0x0000000080700000, 0x0000000080800000, 0x0000000080800000|100%| O|  |TAMS 0x0000000080800000, 0x0000000080700000| Untracked 
|   8|0x0000000080800000, 0x0000000080900000, 0x0000000080900000|100%| O|  |TAMS 0x0000000080900000, 0x0000000080800000| Untracked 
|   9|0x0000000080900000, 0x0000000080a00000, 0x0000000080a00000|100%| O|  |TAMS 0x0000000080a00000, 0x0000000080900000| Untracked 
|  10|0x0000000080a00000, 0x0000000080b00000, 0x0000000080b00000|100%| O|  |TAMS 0x0000000080b00000, 0x0000000080a00000| Untracked 
|  11|0x0000000080b00000, 0x0000000080c00000, 0x0000000080c00000|100%| O|  |TAMS 0x0000000080c00000, 0x0000000080b00000| Untracked 
|  12|0x0000000080c00000, 0x0000000080d00000, 0x0000000080d00000|100%| O|  |TAMS 0x0000000080d00000, 0x0000000080c00000| Untracked 
|  13|0x0000000080d00000, 0x0000000080e00000, 0x0000000080e00000|100%| O|  |TAMS 0x0000000080e00000, 0x0000000080d00000| Untracked 
|  14|0x0000000080e00000, 0x0000000080f00000, 0x0000000080f00000|100%| O|  |TAMS 0x0000000080f00000, 0x0000000080e00000| Untracked 
|  15|0x0000000080f00000, 0x0000000081000000, 0x0000000081000000|100%| O|  |TAMS 0x0000000081000000, 0x0000000080f00000| Untracked 
|  16|0x0000000081000000, 0x0000000081100000, 0x0000000081100000|100%| O|  |TAMS 0x0000000081100000, 0x0000000081000000| Untracked 
|  17|0x0000000081100000, 0x0000000081200000, 0x0000000081200000|100%| O|  |TAMS 0x0000000081200000, 0x0000000081100000| Untracked 
|  18|0x0000000081200000, 0x0000000081300000, 0x0000000081300000|100%| O|  |TAMS 0x0000000081300000, 0x0000000081200000| Untracked 
|  19|0x0000000081300000, 0x0000000081400000, 0x0000000081400000|100%| O|  |TAMS 0x0000000081400000, 0x0000000081300000| Untracked 
|  20|0x0000000081400000, 0x0000000081500000, 0x0000000081500000|100%| O|  |TAMS 0x0000000081500000, 0x0000000081400000| Untracked 
|  21|0x0000000081500000, 0x0000000081600000, 0x0000000081600000|100%| O|  |TAMS 0x0000000081600000, 0x0000000081500000| Untracked 
|  22|0x0000000081600000, 0x0000000081700000, 0x0000000081700000|100%| O|  |TAMS 0x0000000081700000, 0x0000000081600000| Untracked 
|  23|0x0000000081700000, 0x0000000081800000, 0x0000000081800000|100%| O|  |TAMS 0x0000000081800000, 0x0000000081700000| Untracked 
|  24|0x0000000081800000, 0x0000000081900000, 0x0000000081900000|100%| O|  |TAMS 0x0000000081900000, 0x0000000081800000| Untracked 
|  25|0x0000000081900000, 0x0000000081a00000, 0x0000000081a00000|100%| O|  |TAMS 0x0000000081a00000, 0x0000000081900000| Untracked 
|  26|0x0000000081a00000, 0x0000000081b00000, 0x0000000081b00000|100%| O|  |TAMS 0x0000000081b00000, 0x0000000081a00000| Untracked 
|  27|0x0000000081b00000, 0x0000000081c00000, 0x0000000081c00000|100%|HS|  |TAMS 0x0000000081c00000, 0x0000000081b00000| Complete 
|  28|0x0000000081c00000, 0x0000000081d00000, 0x0000000081d00000|100%|HS|  |TAMS 0x0000000081d00000, 0x0000000081c00000| Complete 
|  29|0x0000000081d00000, 0x0000000081e00000, 0x0000000081e00000|100%|HS|  |TAMS 0x0000000081e00000, 0x0000000081d00000| Complete 
|  30|0x0000000081e00000, 0x0000000081f00000, 0x0000000081f00000|100%|HC|  |TAMS 0x0000000081f00000, 0x0000000081e00000| Complete 
|  31|0x0000000081f00000, 0x0000000082000000, 0x0000000082000000|100%| O|  |TAMS 0x0000000082000000, 0x0000000081f00000| Untracked 
|  32|0x0000000082000000, 0x0000000082100000, 0x0000000082100000|100%| O|  |TAMS 0x0000000082100000, 0x0000000082000000| Untracked 
|  33|0x0000000082100000, 0x0000000082200000, 0x0000000082200000|100%| O|  |TAMS 0x0000000082200000, 0x0000000082100000| Untracked 
|  34|0x0000000082200000, 0x0000000082300000, 0x0000000082300000|100%| O|  |TAMS 0x0000000082300000, 0x0000000082200000| Untracked 
|  35|0x0000000082300000, 0x0000000082400000, 0x0000000082400000|100%| O|  |TAMS 0x0000000082400000, 0x0000000082300000| Untracked 
|  36|0x0000000082400000, 0x0000000082500000, 0x0000000082500000|100%| O|  |TAMS 0x0000000082500000, 0x0000000082400000| Untracked 
|  37|0x0000000082500000, 0x0000000082600000, 0x0000000082600000|100%| O|  |TAMS 0x0000000082600000, 0x0000000082500000| Untracked 
|  38|0x0000000082600000, 0x0000000082700000, 0x0000000082700000|100%| O|  |TAMS 0x0000000082700000, 0x0000000082600000| Untracked 
|  39|0x0000000082700000, 0x0000000082800000, 0x0000000082800000|100%| O|  |TAMS 0x0000000082800000, 0x0000000082700000| Untracked 
|  40|0x0000000082800000, 0x0000000082900000, 0x0000000082900000|100%| O|  |TAMS 0x0000000082900000, 0x0000000082800000| Untracked 
|  41|0x0000000082900000, 0x0000000082a00000, 0x0000000082a00000|100%| O|  |TAMS 0x0000000082a00000, 0x0000000082900000| Untracked 
|  42|0x0000000082a00000, 0x0000000082b00000, 0x0000000082b00000|100%| O|  |TAMS 0x0000000082b00000, 0x0000000082a00000| Untracked 
|  43|0x0000000082b00000, 0x0000000082c00000, 0x0000000082c00000|100%| O|  |TAMS 0x0000000082c00000, 0x0000000082b00000| Untracked 
|  44|0x0000000082c00000, 0x0000000082d00000, 0x0000000082d00000|100%| O|  |TAMS 0x0000000082d00000, 0x0000000082c00000| Untracked 
|  45|0x0000000082d00000, 0x0000000082e00000, 0x0000000082e00000|100%| O|  |TAMS 0x0000000082e00000, 0x0000000082d00000| Untracked 
|  46|0x0000000082e00000, 0x0000000082f00000, 0x0000000082f00000|100%| O|  |TAMS 0x0000000082f00000, 0x0000000082e00000| Untracked 
|  47|0x0000000082f00000, 0x0000000083000000, 0x0000000083000000|100%| O|  |TAMS 0x0000000083000000, 0x0000000082f00000| Untracked 
|  48|0x0000000083000000, 0x0000000083100000, 0x0000000083100000|100%| O|  |TAMS 0x0000000083100000, 0x0000000083000000| Untracked 
|  49|0x0000000083100000, 0x0000000083200000, 0x0000000083200000|100%| O|  |TAMS 0x0000000083200000, 0x0000000083100000| Untracked 
|  50|0x0000000083200000, 0x0000000083300000, 0x0000000083300000|100%| O|  |TAMS 0x0000000083300000, 0x0000000083200000| Untracked 
|  51|0x0000000083300000, 0x0000000083400000, 0x0000000083400000|100%| O|  |TAMS 0x0000000083400000, 0x0000000083300000| Untracked 
|  52|0x0000000083400000, 0x0000000083500000, 0x0000000083500000|100%| O|  |TAMS 0x0000000083500000, 0x0000000083400000| Untracked 
|  53|0x0000000083500000, 0x0000000083600000, 0x0000000083600000|100%| O|  |TAMS 0x0000000083600000, 0x0000000083500000| Untracked 
|  54|0x0000000083600000, 0x0000000083700000, 0x0000000083700000|100%| O|  |TAMS 0x0000000083700000, 0x0000000083600000| Untracked 
|  55|0x0000000083700000, 0x0000000083800000, 0x0000000083800000|100%| O|  |TAMS 0x0000000083800000, 0x0000000083700000| Untracked 
|  56|0x0000000083800000, 0x0000000083900000, 0x0000000083900000|100%| O|  |TAMS 0x0000000083900000, 0x0000000083800000| Untracked 
|  57|0x0000000083900000, 0x0000000083a00000, 0x0000000083a00000|100%| O|  |TAMS 0x0000000083a00000, 0x0000000083900000| Untracked 
|  58|0x0000000083a00000, 0x0000000083b00000, 0x0000000083b00000|100%| O|  |TAMS 0x0000000083b00000, 0x0000000083a00000| Untracked 
|  59|0x0000000083b00000, 0x0000000083c00000, 0x0000000083c00000|100%| O|  |TAMS 0x0000000083c00000, 0x0000000083b00000| Untracked 
|  60|0x0000000083c00000, 0x0000000083d00000, 0x0000000083d00000|100%| O|  |TAMS 0x0000000083d00000, 0x0000000083c00000| Untracked 
|  61|0x0000000083d00000, 0x0000000083e00000, 0x0000000083e00000|100%| O|  |TAMS 0x0000000083e00000, 0x0000000083d00000| Untracked 
|  62|0x0000000083e00000, 0x0000000083f00000, 0x0000000083f00000|100%| O|  |TAMS 0x0000000083f00000, 0x0000000083e00000| Untracked 
|  63|0x0000000083f00000, 0x0000000084000000, 0x0000000084000000|100%| O|  |TAMS 0x0000000084000000, 0x0000000083f00000| Untracked 
|  64|0x0000000084000000, 0x0000000084100000, 0x0000000084100000|100%| O|  |TAMS 0x0000000084100000, 0x0000000084000000| Untracked 
|  65|0x0000000084100000, 0x0000000084200000, 0x0000000084200000|100%| O|  |TAMS 0x0000000084200000, 0x0000000084100000| Untracked 
|  66|0x0000000084200000, 0x0000000084300000, 0x0000000084300000|100%| O|  |TAMS 0x0000000084300000, 0x0000000084200000| Untracked 
|  67|0x0000000084300000, 0x0000000084400000, 0x0000000084400000|100%| O|  |TAMS 0x0000000084400000, 0x0000000084300000| Untracked 
|  68|0x0000000084400000, 0x0000000084500000, 0x0000000084500000|100%| O|  |TAMS 0x0000000084500000, 0x0000000084400000| Untracked 
|  69|0x0000000084500000, 0x0000000084600000, 0x0000000084600000|100%| O|  |TAMS 0x0000000084600000, 0x0000000084500000| Untracked 
|  70|0x0000000084600000, 0x0000000084700000, 0x0000000084700000|100%| O|  |TAMS 0x0000000084700000, 0x0000000084600000| Untracked 
|  71|0x0000000084700000, 0x0000000084800000, 0x0000000084800000|100%| O|  |TAMS 0x0000000084800000, 0x0000000084700000| Untracked 
|  72|0x0000000084800000, 0x0000000084900000, 0x0000000084900000|100%| O|  |TAMS 0x0000000084900000, 0x0000000084800000| Untracked 
|  73|0x0000000084900000, 0x0000000084a00000, 0x0000000084a00000|100%| O|  |TAMS 0x0000000084a00000, 0x0000000084900000| Untracked 
|  74|0x0000000084a00000, 0x0000000084b00000, 0x0000000084b00000|100%| O|  |TAMS 0x0000000084b00000, 0x0000000084a00000| Untracked 
|  75|0x0000000084b00000, 0x0000000084c00000, 0x0000000084c00000|100%| O|  |TAMS 0x0000000084c00000, 0x0000000084b00000| Untracked 
|  76|0x0000000084c00000, 0x0000000084d00000, 0x0000000084d00000|100%| O|  |TAMS 0x0000000084d00000, 0x0000000084c00000| Untracked 
|  77|0x0000000084d00000, 0x0000000084e00000, 0x0000000084e00000|100%| O|  |TAMS 0x0000000084e00000, 0x0000000084d00000| Untracked 
|  78|0x0000000084e00000, 0x0000000084f00000, 0x0000000084f00000|100%| O|  |TAMS 0x0000000084f00000, 0x0000000084e00000| Untracked 
|  79|0x0000000084f00000, 0x0000000085000000, 0x0000000085000000|100%| O|  |TAMS 0x0000000085000000, 0x0000000084f00000| Untracked 
|  80|0x0000000085000000, 0x0000000085100000, 0x0000000085100000|100%| O|  |TAMS 0x0000000085100000, 0x0000000085000000| Untracked 
|  81|0x0000000085100000, 0x0000000085200000, 0x0000000085200000|100%| O|  |TAMS 0x0000000085200000, 0x0000000085100000| Untracked 
|  82|0x0000000085200000, 0x0000000085300000, 0x0000000085300000|100%| O|  |TAMS 0x0000000085300000, 0x0000000085200000| Untracked 
|  83|0x0000000085300000, 0x0000000085400000, 0x0000000085400000|100%| O|  |TAMS 0x0000000085400000, 0x0000000085300000| Untracked 
|  84|0x0000000085400000, 0x0000000085500000, 0x0000000085500000|100%| O|  |TAMS 0x0000000085500000, 0x0000000085400000| Untracked 
|  85|0x0000000085500000, 0x0000000085600000, 0x0000000085600000|100%| O|  |TAMS 0x0000000085600000, 0x0000000085500000| Untracked 
|  86|0x0000000085600000, 0x0000000085700000, 0x0000000085700000|100%| O|  |TAMS 0x0000000085700000, 0x0000000085600000| Untracked 
|  87|0x0000000085700000, 0x0000000085800000, 0x0000000085800000|100%| O|  |TAMS 0x0000000085800000, 0x0000000085700000| Untracked 
|  88|0x0000000085800000, 0x0000000085900000, 0x0000000085900000|100%| O|  |TAMS 0x0000000085900000, 0x0000000085800000| Untracked 
|  89|0x0000000085900000, 0x0000000085a00000, 0x0000000085a00000|100%| O|  |TAMS 0x0000000085a00000, 0x0000000085900000| Untracked 
|  90|0x0000000085a00000, 0x0000000085b00000, 0x0000000085b00000|100%| O|  |TAMS 0x0000000085b00000, 0x0000000085a00000| Untracked 
|  91|0x0000000085b00000, 0x0000000085c00000, 0x0000000085c00000|100%| O|  |TAMS 0x0000000085c00000, 0x0000000085b00000| Untracked 
|  92|0x0000000085c00000, 0x0000000085d00000, 0x0000000085d00000|100%| O|  |TAMS 0x0000000085d00000, 0x0000000085c00000| Untracked 
|  93|0x0000000085d00000, 0x0000000085e00000, 0x0000000085e00000|100%| O|  |TAMS 0x0000000085e00000, 0x0000000085d00000| Untracked 
|  94|0x0000000085e00000, 0x0000000085f00000, 0x0000000085f00000|100%| O|  |TAMS 0x0000000085f00000, 0x0000000085e00000| Untracked 
|  95|0x0000000085f00000, 0x0000000086000000, 0x0000000086000000|100%| O|  |TAMS 0x0000000086000000, 0x0000000085f00000| Untracked 
|  96|0x0000000086000000, 0x0000000086100000, 0x0000000086100000|100%| O|  |TAMS 0x0000000086100000, 0x0000000086000000| Untracked 
|  97|0x0000000086100000, 0x0000000086200000, 0x0000000086200000|100%| O|  |TAMS 0x0000000086200000, 0x0000000086100000| Untracked 
|  98|0x0000000086200000, 0x0000000086300000, 0x0000000086300000|100%| O|  |TAMS 0x0000000086300000, 0x0000000086200000| Untracked 
|  99|0x0000000086300000, 0x0000000086400000, 0x0000000086400000|100%| O|  |TAMS 0x0000000086400000, 0x0000000086300000| Untracked 
| 100|0x0000000086400000, 0x0000000086500000, 0x0000000086500000|100%| O|  |TAMS 0x0000000086500000, 0x0000000086400000| Untracked 
| 101|0x0000000086500000, 0x0000000086600000, 0x0000000086600000|100%| O|  |TAMS 0x0000000086600000, 0x0000000086500000| Untracked 
| 102|0x0000000086600000, 0x0000000086700000, 0x0000000086700000|100%| O|  |TAMS 0x0000000086700000, 0x0000000086600000| Untracked 
| 103|0x0000000086700000, 0x0000000086800000, 0x0000000086800000|100%| O|  |TAMS 0x0000000086800000, 0x0000000086700000| Untracked 
| 104|0x0000000086800000, 0x0000000086900000, 0x0000000086900000|100%| O|  |TAMS 0x0000000086900000, 0x0000000086800000| Untracked 
| 105|0x0000000086900000, 0x0000000086a00000, 0x0000000086a00000|100%| O|  |TAMS 0x0000000086a00000, 0x0000000086900000| Untracked 
| 106|0x0000000086a00000, 0x0000000086b00000, 0x0000000086b00000|100%| O|  |TAMS 0x0000000086b00000, 0x0000000086a00000| Untracked 
| 107|0x0000000086b00000, 0x0000000086c00000, 0x0000000086c00000|100%| O|  |TAMS 0x0000000086c00000, 0x0000000086b00000| Untracked 
| 108|0x0000000086c00000, 0x0000000086d00000, 0x0000000086d00000|100%| O|  |TAMS 0x0000000086d00000, 0x0000000086c00000| Untracked 
| 109|0x0000000086d00000, 0x0000000086e00000, 0x0000000086e00000|100%| O|  |TAMS 0x0000000086e00000, 0x0000000086d00000| Untracked 
| 110|0x0000000086e00000, 0x0000000086f00000, 0x0000000086f00000|100%| O|  |TAMS 0x0000000086f00000, 0x0000000086e00000| Untracked 
| 111|0x0000000086f00000, 0x0000000087000000, 0x0000000087000000|100%| O|  |TAMS 0x0000000087000000, 0x0000000086f00000| Untracked 
| 112|0x0000000087000000, 0x0000000087100000, 0x0000000087100000|100%| O|  |TAMS 0x0000000087100000, 0x0000000087000000| Untracked 
| 113|0x0000000087100000, 0x0000000087200000, 0x0000000087200000|100%| O|  |TAMS 0x000000008713b200, 0x0000000087100000| Untracked 
| 114|0x0000000087200000, 0x0000000087300000, 0x0000000087300000|100%| O|  |TAMS 0x0000000087200000, 0x0000000087200000| Untracked 
| 115|0x0000000087300000, 0x0000000087400000, 0x0000000087400000|100%| O|  |TAMS 0x0000000087300000, 0x0000000087300000| Untracked 
| 116|0x0000000087400000, 0x0000000087500000, 0x0000000087500000|100%| O|  |TAMS 0x0000000087400000, 0x0000000087400000| Untracked 
| 117|0x0000000087500000, 0x0000000087600000, 0x0000000087600000|100%| O|  |TAMS 0x0000000087500000, 0x0000000087500000| Untracked 
| 118|0x0000000087600000, 0x0000000087700000, 0x0000000087700000|100%| O|  |TAMS 0x0000000087600000, 0x0000000087600000| Untracked 
| 119|0x0000000087700000, 0x0000000087800000, 0x0000000087800000|100%| O|  |TAMS 0x0000000087700000, 0x0000000087700000| Untracked 
| 120|0x0000000087800000, 0x0000000087900000, 0x0000000087900000|100%| O|  |TAMS 0x0000000087800000, 0x0000000087800000| Untracked 
| 121|0x0000000087900000, 0x0000000087a00000, 0x0000000087a00000|100%| O|  |TAMS 0x0000000087900000, 0x0000000087900000| Untracked 
| 122|0x0000000087a00000, 0x0000000087b00000, 0x0000000087b00000|100%| O|  |TAMS 0x0000000087a00000, 0x0000000087a00000| Untracked 
| 123|0x0000000087b00000, 0x0000000087c00000, 0x0000000087c00000|100%| O|  |TAMS 0x0000000087b00000, 0x0000000087b00000| Untracked 
| 124|0x0000000087c00000, 0x0000000087d00000, 0x0000000087d00000|100%| O|  |TAMS 0x0000000087c00000, 0x0000000087c00000| Untracked 
| 125|0x0000000087d00000, 0x0000000087e00000, 0x0000000087e00000|100%| O|  |TAMS 0x0000000087d00000, 0x0000000087d00000| Untracked 
| 126|0x0000000087e00000, 0x0000000087f00000, 0x0000000087f00000|100%| O|  |TAMS 0x0000000087e00000, 0x0000000087e00000| Untracked 
| 127|0x0000000087f00000, 0x0000000088000000, 0x0000000088000000|100%| O|  |TAMS 0x0000000087f00000, 0x0000000087f00000| Untracked 
| 128|0x0000000088000000, 0x0000000088100000, 0x0000000088100000|100%| O|  |TAMS 0x0000000088000000, 0x0000000088000000| Untracked 
| 129|0x0000000088100000, 0x0000000088200000, 0x0000000088200000|100%| O|  |TAMS 0x0000000088100000, 0x0000000088100000| Untracked 
| 130|0x0000000088200000, 0x0000000088300000, 0x0000000088300000|100%| O|  |TAMS 0x0000000088200000, 0x0000000088200000| Untracked 
| 131|0x0000000088300000, 0x0000000088400000, 0x0000000088400000|100%| O|  |TAMS 0x0000000088300000, 0x0000000088300000| Untracked 
| 132|0x0000000088400000, 0x0000000088500000, 0x0000000088500000|100%| O|  |TAMS 0x0000000088400000, 0x0000000088400000| Untracked 
| 133|0x0000000088500000, 0x0000000088541a00, 0x0000000088600000| 25%| O|  |TAMS 0x0000000088500000, 0x0000000088500000| Untracked 
| 134|0x0000000088600000, 0x0000000088600000, 0x0000000088700000|  0%| F|  |TAMS 0x0000000088600000, 0x0000000088600000| Untracked 
| 135|0x0000000088700000, 0x0000000088700000, 0x0000000088800000|  0%| F|  |TAMS 0x0000000088700000, 0x0000000088700000| Untracked 
| 136|0x0000000088800000, 0x0000000088800000, 0x0000000088900000|  0%| F|  |TAMS 0x0000000088800000, 0x0000000088800000| Untracked 
| 137|0x0000000088900000, 0x0000000088900000, 0x0000000088a00000|  0%| F|  |TAMS 0x0000000088900000, 0x0000000088900000| Untracked 
| 138|0x0000000088a00000, 0x0000000088a00000, 0x0000000088b00000|  0%| F|  |TAMS 0x0000000088a00000, 0x0000000088a00000| Untracked 
| 139|0x0000000088b00000, 0x0000000088b00000, 0x0000000088c00000|  0%| F|  |TAMS 0x0000000088b00000, 0x0000000088b00000| Untracked 
| 140|0x0000000088c00000, 0x0000000088c00000, 0x0000000088d00000|  0%| F|  |TAMS 0x0000000088c00000, 0x0000000088c00000| Untracked 
| 141|0x0000000088d00000, 0x0000000088d00000, 0x0000000088e00000|  0%| F|  |TAMS 0x0000000088d00000, 0x0000000088d00000| Untracked 
| 142|0x0000000088e00000, 0x0000000088e00000, 0x0000000088f00000|  0%| F|  |TAMS 0x0000000088e00000, 0x0000000088e00000| Untracked 
| 143|0x0000000088f00000, 0x0000000088f00000, 0x0000000089000000|  0%| F|  |TAMS 0x0000000088f00000, 0x0000000088f00000| Untracked 
| 144|0x0000000089000000, 0x0000000089000000, 0x0000000089100000|  0%| F|  |TAMS 0x0000000089000000, 0x0000000089000000| Untracked 
| 145|0x0000000089100000, 0x0000000089100000, 0x0000000089200000|  0%| F|  |TAMS 0x0000000089100000, 0x0000000089100000| Untracked 
| 146|0x0000000089200000, 0x0000000089200000, 0x0000000089300000|  0%| F|  |TAMS 0x0000000089200000, 0x0000000089200000| Untracked 
| 147|0x0000000089300000, 0x0000000089300000, 0x0000000089400000|  0%| F|  |TAMS 0x0000000089300000, 0x0000000089300000| Untracked 
| 148|0x0000000089400000, 0x0000000089400000, 0x0000000089500000|  0%| F|  |TAMS 0x0000000089400000, 0x0000000089400000| Untracked 
| 149|0x0000000089500000, 0x0000000089500000, 0x0000000089600000|  0%| F|  |TAMS 0x0000000089500000, 0x0000000089500000| Untracked 
| 150|0x0000000089600000, 0x0000000089600000, 0x0000000089700000|  0%| F|  |TAMS 0x0000000089600000, 0x0000000089600000| Untracked 
| 151|0x0000000089700000, 0x0000000089700000, 0x0000000089800000|  0%| F|  |TAMS 0x0000000089700000, 0x0000000089700000| Untracked 
| 152|0x0000000089800000, 0x0000000089800000, 0x0000000089900000|  0%| F|  |TAMS 0x0000000089800000, 0x0000000089800000| Untracked 
| 153|0x0000000089900000, 0x0000000089900000, 0x0000000089a00000|  0%| F|  |TAMS 0x0000000089900000, 0x0000000089900000| Untracked 
| 154|0x0000000089a00000, 0x0000000089a00000, 0x0000000089b00000|  0%| F|  |TAMS 0x0000000089a00000, 0x0000000089a00000| Untracked 
| 155|0x0000000089b00000, 0x0000000089b00000, 0x0000000089c00000|  0%| F|  |TAMS 0x0000000089b00000, 0x0000000089b00000| Untracked 
| 156|0x0000000089c00000, 0x0000000089c00000, 0x0000000089d00000|  0%| F|  |TAMS 0x0000000089c00000, 0x0000000089c00000| Untracked 
| 157|0x0000000089d00000, 0x0000000089d00000, 0x0000000089e00000|  0%| F|  |TAMS 0x0000000089d00000, 0x0000000089d00000| Untracked 
| 158|0x0000000089e00000, 0x0000000089e00000, 0x0000000089f00000|  0%| F|  |TAMS 0x0000000089e00000, 0x0000000089e00000| Untracked 
| 159|0x0000000089f00000, 0x0000000089f00000, 0x000000008a000000|  0%| F|  |TAMS 0x0000000089f00000, 0x0000000089f00000| Untracked 
| 160|0x000000008a000000, 0x000000008a000000, 0x000000008a100000|  0%| F|  |TAMS 0x000000008a000000, 0x000000008a000000| Untracked 
| 161|0x000000008a100000, 0x000000008a100000, 0x000000008a200000|  0%| F|  |TAMS 0x000000008a100000, 0x000000008a100000| Untracked 
| 162|0x000000008a200000, 0x000000008a200000, 0x000000008a300000|  0%| F|  |TAMS 0x000000008a200000, 0x000000008a200000| Untracked 
| 163|0x000000008a300000, 0x000000008a300000, 0x000000008a400000|  0%| F|  |TAMS 0x000000008a300000, 0x000000008a300000| Untracked 
| 164|0x000000008a400000, 0x000000008a400000, 0x000000008a500000|  0%| F|  |TAMS 0x000000008a400000, 0x000000008a400000| Untracked 
| 165|0x000000008a500000, 0x000000008a500000, 0x000000008a600000|  0%| F|  |TAMS 0x000000008a500000, 0x000000008a500000| Untracked 
| 166|0x000000008a600000, 0x000000008a600000, 0x000000008a700000|  0%| F|  |TAMS 0x000000008a600000, 0x000000008a600000| Untracked 
| 167|0x000000008a700000, 0x000000008a700000, 0x000000008a800000|  0%| F|  |TAMS 0x000000008a700000, 0x000000008a700000| Untracked 
| 168|0x000000008a800000, 0x000000008a800000, 0x000000008a900000|  0%| F|  |TAMS 0x000000008a800000, 0x000000008a800000| Untracked 
| 169|0x000000008a900000, 0x000000008a900000, 0x000000008aa00000|  0%| F|  |TAMS 0x000000008a900000, 0x000000008a900000| Untracked 
| 170|0x000000008aa00000, 0x000000008aa9d5c0, 0x000000008ab00000| 61%| S|CS|TAMS 0x000000008aa00000, 0x000000008aa00000| Complete 
| 171|0x000000008ab00000, 0x000000008ac00000, 0x000000008ac00000|100%| S|CS|TAMS 0x000000008ab00000, 0x000000008ab00000| Complete 
| 172|0x000000008ac00000, 0x000000008ad00000, 0x000000008ad00000|100%| S|CS|TAMS 0x000000008ac00000, 0x000000008ac00000| Complete 
| 173|0x000000008ad00000, 0x000000008ae00000, 0x000000008ae00000|100%| S|CS|TAMS 0x000000008ad00000, 0x000000008ad00000| Complete 
| 174|0x000000008ae00000, 0x000000008af00000, 0x000000008af00000|100%| S|CS|TAMS 0x000000008ae00000, 0x000000008ae00000| Complete 
| 175|0x000000008af00000, 0x000000008b000000, 0x000000008b000000|100%| S|CS|TAMS 0x000000008af00000, 0x000000008af00000| Complete 
| 176|0x000000008b000000, 0x000000008b000000, 0x000000008b100000|  0%| F|  |TAMS 0x000000008b000000, 0x000000008b000000| Untracked 
| 177|0x000000008b100000, 0x000000008b100000, 0x000000008b200000|  0%| F|  |TAMS 0x000000008b100000, 0x000000008b100000| Untracked 
| 178|0x000000008b200000, 0x000000008b200000, 0x000000008b300000|  0%| F|  |TAMS 0x000000008b200000, 0x000000008b200000| Untracked 
| 179|0x000000008b300000, 0x000000008b300000, 0x000000008b400000|  0%| F|  |TAMS 0x000000008b300000, 0x000000008b300000| Untracked 
| 180|0x000000008b400000, 0x000000008b400000, 0x000000008b500000|  0%| F|  |TAMS 0x000000008b400000, 0x000000008b400000| Untracked 
| 181|0x000000008b500000, 0x000000008b500000, 0x000000008b600000|  0%| F|  |TAMS 0x000000008b500000, 0x000000008b500000| Untracked 
| 182|0x000000008b600000, 0x000000008b600000, 0x000000008b700000|  0%| F|  |TAMS 0x000000008b600000, 0x000000008b600000| Untracked 
| 183|0x000000008b700000, 0x000000008b700000, 0x000000008b800000|  0%| F|  |TAMS 0x000000008b700000, 0x000000008b700000| Untracked 
| 184|0x000000008b800000, 0x000000008b800000, 0x000000008b900000|  0%| F|  |TAMS 0x000000008b800000, 0x000000008b800000| Untracked 
| 185|0x000000008b900000, 0x000000008b900000, 0x000000008ba00000|  0%| F|  |TAMS 0x000000008b900000, 0x000000008b900000| Untracked 
| 186|0x000000008ba00000, 0x000000008ba00000, 0x000000008bb00000|  0%| F|  |TAMS 0x000000008ba00000, 0x000000008ba00000| Untracked 
| 187|0x000000008bb00000, 0x000000008bb00000, 0x000000008bc00000|  0%| F|  |TAMS 0x000000008bb00000, 0x000000008bb00000| Untracked 
| 188|0x000000008bc00000, 0x000000008bc00000, 0x000000008bd00000|  0%| F|  |TAMS 0x000000008bc00000, 0x000000008bc00000| Untracked 
| 189|0x000000008bd00000, 0x000000008bd00000, 0x000000008be00000|  0%| F|  |TAMS 0x000000008bd00000, 0x000000008bd00000| Untracked 
| 190|0x000000008be00000, 0x000000008be00000, 0x000000008bf00000|  0%| F|  |TAMS 0x000000008be00000, 0x000000008be00000| Untracked 
| 191|0x000000008bf00000, 0x000000008bf00000, 0x000000008c000000|  0%| F|  |TAMS 0x000000008bf00000, 0x000000008bf00000| Untracked 
| 192|0x000000008c000000, 0x000000008c000000, 0x000000008c100000|  0%| F|  |TAMS 0x000000008c000000, 0x000000008c000000| Untracked 
| 193|0x000000008c100000, 0x000000008c100000, 0x000000008c200000|  0%| F|  |TAMS 0x000000008c100000, 0x000000008c100000| Untracked 
| 194|0x000000008c200000, 0x000000008c200000, 0x000000008c300000|  0%| F|  |TAMS 0x000000008c200000, 0x000000008c200000| Untracked 
| 195|0x000000008c300000, 0x000000008c300000, 0x000000008c400000|  0%| F|  |TAMS 0x000000008c300000, 0x000000008c300000| Untracked 
| 196|0x000000008c400000, 0x000000008c400000, 0x000000008c500000|  0%| F|  |TAMS 0x000000008c400000, 0x000000008c400000| Untracked 
| 197|0x000000008c500000, 0x000000008c500000, 0x000000008c600000|  0%| F|  |TAMS 0x000000008c500000, 0x000000008c500000| Untracked 
| 198|0x000000008c600000, 0x000000008c600000, 0x000000008c700000|  0%| F|  |TAMS 0x000000008c600000, 0x000000008c600000| Untracked 
| 199|0x000000008c700000, 0x000000008c700000, 0x000000008c800000|  0%| F|  |TAMS 0x000000008c700000, 0x000000008c700000| Untracked 
| 200|0x000000008c800000, 0x000000008c800000, 0x000000008c900000|  0%| F|  |TAMS 0x000000008c800000, 0x000000008c800000| Untracked 
| 201|0x000000008c900000, 0x000000008c900000, 0x000000008ca00000|  0%| F|  |TAMS 0x000000008c900000, 0x000000008c900000| Untracked 
| 202|0x000000008ca00000, 0x000000008ca00000, 0x000000008cb00000|  0%| F|  |TAMS 0x000000008ca00000, 0x000000008ca00000| Untracked 
| 203|0x000000008cb00000, 0x000000008cb00000, 0x000000008cc00000|  0%| F|  |TAMS 0x000000008cb00000, 0x000000008cb00000| Untracked 
| 204|0x000000008cc00000, 0x000000008cc00000, 0x000000008cd00000|  0%| F|  |TAMS 0x000000008cc00000, 0x000000008cc00000| Untracked 
| 205|0x000000008cd00000, 0x000000008cd00000, 0x000000008ce00000|  0%| F|  |TAMS 0x000000008cd00000, 0x000000008cd00000| Untracked 
| 206|0x000000008ce00000, 0x000000008ce00000, 0x000000008cf00000|  0%| F|  |TAMS 0x000000008ce00000, 0x000000008ce00000| Untracked 
| 207|0x000000008cf00000, 0x000000008cf00000, 0x000000008d000000|  0%| F|  |TAMS 0x000000008cf00000, 0x000000008cf00000| Untracked 
| 208|0x000000008d000000, 0x000000008d000000, 0x000000008d100000|  0%| F|  |TAMS 0x000000008d000000, 0x000000008d000000| Untracked 
| 209|0x000000008d100000, 0x000000008d100000, 0x000000008d200000|  0%| F|  |TAMS 0x000000008d100000, 0x000000008d100000| Untracked 
| 210|0x000000008d200000, 0x000000008d200000, 0x000000008d300000|  0%| F|  |TAMS 0x000000008d200000, 0x000000008d200000| Untracked 
| 211|0x000000008d300000, 0x000000008d300000, 0x000000008d400000|  0%| F|  |TAMS 0x000000008d300000, 0x000000008d300000| Untracked 
| 212|0x000000008d400000, 0x000000008d400000, 0x000000008d500000|  0%| F|  |TAMS 0x000000008d400000, 0x000000008d400000| Untracked 
| 213|0x000000008d500000, 0x000000008d500000, 0x000000008d600000|  0%| F|  |TAMS 0x000000008d500000, 0x000000008d500000| Untracked 
| 214|0x000000008d600000, 0x000000008d600000, 0x000000008d700000|  0%| F|  |TAMS 0x000000008d600000, 0x000000008d600000| Untracked 
| 215|0x000000008d700000, 0x000000008d700000, 0x000000008d800000|  0%| F|  |TAMS 0x000000008d700000, 0x000000008d700000| Untracked 
| 216|0x000000008d800000, 0x000000008d800000, 0x000000008d900000|  0%| F|  |TAMS 0x000000008d800000, 0x000000008d800000| Untracked 
| 217|0x000000008d900000, 0x000000008d900000, 0x000000008da00000|  0%| F|  |TAMS 0x000000008d900000, 0x000000008d900000| Untracked 
| 218|0x000000008da00000, 0x000000008da00000, 0x000000008db00000|  0%| F|  |TAMS 0x000000008da00000, 0x000000008da00000| Untracked 
| 219|0x000000008db00000, 0x000000008db00000, 0x000000008dc00000|  0%| F|  |TAMS 0x000000008db00000, 0x000000008db00000| Untracked 
| 220|0x000000008dc00000, 0x000000008dc00000, 0x000000008dd00000|  0%| F|  |TAMS 0x000000008dc00000, 0x000000008dc00000| Untracked 
| 221|0x000000008dd00000, 0x000000008dd00000, 0x000000008de00000|  0%| F|  |TAMS 0x000000008dd00000, 0x000000008dd00000| Untracked 

Card table byte_map: [0x000001f96f550000,0x000001f96f950000] _byte_map_base: 0x000001f96f150000

Marking Bits (Prev, Next): (CMBitMap*) 0x000001f95c34f940, (CMBitMap*) 0x000001f95c34f908
 Prev Bits: [0x000001f971d50000, 0x000001f973d50000)
 Next Bits: [0x000001f96fd50000, 0x000001f971d50000)

Polling page: 0x000001f95baf0000

Metaspace:

Usage:
  Non-class:     84.15 MB capacity,    82.54 MB ( 98%) used,     1.31 MB (  2%) free+waste,   309.06 KB ( <1%) overhead. 
      Class:     13.58 MB capacity,    12.60 MB ( 93%) used,   854.88 KB (  6%) free+waste,   146.19 KB (  1%) overhead. 
       Both:     97.73 MB capacity,    95.14 MB ( 97%) used,     2.14 MB (  2%) free+waste,   455.25 KB ( <1%) overhead. 

Virtual space:
  Non-class space:       86.00 MB reserved,      84.42 MB ( 98%) committed 
      Class space:        1.00 GB reserved,      13.63 MB (  1%) committed 
             Both:        1.08 GB reserved,      98.04 MB (  9%) committed 

Chunk freelists:
   Non-Class:  79.00 KB
       Class:  19.00 KB
        Both:  98.00 KB

MaxMetaspaceSize: 17179869184.00 GB
CompressedClassSpaceSize: 1.00 GB
Initial GC threshold: 20.80 MB
Current GC threshold: 159.86 MB
CDS: off

CodeHeap 'non-profiled nmethods': size=120000Kb used=4515Kb max_used=4515Kb free=115484Kb
 bounds [0x000001f9678f0000, 0x000001f967d60000, 0x000001f96ee20000]
CodeHeap 'profiled nmethods': size=120000Kb used=21369Kb max_used=21369Kb free=98630Kb
 bounds [0x000001f9603c0000, 0x000001f9618a0000, 0x000001f9678f0000]
CodeHeap 'non-nmethods': size=5760Kb used=2402Kb max_used=2426Kb free=3357Kb
 bounds [0x000001f95fe20000, 0x000001f960090000, 0x000001f9603c0000]
 total_blobs=11878 nmethods=10956 adapters=834
 compilation: enabled
              stopped_count=0, restarted_count=0
 full_count=0

Compilation events (20 events):
Event: 12.147 Thread 0x000001f9767c0000 nmethod 11256 0x000001f96189b390 code [0x000001f96189b580, 0x000001f96189b8b8]
Event: 12.147 Thread 0x000001f9767c0000 11259       2       com.android.tools.r8.internal.bq::f (35 bytes)
Event: 12.147 Thread 0x000001f9767c0000 nmethod 11259 0x000001f96189bb10 code [0x000001f96189bcc0, 0x000001f96189be38]
Event: 12.147 Thread 0x000001f9767c0000 11253       2       com.android.tools.r8.internal.h4::a (89 bytes)
Event: 12.148 Thread 0x000001f9767c0000 nmethod 11253 0x000001f96189bf10 code [0x000001f96189c100, 0x000001f96189c468]
Event: 12.148 Thread 0x000001f9767c0000 11260       2       com.android.tools.r8.internal.nq::n (12 bytes)
Event: 12.148 Thread 0x000001f9767c0000 nmethod 11260 0x000001f96189c690 code [0x000001f96189c840, 0x000001f96189ca18]
Event: 12.148 Thread 0x000001f9767c0000 11261       2       com.android.tools.r8.internal.nq::l (47 bytes)
Event: 12.148 Thread 0x000001f9767c0000 nmethod 11261 0x000001f96189cb10 code [0x000001f96189cce0, 0x000001f96189cfb8]
Event: 12.148 Thread 0x000001f9767c0000 11173       1       com.android.tools.r8.internal.qo::e1 (2 bytes)
Event: 12.148 Thread 0x000001f9767c0000 nmethod 11173 0x000001f967d58c90 code [0x000001f967d58e40, 0x000001f967d58ef8]
Event: 12.148 Thread 0x000001f9767c0000 11248       2       com.android.tools.r8.internal.r8::<init> (5 bytes)
Event: 12.148 Thread 0x000001f9767c0000 nmethod 11248 0x000001f96189d110 code [0x000001f96189d2c0, 0x000001f96189d3b8]
Event: 12.148 Thread 0x000001f9767c0000 11264       2       java.util.IdentityHashMap::clear (39 bytes)
Event: 12.148 Thread 0x000001f9767c0000 nmethod 11264 0x000001f96189d490 code [0x000001f96189d640, 0x000001f96189d7d8]
Event: 12.148 Thread 0x000001f9767c0000 11266       2       com.android.tools.r8.internal.l8::a (79 bytes)
Event: 12.149 Thread 0x000001f9767c0000 nmethod 11266 0x000001f96189d910 code [0x000001f96189dae0, 0x000001f96189de98]
Event: 12.149 Thread 0x000001f9767c0000 11267 %     3       java.util.IdentityHashMap$IdentityHashMapIterator::hasNext @ 10 (50 bytes)
Event: 12.149 Thread 0x000001f9767c0000 nmethod 11267% 0x000001f96189e110 code [0x000001f96189e2e0, 0x000001f96189e578]
Event: 12.149 Thread 0x000001f9767c0000 11265       2       com.android.tools.r8.internal.l8::b (8 bytes)

GC Heap History (20 events):
Event: 8.470 GC heap after
{Heap after GC invocations=19 (full 0):
 garbage-first heap   total 157696K, used 60242K [0x0000000080000000, 0x0000000100000000)
  region size 1024K, 7 young (7168K), 7 survivors (7168K)
 Metaspace       used 75547K, capacity 77308K, committed 77356K, reserved 1116160K
  class space    used 9945K, capacity 10611K, committed 10624K, reserved 1048576K
}
Event: 9.113 GC heap before
{Heap before GC invocations=19 (full 0):
 garbage-first heap   total 157696K, used 113490K [0x0000000080000000, 0x0000000100000000)
  region size 1024K, 59 young (60416K), 7 survivors (7168K)
 Metaspace       used 80651K, capacity 82735K, committed 82860K, reserved 1120256K
  class space    used 10681K, capacity 11453K, committed 11520K, reserved 1048576K
}
Event: 9.123 GC heap after
{Heap after GC invocations=20 (full 0):
 garbage-first heap   total 189440K, used 63979K [0x0000000080000000, 0x0000000100000000)
  region size 1024K, 7 young (7168K), 7 survivors (7168K)
 Metaspace       used 80651K, capacity 82735K, committed 82860K, reserved 1120256K
  class space    used 10681K, capacity 11453K, committed 11520K, reserved 1048576K
}
Event: 9.930 GC heap before
{Heap before GC invocations=20 (full 0):
 garbage-first heap   total 189440K, used 130539K [0x0000000080000000, 0x0000000100000000)
  region size 1024K, 73 young (74752K), 7 survivors (7168K)
 Metaspace       used 81715K, capacity 83954K, committed 84012K, reserved 1122304K
  class space    used 10793K, capacity 11645K, committed 11648K, reserved 1048576K
}
Event: 9.939 GC heap after
{Heap after GC invocations=21 (full 0):
 garbage-first heap   total 189440K, used 68885K [0x0000000080000000, 0x0000000100000000)
  region size 1024K, 9 young (9216K), 9 survivors (9216K)
 Metaspace       used 81715K, capacity 83954K, committed 84012K, reserved 1122304K
  class space    used 10793K, capacity 11645K, committed 11648K, reserved 1048576K
}
Event: 10.316 GC heap before
{Heap before GC invocations=21 (full 0):
 garbage-first heap   total 189440K, used 135445K [0x0000000080000000, 0x0000000100000000)
  region size 1024K, 75 young (76800K), 9 survivors (9216K)
 Metaspace       used 83972K, capacity 86236K, committed 86316K, reserved 1124352K
  class space    used 11007K, capacity 11843K, committed 11904K, reserved 1048576K
}
Event: 10.328 GC heap after
{Heap after GC invocations=22 (full 0):
 garbage-first heap   total 189440K, used 72901K [0x0000000080000000, 0x0000000100000000)
  region size 1024K, 5 young (5120K), 5 survivors (5120K)
 Metaspace       used 83972K, capacity 86236K, committed 86316K, reserved 1124352K
  class space    used 11007K, capacity 11843K, committed 11904K, reserved 1048576K
}
Event: 10.467 GC heap before
{Heap before GC invocations=22 (full 0):
 garbage-first heap   total 189440K, used 139461K [0x0000000080000000, 0x0000000100000000)
  region size 1024K, 71 young (72704K), 5 survivors (5120K)
 Metaspace       used 86551K, capacity 88932K, committed 89004K, reserved 1126400K
  class space    used 11359K, capacity 12229K, committed 12288K, reserved 1048576K
}
Event: 10.474 GC heap after
{Heap after GC invocations=23 (full 0):
 garbage-first heap   total 189440K, used 85873K [0x0000000080000000, 0x0000000100000000)
  region size 1024K, 9 young (9216K), 9 survivors (9216K)
 Metaspace       used 86551K, capacity 88932K, committed 89004K, reserved 1126400K
  class space    used 11359K, capacity 12229K, committed 12288K, reserved 1048576K
}
Event: 10.739 GC heap before
{Heap before GC invocations=23 (full 0):
 garbage-first heap   total 189440K, used 143217K [0x0000000080000000, 0x0000000100000000)
  region size 1024K, 66 young (67584K), 9 survivors (9216K)
 Metaspace       used 91067K, capacity 93563K, committed 93740K, reserved 1130496K
  class space    used 11959K, capacity 12892K, committed 12928K, reserved 1048576K
}
Event: 10.748 GC heap after
{Heap after GC invocations=24 (full 0):
 garbage-first heap   total 189440K, used 91513K [0x0000000080000000, 0x0000000100000000)
  region size 1024K, 9 young (9216K), 9 survivors (9216K)
 Metaspace       used 91067K, capacity 93563K, committed 93740K, reserved 1130496K
  class space    used 11959K, capacity 12892K, committed 12928K, reserved 1048576K
}
Event: 10.916 GC heap before
{Heap before GC invocations=24 (full 0):
 garbage-first heap   total 189440K, used 145785K [0x0000000080000000, 0x0000000100000000)
  region size 1024K, 63 young (64512K), 9 survivors (9216K)
 Metaspace       used 92864K, capacity 95436K, committed 95532K, reserved 1132544K
  class space    used 12201K, capacity 13130K, committed 13184K, reserved 1048576K
}
Event: 10.932 GC heap after
{Heap after GC invocations=25 (full 0):
 garbage-first heap   total 227328K, used 100921K [0x0000000080000000, 0x0000000100000000)
  region size 1024K, 8 young (8192K), 8 survivors (8192K)
 Metaspace       used 92864K, capacity 95436K, committed 95532K, reserved 1132544K
  class space    used 12201K, capacity 13130K, committed 13184K, reserved 1048576K
}
Event: 11.121 GC heap before
{Heap before GC invocations=25 (full 0):
 garbage-first heap   total 227328K, used 169529K [0x0000000080000000, 0x0000000100000000)
  region size 1024K, 76 young (77824K), 8 survivors (8192K)
 Metaspace       used 94196K, capacity 96856K, committed 97068K, reserved 1132544K
  class space    used 12369K, capacity 13347K, committed 13440K, reserved 1048576K
}
Event: 11.142 GC heap after
{Heap after GC invocations=26 (full 0):
 garbage-first heap   total 227328K, used 113631K [0x0000000080000000, 0x0000000100000000)
  region size 1024K, 10 young (10240K), 10 survivors (10240K)
 Metaspace       used 94196K, capacity 96856K, committed 97068K, reserved 1132544K
  class space    used 12369K, capacity 13347K, committed 13440K, reserved 1048576K
}
Event: 11.297 GC heap before
{Heap before GC invocations=26 (full 0):
 garbage-first heap   total 227328K, used 176095K [0x0000000080000000, 0x0000000100000000)
  region size 1024K, 71 young (72704K), 10 survivors (10240K)
 Metaspace       used 94831K, capacity 97533K, committed 97708K, reserved 1134592K
  class space    used 12486K, capacity 13483K, committed 13568K, reserved 1048576K
}
Event: 11.319 GC heap after
{Heap after GC invocations=27 (full 0):
 garbage-first heap   total 227328K, used 125164K [0x0000000080000000, 0x0000000100000000)
  region size 1024K, 9 young (9216K), 9 survivors (9216K)
 Metaspace       used 94831K, capacity 97533K, committed 97708K, reserved 1134592K
  class space    used 12486K, capacity 13483K, committed 13568K, reserved 1048576K
}
Event: 11.433 GC heap before
{Heap before GC invocations=27 (full 0):
 garbage-first heap   total 227328K, used 179436K [0x0000000080000000, 0x0000000100000000)
  region size 1024K, 62 young (63488K), 9 survivors (9216K)
 Metaspace       used 95272K, capacity 97994K, committed 98220K, reserved 1134592K
  class space    used 12555K, capacity 13557K, committed 13568K, reserved 1048576K
}
Event: 11.452 GC heap after
{Heap after GC invocations=28 (full 0):
 garbage-first heap   total 227328K, used 135718K [0x0000000080000000, 0x0000000100000000)
  region size 1024K, 8 young (8192K), 8 survivors (8192K)
 Metaspace       used 95272K, capacity 97994K, committed 98220K, reserved 1134592K
  class space    used 12555K, capacity 13557K, committed 13568K, reserved 1048576K
}
Event: 12.149 GC heap before
{Heap before GC invocations=29 (full 0):
 garbage-first heap   total 227328K, used 181798K [0x0000000080000000, 0x0000000100000000)
  region size 1024K, 54 young (55296K), 8 survivors (8192K)
 Metaspace       used 97422K, capacity 100074K, committed 100396K, reserved 1136640K
  class space    used 12899K, capacity 13901K, committed 13952K, reserved 1048576K
}

Deoptimization events (20 events):
Event: 11.485 Thread 0x000001f97ca10800 DEOPT PACKING pc=0x000001f96181b038 sp=0x00000022f57f9540
Event: 11.485 Thread 0x000001f97ca10800 DEOPT UNPACKING pc=0x000001f95fe6a95e sp=0x00000022f57f8a68 mode 0
Event: 11.486 Thread 0x000001f97ca10800 DEOPT PACKING pc=0x000001f96181b068 sp=0x00000022f57f9370
Event: 11.486 Thread 0x000001f97ca10800 DEOPT UNPACKING pc=0x000001f95fe6a95e sp=0x00000022f57f8898 mode 0
Event: 11.487 Thread 0x000001f97ca10800 DEOPT PACKING pc=0x000001f96181b068 sp=0x00000022f57f9440
Event: 11.487 Thread 0x000001f97ca10800 DEOPT UNPACKING pc=0x000001f95fe6a95e sp=0x00000022f57f8968 mode 0
Event: 11.487 Thread 0x000001f97ca10800 DEOPT PACKING pc=0x000001f96181b068 sp=0x00000022f57f9440
Event: 11.487 Thread 0x000001f97ca10800 DEOPT UNPACKING pc=0x000001f95fe6a95e sp=0x00000022f57f8968 mode 0
Event: 11.729 Thread 0x000001f978b24800 Uncommon trap: trap_request=0xffffff4d fr.pc=0x000001f967d01be8 relative=0x0000000000000388
Event: 11.729 Thread 0x000001f978b24800 Uncommon trap: reason=unstable_if action=reinterpret pc=0x000001f967d01be8 method=java.util.WeakHashMap.remove(Ljava/lang/Object;)Ljava/lang/Object; @ 94 c2
Event: 11.729 Thread 0x000001f978b24800 DEOPT PACKING pc=0x000001f967d01be8 sp=0x00000022f79f5c40
Event: 11.729 Thread 0x000001f978b24800 DEOPT UNPACKING pc=0x000001f95fe6a1af sp=0x00000022f79f5b88 mode 2
Event: 11.820 Thread 0x000001f978b26000 Uncommon trap: trap_request=0xffffff4d fr.pc=0x000001f9679ea86c relative=0x000000000000032c
Event: 11.820 Thread 0x000001f978b26000 Uncommon trap: reason=unstable_if action=reinterpret pc=0x000001f9679ea86c method=java.util.WeakHashMap.remove(Ljava/lang/Object;)Ljava/lang/Object; @ 94 c2
Event: 11.820 Thread 0x000001f978b26000 DEOPT PACKING pc=0x000001f9679ea86c sp=0x00000022f74f3f50
Event: 11.820 Thread 0x000001f978b26000 DEOPT UNPACKING pc=0x000001f95fe6a1af sp=0x00000022f74f3f00 mode 2
Event: 12.115 Thread 0x000001f9783df800 Uncommon trap: trap_request=0xffffff4d fr.pc=0x000001f967c3aab8 relative=0x0000000000001218
Event: 12.115 Thread 0x000001f9783df800 Uncommon trap: reason=unstable_if action=reinterpret pc=0x000001f967c3aab8 method=java.util.TreeMap.put(Ljava/lang/Object;Ljava/lang/Object;)Ljava/lang/Object; @ 163 c2
Event: 12.115 Thread 0x000001f9783df800 DEOPT PACKING pc=0x000001f967c3aab8 sp=0x00000022f8ff9e90
Event: 12.115 Thread 0x000001f9783df800 DEOPT UNPACKING pc=0x000001f95fe6a1af sp=0x00000022f8ff9e50 mode 2

Classes redefined (0 events):
No events

Internal exceptions (20 events):
Event: 10.829 Thread 0x000001f9783d4000 Exception <a 'java/lang/IncompatibleClassChangeError'{0x0000000089b40630}: Found class java.lang.Object, but interface was expected> (0x0000000089b40630) thrown at [./src/hotspot/share/interpreter/linkResolver.cpp, line 839]
Event: 10.992 Thread 0x000001f9783df800 Exception <a 'java/lang/NoSuchMethodError'{0x000000008c405758}: 'java.lang.Object java.lang.invoke.DirectMethodHandle$Holder.invokeStatic(java.lang.Object, int, java.lang.Object, java.lang.Object)'> (0x000000008c405758) thrown at [./src/hotspot/share/interpreter/linkResolver.cpp, line 773]
Event: 10.993 Thread 0x000001f978b24800 Exception <a 'java/lang/NoSuchMethodError'{0x000000008cf4a108}: 'java.lang.Object java.lang.invoke.DirectMethodHandle$Holder.invokeStatic(java.lang.Object, int, java.lang.Object, java.lang.Object)'> (0x000000008cf4a108) thrown at [./src/hotspot/share/interpreter/linkResolver.cpp, line 773]
Event: 11.320 Thread 0x000001f979e43800 Exception <a 'java/lang/NoSuchMethodError'{0x000000008dd01e18}: 'void java.lang.invoke.DirectMethodHandle$Holder.invokeStatic(java.lang.Object, long)'> (0x000000008dd01e18) thrown at [./src/hotspot/share/interpreter/linkResolver.cpp, line 773]
Event: 11.321 Thread 0x000001f979e43800 Exception <a 'java/lang/NoSuchMethodError'{0x000000008dd0cac8}: 'java.lang.Object java.lang.invoke.DirectMethodHandle$Holder.invokeStaticInit(java.lang.Object, java.lang.Object, long, java.lang.Object)'> (0x000000008dd0cac8) thrown at [./src/hotspot/share/interpreter/linkResolver.cpp, line 773]
Event: 11.321 Thread 0x000001f979e43800 Exception <a 'java/lang/NoSuchMethodError'{0x000000008dd12d08}: 'java.lang.Object java.lang.invoke.DirectMethodHandle$Holder.invokeStatic(java.lang.Object, java.lang.Object, long)'> (0x000000008dd12d08) thrown at [./src/hotspot/share/interpreter/linkResolver.cpp, line 773]
Event: 11.322 Thread 0x000001f979e43800 Exception <a 'java/lang/NoSuchMethodError'{0x000000008dd19280}: 'java.lang.Object java.lang.invoke.Invokers$Holder.linkToTargetMethod(java.lang.Object, long, java.lang.Object)'> (0x000000008dd19280) thrown at [./src/hotspot/share/interpreter/linkResolver.cpp, line 773]
Event: 11.364 Thread 0x000001f9783df800 Exception <a 'java/lang/IncompatibleClassChangeError'{0x000000008c2f3078}: Found class java.lang.Object, but interface was expected> (0x000000008c2f3078) thrown at [./src/hotspot/share/interpreter/linkResolver.cpp, line 839]
Event: 11.364 Thread 0x000001f978b24800 Exception <a 'java/lang/IncompatibleClassChangeError'{0x000000008d9cdbe8}: Found class java.lang.Object, but interface was expected> (0x000000008d9cdbe8) thrown at [./src/hotspot/share/interpreter/linkResolver.cpp, line 839]
Event: 11.365 Thread 0x000001f9783df800 Exception <a 'java/lang/IncompatibleClassChangeError'{0x000000008c158e48}: Found class java.lang.Object, but interface was expected> (0x000000008c158e48) thrown at [./src/hotspot/share/interpreter/linkResolver.cpp, line 839]
Event: 11.365 Thread 0x000001f978b24800 Exception <a 'java/lang/IncompatibleClassChangeError'{0x000000008d9d1358}: Found class java.lang.Object, but interface was expected> (0x000000008d9d1358) thrown at [./src/hotspot/share/interpreter/linkResolver.cpp, line 839]
Event: 11.716 Thread 0x000001f97951d000 Exception <a 'java/lang/NoSuchMethodError'{0x000000008c26c5d8}: 'void java.lang.invoke.DirectMethodHandle$Holder.invokeSpecial(java.lang.Object, java.lang.Object, int, java.lang.Object)'> (0x000000008c26c5d8) thrown at [./src/hotspot/share/interpreter/linkResolver.cpp, line 773]
Event: 11.716 Thread 0x000001f97ca10800 Exception <a 'java/lang/NoSuchMethodError'{0x000000008c2121e8}: 'void java.lang.invoke.DirectMethodHandle$Holder.invokeSpecial(java.lang.Object, java.lang.Object, int, java.lang.Object)'> (0x000000008c2121e8) thrown at [./src/hotspot/share/interpreter/linkResolver.cpp, line 773]
Event: 11.716 Thread 0x000001f9783df800 Exception <a 'java/lang/NoSuchMethodError'{0x000000008c1590b0}: 'void java.lang.invoke.DirectMethodHandle$Holder.invokeSpecial(java.lang.Object, java.lang.Object, int, java.lang.Object)'> (0x000000008c1590b0) thrown at [./src/hotspot/share/interpreter/linkResolver.cpp, line 773]
Event: 11.989 Thread 0x000001f9783d4000 Exception <a 'java/lang/NoSuchMethodError'{0x000000008bcebf18}: 'int java.lang.invoke.DirectMethodHandle$Holder.invokeSpecial(java.lang.Object, java.lang.Object, java.lang.Object, int, java.lang.Object)'> (0x000000008bcebf18) thrown at [./src/hotspot/share/interpreter/linkResolver.cpp, line 773]
Event: 12.013 Thread 0x000001f9783d4000 Exception <a 'java/lang/NoSuchMethodError'{0x000000008bbcabe0}: 'java.lang.Object java.lang.invoke.DirectMethodHandle$Holder.newInvokeSpecial(java.lang.Object, int)'> (0x000000008bbcabe0) thrown at [./src/hotspot/share/interpreter/linkResolver.cpp, line 773]
Event: 12.013 Thread 0x000001f978b26000 Exception <a 'java/lang/NoSuchMethodError'{0x000000008bcaa610}: 'java.lang.Object java.lang.invoke.DirectMethodHandle$Holder.newInvokeSpecial(java.lang.Object, int)'> (0x000000008bcaa610) thrown at [./src/hotspot/share/interpreter/linkResolver.cpp, line 773]
Event: 12.013 Thread 0x000001f97951d000 Exception <a 'java/lang/NoSuchMethodError'{0x000000008bb2dee8}: 'java.lang.Object java.lang.invoke.DirectMethodHandle$Holder.newInvokeSpecial(java.lang.Object, int)'> (0x000000008bb2dee8) thrown at [./src/hotspot/share/interpreter/linkResolver.cpp, line 773]
Event: 12.013 Thread 0x000001f97ca10800 Exception <a 'java/lang/NoSuchMethodError'{0x000000008bb9f8d0}: 'java.lang.Object java.lang.invoke.DirectMethodHandle$Holder.newInvokeSpecial(java.lang.Object, int)'> (0x000000008bb9f8d0) thrown at [./src/hotspot/share/interpreter/linkResolver.cpp, line 773]
Event: 12.013 Thread 0x000001f9783df800 Exception <a 'java/lang/NoSuchMethodError'{0x000000008bb33fe0}: 'java.lang.Object java.lang.invoke.DirectMethodHandle$Holder.newInvokeSpecial(java.lang.Object, int)'> (0x000000008bb33fe0) thrown at [./src/hotspot/share/interpreter/linkResolver.cpp, line 773]

Events (20 events):
Event: 12.147 loading class com/android/tools/r8/internal/B0 done
Event: 12.147 loading class com/android/tools/r8/internal/J
Event: 12.147 loading class com/android/tools/r8/internal/J done
Event: 12.147 loading class com/android/tools/r8/internal/M2
Event: 12.147 loading class com/android/tools/r8/internal/M2 done
Event: 12.147 loading class com/android/tools/r8/internal/kE
Event: 12.147 loading class com/android/tools/r8/internal/kE done
Event: 12.147 loading class com/android/tools/r8/internal/pd
Event: 12.147 loading class com/android/tools/r8/internal/pd done
Event: 12.147 loading class com/android/tools/r8/graph/d1
Event: 12.147 loading class com/android/tools/r8/graph/d1 done
Event: 12.147 loading class com/android/tools/r8/internal/Ql
Event: 12.147 loading class com/android/tools/r8/internal/Ql done
Event: 12.148 loading class com/android/tools/r8/internal/XD
Event: 12.148 loading class com/android/tools/r8/internal/XD done
Event: 12.148 loading class com/android/tools/r8/code/f2
Event: 12.148 loading class com/android/tools/r8/code/f2 done
Event: 12.148 loading class com/android/tools/r8/code/j2
Event: 12.148 loading class com/android/tools/r8/code/j2 done
Event: 12.149 Executing VM operation: G1CollectForAllocation


Dynamic libraries:
0x00007ff64d910000 - 0x00007ff64d91a000 	D:\programy\android studio\jre\bin\java.exe
0x00007ff948520000 - 0x00007ff948729000 	C:\Windows\SYSTEM32\ntdll.dll
0x00007ff9469b0000 - 0x00007ff946a6d000 	C:\Windows\System32\KERNEL32.DLL
0x00007ff945e20000 - 0x00007ff94619d000 	C:\Windows\System32\KERNELBASE.dll
0x00007ff945aa0000 - 0x00007ff945bb1000 	C:\Windows\System32\ucrtbase.dll
0x00007ff9417b0000 - 0x00007ff9417c9000 	D:\programy\android studio\jre\bin\jli.dll
0x00007ff9400f0000 - 0x00007ff940107000 	D:\programy\android studio\jre\bin\VCRUNTIME140.dll
0x00007ff948240000 - 0x00007ff9483ed000 	C:\Windows\System32\USER32.dll
0x00007ff946380000 - 0x00007ff9463a6000 	C:\Windows\System32\win32u.dll
0x00007ff934f70000 - 0x00007ff935215000 	C:\Windows\WinSxS\amd64_microsoft.windows.common-controls_6595b64144ccf1df_6.0.22000.120_none_9d947278b86cc467\COMCTL32.dll
0x00007ff946620000 - 0x00007ff946649000 	C:\Windows\System32\GDI32.dll
0x00007ff9463b0000 - 0x00007ff946453000 	C:\Windows\System32\msvcrt.dll
0x00007ff945d00000 - 0x00007ff945e18000 	C:\Windows\System32\gdi32full.dll
0x00007ff945a00000 - 0x00007ff945a9d000 	C:\Windows\System32\msvcp_win.dll
0x00007ff9467f0000 - 0x00007ff946821000 	C:\Windows\System32\IMM32.DLL
0x00007ff92da10000 - 0x00007ff92daad000 	D:\programy\android studio\jre\bin\msvcp140.dll
0x00007ff8e34b0000 - 0x00007ff8e3f95000 	D:\programy\android studio\jre\bin\server\jvm.dll
0x00007ff946900000 - 0x00007ff9469ae000 	C:\Windows\System32\ADVAPI32.dll
0x00007ff947600000 - 0x00007ff94769e000 	C:\Windows\System32\sechost.dll
0x00007ff947450000 - 0x00007ff947570000 	C:\Windows\System32\RPCRT4.dll
0x00007ff947570000 - 0x00007ff947578000 	C:\Windows\System32\PSAPI.DLL
0x00007ff940bf0000 - 0x00007ff940c23000 	C:\Windows\SYSTEM32\WINMM.dll
0x00007ff9405b0000 - 0x00007ff9405ba000 	C:\Windows\SYSTEM32\VERSION.dll
0x00007ff93dbd0000 - 0x00007ff93dbd9000 	C:\Windows\SYSTEM32\WSOCK32.dll
0x00007ff947950000 - 0x00007ff9479bf000 	C:\Windows\System32\WS2_32.dll
0x00007ff944bf0000 - 0x00007ff944c08000 	C:\Windows\SYSTEM32\kernel.appcore.dll
0x00007ff93f2b0000 - 0x00007ff93f2c1000 	D:\programy\android studio\jre\bin\verify.dll
0x00007ff943570000 - 0x00007ff943791000 	C:\Windows\SYSTEM32\DBGHELP.DLL
0x00007ff93fb80000 - 0x00007ff93fbb1000 	C:\Windows\SYSTEM32\dbgcore.DLL
0x00007ff945bc0000 - 0x00007ff945c3f000 	C:\Windows\System32\bcryptPrimitives.dll
0x00007ff93f280000 - 0x00007ff93f2a9000 	D:\programy\android studio\jre\bin\java.dll
0x00007ff9417f0000 - 0x00007ff9417fb000 	D:\programy\android studio\jre\bin\jimage.dll
0x00007ff93e8c0000 - 0x00007ff93e8d8000 	D:\programy\android studio\jre\bin\zip.dll
0x00007ff9479c0000 - 0x00007ff948178000 	C:\Windows\System32\SHELL32.dll
0x00007ff943b80000 - 0x00007ff9443e8000 	C:\Windows\SYSTEM32\windows.storage.dll
0x00007ff946f60000 - 0x00007ff9472d9000 	C:\Windows\System32\combase.dll
0x00007ff943a10000 - 0x00007ff943b76000 	C:\Windows\SYSTEM32\wintypes.dll
0x00007ff9483f0000 - 0x00007ff9484da000 	C:\Windows\System32\SHCORE.dll
0x00007ff9465a0000 - 0x00007ff9465fd000 	C:\Windows\System32\shlwapi.dll
0x00007ff945930000 - 0x00007ff945951000 	C:\Windows\SYSTEM32\profapi.dll
0x00007ff93dcb0000 - 0x00007ff93dcca000 	D:\programy\android studio\jre\bin\net.dll
0x00007ff9408e0000 - 0x00007ff9409ec000 	C:\Windows\SYSTEM32\WINHTTP.dll
0x00007ff945020000 - 0x00007ff945087000 	C:\Windows\system32\mswsock.dll
0x00007ff93dc60000 - 0x00007ff93dc74000 	D:\programy\android studio\jre\bin\nio.dll
0x00007ff93f3f0000 - 0x00007ff93f417000 	C:\Users\svkja\.gradle\native\e1d6ef7f7dcc3fd88c89a11ec53ec762bb8ba0a96d01ffa2cd45eb1d1d8dd5c5\windows-amd64\native-platform.dll
0x00007ff92d8c0000 - 0x00007ff92da04000 	C:\Users\svkja\.gradle\native\5664cfc778a61ccfe75a443a1ab52a65af34e5dc3c78e0209fed803814484fcb\windows-amd64\native-platform-file-events.dll
0x00007ff93e8b0000 - 0x00007ff93e8ba000 	D:\programy\android studio\jre\bin\management.dll
0x00007ff93dc50000 - 0x00007ff93dc5d000 	D:\programy\android studio\jre\bin\management_ext.dll
0x00007ff945260000 - 0x00007ff945278000 	C:\Windows\SYSTEM32\CRYPTSP.dll
0x00007ff944b50000 - 0x00007ff944b85000 	C:\Windows\system32\rsaenh.dll
0x00007ff945110000 - 0x00007ff945139000 	C:\Windows\SYSTEM32\USERENV.dll
0x00007ff9453e0000 - 0x00007ff945407000 	C:\Windows\SYSTEM32\bcrypt.dll
0x00007ff945280000 - 0x00007ff94528c000 	C:\Windows\SYSTEM32\CRYPTBASE.dll
0x00007ff944720000 - 0x00007ff94474d000 	C:\Windows\SYSTEM32\IPHLPAPI.DLL
0x00007ff946f50000 - 0x00007ff946f59000 	C:\Windows\System32\NSI.dll
0x00007ff940ac0000 - 0x00007ff940ad9000 	C:\Windows\SYSTEM32\dhcpcsvc6.DLL
0x00007ff940ce0000 - 0x00007ff940cfe000 	C:\Windows\SYSTEM32\dhcpcsvc.DLL
0x00007ff944790000 - 0x00007ff944878000 	C:\Windows\SYSTEM32\DNSAPI.dll

dbghelp: loaded successfully - version: 4.0.5 - missing functions: none
symbol engine: initialized successfully - sym options: 0x614 - pdb path: .;D:\programy\android studio\jre\bin;C:\Windows\SYSTEM32;C:\Windows\WinSxS\amd64_microsoft.windows.common-controls_6595b64144ccf1df_6.0.22000.120_none_9d947278b86cc467;D:\programy\android studio\jre\bin\server;C:\Users\svkja\.gradle\native\e1d6ef7f7dcc3fd88c89a11ec53ec762bb8ba0a96d01ffa2cd45eb1d1d8dd5c5\windows-amd64;C:\Users\svkja\.gradle\native\5664cfc778a61ccfe75a443a1ab52a65af34e5dc3c78e0209fed803814484fcb\windows-amd64

VM Arguments:
jvm_args: --add-opens=java.base/java.util=ALL-UNNAMED --add-opens=java.base/java.lang=ALL-UNNAMED --add-opens=java.base/java.lang.invoke=ALL-UNNAMED --add-opens=java.base/java.util=ALL-UNNAMED --add-opens=java.prefs/java.util.prefs=ALL-UNNAMED --add-opens=java.prefs/java.util.prefs=ALL-UNNAMED --add-opens=java.base/java.nio.charset=ALL-UNNAMED --add-opens=java.base/java.net=ALL-UNNAMED --add-opens=java.base/java.util.concurrent.atomic=ALL-UNNAMED -Xmx2048m -Dfile.encoding=UTF-8 -Duser.country=SK -Duser.language=sk -Duser.variant 
java_command: org.gradle.launcher.daemon.bootstrap.GradleDaemon 7.3.3
java_class_path (initial): C:\Users\svkja\.gradle\wrapper\dists\gradle-7.3.3-bin\6a41zxkdtcxs8rphpq6y0069z\gradle-7.3.3\lib\gradle-launcher-7.3.3.jar
Launcher Type: SUN_STANDARD

[Global flags]
     intx CICompilerCount                          = 4                                         {product} {ergonomic}
     uint ConcGCThreads                            = 2                                         {product} {ergonomic}
     uint G1ConcRefinementThreads                  = 8                                         {product} {ergonomic}
   size_t G1HeapRegionSize                         = 1048576                                   {product} {ergonomic}
    uintx GCDrainStackTargetSize                   = 64                                        {product} {ergonomic}
   size_t InitialHeapSize                          = 134217728                                 {product} {ergonomic}
   size_t MarkStackSize                            = 4194304                                   {product} {ergonomic}
   size_t MaxHeapSize                              = 2147483648                                {product} {command line}
   size_t MaxNewSize                               = 1287651328                                {product} {ergonomic}
   size_t MinHeapDeltaBytes                        = 1048576                                   {product} {ergonomic}
    uintx NonNMethodCodeHeapSize                   = 5836300                                {pd product} {ergonomic}
    uintx NonProfiledCodeHeapSize                  = 122910970                              {pd product} {ergonomic}
    uintx ProfiledCodeHeapSize                     = 122910970                              {pd product} {ergonomic}
    uintx ReservedCodeCacheSize                    = 251658240                              {pd product} {ergonomic}
     bool SegmentedCodeCache                       = true                                      {product} {ergonomic}
     bool UseCompressedClassPointers               = true                                 {lp64_product} {ergonomic}
     bool UseCompressedOops                        = true                                 {lp64_product} {ergonomic}
     bool UseG1GC                                  = true                                      {product} {ergonomic}
     bool UseLargePagesIndividualAllocation        = false                                  {pd product} {ergonomic}

Logging:
Log output configuration:
 #0: stdout all=warning uptime,level,tags
 #1: stderr all=off uptime,level,tags

Environment Variables:
PATH=C:\Windows\system32;C:\Windows;C:\Windows\System32\Wbem;C:\Windows\System32\WindowsPowerShell\v1.0\;C:\Windows\System32\OpenSSH\;D:\programy\matlab\bin;D:\programy\putty\;C:\Users\svkja\AppData\Local\Microsoft\WindowsApps;;D:\programy\vsc\Microsoft VS Code\bin
USERNAME=svkja
OS=Windows_NT
PROCESSOR_IDENTIFIER=Intel64 Family 6 Model 158 Stepping 10, GenuineIntel



---------------  S Y S T E M  ---------------

OS: Windows 10 , 64 bit Build 22000 (10.0.22000.708)
OS uptime: 5 days 12:18 hours

CPU:total 8 (initial active 8) (4 cores per cpu, 2 threads per core) family 6 model 158 stepping 10 microcode 0xde, cmov, cx8, fxsr, mmx, sse, sse2, sse3, ssse3, sse4.1, sse4.2, popcnt, avx, avx2, aes, clmul, erms, 3dnowpref, lzcnt, ht, tsc, tscinvbit, bmi1, bmi2, adx, fma

Memory: 4k page, system-wide physical 8066M (302M free)
TotalPageFile size 23169M (AvailPageFile size 105M)
current process WorkingSet (physical memory assigned to process): 518M, peak: 523M
current process commit charge ("private bytes"): 585M, peak: 685M

vm_info: OpenJDK 64-Bit Server VM (11.0.12+7-b1504.28-7817840) for windows-amd64 JRE (11.0.12+7-b1504.28-7817840), built on Oct 13 2021 22:12:33 by "builder" with MS VC++ 14.0 (VS2015)

END.
