#
# There is insufficient memory for the Java Runtime Environment to continue.
# Native memory allocation (malloc) failed to allocate 1046256 bytes for Chunk::new
# Possible reasons:
#   The system is out of physical RAM or swap space
#   The process is running with CompressedOops enabled, and the Java Heap may be blocking the growth of the native heap
# Possible solutions:
#   Reduce memory load on the system
#   Increase physical memory or swap space
#   Check if swap backing store is full
#   Decrease Java heap size (-Xmx/-Xms)
#   Decrease number of Java threads
#   Decrease Java thread stack sizes (-Xss)
#   Set larger code cache with -XX:ReservedCodeCacheSize=
#   JVM is running with Unscaled Compressed Oops mode in which the Java heap is
#     placed in the first 4GB address space. The Java Heap base address is the
#     maximum limit for the native heap growth. Please use -XX:HeapBaseMinAddress
#     to set the Java Heap base and to place the Java Heap above 4GB virtual address.
# This output file may be truncated or incomplete.
#
#  Out of Memory Error (./src/hotspot/share/memory/arena.cpp:197), pid=12056, tid=11608
#
# JRE version: OpenJDK Runtime Environment (11.0.12+7) (build 11.0.12+7-b1504.28-7817840)
# Java VM: OpenJDK 64-Bit Server VM (11.0.12+7-b1504.28-7817840, mixed mode, tiered, compressed oops, g1 gc, windows-amd64)
# No core dump will be written. Minidumps are not enabled by default on client versions of Windows
#

---------------  S U M M A R Y ------------

Command Line: --add-opens=java.base/java.util=ALL-UNNAMED --add-opens=java.base/java.lang=ALL-UNNAMED --add-opens=java.base/java.lang.invoke=ALL-UNNAMED --add-opens=java.base/java.util=ALL-UNNAMED --add-opens=java.prefs/java.util.prefs=ALL-UNNAMED --add-opens=java.prefs/java.util.prefs=ALL-UNNAMED --add-opens=java.base/java.nio.charset=ALL-UNNAMED --add-opens=java.base/java.net=ALL-UNNAMED --add-opens=java.base/java.util.concurrent.atomic=ALL-UNNAMED -Xmx2048m -Dfile.encoding=UTF-8 -Duser.country=SK -Duser.language=sk -Duser.variant org.gradle.launcher.daemon.bootstrap.GradleDaemon 7.3.3

Host: Intel(R) Core(TM) i5-8300H CPU @ 2.30GHz, 8 cores, 7G,  Windows 10 , 64 bit Build 22000 (10.0.22000.708)
Time: Tue Aug 16 11:54:57 2022 Stredoeurópsky èas (letný) elapsed time: 18.671492 seconds (0d 0h 0m 18s)

---------------  T H R E A D  ---------------

Current thread (0x000001eb7e828000):  JavaThread "C2 CompilerThread0" daemon [_thread_in_native, id=11608, stack(0x0000002424200000,0x0000002424300000)]


Current CompileTask:
C2:  18671 6693 %     4       java.util.regex.Pattern::compile @ 73 (498 bytes)

Stack: [0x0000002424200000,0x0000002424300000]
Native frames: (J=compiled Java code, j=interpreted, Vv=VM code, C=native code)
V  [jvm.dll+0x5fbcea]
V  [jvm.dll+0x731905]
V  [jvm.dll+0x732f1d]
V  [jvm.dll+0x7335d3]
V  [jvm.dll+0x247bf8]
V  [jvm.dll+0xc018c]
V  [jvm.dll+0xc06cc]
V  [jvm.dll+0x35b2db]
V  [jvm.dll+0x328803]
V  [jvm.dll+0x327cfa]
V  [jvm.dll+0x200602]
V  [jvm.dll+0x1ff794]
V  [jvm.dll+0x18868c]
V  [jvm.dll+0x20e0d7]
V  [jvm.dll+0x20c901]
V  [jvm.dll+0x6f9b7f]
V  [jvm.dll+0x6f26a5]
V  [jvm.dll+0x5fabf6]
C  [ucrtbase.dll+0x26c0c]
C  [KERNEL32.DLL+0x154e0]
C  [ntdll.dll+0x485b]


---------------  P R O C E S S  ---------------

Threads class SMR info:
_java_thread_list=0x000001eb00027110, length=122, elements={
0x000001eb6437d800, 0x000001eb7e804000, 0x000001eb7e80e000, 0x000001eb7e821000,
0x000001eb7e822000, 0x000001eb7e823000, 0x000001eb7e828000, 0x000001eb7e82e000,
0x000001eb7e838800, 0x000001eb7f2e3800, 0x000001eb01499800, 0x000001eb012b6000,
0x000001eb012f5800, 0x000001eb00f80800, 0x000001eb00f81000, 0x000001eb0034d000,
0x000001eb7f51a000, 0x000001eb00347800, 0x000001eb00348800, 0x000001eb012b4800,
0x000001eb012b3000, 0x000001eb012b2000, 0x000001eb012b3800, 0x000001eb01723000,
0x000001eb01725800, 0x000001eb01727800, 0x000001eb01726800, 0x000001eb01725000,
0x000001eb01721800, 0x000001eb01728000, 0x000001eb01724000, 0x000001eb01722800,
0x000001eb0172a000, 0x000001eb01729000, 0x000001eb0172c000, 0x000001eb0172e000,
0x000001eb0172e800, 0x000001eb0172a800, 0x000001eb01730800, 0x000001eb0172d000,
0x000001eb033be800, 0x000001eb033be000, 0x000001eb033bf800, 0x000001eb033bc000,
0x000001eb033bd000, 0x000001eb033c1000, 0x000001eb033c2000, 0x000001eb033c2800,
0x000001eb033c3800, 0x000001eb033c4800, 0x000001eb033c5000, 0x000001eb033c6000,
0x000001eb033c0800, 0x000001eb033c7000, 0x000001eb033c7800, 0x000001eb033ca000,
0x000001eb033c9800, 0x000001eb033c8800, 0x000001eb033cb000, 0x000001eb03f09000,
0x000001eb03f0d000, 0x000001eb03f09800, 0x000001eb03f07800, 0x000001eb03f0a800,
0x000001eb03f08000, 0x000001eb03f0e000, 0x000001eb03f0c000, 0x000001eb03f11000,
0x000001eb03f0e800, 0x000001eb03f0f800, 0x000001eb03f0b800, 0x000001eb03f15000,
0x000001eb03f14800, 0x000001eb03f12800, 0x000001eb03f13800, 0x000001eb03f12000,
0x000001eb03f16000, 0x000001eb03f10800, 0x000001eb03735000, 0x000001eb03739000,
0x000001eb03734000, 0x000001eb03736800, 0x000001eb03735800, 0x000001eb03738000,
0x000001eb03737800, 0x000001eb03733800, 0x000001eb0373e000, 0x000001eb0373b800,
0x000001eb0373c800, 0x000001eb0373e800, 0x000001eb0373d000, 0x000001eb0373f800,
0x000001eb0373a000, 0x000001eb03740800, 0x000001eb0373a800, 0x000001eb03741000,
0x000001eb03742000, 0x000001eb03a10800, 0x000001eb03a13000, 0x000001eb03a0f800,
0x000001eb03a0f000, 0x000001eb03a12000, 0x000001eb03a0d000, 0x000001eb03a14000,
0x000001eb03a11800, 0x000001eb03a0e000, 0x000001eb03a19800, 0x000001eb03a18800,
0x000001eb03a1a800, 0x000001eb03a14800, 0x000001eb03a16000, 0x000001eb03a1b000,
0x000001eb03a17000, 0x000001eb03a15800, 0x000001eb03a18000, 0x000001eb03a1c000,
0x000001eb05546800, 0x000001eb05549000, 0x000001eb05549800, 0x000001eb05547000,
0x000001eb05548000, 0x000001eb05544800
}

Java Threads: ( => current thread )
  0x000001eb6437d800 JavaThread "main" [_thread_blocked, id=10120, stack(0x0000002423600000,0x0000002423700000)]
  0x000001eb7e804000 JavaThread "Reference Handler" daemon [_thread_blocked, id=1192, stack(0x0000002423d00000,0x0000002423e00000)]
  0x000001eb7e80e000 JavaThread "Finalizer" daemon [_thread_blocked, id=15616, stack(0x0000002423e00000,0x0000002423f00000)]
  0x000001eb7e821000 JavaThread "Signal Dispatcher" daemon [_thread_blocked, id=6416, stack(0x0000002423f00000,0x0000002424000000)]
  0x000001eb7e822000 JavaThread "Attach Listener" daemon [_thread_blocked, id=16020, stack(0x0000002424000000,0x0000002424100000)]
  0x000001eb7e823000 JavaThread "Service Thread" daemon [_thread_blocked, id=15268, stack(0x0000002424100000,0x0000002424200000)]
=>0x000001eb7e828000 JavaThread "C2 CompilerThread0" daemon [_thread_in_native, id=11608, stack(0x0000002424200000,0x0000002424300000)]
  0x000001eb7e82e000 JavaThread "C1 CompilerThread0" daemon [_thread_in_native, id=7720, stack(0x0000002424300000,0x0000002424400000)]
  0x000001eb7e838800 JavaThread "Sweeper thread" daemon [_thread_blocked, id=3352, stack(0x0000002424400000,0x0000002424500000)]
  0x000001eb7f2e3800 JavaThread "Common-Cleaner" daemon [_thread_blocked, id=6496, stack(0x0000002424500000,0x0000002424600000)]
  0x000001eb01499800 JavaThread "Daemon health stats" [_thread_blocked, id=6904, stack(0x0000002424900000,0x0000002424a00000)]
  0x000001eb012b6000 JavaThread "Incoming local TCP Connector on port 55672" [_thread_in_native, id=5316, stack(0x0000002424a00000,0x0000002424b00000)]
  0x000001eb012f5800 JavaThread "Daemon periodic checks" [_thread_blocked, id=12976, stack(0x0000002424b00000,0x0000002424c00000)]
  0x000001eb00f80800 JavaThread "Daemon" [_thread_blocked, id=10740, stack(0x0000002424c00000,0x0000002424d00000)]
  0x000001eb00f81000 JavaThread "Handler for socket connection from /127.0.0.1:55672 to /127.0.0.1:55673" [_thread_in_native, id=8804, stack(0x0000002424d00000,0x0000002424e00000)]
  0x000001eb0034d000 JavaThread "Cancel handler" [_thread_blocked, id=11188, stack(0x0000002424e00000,0x0000002424f00000)]
  0x000001eb7f51a000 JavaThread "Daemon worker" [_thread_in_vm, id=15352, stack(0x0000002424f00000,0x0000002425000000)]
  0x000001eb00347800 JavaThread "Asynchronous log dispatcher for DefaultDaemonConnection: socket connection from /127.0.0.1:55672 to /127.0.0.1:55673" [_thread_blocked, id=13832, stack(0x0000002425000000,0x0000002425100000)]
  0x000001eb00348800 JavaThread "Stdin handler" [_thread_blocked, id=4080, stack(0x0000002425100000,0x0000002425200000)]
  0x000001eb012b4800 JavaThread "Daemon client event forwarder" [_thread_blocked, id=10792, stack(0x0000002425200000,0x0000002425300000)]
  0x000001eb012b3000 JavaThread "Cache worker for journal cache (C:\Users\svkja\.gradle\caches\journal-1)" [_thread_blocked, id=16224, stack(0x0000002425800000,0x0000002425900000)]
  0x000001eb012b2000 JavaThread "File lock request listener" [_thread_in_native, id=13052, stack(0x0000002425900000,0x0000002425a00000)]
  0x000001eb012b3800 JavaThread "Cache worker for file hash cache (C:\Users\svkja\.gradle\caches\7.3.3\fileHashes)" [_thread_blocked, id=12696, stack(0x0000002425b00000,0x0000002425c00000)]
  0x000001eb01723000 JavaThread "Cache worker for file hash cache (D:\test2\.gradle\7.3.3\fileHashes)" [_thread_blocked, id=616, stack(0x0000002425c00000,0x0000002425d00000)]
  0x000001eb01725800 JavaThread "File watcher server" daemon [_thread_in_native, id=7052, stack(0x0000002425d00000,0x0000002425e00000)]
  0x000001eb01727800 JavaThread "File watcher consumer" daemon [_thread_blocked, id=14532, stack(0x0000002425e00000,0x0000002425f00000)]
  0x000001eb01726800 JavaThread "jar transforms" [_thread_blocked, id=5164, stack(0x0000002425f00000,0x0000002426000000)]
  0x000001eb01725000 JavaThread "jar transforms Thread 2" [_thread_blocked, id=15304, stack(0x0000002426000000,0x0000002426100000)]
  0x000001eb01721800 JavaThread "jar transforms Thread 3" [_thread_blocked, id=15464, stack(0x0000002426100000,0x0000002426200000)]
  0x000001eb01728000 JavaThread "jar transforms Thread 4" [_thread_blocked, id=7012, stack(0x0000002426200000,0x0000002426300000)]
  0x000001eb01724000 JavaThread "jar transforms Thread 5" [_thread_blocked, id=11412, stack(0x0000002426300000,0x0000002426400000)]
  0x000001eb01722800 JavaThread "jar transforms Thread 6" [_thread_blocked, id=9048, stack(0x0000002426400000,0x0000002426500000)]
  0x000001eb0172a000 JavaThread "jar transforms Thread 7" [_thread_blocked, id=14644, stack(0x0000002426500000,0x0000002426600000)]
  0x000001eb01729000 JavaThread "jar transforms Thread 8" [_thread_blocked, id=15944, stack(0x0000002426600000,0x0000002426700000)]
  0x000001eb0172c000 JavaThread "Cache worker for checksums cache (D:\test2\.gradle\7.3.3\checksums)" [_thread_blocked, id=7772, stack(0x0000002426700000,0x0000002426800000)]
  0x000001eb0172e000 JavaThread "Cache worker for cache directory md-supplier (C:\Users\svkja\.gradle\caches\7.3.3\md-supplier)" [_thread_blocked, id=14636, stack(0x0000002426800000,0x0000002426900000)]
  0x000001eb0172e800 JavaThread "Cache worker for cache directory md-rule (C:\Users\svkja\.gradle\caches\7.3.3\md-rule)" [_thread_blocked, id=15512, stack(0x0000002426900000,0x0000002426a00000)]
  0x000001eb0172a800 JavaThread "Cache worker for execution history cache (C:\Users\svkja\.gradle\caches\7.3.3\executionHistory)" [_thread_blocked, id=14292, stack(0x0000002426a00000,0x0000002426b00000)]
  0x000001eb01730800 JavaThread "Cache worker for file content cache (C:\Users\svkja\.gradle\caches\7.3.3\fileContent)" [_thread_blocked, id=5004, stack(0x0000002426b00000,0x0000002426c00000)]
  0x000001eb0172d000 JavaThread "Cache worker for dependencies-accessors (D:\test2\.gradle\7.3.3\dependencies-accessors)" [_thread_blocked, id=520, stack(0x0000002426c00000,0x0000002426d00000)]
  0x000001eb033be800 JavaThread "Cache worker for Build Output Cleanup Cache (D:\test2\.gradle\buildOutputCleanup)" [_thread_blocked, id=10720, stack(0x0000002426d00000,0x0000002426e00000)]
  0x000001eb033be000 JavaThread "Unconstrained build operations" [_thread_blocked, id=13472, stack(0x0000002426e00000,0x0000002426f00000)]
  0x000001eb033bf800 JavaThread "Unconstrained build operations Thread 2" [_thread_blocked, id=2200, stack(0x0000002426f00000,0x0000002427000000)]
  0x000001eb033bc000 JavaThread "Unconstrained build operations Thread 3" [_thread_blocked, id=11124, stack(0x0000002427000000,0x0000002427100000)]
  0x000001eb033bd000 JavaThread "Unconstrained build operations Thread 4" [_thread_blocked, id=6016, stack(0x0000002427100000,0x0000002427200000)]
  0x000001eb033c1000 JavaThread "Unconstrained build operations Thread 5" [_thread_blocked, id=1460, stack(0x0000002427200000,0x0000002427300000)]
  0x000001eb033c2000 JavaThread "Unconstrained build operations Thread 6" [_thread_blocked, id=6696, stack(0x0000002427300000,0x0000002427400000)]
  0x000001eb033c2800 JavaThread "Unconstrained build operations Thread 7" [_thread_blocked, id=14308, stack(0x0000002427400000,0x0000002427500000)]
  0x000001eb033c3800 JavaThread "Unconstrained build operations Thread 8" [_thread_blocked, id=12756, stack(0x0000002427500000,0x0000002427600000)]
  0x000001eb033c4800 JavaThread "Unconstrained build operations Thread 9" [_thread_blocked, id=6584, stack(0x0000002427600000,0x0000002427700000)]
  0x000001eb033c5000 JavaThread "Unconstrained build operations Thread 10" [_thread_blocked, id=13120, stack(0x0000002427700000,0x0000002427800000)]
  0x000001eb033c6000 JavaThread "Unconstrained build operations Thread 11" [_thread_blocked, id=14952, stack(0x0000002427800000,0x0000002427900000)]
  0x000001eb033c0800 JavaThread "Unconstrained build operations Thread 12" [_thread_blocked, id=15156, stack(0x0000002427900000,0x0000002427a00000)]
  0x000001eb033c7000 JavaThread "Unconstrained build operations Thread 13" [_thread_blocked, id=6076, stack(0x0000002427a00000,0x0000002427b00000)]
  0x000001eb033c7800 JavaThread "Unconstrained build operations Thread 14" [_thread_blocked, id=15728, stack(0x0000002427b00000,0x0000002427c00000)]
  0x000001eb033ca000 JavaThread "Unconstrained build operations Thread 15" [_thread_blocked, id=8228, stack(0x0000002427c00000,0x0000002427d00000)]
  0x000001eb033c9800 JavaThread "Unconstrained build operations Thread 16" [_thread_blocked, id=1768, stack(0x0000002427d00000,0x0000002427e00000)]
  0x000001eb033c8800 JavaThread "Unconstrained build operations Thread 17" [_thread_blocked, id=3016, stack(0x0000002427e00000,0x0000002427f00000)]
  0x000001eb033cb000 JavaThread "Unconstrained build operations Thread 18" [_thread_blocked, id=12260, stack(0x0000002427f00000,0x0000002428000000)]
  0x000001eb03f09000 JavaThread "Unconstrained build operations Thread 19" [_thread_blocked, id=15712, stack(0x0000002428000000,0x0000002428100000)]
  0x000001eb03f0d000 JavaThread "Unconstrained build operations Thread 20" [_thread_blocked, id=5828, stack(0x0000002428100000,0x0000002428200000)]
  0x000001eb03f09800 JavaThread "Unconstrained build operations Thread 21" [_thread_blocked, id=7608, stack(0x0000002428200000,0x0000002428300000)]
  0x000001eb03f07800 JavaThread "Unconstrained build operations Thread 22" [_thread_blocked, id=15088, stack(0x0000002428300000,0x0000002428400000)]
  0x000001eb03f0a800 JavaThread "Unconstrained build operations Thread 23" [_thread_blocked, id=11996, stack(0x0000002428400000,0x0000002428500000)]
  0x000001eb03f08000 JavaThread "Unconstrained build operations Thread 24" [_thread_blocked, id=13912, stack(0x0000002428500000,0x0000002428600000)]
  0x000001eb03f0e000 JavaThread "Unconstrained build operations Thread 25" [_thread_blocked, id=15984, stack(0x0000002428600000,0x0000002428700000)]
  0x000001eb03f0c000 JavaThread "Unconstrained build operations Thread 26" [_thread_blocked, id=13760, stack(0x0000002428700000,0x0000002428800000)]
  0x000001eb03f11000 JavaThread "Unconstrained build operations Thread 27" [_thread_blocked, id=10100, stack(0x0000002428800000,0x0000002428900000)]
  0x000001eb03f0e800 JavaThread "Unconstrained build operations Thread 28" [_thread_blocked, id=13392, stack(0x0000002428900000,0x0000002428a00000)]
  0x000001eb03f0f800 JavaThread "Unconstrained build operations Thread 29" [_thread_blocked, id=2064, stack(0x0000002428a00000,0x0000002428b00000)]
  0x000001eb03f0b800 JavaThread "Unconstrained build operations Thread 30" [_thread_blocked, id=9916, stack(0x0000002428b00000,0x0000002428c00000)]
  0x000001eb03f15000 JavaThread "Unconstrained build operations Thread 31" [_thread_blocked, id=940, stack(0x0000002428c00000,0x0000002428d00000)]
  0x000001eb03f14800 JavaThread "Unconstrained build operations Thread 32" [_thread_blocked, id=11812, stack(0x0000002428d00000,0x0000002428e00000)]
  0x000001eb03f12800 JavaThread "Unconstrained build operations Thread 33" [_thread_blocked, id=7336, stack(0x0000002428e00000,0x0000002428f00000)]
  0x000001eb03f13800 JavaThread "Unconstrained build operations Thread 34" [_thread_blocked, id=7804, stack(0x0000002428f00000,0x0000002429000000)]
  0x000001eb03f12000 JavaThread "Unconstrained build operations Thread 35" [_thread_blocked, id=11320, stack(0x0000002429000000,0x0000002429100000)]
  0x000001eb03f16000 JavaThread "Unconstrained build operations Thread 36" [_thread_blocked, id=15620, stack(0x0000002429100000,0x0000002429200000)]
  0x000001eb03f10800 JavaThread "Unconstrained build operations Thread 37" [_thread_blocked, id=13072, stack(0x0000002429200000,0x0000002429300000)]
  0x000001eb03735000 JavaThread "Unconstrained build operations Thread 38" [_thread_blocked, id=14848, stack(0x0000002429300000,0x0000002429400000)]
  0x000001eb03739000 JavaThread "Unconstrained build operations Thread 39" [_thread_blocked, id=14592, stack(0x0000002429400000,0x0000002429500000)]
  0x000001eb03734000 JavaThread "Unconstrained build operations Thread 40" [_thread_blocked, id=2580, stack(0x0000002429500000,0x0000002429600000)]
  0x000001eb03736800 JavaThread "Unconstrained build operations Thread 41" [_thread_blocked, id=13928, stack(0x0000002429600000,0x0000002429700000)]
  0x000001eb03735800 JavaThread "Unconstrained build operations Thread 42" [_thread_blocked, id=4224, stack(0x0000002429700000,0x0000002429800000)]
  0x000001eb03738000 JavaThread "Unconstrained build operations Thread 43" [_thread_blocked, id=5448, stack(0x0000002429800000,0x0000002429900000)]
  0x000001eb03737800 JavaThread "Unconstrained build operations Thread 44" [_thread_blocked, id=10984, stack(0x0000002429900000,0x0000002429a00000)]
  0x000001eb03733800 JavaThread "Unconstrained build operations Thread 45" [_thread_blocked, id=1940, stack(0x0000002429a00000,0x0000002429b00000)]
  0x000001eb0373e000 JavaThread "Unconstrained build operations Thread 46" [_thread_blocked, id=4480, stack(0x0000002429b00000,0x0000002429c00000)]
  0x000001eb0373b800 JavaThread "Unconstrained build operations Thread 47" [_thread_blocked, id=2352, stack(0x0000002429c00000,0x0000002429d00000)]
  0x000001eb0373c800 JavaThread "Unconstrained build operations Thread 48" [_thread_blocked, id=14980, stack(0x0000002429d00000,0x0000002429e00000)]
  0x000001eb0373e800 JavaThread "Unconstrained build operations Thread 49" [_thread_blocked, id=10596, stack(0x0000002429e00000,0x0000002429f00000)]
  0x000001eb0373d000 JavaThread "Unconstrained build operations Thread 50" [_thread_blocked, id=13308, stack(0x0000002429f00000,0x000000242a000000)]
  0x000001eb0373f800 JavaThread "Unconstrained build operations Thread 51" [_thread_blocked, id=1648, stack(0x000000242a000000,0x000000242a100000)]
  0x000001eb0373a000 JavaThread "Unconstrained build operations Thread 52" [_thread_blocked, id=6848, stack(0x000000242a100000,0x000000242a200000)]
  0x000001eb03740800 JavaThread "Unconstrained build operations Thread 53" [_thread_blocked, id=4484, stack(0x000000242a200000,0x000000242a300000)]
  0x000001eb0373a800 JavaThread "Unconstrained build operations Thread 54" [_thread_blocked, id=10796, stack(0x000000242a300000,0x000000242a400000)]
  0x000001eb03741000 JavaThread "Unconstrained build operations Thread 55" [_thread_blocked, id=10708, stack(0x000000242a400000,0x000000242a500000)]
  0x000001eb03742000 JavaThread "Unconstrained build operations Thread 56" [_thread_blocked, id=5248, stack(0x000000242a500000,0x000000242a600000)]
  0x000001eb03a10800 JavaThread "Unconstrained build operations Thread 57" [_thread_blocked, id=5764, stack(0x000000242a600000,0x000000242a700000)]
  0x000001eb03a13000 JavaThread "Unconstrained build operations Thread 58" [_thread_blocked, id=4792, stack(0x000000242a700000,0x000000242a800000)]
  0x000001eb03a0f800 JavaThread "Unconstrained build operations Thread 59" [_thread_blocked, id=5192, stack(0x000000242a800000,0x000000242a900000)]
  0x000001eb03a0f000 JavaThread "Unconstrained build operations Thread 60" [_thread_blocked, id=11540, stack(0x000000242a900000,0x000000242aa00000)]
  0x000001eb03a12000 JavaThread "Unconstrained build operations Thread 61" [_thread_blocked, id=14912, stack(0x000000242aa00000,0x000000242ab00000)]
  0x000001eb03a0d000 JavaThread "Unconstrained build operations Thread 62" [_thread_blocked, id=6124, stack(0x000000242ab00000,0x000000242ac00000)]
  0x000001eb03a14000 JavaThread "Unconstrained build operations Thread 63" [_thread_blocked, id=9952, stack(0x000000242ac00000,0x000000242ad00000)]
  0x000001eb03a11800 JavaThread "Unconstrained build operations Thread 64" [_thread_blocked, id=6588, stack(0x000000242ad00000,0x000000242ae00000)]
  0x000001eb03a0e000 JavaThread "Unconstrained build operations Thread 65" [_thread_blocked, id=13468, stack(0x000000242ae00000,0x000000242af00000)]
  0x000001eb03a19800 JavaThread "Unconstrained build operations Thread 66" [_thread_blocked, id=10156, stack(0x000000242af00000,0x000000242b000000)]
  0x000001eb03a18800 JavaThread "Unconstrained build operations Thread 67" [_thread_blocked, id=9092, stack(0x000000242b000000,0x000000242b100000)]
  0x000001eb03a1a800 JavaThread "Unconstrained build operations Thread 68" [_thread_blocked, id=1472, stack(0x000000242b100000,0x000000242b200000)]
  0x000001eb03a14800 JavaThread "Unconstrained build operations Thread 69" [_thread_blocked, id=2444, stack(0x000000242b200000,0x000000242b300000)]
  0x000001eb03a16000 JavaThread "Unconstrained build operations Thread 70" [_thread_blocked, id=9616, stack(0x000000242b300000,0x000000242b400000)]
  0x000001eb03a1b000 JavaThread "Unconstrained build operations Thread 71" [_thread_blocked, id=3348, stack(0x000000242b400000,0x000000242b500000)]
  0x000001eb03a17000 JavaThread "Unconstrained build operations Thread 72" [_thread_blocked, id=11152, stack(0x000000242b500000,0x000000242b600000)]
  0x000001eb03a15800 JavaThread "Unconstrained build operations Thread 73" [_thread_blocked, id=15476, stack(0x000000242b600000,0x000000242b700000)]
  0x000001eb03a18000 JavaThread "Unconstrained build operations Thread 74" [_thread_blocked, id=16332, stack(0x000000242b700000,0x000000242b800000)]
  0x000001eb03a1c000 JavaThread "Unconstrained build operations Thread 75" [_thread_blocked, id=5616, stack(0x000000242b800000,0x000000242b900000)]
  0x000001eb05546800 JavaThread "Unconstrained build operations Thread 76" [_thread_blocked, id=13716, stack(0x000000242b900000,0x000000242ba00000)]
  0x000001eb05549000 JavaThread "Unconstrained build operations Thread 77" [_thread_blocked, id=15180, stack(0x000000242ba00000,0x000000242bb00000)]
  0x000001eb05549800 JavaThread "Unconstrained build operations Thread 78" [_thread_blocked, id=4028, stack(0x000000242bb00000,0x000000242bc00000)]
  0x000001eb05547000 JavaThread "Unconstrained build operations Thread 79" [_thread_blocked, id=15004, stack(0x000000242bc00000,0x000000242bd00000)]
  0x000001eb05548000 JavaThread "Unconstrained build operations Thread 80" [_thread_blocked, id=16056, stack(0x000000242bd00000,0x000000242be00000)]
  0x000001eb05544800 JavaThread "Memory manager" [_thread_blocked, id=5268, stack(0x000000242be00000,0x000000242bf00000)]

Other Threads:
  0x000001eb7e7ff000 VMThread "VM Thread" [stack: 0x0000002423c00000,0x0000002423d00000] [id=2604]
  0x000001eb7f2ee800 WatcherThread [stack: 0x0000002424600000,0x0000002424700000] [id=9976]
  0x000001eb64396800 GCTaskThread "GC Thread#0" [stack: 0x0000002423700000,0x0000002423800000] [id=16148]
  0x000001eb7fccf800 GCTaskThread "GC Thread#1" [stack: 0x0000002424700000,0x0000002424800000] [id=11924]
  0x000001eb00061000 GCTaskThread "GC Thread#2" [stack: 0x0000002424800000,0x0000002424900000] [id=8624]
  0x000001eb01770800 GCTaskThread "GC Thread#3" [stack: 0x0000002425300000,0x0000002425400000] [id=11384]
  0x000001eb00349000 GCTaskThread "GC Thread#4" [stack: 0x0000002425400000,0x0000002425500000] [id=12016]
  0x000001eb0176d800 GCTaskThread "GC Thread#5" [stack: 0x0000002425500000,0x0000002425600000] [id=14420]
  0x000001eb00346000 GCTaskThread "GC Thread#6" [stack: 0x0000002425600000,0x0000002425700000] [id=6276]
  0x000001eb0038c000 GCTaskThread "GC Thread#7" [stack: 0x0000002425700000,0x0000002425800000] [id=14288]
  0x000001eb643c9000 ConcurrentGCThread "G1 Main Marker" [stack: 0x0000002423800000,0x0000002423900000] [id=6944]
  0x000001eb643ca000 ConcurrentGCThread "G1 Conc#0" [stack: 0x0000002423900000,0x0000002423a00000] [id=6152]
  0x000001eb003cd800 ConcurrentGCThread "G1 Conc#1" [stack: 0x0000002425a00000,0x0000002425b00000] [id=5944]
  0x000001eb7e650800 ConcurrentGCThread "G1 Refine#0" [stack: 0x0000002423a00000,0x0000002423b00000] [id=11852]
  0x000001eb7e651800 ConcurrentGCThread "G1 Young RemSet Sampling" [stack: 0x0000002423b00000,0x0000002423c00000] [id=13560]

Threads with active compile tasks:
C2 CompilerThread0  18740 6693 %     4       java.util.regex.Pattern::compile @ 73 (498 bytes)

VM state:not at safepoint (normal execution)

VM Mutex/Monitor currently owned by a thread: None

Heap address: 0x0000000080000000, size: 2048 MB, Compressed Oops mode: 32-bit
Narrow klass base: 0x0000000000000000, Narrow klass shift: 3
Compressed class space size: 1073741824 Address: 0x0000000100000000

Heap:
 garbage-first heap   total 131072K, used 88939K [0x0000000080000000, 0x0000000100000000)
  region size 1024K, 15 young (15360K), 2 survivors (2048K)
 Metaspace       used 67724K, capacity 69540K, committed 69836K, reserved 1110016K
  class space    used 8681K, capacity 9293K, committed 9420K, reserved 1048576K
Heap Regions: E=young(eden), S=young(survivor), O=old, HS=humongous(starts), HC=humongous(continues), CS=collection set, F=free, A=archive, TAMS=top-at-mark-start (previous, next)
|   0|0x0000000080000000, 0x0000000080100000, 0x0000000080100000|100%| O|  |TAMS 0x0000000080100000, 0x0000000080000000| Untracked 
|   1|0x0000000080100000, 0x0000000080200000, 0x0000000080200000|100%| O|  |TAMS 0x0000000080200000, 0x0000000080100000| Untracked 
|   2|0x0000000080200000, 0x0000000080300000, 0x0000000080300000|100%| O|  |TAMS 0x0000000080300000, 0x0000000080200000| Untracked 
|   3|0x0000000080300000, 0x0000000080400000, 0x0000000080400000|100%|HS|  |TAMS 0x0000000080400000, 0x0000000080300000| Complete 
|   4|0x0000000080400000, 0x0000000080500000, 0x0000000080500000|100%|HC|  |TAMS 0x0000000080500000, 0x0000000080400000| Complete 
|   5|0x0000000080500000, 0x0000000080600000, 0x0000000080600000|100%|HC|  |TAMS 0x0000000080600000, 0x0000000080500000| Complete 
|   6|0x0000000080600000, 0x0000000080700000, 0x0000000080700000|100%| O|  |TAMS 0x0000000080700000, 0x0000000080600000| Untracked 
|   7|0x0000000080700000, 0x0000000080800000, 0x0000000080800000|100%| O|  |TAMS 0x0000000080800000, 0x0000000080700000| Untracked 
|   8|0x0000000080800000, 0x0000000080900000, 0x0000000080900000|100%| O|  |TAMS 0x0000000080900000, 0x0000000080800000| Untracked 
|   9|0x0000000080900000, 0x0000000080a00000, 0x0000000080a00000|100%| O|  |TAMS 0x0000000080a00000, 0x0000000080900000| Untracked 
|  10|0x0000000080a00000, 0x0000000080b00000, 0x0000000080b00000|100%| O|  |TAMS 0x0000000080b00000, 0x0000000080a00000| Untracked 
|  11|0x0000000080b00000, 0x0000000080c00000, 0x0000000080c00000|100%| O|  |TAMS 0x0000000080c00000, 0x0000000080b00000| Untracked 
|  12|0x0000000080c00000, 0x0000000080d00000, 0x0000000080d00000|100%| O|  |TAMS 0x0000000080d00000, 0x0000000080c00000| Untracked 
|  13|0x0000000080d00000, 0x0000000080e00000, 0x0000000080e00000|100%| O|  |TAMS 0x0000000080e00000, 0x0000000080d00000| Untracked 
|  14|0x0000000080e00000, 0x0000000080f00000, 0x0000000080f00000|100%| O|  |TAMS 0x0000000080f00000, 0x0000000080e00000| Untracked 
|  15|0x0000000080f00000, 0x0000000081000000, 0x0000000081000000|100%| O|  |TAMS 0x0000000081000000, 0x0000000080f00000| Untracked 
|  16|0x0000000081000000, 0x0000000081100000, 0x0000000081100000|100%|HS|  |TAMS 0x0000000081100000, 0x0000000081000000| Complete 
|  17|0x0000000081100000, 0x0000000081200000, 0x0000000081200000|100%|HC|  |TAMS 0x0000000081200000, 0x0000000081100000| Complete 
|  18|0x0000000081200000, 0x0000000081300000, 0x0000000081300000|100%|HS|  |TAMS 0x0000000081300000, 0x0000000081200000| Complete 
|  19|0x0000000081300000, 0x0000000081400000, 0x0000000081400000|100%|HC|  |TAMS 0x0000000081400000, 0x0000000081300000| Complete 
|  20|0x0000000081400000, 0x0000000081500000, 0x0000000081500000|100%|HC|  |TAMS 0x0000000081500000, 0x0000000081400000| Complete 
|  21|0x0000000081500000, 0x0000000081600000, 0x0000000081600000|100%|HS|  |TAMS 0x0000000081600000, 0x0000000081500000| Complete 
|  22|0x0000000081600000, 0x0000000081700000, 0x0000000081700000|100%|HS|  |TAMS 0x0000000081700000, 0x0000000081600000| Complete 
|  23|0x0000000081700000, 0x0000000081800000, 0x0000000081800000|100%|HC|  |TAMS 0x0000000081800000, 0x0000000081700000| Complete 
|  24|0x0000000081800000, 0x0000000081900000, 0x0000000081900000|100%|HC|  |TAMS 0x0000000081900000, 0x0000000081800000| Complete 
|  25|0x0000000081900000, 0x0000000081a00000, 0x0000000081a00000|100%|HC|  |TAMS 0x0000000081a00000, 0x0000000081900000| Complete 
|  26|0x0000000081a00000, 0x0000000081b00000, 0x0000000081b00000|100%| O|  |TAMS 0x0000000081b00000, 0x0000000081a00000| Untracked 
|  27|0x0000000081b00000, 0x0000000081c00000, 0x0000000081c00000|100%| O|  |TAMS 0x0000000081c00000, 0x0000000081b00000| Untracked 
|  28|0x0000000081c00000, 0x0000000081d00000, 0x0000000081d00000|100%| O|  |TAMS 0x0000000081d00000, 0x0000000081c00000| Untracked 
|  29|0x0000000081d00000, 0x0000000081e00000, 0x0000000081e00000|100%| O|  |TAMS 0x0000000081e00000, 0x0000000081d00000| Untracked 
|  30|0x0000000081e00000, 0x0000000081f00000, 0x0000000081f00000|100%| O|  |TAMS 0x0000000081f00000, 0x0000000081e00000| Untracked 
|  31|0x0000000081f00000, 0x0000000082000000, 0x0000000082000000|100%| O|  |TAMS 0x0000000082000000, 0x0000000081f00000| Untracked 
|  32|0x0000000082000000, 0x0000000082100000, 0x0000000082100000|100%| O|  |TAMS 0x0000000082100000, 0x0000000082000000| Untracked 
|  33|0x0000000082100000, 0x0000000082200000, 0x0000000082200000|100%| O|  |TAMS 0x0000000082200000, 0x0000000082100000| Untracked 
|  34|0x0000000082200000, 0x0000000082300000, 0x0000000082300000|100%|HS|  |TAMS 0x0000000082300000, 0x0000000082200000| Complete 
|  35|0x0000000082300000, 0x0000000082400000, 0x0000000082400000|100%|HC|  |TAMS 0x0000000082400000, 0x0000000082300000| Complete 
|  36|0x0000000082400000, 0x0000000082500000, 0x0000000082500000|100%|HC|  |TAMS 0x0000000082500000, 0x0000000082400000| Complete 
|  37|0x0000000082500000, 0x0000000082600000, 0x0000000082600000|100%|HS|  |TAMS 0x0000000082600000, 0x0000000082500000| Complete 
|  38|0x0000000082600000, 0x0000000082700000, 0x0000000082700000|100%| O|  |TAMS 0x0000000082700000, 0x0000000082600000| Untracked 
|  39|0x0000000082700000, 0x0000000082800000, 0x0000000082800000|100%| O|  |TAMS 0x0000000082800000, 0x0000000082700000| Untracked 
|  40|0x0000000082800000, 0x0000000082900000, 0x0000000082900000|100%| O|  |TAMS 0x0000000082900000, 0x0000000082800000| Untracked 
|  41|0x0000000082900000, 0x0000000082a00000, 0x0000000082a00000|100%| O|  |TAMS 0x0000000082a00000, 0x0000000082900000| Untracked 
|  42|0x0000000082a00000, 0x0000000082affff8, 0x0000000082b00000| 99%| O|  |TAMS 0x0000000082affff8, 0x0000000082a00000| Untracked 
|  43|0x0000000082b00000, 0x0000000082c00000, 0x0000000082c00000|100%|HS|  |TAMS 0x0000000082c00000, 0x0000000082b00000| Complete 
|  44|0x0000000082c00000, 0x0000000082d00000, 0x0000000082d00000|100%|HC|  |TAMS 0x0000000082d00000, 0x0000000082c00000| Complete 
|  45|0x0000000082d00000, 0x0000000082e00000, 0x0000000082e00000|100%|HC|  |TAMS 0x0000000082e00000, 0x0000000082d00000| Complete 
|  46|0x0000000082e00000, 0x0000000082f00000, 0x0000000082f00000|100%|HC|  |TAMS 0x0000000082f00000, 0x0000000082e00000| Complete 
|  47|0x0000000082f00000, 0x0000000083000000, 0x0000000083000000|100%| O|  |TAMS 0x0000000083000000, 0x0000000082f00000| Untracked 
|  48|0x0000000083000000, 0x0000000083100000, 0x0000000083100000|100%| O|  |TAMS 0x0000000083100000, 0x0000000083000000| Untracked 
|  49|0x0000000083100000, 0x0000000083200000, 0x0000000083200000|100%| O|  |TAMS 0x0000000083200000, 0x0000000083100000| Untracked 
|  50|0x0000000083200000, 0x0000000083300000, 0x0000000083300000|100%|HS|  |TAMS 0x0000000083300000, 0x0000000083200000| Complete 
|  51|0x0000000083300000, 0x0000000083400000, 0x0000000083400000|100%|HS|  |TAMS 0x0000000083400000, 0x0000000083300000| Complete 
|  52|0x0000000083400000, 0x0000000083500000, 0x0000000083500000|100%|HS|  |TAMS 0x0000000083500000, 0x0000000083400000| Complete 
|  53|0x0000000083500000, 0x0000000083600000, 0x0000000083600000|100%|HC|  |TAMS 0x0000000083600000, 0x0000000083500000| Complete 
|  54|0x0000000083600000, 0x0000000083700000, 0x0000000083700000|100%| O|  |TAMS 0x0000000083700000, 0x0000000083600000| Untracked 
|  55|0x0000000083700000, 0x0000000083800000, 0x0000000083800000|100%| O|  |TAMS 0x0000000083800000, 0x0000000083700000| Untracked 
|  56|0x0000000083800000, 0x0000000083900000, 0x0000000083900000|100%| O|  |TAMS 0x0000000083900000, 0x0000000083800000| Untracked 
|  57|0x0000000083900000, 0x0000000083a00000, 0x0000000083a00000|100%| O|  |TAMS 0x0000000083a00000, 0x0000000083900000| Untracked 
|  58|0x0000000083a00000, 0x0000000083b00000, 0x0000000083b00000|100%| O|  |TAMS 0x0000000083b00000, 0x0000000083a00000| Untracked 
|  59|0x0000000083b00000, 0x0000000083c00000, 0x0000000083c00000|100%| O|  |TAMS 0x0000000083c00000, 0x0000000083b00000| Untracked 
|  60|0x0000000083c00000, 0x0000000083d00000, 0x0000000083d00000|100%| O|  |TAMS 0x0000000083d00000, 0x0000000083c00000| Untracked 
|  61|0x0000000083d00000, 0x0000000083e00000, 0x0000000083e00000|100%| O|  |TAMS 0x0000000083e00000, 0x0000000083d00000| Untracked 
|  62|0x0000000083e00000, 0x0000000083f00000, 0x0000000083f00000|100%| O|  |TAMS 0x0000000083f00000, 0x0000000083e00000| Untracked 
|  63|0x0000000083f00000, 0x0000000084000000, 0x0000000084000000|100%| O|  |TAMS 0x0000000084000000, 0x0000000083f00000| Untracked 
|  64|0x0000000084000000, 0x0000000084100000, 0x0000000084100000|100%| O|  |TAMS 0x0000000084100000, 0x0000000084000000| Untracked 
|  65|0x0000000084100000, 0x0000000084200000, 0x0000000084200000|100%| O|  |TAMS 0x0000000084200000, 0x0000000084100000| Untracked 
|  66|0x0000000084200000, 0x0000000084300000, 0x0000000084300000|100%| O|  |TAMS 0x0000000084300000, 0x0000000084200000| Untracked 
|  67|0x0000000084300000, 0x0000000084400000, 0x0000000084400000|100%| O|  |TAMS 0x0000000084400000, 0x0000000084300000| Untracked 
|  68|0x0000000084400000, 0x0000000084500000, 0x0000000084500000|100%| O|  |TAMS 0x0000000084500000, 0x0000000084400000| Untracked 
|  69|0x0000000084500000, 0x0000000084600000, 0x0000000084600000|100%| O|  |TAMS 0x0000000084600000, 0x0000000084500000| Untracked 
|  70|0x0000000084600000, 0x0000000084700000, 0x0000000084700000|100%| O|  |TAMS 0x0000000084700000, 0x0000000084600000| Untracked 
|  71|0x0000000084700000, 0x0000000084800000, 0x0000000084800000|100%| O|  |TAMS 0x0000000084800000, 0x0000000084700000| Untracked 
|  72|0x0000000084800000, 0x0000000084900000, 0x0000000084900000|100%| O|  |TAMS 0x0000000084900000, 0x0000000084800000| Untracked 
|  73|0x0000000084900000, 0x0000000084929800, 0x0000000084a00000| 16%| O|  |TAMS 0x0000000084929800, 0x0000000084900000| Untracked 
|  74|0x0000000084a00000, 0x0000000084b00000, 0x0000000084b00000|100%|HS|  |TAMS 0x0000000084a00000, 0x0000000084a00000| Complete 
|  75|0x0000000084b00000, 0x0000000084b00000, 0x0000000084c00000|  0%| F|  |TAMS 0x0000000084b00000, 0x0000000084b00000| Untracked 
|  76|0x0000000084c00000, 0x0000000084c00000, 0x0000000084d00000|  0%| F|  |TAMS 0x0000000084c00000, 0x0000000084c00000| Untracked 
|  77|0x0000000084d00000, 0x0000000084d00000, 0x0000000084e00000|  0%| F|  |TAMS 0x0000000084d00000, 0x0000000084d00000| Untracked 
|  78|0x0000000084e00000, 0x0000000084e00000, 0x0000000084f00000|  0%| F|  |TAMS 0x0000000084e00000, 0x0000000084e00000| Untracked 
|  79|0x0000000084f00000, 0x0000000084f00000, 0x0000000085000000|  0%| F|  |TAMS 0x0000000084f00000, 0x0000000084f00000| Untracked 
|  80|0x0000000085000000, 0x0000000085000000, 0x0000000085100000|  0%| F|  |TAMS 0x0000000085000000, 0x0000000085000000| Untracked 
|  81|0x0000000085100000, 0x0000000085100000, 0x0000000085200000|  0%| F|  |TAMS 0x0000000085100000, 0x0000000085100000| Untracked 
|  82|0x0000000085200000, 0x0000000085200000, 0x0000000085300000|  0%| F|  |TAMS 0x0000000085200000, 0x0000000085200000| Untracked 
|  83|0x0000000085300000, 0x0000000085300000, 0x0000000085400000|  0%| F|  |TAMS 0x0000000085300000, 0x0000000085300000| Untracked 
|  84|0x0000000085400000, 0x0000000085400000, 0x0000000085500000|  0%| F|  |TAMS 0x0000000085400000, 0x0000000085400000| Untracked 
|  85|0x0000000085500000, 0x0000000085500000, 0x0000000085600000|  0%| F|  |TAMS 0x0000000085500000, 0x0000000085500000| Untracked 
|  86|0x0000000085600000, 0x0000000085600000, 0x0000000085700000|  0%| F|  |TAMS 0x0000000085600000, 0x0000000085600000| Untracked 
|  87|0x0000000085700000, 0x0000000085700000, 0x0000000085800000|  0%| F|  |TAMS 0x0000000085700000, 0x0000000085700000| Untracked 
|  88|0x0000000085800000, 0x0000000085800000, 0x0000000085900000|  0%| F|  |TAMS 0x0000000085800000, 0x0000000085800000| Untracked 
|  89|0x0000000085900000, 0x0000000085900000, 0x0000000085a00000|  0%| F|  |TAMS 0x0000000085900000, 0x0000000085900000| Untracked 
|  90|0x0000000085a00000, 0x0000000085a00000, 0x0000000085b00000|  0%| F|  |TAMS 0x0000000085a00000, 0x0000000085a00000| Untracked 
|  91|0x0000000085b00000, 0x0000000085b00000, 0x0000000085c00000|  0%| F|  |TAMS 0x0000000085b00000, 0x0000000085b00000| Untracked 
|  92|0x0000000085c00000, 0x0000000085c00000, 0x0000000085d00000|  0%| F|  |TAMS 0x0000000085c00000, 0x0000000085c00000| Untracked 
|  93|0x0000000085d00000, 0x0000000085d00000, 0x0000000085e00000|  0%| F|  |TAMS 0x0000000085d00000, 0x0000000085d00000| Untracked 
|  94|0x0000000085e00000, 0x0000000085e00000, 0x0000000085f00000|  0%| F|  |TAMS 0x0000000085e00000, 0x0000000085e00000| Untracked 
|  95|0x0000000085f00000, 0x0000000085f00000, 0x0000000086000000|  0%| F|  |TAMS 0x0000000085f00000, 0x0000000085f00000| Untracked 
|  96|0x0000000086000000, 0x0000000086000000, 0x0000000086100000|  0%| F|  |TAMS 0x0000000086000000, 0x0000000086000000| Untracked 
|  97|0x0000000086100000, 0x0000000086100000, 0x0000000086200000|  0%| F|  |TAMS 0x0000000086100000, 0x0000000086100000| Untracked 
|  98|0x0000000086200000, 0x0000000086200000, 0x0000000086300000|  0%| F|  |TAMS 0x0000000086200000, 0x0000000086200000| Untracked 
|  99|0x0000000086300000, 0x0000000086300000, 0x0000000086400000|  0%| F|  |TAMS 0x0000000086300000, 0x0000000086300000| Untracked 
| 100|0x0000000086400000, 0x0000000086400000, 0x0000000086500000|  0%| F|  |TAMS 0x0000000086400000, 0x0000000086400000| Untracked 
| 101|0x0000000086500000, 0x0000000086500000, 0x0000000086600000|  0%| F|  |TAMS 0x0000000086500000, 0x0000000086500000| Untracked 
| 102|0x0000000086600000, 0x0000000086600000, 0x0000000086700000|  0%| F|  |TAMS 0x0000000086600000, 0x0000000086600000| Untracked 
| 103|0x0000000086700000, 0x0000000086700000, 0x0000000086800000|  0%| F|  |TAMS 0x0000000086700000, 0x0000000086700000| Untracked 
| 104|0x0000000086800000, 0x0000000086800000, 0x0000000086900000|  0%| F|  |TAMS 0x0000000086800000, 0x0000000086800000| Untracked 
| 105|0x0000000086900000, 0x00000000869b16b8, 0x0000000086a00000| 69%| S|CS|TAMS 0x0000000086900000, 0x0000000086900000| Complete 
| 106|0x0000000086a00000, 0x0000000086b00000, 0x0000000086b00000|100%| S|CS|TAMS 0x0000000086a00000, 0x0000000086a00000| Complete 
| 107|0x0000000086b00000, 0x0000000086b00000, 0x0000000086c00000|  0%| F|  |TAMS 0x0000000086b00000, 0x0000000086b00000| Untracked 
| 108|0x0000000086c00000, 0x0000000086c00000, 0x0000000086d00000|  0%| F|  |TAMS 0x0000000086c00000, 0x0000000086c00000| Untracked 
| 109|0x0000000086d00000, 0x0000000086d00000, 0x0000000086e00000|  0%| F|  |TAMS 0x0000000086d00000, 0x0000000086d00000| Untracked 
| 110|0x0000000086e00000, 0x0000000086e00000, 0x0000000086f00000|  0%| F|  |TAMS 0x0000000086e00000, 0x0000000086e00000| Untracked 
| 111|0x0000000086f00000, 0x0000000086f00000, 0x0000000087000000|  0%| F|  |TAMS 0x0000000086f00000, 0x0000000086f00000| Untracked 
| 112|0x0000000087000000, 0x0000000087000000, 0x0000000087100000|  0%| F|  |TAMS 0x0000000087000000, 0x0000000087000000| Untracked 
| 113|0x0000000087100000, 0x0000000087100000, 0x0000000087200000|  0%| F|  |TAMS 0x0000000087100000, 0x0000000087100000| Untracked 
| 114|0x0000000087200000, 0x0000000087280800, 0x0000000087300000| 50%| E|  |TAMS 0x0000000087200000, 0x0000000087200000| Complete 
| 115|0x0000000087300000, 0x0000000087400000, 0x0000000087400000|100%| E|CS|TAMS 0x0000000087300000, 0x0000000087300000| Complete 
| 116|0x0000000087400000, 0x0000000087500000, 0x0000000087500000|100%| E|CS|TAMS 0x0000000087400000, 0x0000000087400000| Complete 
| 117|0x0000000087500000, 0x0000000087600000, 0x0000000087600000|100%| E|CS|TAMS 0x0000000087500000, 0x0000000087500000| Complete 
| 118|0x0000000087600000, 0x0000000087700000, 0x0000000087700000|100%| E|  |TAMS 0x0000000087600000, 0x0000000087600000| Complete 
| 119|0x0000000087700000, 0x0000000087800000, 0x0000000087800000|100%| E|CS|TAMS 0x0000000087700000, 0x0000000087700000| Complete 
| 120|0x0000000087800000, 0x0000000087900000, 0x0000000087900000|100%| E|CS|TAMS 0x0000000087800000, 0x0000000087800000| Complete 
| 121|0x0000000087900000, 0x0000000087a00000, 0x0000000087a00000|100%| E|CS|TAMS 0x0000000087900000, 0x0000000087900000| Complete 
| 122|0x0000000087a00000, 0x0000000087b00000, 0x0000000087b00000|100%| E|CS|TAMS 0x0000000087a00000, 0x0000000087a00000| Complete 
| 123|0x0000000087b00000, 0x0000000087c00000, 0x0000000087c00000|100%| E|CS|TAMS 0x0000000087b00000, 0x0000000087b00000| Complete 
| 124|0x0000000087c00000, 0x0000000087d00000, 0x0000000087d00000|100%| E|CS|TAMS 0x0000000087c00000, 0x0000000087c00000| Complete 
| 125|0x0000000087d00000, 0x0000000087e00000, 0x0000000087e00000|100%| E|CS|TAMS 0x0000000087d00000, 0x0000000087d00000| Complete 
| 126|0x0000000087e00000, 0x0000000087f00000, 0x0000000087f00000|100%| E|CS|TAMS 0x0000000087e00000, 0x0000000087e00000| Complete 
| 127|0x0000000087f00000, 0x0000000088000000, 0x0000000088000000|100%| E|CS|TAMS 0x0000000087f00000, 0x0000000087f00000| Complete 

Card table byte_map: [0x000001eb775c0000,0x000001eb779c0000] _byte_map_base: 0x000001eb771c0000

Marking Bits (Prev, Next): (CMBitMap*) 0x000001eb643bffe0, (CMBitMap*) 0x000001eb643bffa8
 Prev Bits: [0x000001eb79dc0000, 0x000001eb7bdc0000)
 Next Bits: [0x000001eb77dc0000, 0x000001eb79dc0000)

Polling page: 0x000001eb62530000

Metaspace:

Usage:
  Non-class:     58.83 MB capacity,    57.67 MB ( 98%) used,  1014.22 KB (  2%) free+waste,   175.19 KB ( <1%) overhead. 
      Class:      9.11 MB capacity,     8.49 MB ( 93%) used,   552.87 KB (  6%) free+waste,    82.88 KB ( <1%) overhead. 
       Both:     67.94 MB capacity,    66.16 MB ( 97%) used,     1.53 MB (  2%) free+waste,   258.06 KB ( <1%) overhead. 

Virtual space:
  Non-class space:       60.00 MB reserved,      59.00 MB ( 98%) committed 
      Class space:        1.00 GB reserved,       9.20 MB ( <1%) committed 
             Both:        1.06 GB reserved,      68.20 MB (  6%) committed 

Chunk freelists:
   Non-Class:  41.00 KB
       Class:  19.00 KB
        Both:  60.00 KB

MaxMetaspaceSize: 17179869184.00 GB
CompressedClassSpaceSize: 1.00 GB
Initial GC threshold: 20.80 MB
Current GC threshold: 112.63 MB
CDS: off

CodeHeap 'non-profiled nmethods': size=120000Kb used=3173Kb max_used=3173Kb free=116826Kb
 bounds [0x000001eb6f960000, 0x000001eb6fc80000, 0x000001eb76e90000]
CodeHeap 'profiled nmethods': size=120000Kb used=14510Kb max_used=14510Kb free=105489Kb
 bounds [0x000001eb68430000, 0x000001eb69260000, 0x000001eb6f960000]
CodeHeap 'non-nmethods': size=5760Kb used=2351Kb max_used=2377Kb free=3408Kb
 bounds [0x000001eb67e90000, 0x000001eb68100000, 0x000001eb68430000]
 total_blobs=7524 nmethods=6663 adapters=773
 compilation: enabled
              stopped_count=0, restarted_count=0
 full_count=0

Compilation events (20 events):
Event: 18.577 Thread 0x000001eb7e82e000 6734       2       org.gradle.internal.operations.DefaultBuildOperationExecutor$$Lambda$94/0x0000000100213840::createListener (16 bytes)
Event: 18.577 Thread 0x000001eb7e82e000 nmethod 6734 0x000001eb69252e90 code [0x000001eb69253040, 0x000001eb692532b8]
Event: 18.577 Thread 0x000001eb7e82e000 6735       2       org.gradle.tooling.internal.provider.runner.TaskOriginTracker::started (62 bytes)
Event: 18.578 Thread 0x000001eb7e82e000 nmethod 6735 0x000001eb69253390 code [0x000001eb692535a0, 0x000001eb69253b98]
Event: 18.578 Thread 0x000001eb7e82e000 6737       2       org.gradle.api.internal.tasks.compile.tooling.JavaCompileTaskSuccessResultPostProcessor::started (72 bytes)
Event: 18.578 Thread 0x000001eb7e82e000 nmethod 6737 0x000001eb69253e90 code [0x000001eb69254060, 0x000001eb69254288]
Event: 18.588 Thread 0x000001eb7e82e000 6738       2       org.gradle.internal.hash.Hashing$MessageDigestHasher::putString (17 bytes)
Event: 18.589 Thread 0x000001eb7e82e000 nmethod 6738 0x000001eb69254390 code [0x000001eb69254580, 0x000001eb69254818]
Event: 18.611 Thread 0x000001eb7e82e000 6739       2       org.objectweb.asm.MethodVisitor::visitLocalVariable (24 bytes)
Event: 18.611 Thread 0x000001eb7e82e000 nmethod 6739 0x000001eb69254a10 code [0x000001eb69254bc0, 0x000001eb69254ce8]
Event: 18.612 Thread 0x000001eb7e82e000 6740       2       org.objectweb.asm.Label::resolve (219 bytes)
Event: 18.612 Thread 0x000001eb7e82e000 nmethod 6740 0x000001eb69254d90 code [0x000001eb69254f60, 0x000001eb692552f8]
Event: 18.612 Thread 0x000001eb7e82e000 6741       2       java.time.LocalDateTime::compareTo (9 bytes)
Event: 18.612 Thread 0x000001eb7e82e000 nmethod 6741 0x000001eb69255610 code [0x000001eb69255800, 0x000001eb69255a68]
Event: 18.612 Thread 0x000001eb7e82e000 6742       2       java.time.LocalDateTime::compareTo (22 bytes)
Event: 18.612 Thread 0x000001eb7e82e000 nmethod 6742 0x000001eb69255c10 code [0x000001eb69255de0, 0x000001eb69255fe8]
Event: 18.612 Thread 0x000001eb7e82e000 6743       1       java.util.zip.ZipEntry::getCompressedSize (5 bytes)
Event: 18.612 Thread 0x000001eb7e82e000 nmethod 6743 0x000001eb6fc79410 code [0x000001eb6fc795c0, 0x000001eb6fc79678]
Event: 18.621 Thread 0x000001eb7e82e000 6744       2       org.objectweb.asm.MethodWriter::visitLocalVariable (222 bytes)
Event: 18.623 Thread 0x000001eb7e82e000 nmethod 6744 0x000001eb69256190 code [0x000001eb69256440, 0x000001eb69256e38]

GC Heap History (20 events):
Event: 10.972 GC heap before
{Heap before GC invocations=7 (full 0):
 garbage-first heap   total 131072K, used 58790K [0x0000000080000000, 0x0000000100000000)
  region size 1024K, 33 young (33792K), 8 survivors (8192K)
 Metaspace       used 34855K, capacity 35784K, committed 35840K, reserved 1081344K
  class space    used 4646K, capacity 4988K, committed 4992K, reserved 1048576K
}
Event: 10.985 GC heap after
{Heap after GC invocations=8 (full 0):
 garbage-first heap   total 131072K, used 35833K [0x0000000080000000, 0x0000000100000000)
  region size 1024K, 2 young (2048K), 2 survivors (2048K)
 Metaspace       used 34855K, capacity 35784K, committed 35840K, reserved 1081344K
  class space    used 4646K, capacity 4988K, committed 4992K, reserved 1048576K
}
Event: 12.105 GC heap before
{Heap before GC invocations=9 (full 0):
 garbage-first heap   total 131072K, used 89081K [0x0000000080000000, 0x0000000100000000)
  region size 1024K, 52 young (53248K), 2 survivors (2048K)
 Metaspace       used 41557K, capacity 42546K, committed 42828K, reserved 1087488K
  class space    used 5284K, capacity 5662K, committed 5708K, reserved 1048576K
}
Event: 12.112 GC heap after
{Heap after GC invocations=10 (full 0):
 garbage-first heap   total 131072K, used 40531K [0x0000000080000000, 0x0000000100000000)
  region size 1024K, 7 young (7168K), 7 survivors (7168K)
 Metaspace       used 41557K, capacity 42546K, committed 42828K, reserved 1087488K
  class space    used 5284K, capacity 5662K, committed 5708K, reserved 1048576K
}
Event: 12.923 GC heap before
{Heap before GC invocations=10 (full 0):
 garbage-first heap   total 131072K, used 94803K [0x0000000080000000, 0x0000000100000000)
  region size 1024K, 56 young (57344K), 7 survivors (7168K)
 Metaspace       used 44741K, capacity 45991K, committed 46284K, reserved 1089536K
  class space    used 5765K, capacity 6225K, committed 6348K, reserved 1048576K
}
Event: 12.929 GC heap after
{Heap after GC invocations=11 (full 0):
 garbage-first heap   total 131072K, used 47377K [0x0000000080000000, 0x0000000100000000)
  region size 1024K, 4 young (4096K), 4 survivors (4096K)
 Metaspace       used 44741K, capacity 45991K, committed 46284K, reserved 1089536K
  class space    used 5765K, capacity 6225K, committed 6348K, reserved 1048576K
}
Event: 13.689 GC heap before
{Heap before GC invocations=11 (full 0):
 garbage-first heap   total 131072K, used 95505K [0x0000000080000000, 0x0000000100000000)
  region size 1024K, 51 young (52224K), 4 survivors (4096K)
 Metaspace       used 47517K, capacity 48804K, committed 49100K, reserved 1091584K
  class space    used 6058K, capacity 6523K, committed 6604K, reserved 1048576K
}
Event: 13.694 GC heap after
{Heap after GC invocations=12 (full 0):
 garbage-first heap   total 131072K, used 50622K [0x0000000080000000, 0x0000000100000000)
  region size 1024K, 7 young (7168K), 7 survivors (7168K)
 Metaspace       used 47517K, capacity 48804K, committed 49100K, reserved 1091584K
  class space    used 6058K, capacity 6523K, committed 6604K, reserved 1048576K
}
Event: 14.559 GC heap before
{Heap before GC invocations=12 (full 0):
 garbage-first heap   total 131072K, used 102846K [0x0000000080000000, 0x0000000100000000)
  region size 1024K, 54 young (55296K), 7 survivors (7168K)
 Metaspace       used 50864K, capacity 52354K, committed 52428K, reserved 1095680K
  class space    used 6574K, capacity 7043K, committed 7116K, reserved 1048576K
}
Event: 14.566 GC heap after
{Heap after GC invocations=13 (full 0):
 garbage-first heap   total 131072K, used 57840K [0x0000000080000000, 0x0000000100000000)
  region size 1024K, 7 young (7168K), 7 survivors (7168K)
 Metaspace       used 50864K, capacity 52354K, committed 52428K, reserved 1095680K
  class space    used 6574K, capacity 7043K, committed 7116K, reserved 1048576K
}
Event: 15.902 GC heap before
{Heap before GC invocations=13 (full 0):
 garbage-first heap   total 131072K, used 105968K [0x0000000080000000, 0x0000000100000000)
  region size 1024K, 51 young (52224K), 7 survivors (7168K)
 Metaspace       used 52332K, capacity 53945K, committed 54220K, reserved 1095680K
  class space    used 6749K, capacity 7268K, committed 7372K, reserved 1048576K
}
Event: 15.909 GC heap after
{Heap after GC invocations=14 (full 0):
 garbage-first heap   total 131072K, used 68763K [0x0000000080000000, 0x0000000100000000)
  region size 1024K, 7 young (7168K), 7 survivors (7168K)
 Metaspace       used 52332K, capacity 53945K, committed 54220K, reserved 1095680K
  class space    used 6749K, capacity 7268K, committed 7372K, reserved 1048576K
}
Event: 16.491 GC heap before
{Heap before GC invocations=14 (full 0):
 garbage-first heap   total 131072K, used 103579K [0x0000000080000000, 0x0000000100000000)
  region size 1024K, 41 young (41984K), 7 survivors (7168K)
 Metaspace       used 56992K, capacity 58679K, committed 58956K, reserved 1099776K
  class space    used 7338K, capacity 7929K, committed 8012K, reserved 1048576K
}
Event: 16.498 GC heap after
{Heap after GC invocations=15 (full 0):
 garbage-first heap   total 131072K, used 70605K [0x0000000080000000, 0x0000000100000000)
  region size 1024K, 2 young (2048K), 2 survivors (2048K)
 Metaspace       used 56992K, capacity 58679K, committed 58956K, reserved 1099776K
  class space    used 7338K, capacity 7929K, committed 8012K, reserved 1048576K
}
Event: 17.441 GC heap before
{Heap before GC invocations=16 (full 0):
 garbage-first heap   total 131072K, used 105421K [0x0000000080000000, 0x0000000100000000)
  region size 1024K, 36 young (36864K), 2 survivors (2048K)
 Metaspace       used 61860K, capacity 63554K, committed 63692K, reserved 1103872K
  class space    used 7948K, capacity 8527K, committed 8652K, reserved 1048576K
}
Event: 17.446 GC heap after
{Heap after GC invocations=17 (full 0):
 garbage-first heap   total 131072K, used 72030K [0x0000000080000000, 0x0000000100000000)
  region size 1024K, 3 young (3072K), 3 survivors (3072K)
 Metaspace       used 61860K, capacity 63554K, committed 63692K, reserved 1103872K
  class space    used 7948K, capacity 8527K, committed 8652K, reserved 1048576K
}
Event: 18.110 GC heap before
{Heap before GC invocations=17 (full 0):
 garbage-first heap   total 131072K, used 105822K [0x0000000080000000, 0x0000000100000000)
  region size 1024K, 37 young (37888K), 3 survivors (3072K)
 Metaspace       used 65435K, capacity 67134K, committed 67404K, reserved 1107968K
  class space    used 8357K, capacity 8948K, committed 9036K, reserved 1048576K
}
Event: 18.117 GC heap after
{Heap after GC invocations=18 (full 0):
 garbage-first heap   total 131072K, used 75070K [0x0000000080000000, 0x0000000100000000)
  region size 1024K, 5 young (5120K), 5 survivors (5120K)
 Metaspace       used 65435K, capacity 67134K, committed 67404K, reserved 1107968K
  class space    used 8357K, capacity 8948K, committed 9036K, reserved 1048576K
}
Event: 18.417 GC heap before
{Heap before GC invocations=19 (full 0):
 garbage-first heap   total 131072K, used 95550K [0x0000000080000000, 0x0000000100000000)
  region size 1024K, 26 young (26624K), 5 survivors (5120K)
 Metaspace       used 66939K, capacity 68788K, committed 68940K, reserved 1110016K
  class space    used 8562K, capacity 9156K, committed 9292K, reserved 1048576K
}
Event: 18.425 GC heap after
{Heap after GC invocations=20 (full 0):
 garbage-first heap   total 131072K, used 76651K [0x0000000080000000, 0x0000000100000000)
  region size 1024K, 2 young (2048K), 2 survivors (2048K)
 Metaspace       used 66939K, capacity 68788K, committed 68940K, reserved 1110016K
  class space    used 8562K, capacity 9156K, committed 9292K, reserved 1048576K
}

Deoptimization events (20 events):
Event: 18.378 Thread 0x000001eb7f51a000 Uncommon trap: trap_request=0xffffff4d fr.pc=0x000001eb6fc552a4 relative=0x0000000000000204
Event: 18.378 Thread 0x000001eb7f51a000 Uncommon trap: reason=unstable_if action=reinterpret pc=0x000001eb6fc552a4 method=org.objectweb.asm.Label.resolve([BI)Z @ 80 c2
Event: 18.378 Thread 0x000001eb7f51a000 DEOPT PACKING pc=0x000001eb6fc552a4 sp=0x0000002424ff5f60
Event: 18.378 Thread 0x000001eb7f51a000 DEOPT UNPACKING pc=0x000001eb67eda1af sp=0x0000002424ff5ec8 mode 2
Event: 18.517 Thread 0x000001eb7f51a000 Uncommon trap: trap_request=0xffffff4d fr.pc=0x000001eb6fa26cbc relative=0x00000000000006dc
Event: 18.517 Thread 0x000001eb7f51a000 Uncommon trap: reason=unstable_if action=reinterpret pc=0x000001eb6fa26cbc method=java.lang.AbstractStringBuilder.appendChars(Ljava/lang/CharSequence;II)V @ 43 c2
Event: 18.517 Thread 0x000001eb7f51a000 DEOPT PACKING pc=0x000001eb6fa26cbc sp=0x0000002424ff6ac0
Event: 18.517 Thread 0x000001eb7f51a000 DEOPT UNPACKING pc=0x000001eb67eda1af sp=0x0000002424ff69f0 mode 2
Event: 18.517 Thread 0x000001eb7f51a000 Uncommon trap: trap_request=0xffffff4d fr.pc=0x000001eb6f99144c relative=0x000000000000022c
Event: 18.517 Thread 0x000001eb7f51a000 Uncommon trap: reason=unstable_if action=reinterpret pc=0x000001eb6f99144c method=java.lang.AbstractStringBuilder.isLatin1()Z @ 10 c2
Event: 18.517 Thread 0x000001eb7f51a000 DEOPT PACKING pc=0x000001eb6f99144c sp=0x0000002424ff6a40
Event: 18.517 Thread 0x000001eb7f51a000 DEOPT UNPACKING pc=0x000001eb67eda1af sp=0x0000002424ff6980 mode 2
Event: 18.517 Thread 0x000001eb7f51a000 Uncommon trap: trap_request=0xffffff4d fr.pc=0x000001eb6f995a94 relative=0x0000000000000454
Event: 18.517 Thread 0x000001eb7f51a000 Uncommon trap: reason=unstable_if action=reinterpret pc=0x000001eb6f995a94 method=java.lang.AbstractStringBuilder.putStringAt(ILjava/lang/String;)V @ 8 c2
Event: 18.517 Thread 0x000001eb7f51a000 DEOPT PACKING pc=0x000001eb6f995a94 sp=0x0000002424ff6b20
Event: 18.517 Thread 0x000001eb7f51a000 DEOPT UNPACKING pc=0x000001eb67eda1af sp=0x0000002424ff6a80 mode 2
Event: 18.517 Thread 0x000001eb7f51a000 Uncommon trap: trap_request=0xffffff4d fr.pc=0x000001eb6f99666c relative=0x00000000000000cc
Event: 18.517 Thread 0x000001eb7f51a000 Uncommon trap: reason=unstable_if action=reinterpret pc=0x000001eb6f99666c method=java.lang.String.getBytes([BIB)V @ 5 c2
Event: 18.517 Thread 0x000001eb7f51a000 DEOPT PACKING pc=0x000001eb6f99666c sp=0x0000002424ff6a30
Event: 18.517 Thread 0x000001eb7f51a000 DEOPT UNPACKING pc=0x000001eb67eda1af sp=0x0000002424ff69f8 mode 2

Classes redefined (0 events):
No events

Internal exceptions (20 events):
Event: 15.990 Thread 0x000001eb7f51a000 Exception <a 'java/lang/NoSuchMethodError'{0x00000000879b2e58}: 'java.lang.Object java.lang.invoke.DirectMethodHandle$Holder.invokeStatic(java.lang.Object, java.lang.Object, java.lang.Object, java.lang.Object, int)'> (0x00000000879b2e58) thrown at [./src/hotspot/share/interpreter/linkResolver.cpp, line 773]
Event: 15.991 Thread 0x000001eb7f51a000 Exception <a 'java/lang/NoSuchMethodError'{0x00000000879b7850}: 'java.lang.Object java.lang.invoke.DirectMethodHandle$Holder.invokeSpecial(java.lang.Object, java.lang.Object, java.lang.Object, java.lang.Object, java.lang.Object, int)'> (0x00000000879b7850) thrown at [./src/hotspot/share/interpreter/linkResolver.cpp, line 773]
Event: 15.991 Thread 0x000001eb7f51a000 Exception <a 'java/lang/NoSuchMethodError'{0x00000000879bbe90}: 'java.lang.Object java.lang.invoke.Invokers$Holder.linkToTargetMethod(java.lang.Object, java.lang.Object, java.lang.Object, int, java.lang.Object)'> (0x00000000879bbe90) thrown at [./src/hotspot/share/interpreter/linkResolver.cpp, line 773]
Event: 16.289 Thread 0x000001eb7f51a000 Exception <a 'java/lang/NoSuchMethodError'{0x00000000869fd758}: 'java.lang.Object java.lang.invoke.DirectMethodHandle$Holder.invokeSpecial(java.lang.Object, java.lang.Object, int, int, java.lang.Object, java.lang.Object, java.lang.Object)'> (0x00000000869fd758) thrown at [./src/hotspot/share/interpreter/linkResolver.cpp, line 773]
Event: 16.290 Thread 0x000001eb7f51a000 Exception <a 'java/lang/NoSuchMethodError'{0x0000000086802448}: 'java.lang.Object java.lang.invoke.DelegatingMethodHandle$Holder.reinvoke_L(java.lang.Object, int, int, java.lang.Object, java.lang.Object, java.lang.Object)'> (0x0000000086802448) thrown at [./src/hotspot/share/interpreter/linkResolver.cpp, line 773]
Event: 16.527 Thread 0x000001eb7f51a000 Exception <a 'java/lang/NoSuchMethodError'{0x0000000087ec0890}: 'int java.lang.invoke.DirectMethodHandle$Holder.invokeInterface(java.lang.Object, java.lang.Object, java.lang.Object, java.lang.Object)'> (0x0000000087ec0890) thrown at [./src/hotspot/share/interpreter/linkResolver.cpp, line 773]
Event: 17.004 Thread 0x000001eb7f51a000 Exception <a 'java/lang/NoSuchMethodError'{0x0000000086ead850}: 'void java.lang.invoke.DirectMethodHandle$Holder.invokeInterface(java.lang.Object, java.lang.Object, java.lang.Object, java.lang.Object)'> (0x0000000086ead850) thrown at [./src/hotspot/share/interpreter/linkResolver.cpp, line 773]
Event: 17.218 Thread 0x000001eb7f51a000 Exception <a 'java/lang/IncompatibleClassChangeError'{0x00000000866e7130}: Found class java.lang.Object, but interface was expected> (0x00000000866e7130) thrown at [./src/hotspot/share/interpreter/linkResolver.cpp, line 839]
Event: 17.448 Thread 0x000001eb7f51a000 Implicit null exception at 0x000001eb6fa9208b to 0x000001eb6fa92164
Event: 17.555 Thread 0x000001eb7f51a000 Implicit null exception at 0x000001eb6fad602c to 0x000001eb6fad61da
Event: 17.799 Thread 0x000001eb7f51a000 Exception <a 'sun/nio/fs/WindowsException'{0x00000000872c89c8}> (0x00000000872c89c8) thrown at [./src/hotspot/share/prims/jni.cpp, line 615]
Event: 18.198 Thread 0x000001eb7f51a000 Exception <a 'java/lang/ClassNotFoundException'{0x0000000087b28188}: org/gradle/api/plugins/internal/DefaultBasePluginConventionBeanInfo> (0x0000000087b28188) thrown at [./src/hotspot/share/classfile/systemDictionary.cpp, line 231]
Event: 18.200 Thread 0x000001eb7f51a000 Exception <a 'java/lang/ClassNotFoundException'{0x0000000087b647f8}: org/gradle/api/plugins/BasePluginConventionBeanInfo> (0x0000000087b647f8) thrown at [./src/hotspot/share/classfile/systemDictionary.cpp, line 231]
Event: 18.201 Thread 0x000001eb7f51a000 Exception <a 'java/lang/ClassNotFoundException'{0x0000000087ba0db8}: org/gradle/api/plugins/BasePluginConventionCustomizer> (0x0000000087ba0db8) thrown at [./src/hotspot/share/classfile/systemDictionary.cpp, line 231]
Event: 18.203 Thread 0x000001eb7f51a000 Exception <a 'java/lang/ClassNotFoundException'{0x0000000087bedae0}: org/gradle/api/plugins/internal/DefaultBasePluginConventionCustomizer> (0x0000000087bedae0) thrown at [./src/hotspot/share/classfile/systemDictionary.cpp, line 231]
Event: 18.209 Thread 0x000001eb7f51a000 Exception <a 'java/lang/ClassNotFoundException'{0x0000000087a6e1d0}: org/gradle/api/plugins/internal/DefaultJavaPluginConventionBeanInfo> (0x0000000087a6e1d0) thrown at [./src/hotspot/share/classfile/systemDictionary.cpp, line 231]
Event: 18.210 Thread 0x000001eb7f51a000 Exception <a 'java/lang/ClassNotFoundException'{0x0000000087aaaa90}: org/gradle/api/plugins/JavaPluginConventionBeanInfo> (0x0000000087aaaa90) thrown at [./src/hotspot/share/classfile/systemDictionary.cpp, line 231]
Event: 18.212 Thread 0x000001eb7f51a000 Exception <a 'java/lang/ClassNotFoundException'{0x0000000087ae6da8}: org/gradle/api/plugins/JavaPluginConventionCustomizer> (0x0000000087ae6da8) thrown at [./src/hotspot/share/classfile/systemDictionary.cpp, line 231]
Event: 18.213 Thread 0x000001eb7f51a000 Exception <a 'java/lang/ClassNotFoundException'{0x000000008793dbf0}: org/gradle/api/plugins/internal/DefaultJavaPluginConventionCustomizer> (0x000000008793dbf0) thrown at [./src/hotspot/share/classfile/systemDictionary.cpp, line 231]
Event: 18.595 Thread 0x000001eb01726800 Exception <a 'sun/nio/fs/WindowsException'{0x0000000087795c80}> (0x0000000087795c80) thrown at [./src/hotspot/share/prims/jni.cpp, line 615]

Events (20 events):
Event: 18.565 loading class com/android/build/gradle/internal/lint/LintTaskManager$createBeforeEvaluateLintTasks$1
Event: 18.565 loading class com/android/build/gradle/internal/lint/LintTaskManager$createBeforeEvaluateLintTasks$1 done
Event: 18.566 loading class com/android/build/gradle/internal/TaskManager$ConfigAttrTask
Event: 18.566 loading class com/android/build/gradle/internal/TaskManager$ConfigAttrTask done
Event: 18.567 loading class com/android/build/gradle/internal/TaskManager$Companion$createTasksBeforeEvaluate$6
Event: 18.567 loading class com/android/build/gradle/internal/TaskManager$Companion$createTasksBeforeEvaluate$6 done
Event: 18.568 loading class com/android/build/gradle/internal/TaskManager$Companion$createTasksBeforeEvaluate$7
Event: 18.568 loading class com/android/build/gradle/internal/TaskManager$Companion$createTasksBeforeEvaluate$7 done
Event: 18.571 loading class org/gradle/api/Project
Event: 18.571 loading class org/gradle/api/Project done
Event: 18.571 loading class org/gradle/api/Project
Event: 18.571 loading class org/gradle/api/Project done
Event: 18.571 loading class com/android/build/gradle/internal/plugins/BasePlugin
Event: 18.571 loading class com/android/build/gradle/internal/plugins/BasePlugin done
Event: 18.573 loading class com/android/build/gradle/internal/crash/CrashReporting$afterEvaluate$1
Event: 18.573 loading class com/android/build/gradle/internal/crash/CrashReporting$afterEvaluate$1 done
Event: 18.574 loading class com/android/build/gradle/api/AndroidBasePlugin
Event: 18.574 loading class com/android/build/gradle/api/AndroidBasePlugin done
Event: 18.575 loading class org/gradle/api/plugins/PluginManager
Event: 18.575 loading class org/gradle/api/plugins/PluginManager done


Dynamic libraries:
0x00007ff77d3a0000 - 0x00007ff77d3aa000 	D:\programy\android studio\jre\bin\java.exe
0x00007ff948520000 - 0x00007ff948729000 	C:\Windows\SYSTEM32\ntdll.dll
0x00007ff9469b0000 - 0x00007ff946a6d000 	C:\Windows\System32\KERNEL32.DLL
0x00007ff945e20000 - 0x00007ff94619d000 	C:\Windows\System32\KERNELBASE.dll
0x00007ff945aa0000 - 0x00007ff945bb1000 	C:\Windows\System32\ucrtbase.dll
0x00007ff922080000 - 0x00007ff922099000 	D:\programy\android studio\jre\bin\jli.dll
0x00007ff948240000 - 0x00007ff9483ed000 	C:\Windows\System32\USER32.dll
0x00007ff946380000 - 0x00007ff9463a6000 	C:\Windows\System32\win32u.dll
0x00007ff946620000 - 0x00007ff946649000 	C:\Windows\System32\GDI32.dll
0x00007ff934f70000 - 0x00007ff935215000 	C:\Windows\WinSxS\amd64_microsoft.windows.common-controls_6595b64144ccf1df_6.0.22000.120_none_9d947278b86cc467\COMCTL32.dll
0x00007ff945d00000 - 0x00007ff945e18000 	C:\Windows\System32\gdi32full.dll
0x00007ff945a00000 - 0x00007ff945a9d000 	C:\Windows\System32\msvcp_win.dll
0x00007ff920ce0000 - 0x00007ff920cf7000 	D:\programy\android studio\jre\bin\VCRUNTIME140.dll
0x00007ff9463b0000 - 0x00007ff946453000 	C:\Windows\System32\msvcrt.dll
0x00007ff9467f0000 - 0x00007ff946821000 	C:\Windows\System32\IMM32.DLL
0x00007ff90c110000 - 0x00007ff90c1ad000 	D:\programy\android studio\jre\bin\msvcp140.dll
0x00007ff8e34b0000 - 0x00007ff8e3f95000 	D:\programy\android studio\jre\bin\server\jvm.dll
0x00007ff946900000 - 0x00007ff9469ae000 	C:\Windows\System32\ADVAPI32.dll
0x00007ff947600000 - 0x00007ff94769e000 	C:\Windows\System32\sechost.dll
0x00007ff947450000 - 0x00007ff947570000 	C:\Windows\System32\RPCRT4.dll
0x00007ff947570000 - 0x00007ff947578000 	C:\Windows\System32\PSAPI.DLL
0x00007ff9405b0000 - 0x00007ff9405ba000 	C:\Windows\SYSTEM32\VERSION.dll
0x00007ff940bf0000 - 0x00007ff940c23000 	C:\Windows\SYSTEM32\WINMM.dll
0x00007ff93dbd0000 - 0x00007ff93dbd9000 	C:\Windows\SYSTEM32\WSOCK32.dll
0x00007ff947950000 - 0x00007ff9479bf000 	C:\Windows\System32\WS2_32.dll
0x00007ff944bf0000 - 0x00007ff944c08000 	C:\Windows\SYSTEM32\kernel.appcore.dll
0x00007ff93f2b0000 - 0x00007ff93f2c1000 	D:\programy\android studio\jre\bin\verify.dll
0x00007ff943570000 - 0x00007ff943791000 	C:\Windows\SYSTEM32\DBGHELP.DLL
0x00007ff93fb80000 - 0x00007ff93fbb1000 	C:\Windows\SYSTEM32\dbgcore.DLL
0x00007ff945bc0000 - 0x00007ff945c3f000 	C:\Windows\System32\bcryptPrimitives.dll
0x00007ff93f280000 - 0x00007ff93f2a9000 	D:\programy\android studio\jre\bin\java.dll
0x00007ff9417f0000 - 0x00007ff9417fb000 	D:\programy\android studio\jre\bin\jimage.dll
0x00007ff93e8c0000 - 0x00007ff93e8d8000 	D:\programy\android studio\jre\bin\zip.dll
0x00007ff9479c0000 - 0x00007ff948178000 	C:\Windows\System32\SHELL32.dll
0x00007ff943b80000 - 0x00007ff9443e8000 	C:\Windows\SYSTEM32\windows.storage.dll
0x00007ff946f60000 - 0x00007ff9472d9000 	C:\Windows\System32\combase.dll
0x00007ff943a10000 - 0x00007ff943b76000 	C:\Windows\SYSTEM32\wintypes.dll
0x00007ff9483f0000 - 0x00007ff9484da000 	C:\Windows\System32\SHCORE.dll
0x00007ff9465a0000 - 0x00007ff9465fd000 	C:\Windows\System32\shlwapi.dll
0x00007ff945930000 - 0x00007ff945951000 	C:\Windows\SYSTEM32\profapi.dll
0x00007ff93dcb0000 - 0x00007ff93dcca000 	D:\programy\android studio\jre\bin\net.dll
0x00007ff9408e0000 - 0x00007ff9409ec000 	C:\Windows\SYSTEM32\WINHTTP.dll
0x00007ff945020000 - 0x00007ff945087000 	C:\Windows\system32\mswsock.dll
0x00007ff93dc60000 - 0x00007ff93dc74000 	D:\programy\android studio\jre\bin\nio.dll
0x00007ff93f3f0000 - 0x00007ff93f417000 	C:\Users\svkja\.gradle\native\e1d6ef7f7dcc3fd88c89a11ec53ec762bb8ba0a96d01ffa2cd45eb1d1d8dd5c5\windows-amd64\native-platform.dll
0x00007ff909e10000 - 0x00007ff909f54000 	C:\Users\svkja\.gradle\native\5664cfc778a61ccfe75a443a1ab52a65af34e5dc3c78e0209fed803814484fcb\windows-amd64\native-platform-file-events.dll
0x00007ff93e8b0000 - 0x00007ff93e8ba000 	D:\programy\android studio\jre\bin\management.dll
0x00007ff93dc50000 - 0x00007ff93dc5d000 	D:\programy\android studio\jre\bin\management_ext.dll
0x00007ff945260000 - 0x00007ff945278000 	C:\Windows\SYSTEM32\CRYPTSP.dll
0x00007ff944b50000 - 0x00007ff944b85000 	C:\Windows\system32\rsaenh.dll
0x00007ff945110000 - 0x00007ff945139000 	C:\Windows\SYSTEM32\USERENV.dll
0x00007ff9453e0000 - 0x00007ff945407000 	C:\Windows\SYSTEM32\bcrypt.dll
0x00007ff945280000 - 0x00007ff94528c000 	C:\Windows\SYSTEM32\CRYPTBASE.dll
0x00007ff944720000 - 0x00007ff94474d000 	C:\Windows\SYSTEM32\IPHLPAPI.DLL
0x00007ff946f50000 - 0x00007ff946f59000 	C:\Windows\System32\NSI.dll
0x00007ff940ac0000 - 0x00007ff940ad9000 	C:\Windows\SYSTEM32\dhcpcsvc6.DLL
0x00007ff940ce0000 - 0x00007ff940cfe000 	C:\Windows\SYSTEM32\dhcpcsvc.DLL
0x00007ff944790000 - 0x00007ff944878000 	C:\Windows\SYSTEM32\DNSAPI.dll

dbghelp: loaded successfully - version: 4.0.5 - missing functions: none
symbol engine: initialized successfully - sym options: 0x614 - pdb path: .;D:\programy\android studio\jre\bin;C:\Windows\SYSTEM32;C:\Windows\WinSxS\amd64_microsoft.windows.common-controls_6595b64144ccf1df_6.0.22000.120_none_9d947278b86cc467;D:\programy\android studio\jre\bin\server;C:\Users\svkja\.gradle\native\e1d6ef7f7dcc3fd88c89a11ec53ec762bb8ba0a96d01ffa2cd45eb1d1d8dd5c5\windows-amd64;C:\Users\svkja\.gradle\native\5664cfc778a61ccfe75a443a1ab52a65af34e5dc3c78e0209fed803814484fcb\windows-amd64

VM Arguments:
jvm_args: --add-opens=java.base/java.util=ALL-UNNAMED --add-opens=java.base/java.lang=ALL-UNNAMED --add-opens=java.base/java.lang.invoke=ALL-UNNAMED --add-opens=java.base/java.util=ALL-UNNAMED --add-opens=java.prefs/java.util.prefs=ALL-UNNAMED --add-opens=java.prefs/java.util.prefs=ALL-UNNAMED --add-opens=java.base/java.nio.charset=ALL-UNNAMED --add-opens=java.base/java.net=ALL-UNNAMED --add-opens=java.base/java.util.concurrent.atomic=ALL-UNNAMED -Xmx2048m -Dfile.encoding=UTF-8 -Duser.country=SK -Duser.language=sk -Duser.variant 
java_command: org.gradle.launcher.daemon.bootstrap.GradleDaemon 7.3.3
java_class_path (initial): C:\Users\svkja\.gradle\wrapper\dists\gradle-7.3.3-bin\6a41zxkdtcxs8rphpq6y0069z\gradle-7.3.3\lib\gradle-launcher-7.3.3.jar
Launcher Type: SUN_STANDARD

[Global flags]
     intx CICompilerCount                          = 4                                         {product} {ergonomic}
     uint ConcGCThreads                            = 2                                         {product} {ergonomic}
     uint G1ConcRefinementThreads                  = 8                                         {product} {ergonomic}
   size_t G1HeapRegionSize                         = 1048576                                   {product} {ergonomic}
    uintx GCDrainStackTargetSize                   = 64                                        {product} {ergonomic}
   size_t InitialHeapSize                          = 134217728                                 {product} {ergonomic}
   size_t MarkStackSize                            = 4194304                                   {product} {ergonomic}
   size_t MaxHeapSize                              = 2147483648                                {product} {command line}
   size_t MaxNewSize                               = 1287651328                                {product} {ergonomic}
   size_t MinHeapDeltaBytes                        = 1048576                                   {product} {ergonomic}
    uintx NonNMethodCodeHeapSize                   = 5836300                                {pd product} {ergonomic}
    uintx NonProfiledCodeHeapSize                  = 122910970                              {pd product} {ergonomic}
    uintx ProfiledCodeHeapSize                     = 122910970                              {pd product} {ergonomic}
    uintx ReservedCodeCacheSize                    = 251658240                              {pd product} {ergonomic}
     bool SegmentedCodeCache                       = true                                      {product} {ergonomic}
     bool UseCompressedClassPointers               = true                                 {lp64_product} {ergonomic}
     bool UseCompressedOops                        = true                                 {lp64_product} {ergonomic}
     bool UseG1GC                                  = true                                      {product} {ergonomic}
     bool UseLargePagesIndividualAllocation        = false                                  {pd product} {ergonomic}

Logging:
Log output configuration:
 #0: stdout all=warning uptime,level,tags
 #1: stderr all=off uptime,level,tags

Environment Variables:
PATH=C:\Windows\system32;C:\Windows;C:\Windows\System32\Wbem;C:\Windows\System32\WindowsPowerShell\v1.0\;C:\Windows\System32\OpenSSH\;D:\programy\matlab\bin;D:\programy\putty\;C:\Users\svkja\AppData\Local\Microsoft\WindowsApps;;D:\programy\vsc\Microsoft VS Code\bin
USERNAME=svkja
OS=Windows_NT
PROCESSOR_IDENTIFIER=Intel64 Family 6 Model 158 Stepping 10, GenuineIntel



---------------  S Y S T E M  ---------------

OS: Windows 10 , 64 bit Build 22000 (10.0.22000.708)
OS uptime: 5 days 12:09 hours

CPU:total 8 (initial active 8) (4 cores per cpu, 2 threads per core) family 6 model 158 stepping 10 microcode 0xde, cmov, cx8, fxsr, mmx, sse, sse2, sse3, ssse3, sse4.1, sse4.2, popcnt, avx, avx2, aes, clmul, erms, 3dnowpref, lzcnt, ht, tsc, tscinvbit, bmi1, bmi2, adx, fma

Memory: 4k page, system-wide physical 8066M (238M free)
TotalPageFile size 23169M (AvailPageFile size 3M)
current process WorkingSet (physical memory assigned to process): 325M, peak: 326M
current process commit charge ("private bytes"): 364M, peak: 365M

vm_info: OpenJDK 64-Bit Server VM (11.0.12+7-b1504.28-7817840) for windows-amd64 JRE (11.0.12+7-b1504.28-7817840), built on Oct 13 2021 22:12:33 by "builder" with MS VC++ 14.0 (VS2015)

END.
