#
# There is insufficient memory for the Java Runtime Environment to continue.
# Native memory allocation (malloc) failed to allocate 304656 bytes for Chunk::new
# Possible reasons:
#   The system is out of physical RAM or swap space
#   The process is running with CompressedOops enabled, and the Java Heap may be blocking the growth of the native heap
# Possible solutions:
#   Reduce memory load on the system
#   Increase physical memory or swap space
#   Check if swap backing store is full
#   Decrease Java heap size (-Xmx/-Xms)
#   Decrease number of Java threads
#   Decrease Java thread stack sizes (-Xss)
#   Set larger code cache with -XX:ReservedCodeCacheSize=
#   JVM is running with Unscaled Compressed Oops mode in which the Java heap is
#     placed in the first 4GB address space. The Java Heap base address is the
#     maximum limit for the native heap growth. Please use -XX:HeapBaseMinAddress
#     to set the Java Heap base and to place the Java Heap above 4GB virtual address.
# This output file may be truncated or incomplete.
#
#  Out of Memory Error (./src/hotspot/share/memory/arena.cpp:197), pid=14516, tid=5772
#
# JRE version: OpenJDK Runtime Environment (11.0.12+7) (build 11.0.12+7-b1504.28-7817840)
# Java VM: OpenJDK 64-Bit Server VM (11.0.12+7-b1504.28-7817840, mixed mode, tiered, compressed oops, g1 gc, windows-amd64)
# No core dump will be written. Minidumps are not enabled by default on client versions of Windows
#

---------------  S U M M A R Y ------------

Command Line: --add-opens=java.base/java.util=ALL-UNNAMED --add-opens=java.base/java.lang=ALL-UNNAMED --add-opens=java.base/java.lang.invoke=ALL-UNNAMED --add-opens=java.base/java.util=ALL-UNNAMED --add-opens=java.prefs/java.util.prefs=ALL-UNNAMED --add-opens=java.prefs/java.util.prefs=ALL-UNNAMED --add-opens=java.base/java.nio.charset=ALL-UNNAMED --add-opens=java.base/java.net=ALL-UNNAMED --add-opens=java.base/java.util.concurrent.atomic=ALL-UNNAMED -Xmx2048m -Dfile.encoding=UTF-8 -Duser.country=SK -Duser.language=sk -Duser.variant org.gradle.launcher.daemon.bootstrap.GradleDaemon 7.3.3

Host: Intel(R) Core(TM) i5-8300H CPU @ 2.30GHz, 8 cores, 7G,  Windows 10 , 64 bit Build 22000 (10.0.22000.708)
Time: Tue Aug 16 11:57:27 2022 Stredoeurópsky èas (letný) elapsed time: 7.541938 seconds (0d 0h 0m 7s)

---------------  T H R E A D  ---------------

Current thread (0x000001d3b7323000):  JavaThread "C2 CompilerThread0" daemon [_thread_in_native, id=5772, stack(0x000000bc78f00000,0x000000bc79000000)]


Current CompileTask:
C2:   7541 2780       4       org.objectweb.asm.SymbolTable::addConstantUtf8 (98 bytes)

Stack: [0x000000bc78f00000,0x000000bc79000000]
Native frames: (J=compiled Java code, j=interpreted, Vv=VM code, C=native code)
V  [jvm.dll+0x5fbcea]
V  [jvm.dll+0x731905]
V  [jvm.dll+0x732f1d]
V  [jvm.dll+0x7335d3]
V  [jvm.dll+0x247bf8]
V  [jvm.dll+0xc018c]
V  [jvm.dll+0xc06cc]
V  [jvm.dll+0x35b31d]
V  [jvm.dll+0x328803]
V  [jvm.dll+0x327cfa]
V  [jvm.dll+0x200602]
V  [jvm.dll+0x1ff794]
V  [jvm.dll+0x18868c]
V  [jvm.dll+0x20e0d7]
V  [jvm.dll+0x20c901]
V  [jvm.dll+0x6f9b7f]
V  [jvm.dll+0x6f26a5]
V  [jvm.dll+0x5fabf6]
C  [ucrtbase.dll+0x26c0c]
C  [KERNEL32.DLL+0x154e0]
C  [ntdll.dll+0x485b]


---------------  P R O C E S S  ---------------

Threads class SMR info:
_java_thread_list=0x000001d3ba8582e0, length=38, elements={
0x000001d39ce5c800, 0x000001d3b72f5000, 0x000001d3b72fe000, 0x000001d3b7314000,
0x000001d3b7314800, 0x000001d3b7315800, 0x000001d3b7323000, 0x000001d3b7327800,
0x000001d3b732a800, 0x000001d3b7dc7000, 0x000001d3b9197000, 0x000001d3b7e74000,
0x000001d3b943f800, 0x000001d3b955b000, 0x000001d3b908f800, 0x000001d3b92e6800,
0x000001d3b8df8800, 0x000001d3b8df9000, 0x000001d3ba4b8000, 0x000001d3b9c90000,
0x000001d3b9c8d800, 0x000001d3b9c8e800, 0x000001d3b9c8b000, 0x000001d3b9c8c000,
0x000001d3b9c8f000, 0x000001d3b9c8c800, 0x000001d3b9c8a800, 0x000001d3b9c91000,
0x000001d3b9dc4800, 0x000001d3b9dc3000, 0x000001d3b9dc5800, 0x000001d3b9dc0800,
0x000001d3b9dc6000, 0x000001d3b9dc1800, 0x000001d3b9dc7000, 0x000001d3b9dc8000,
0x000001d3b9dc2000, 0x000001d3b9dc8800
}

Java Threads: ( => current thread )
  0x000001d39ce5c800 JavaThread "main" [_thread_blocked, id=7672, stack(0x000000bc78300000,0x000000bc78400000)]
  0x000001d3b72f5000 JavaThread "Reference Handler" daemon [_thread_blocked, id=9000, stack(0x000000bc78a00000,0x000000bc78b00000)]
  0x000001d3b72fe000 JavaThread "Finalizer" daemon [_thread_blocked, id=14320, stack(0x000000bc78b00000,0x000000bc78c00000)]
  0x000001d3b7314000 JavaThread "Signal Dispatcher" daemon [_thread_blocked, id=7140, stack(0x000000bc78c00000,0x000000bc78d00000)]
  0x000001d3b7314800 JavaThread "Attach Listener" daemon [_thread_blocked, id=11028, stack(0x000000bc78d00000,0x000000bc78e00000)]
  0x000001d3b7315800 JavaThread "Service Thread" daemon [_thread_blocked, id=9536, stack(0x000000bc78e00000,0x000000bc78f00000)]
=>0x000001d3b7323000 JavaThread "C2 CompilerThread0" daemon [_thread_in_native, id=5772, stack(0x000000bc78f00000,0x000000bc79000000)]
  0x000001d3b7327800 JavaThread "C1 CompilerThread0" daemon [_thread_blocked, id=11136, stack(0x000000bc79000000,0x000000bc79100000)]
  0x000001d3b732a800 JavaThread "Sweeper thread" daemon [_thread_blocked, id=7532, stack(0x000000bc79100000,0x000000bc79200000)]
  0x000001d3b7dc7000 JavaThread "Common-Cleaner" daemon [_thread_blocked, id=15228, stack(0x000000bc79200000,0x000000bc79300000)]
  0x000001d3b9197000 JavaThread "Daemon health stats" [_thread_blocked, id=8824, stack(0x000000bc79700000,0x000000bc79800000)]
  0x000001d3b7e74000 JavaThread "Incoming local TCP Connector on port 53949" [_thread_in_native, id=14620, stack(0x000000bc79400000,0x000000bc79500000)]
  0x000001d3b943f800 JavaThread "Daemon periodic checks" [_thread_blocked, id=12304, stack(0x000000bc79800000,0x000000bc79900000)]
  0x000001d3b955b000 JavaThread "Daemon" [_thread_blocked, id=7928, stack(0x000000bc79900000,0x000000bc79a00000)]
  0x000001d3b908f800 JavaThread "Handler for socket connection from /127.0.0.1:53949 to /127.0.0.1:53964" [_thread_in_native, id=11508, stack(0x000000bc79a00000,0x000000bc79b00000)]
  0x000001d3b92e6800 JavaThread "Cancel handler" [_thread_blocked, id=14648, stack(0x000000bc79b00000,0x000000bc79c00000)]
  0x000001d3b8df8800 JavaThread "Daemon worker" [_thread_in_vm, id=5460, stack(0x000000bc79c00000,0x000000bc79d00000)]
  0x000001d3b8df9000 JavaThread "Asynchronous log dispatcher for DefaultDaemonConnection: socket connection from /127.0.0.1:53949 to /127.0.0.1:53964" [_thread_blocked, id=9464, stack(0x000000bc79d00000,0x000000bc79e00000)]
  0x000001d3ba4b8000 JavaThread "Stdin handler" [_thread_blocked, id=9740, stack(0x000000bc79e00000,0x000000bc79f00000)]
  0x000001d3b9c90000 JavaThread "Daemon client event forwarder" [_thread_blocked, id=10164, stack(0x000000bc79f00000,0x000000bc7a000000)]
  0x000001d3b9c8d800 JavaThread "Cache worker for journal cache (C:\Users\svkja\.gradle\caches\journal-1)" [_thread_blocked, id=5328, stack(0x000000bc7a500000,0x000000bc7a600000)]
  0x000001d3b9c8e800 JavaThread "File lock request listener" [_thread_in_native, id=10520, stack(0x000000bc7a600000,0x000000bc7a700000)]
  0x000001d3b9c8b000 JavaThread "Cache worker for file hash cache (C:\Users\svkja\.gradle\caches\7.3.3\fileHashes)" [_thread_blocked, id=15280, stack(0x000000bc7a800000,0x000000bc7a900000)]
  0x000001d3b9c8c000 JavaThread "Cache worker for file hash cache (D:\test2\.gradle\7.3.3\fileHashes)" [_thread_blocked, id=12448, stack(0x000000bc7a900000,0x000000bc7aa00000)]
  0x000001d3b9c8f000 JavaThread "File watcher server" daemon [_thread_in_native, id=9508, stack(0x000000bc7ab00000,0x000000bc7ac00000)]
  0x000001d3b9c8c800 JavaThread "File watcher consumer" daemon [_thread_blocked, id=4772, stack(0x000000bc7ac00000,0x000000bc7ad00000)]
  0x000001d3b9c8a800 JavaThread "jar transforms" [_thread_blocked, id=15168, stack(0x000000bc7ad00000,0x000000bc7ae00000)]
  0x000001d3b9c91000 JavaThread "jar transforms Thread 2" [_thread_blocked, id=13740, stack(0x000000bc7ae00000,0x000000bc7af00000)]
  0x000001d3b9dc4800 JavaThread "jar transforms Thread 3" [_thread_blocked, id=9444, stack(0x000000bc7af00000,0x000000bc7b000000)]
  0x000001d3b9dc3000 JavaThread "jar transforms Thread 4" [_thread_blocked, id=16164, stack(0x000000bc7b000000,0x000000bc7b100000)]
  0x000001d3b9dc5800 JavaThread "jar transforms Thread 5" [_thread_blocked, id=5832, stack(0x000000bc7b100000,0x000000bc7b200000)]
  0x000001d3b9dc0800 JavaThread "jar transforms Thread 6" [_thread_blocked, id=11708, stack(0x000000bc7b200000,0x000000bc7b300000)]
  0x000001d3b9dc6000 JavaThread "jar transforms Thread 7" [_thread_blocked, id=7180, stack(0x000000bc7b300000,0x000000bc7b400000)]
  0x000001d3b9dc1800 JavaThread "jar transforms Thread 8" [_thread_blocked, id=11580, stack(0x000000bc7b400000,0x000000bc7b500000)]
  0x000001d3b9dc7000 JavaThread "Cache worker for checksums cache (D:\test2\.gradle\7.3.3\checksums)" [_thread_blocked, id=6356, stack(0x000000bc7aa00000,0x000000bc7ab00000)]
  0x000001d3b9dc8000 JavaThread "Cache worker for cache directory md-supplier (C:\Users\svkja\.gradle\caches\7.3.3\md-supplier)" [_thread_blocked, id=3088, stack(0x000000bc7b500000,0x000000bc7b600000)]
  0x000001d3b9dc2000 JavaThread "Cache worker for cache directory md-rule (C:\Users\svkja\.gradle\caches\7.3.3\md-rule)" [_thread_blocked, id=9208, stack(0x000000bc7b600000,0x000000bc7b700000)]
  0x000001d3b9dc8800 JavaThread "Cache worker for execution history cache (C:\Users\svkja\.gradle\caches\7.3.3\executionHistory)" [_thread_blocked, id=14484, stack(0x000000bc7b700000,0x000000bc7b800000)]

Other Threads:
  0x000001d3b72f2800 VMThread "VM Thread" [stack: 0x000000bc78900000,0x000000bc78a00000] [id=1036]
  0x000001d3b7df2000 WatcherThread [stack: 0x000000bc79300000,0x000000bc79400000] [id=11368]
  0x000001d39ce77000 GCTaskThread "GC Thread#0" [stack: 0x000000bc78400000,0x000000bc78500000] [id=5588]
  0x000001d3b87f8000 GCTaskThread "GC Thread#1" [stack: 0x000000bc79500000,0x000000bc79600000] [id=2828]
  0x000001d3b8c9d800 GCTaskThread "GC Thread#2" [stack: 0x000000bc79600000,0x000000bc79700000] [id=6516]
  0x000001d3b8d09000 GCTaskThread "GC Thread#3" [stack: 0x000000bc7a000000,0x000000bc7a100000] [id=4868]
  0x000001d3b8d0a800 GCTaskThread "GC Thread#4" [stack: 0x000000bc7a100000,0x000000bc7a200000] [id=5380]
  0x000001d3b9289800 GCTaskThread "GC Thread#5" [stack: 0x000000bc7a200000,0x000000bc7a300000] [id=14748]
  0x000001d3ba196800 GCTaskThread "GC Thread#6" [stack: 0x000000bc7a300000,0x000000bc7a400000] [id=8720]
  0x000001d3ba197000 GCTaskThread "GC Thread#7" [stack: 0x000000bc7a400000,0x000000bc7a500000] [id=11156]
  0x000001d39cea8800 ConcurrentGCThread "G1 Main Marker" [stack: 0x000000bc78500000,0x000000bc78600000] [id=14120]
  0x000001d39ceaa800 ConcurrentGCThread "G1 Conc#0" [stack: 0x000000bc78600000,0x000000bc78700000] [id=9332]
  0x000001d3ba4b7800 ConcurrentGCThread "G1 Conc#1" [stack: 0x000000bc7a700000,0x000000bc7a800000] [id=12364]
  0x000001d39cf3d800 ConcurrentGCThread "G1 Refine#0" [stack: 0x000000bc78700000,0x000000bc78800000] [id=9920]
  0x000001d3b7142800 ConcurrentGCThread "G1 Young RemSet Sampling" [stack: 0x000000bc78800000,0x000000bc78900000] [id=4608]

Threads with active compile tasks:
C2 CompilerThread0   7604 2780       4       org.objectweb.asm.SymbolTable::addConstantUtf8 (98 bytes)

VM state:not at safepoint (normal execution)

VM Mutex/Monitor currently owned by a thread: None

Heap address: 0x0000000080000000, size: 2048 MB, Compressed Oops mode: 32-bit
Narrow klass base: 0x0000000000000000, Narrow klass shift: 3
Compressed class space size: 1073741824 Address: 0x0000000100000000

Heap:
 garbage-first heap   total 131072K, used 93973K [0x0000000080000000, 0x0000000100000000)
  region size 1024K, 68 young (69632K), 4 survivors (4096K)
 Metaspace       used 32773K, capacity 33715K, committed 34048K, reserved 1079296K
  class space    used 4425K, capacity 4749K, committed 4864K, reserved 1048576K
Heap Regions: E=young(eden), S=young(survivor), O=old, HS=humongous(starts), HC=humongous(continues), CS=collection set, F=free, A=archive, TAMS=top-at-mark-start (previous, next)
|   0|0x0000000080000000, 0x0000000080100000, 0x0000000080100000|100%| O|  |TAMS 0x0000000080100000, 0x0000000080000000| Untracked 
|   1|0x0000000080100000, 0x0000000080200000, 0x0000000080200000|100%| O|  |TAMS 0x0000000080200000, 0x0000000080100000| Untracked 
|   2|0x0000000080200000, 0x0000000080300000, 0x0000000080300000|100%| O|  |TAMS 0x0000000080300000, 0x0000000080200000| Untracked 
|   3|0x0000000080300000, 0x0000000080400000, 0x0000000080400000|100%|HS|  |TAMS 0x0000000080400000, 0x0000000080300000| Complete 
|   4|0x0000000080400000, 0x0000000080500000, 0x0000000080500000|100%|HC|  |TAMS 0x0000000080500000, 0x0000000080400000| Complete 
|   5|0x0000000080500000, 0x0000000080600000, 0x0000000080600000|100%|HC|  |TAMS 0x0000000080600000, 0x0000000080500000| Complete 
|   6|0x0000000080600000, 0x0000000080700000, 0x0000000080700000|100%| O|  |TAMS 0x0000000080700000, 0x0000000080600000| Untracked 
|   7|0x0000000080700000, 0x0000000080800000, 0x0000000080800000|100%| O|  |TAMS 0x0000000080800000, 0x0000000080700000| Untracked 
|   8|0x0000000080800000, 0x0000000080900000, 0x0000000080900000|100%| O|  |TAMS 0x0000000080900000, 0x0000000080800000| Untracked 
|   9|0x0000000080900000, 0x0000000080a00000, 0x0000000080a00000|100%| O|  |TAMS 0x0000000080a00000, 0x0000000080900000| Untracked 
|  10|0x0000000080a00000, 0x0000000080b00000, 0x0000000080b00000|100%| O|  |TAMS 0x0000000080b00000, 0x0000000080a00000| Untracked 
|  11|0x0000000080b00000, 0x0000000080c00000, 0x0000000080c00000|100%| O|  |TAMS 0x0000000080c00000, 0x0000000080b00000| Untracked 
|  12|0x0000000080c00000, 0x0000000080d00000, 0x0000000080d00000|100%| O|  |TAMS 0x0000000080d00000, 0x0000000080c00000| Untracked 
|  13|0x0000000080d00000, 0x0000000080e00000, 0x0000000080e00000|100%| O|  |TAMS 0x0000000080e00000, 0x0000000080d00000| Untracked 
|  14|0x0000000080e00000, 0x0000000080f00000, 0x0000000080f00000|100%| O|  |TAMS 0x0000000080f00000, 0x0000000080e00000| Untracked 
|  15|0x0000000080f00000, 0x0000000080fa2e00, 0x0000000081000000| 63%| O|  |TAMS 0x0000000080fa2e00, 0x0000000080f00000| Untracked 
|  16|0x0000000081000000, 0x0000000081100000, 0x0000000081100000|100%|HS|  |TAMS 0x0000000081000000, 0x0000000081000000| Complete 
|  17|0x0000000081100000, 0x0000000081200000, 0x0000000081200000|100%|HC|  |TAMS 0x0000000081100000, 0x0000000081100000| Complete 
|  18|0x0000000081200000, 0x0000000081300000, 0x0000000081300000|100%|HS|  |TAMS 0x0000000081200000, 0x0000000081200000| Complete 
|  19|0x0000000081300000, 0x0000000081400000, 0x0000000081400000|100%|HC|  |TAMS 0x0000000081300000, 0x0000000081300000| Complete 
|  20|0x0000000081400000, 0x0000000081500000, 0x0000000081500000|100%|HC|  |TAMS 0x0000000081400000, 0x0000000081400000| Complete 
|  21|0x0000000081500000, 0x0000000081600000, 0x0000000081600000|100%|HS|  |TAMS 0x0000000081500000, 0x0000000081500000| Complete 
|  22|0x0000000081600000, 0x0000000081700000, 0x0000000081700000|100%|HS|  |TAMS 0x0000000081600000, 0x0000000081600000| Complete 
|  23|0x0000000081700000, 0x0000000081800000, 0x0000000081800000|100%|HC|  |TAMS 0x0000000081700000, 0x0000000081700000| Complete 
|  24|0x0000000081800000, 0x0000000081900000, 0x0000000081900000|100%|HC|  |TAMS 0x0000000081800000, 0x0000000081800000| Complete 
|  25|0x0000000081900000, 0x0000000081a00000, 0x0000000081a00000|100%|HC|  |TAMS 0x0000000081900000, 0x0000000081900000| Complete 
|  26|0x0000000081a00000, 0x0000000081a00000, 0x0000000081b00000|  0%| F|  |TAMS 0x0000000081a00000, 0x0000000081a00000| Untracked 
|  27|0x0000000081b00000, 0x0000000081b00000, 0x0000000081c00000|  0%| F|  |TAMS 0x0000000081b00000, 0x0000000081b00000| Untracked 
|  28|0x0000000081c00000, 0x0000000081c00000, 0x0000000081d00000|  0%| F|  |TAMS 0x0000000081c00000, 0x0000000081c00000| Untracked 
|  29|0x0000000081d00000, 0x0000000081d00000, 0x0000000081e00000|  0%| F|  |TAMS 0x0000000081d00000, 0x0000000081d00000| Untracked 
|  30|0x0000000081e00000, 0x0000000081e00000, 0x0000000081f00000|  0%| F|  |TAMS 0x0000000081e00000, 0x0000000081e00000| Untracked 
|  31|0x0000000081f00000, 0x0000000081f00000, 0x0000000082000000|  0%| F|  |TAMS 0x0000000081f00000, 0x0000000081f00000| Untracked 
|  32|0x0000000082000000, 0x0000000082000000, 0x0000000082100000|  0%| F|  |TAMS 0x0000000082000000, 0x0000000082000000| Untracked 
|  33|0x0000000082100000, 0x0000000082100000, 0x0000000082200000|  0%| F|  |TAMS 0x0000000082100000, 0x0000000082100000| Untracked 
|  34|0x0000000082200000, 0x0000000082200000, 0x0000000082300000|  0%| F|  |TAMS 0x0000000082200000, 0x0000000082200000| Untracked 
|  35|0x0000000082300000, 0x0000000082300000, 0x0000000082400000|  0%| F|  |TAMS 0x0000000082300000, 0x0000000082300000| Untracked 
|  36|0x0000000082400000, 0x0000000082400000, 0x0000000082500000|  0%| F|  |TAMS 0x0000000082400000, 0x0000000082400000| Untracked 
|  37|0x0000000082500000, 0x0000000082500000, 0x0000000082600000|  0%| F|  |TAMS 0x0000000082500000, 0x0000000082500000| Untracked 
|  38|0x0000000082600000, 0x0000000082600000, 0x0000000082700000|  0%| F|  |TAMS 0x0000000082600000, 0x0000000082600000| Untracked 
|  39|0x0000000082700000, 0x0000000082700000, 0x0000000082800000|  0%| F|  |TAMS 0x0000000082700000, 0x0000000082700000| Untracked 
|  40|0x0000000082800000, 0x0000000082800000, 0x0000000082900000|  0%| F|  |TAMS 0x0000000082800000, 0x0000000082800000| Untracked 
|  41|0x0000000082900000, 0x0000000082900000, 0x0000000082a00000|  0%| F|  |TAMS 0x0000000082900000, 0x0000000082900000| Untracked 
|  42|0x0000000082a00000, 0x0000000082a00000, 0x0000000082b00000|  0%| F|  |TAMS 0x0000000082a00000, 0x0000000082a00000| Untracked 
|  43|0x0000000082b00000, 0x0000000082b00000, 0x0000000082c00000|  0%| F|  |TAMS 0x0000000082b00000, 0x0000000082b00000| Untracked 
|  44|0x0000000082c00000, 0x0000000082c00000, 0x0000000082d00000|  0%| F|  |TAMS 0x0000000082c00000, 0x0000000082c00000| Untracked 
|  45|0x0000000082d00000, 0x0000000082d00000, 0x0000000082e00000|  0%| F|  |TAMS 0x0000000082d00000, 0x0000000082d00000| Untracked 
|  46|0x0000000082e00000, 0x0000000082e00000, 0x0000000082f00000|  0%| F|  |TAMS 0x0000000082e00000, 0x0000000082e00000| Untracked 
|  47|0x0000000082f00000, 0x0000000082f00000, 0x0000000083000000|  0%| F|  |TAMS 0x0000000082f00000, 0x0000000082f00000| Untracked 
|  48|0x0000000083000000, 0x0000000083000000, 0x0000000083100000|  0%| F|  |TAMS 0x0000000083000000, 0x0000000083000000| Untracked 
|  49|0x0000000083100000, 0x0000000083100000, 0x0000000083200000|  0%| F|  |TAMS 0x0000000083100000, 0x0000000083100000| Untracked 
|  50|0x0000000083200000, 0x0000000083200000, 0x0000000083300000|  0%| F|  |TAMS 0x0000000083200000, 0x0000000083200000| Untracked 
|  51|0x0000000083300000, 0x0000000083300000, 0x0000000083400000|  0%| F|  |TAMS 0x0000000083300000, 0x0000000083300000| Untracked 
|  52|0x0000000083400000, 0x0000000083400000, 0x0000000083500000|  0%| F|  |TAMS 0x0000000083400000, 0x0000000083400000| Untracked 
|  53|0x0000000083500000, 0x0000000083500000, 0x0000000083600000|  0%| F|  |TAMS 0x0000000083500000, 0x0000000083500000| Untracked 
|  54|0x0000000083600000, 0x0000000083600000, 0x0000000083700000|  0%| F|  |TAMS 0x0000000083600000, 0x0000000083600000| Untracked 
|  55|0x0000000083700000, 0x0000000083700000, 0x0000000083800000|  0%| F|  |TAMS 0x0000000083700000, 0x0000000083700000| Untracked 
|  56|0x0000000083800000, 0x0000000083800000, 0x0000000083900000|  0%| F|  |TAMS 0x0000000083800000, 0x0000000083800000| Untracked 
|  57|0x0000000083900000, 0x0000000083900000, 0x0000000083a00000|  0%| F|  |TAMS 0x0000000083900000, 0x0000000083900000| Untracked 
|  58|0x0000000083a00000, 0x0000000083a00000, 0x0000000083b00000|  0%| F|  |TAMS 0x0000000083a00000, 0x0000000083a00000| Untracked 
|  59|0x0000000083b00000, 0x0000000083b00000, 0x0000000083c00000|  0%| F|  |TAMS 0x0000000083b00000, 0x0000000083b00000| Untracked 
|  60|0x0000000083c00000, 0x0000000083c80e88, 0x0000000083d00000| 50%| E|  |TAMS 0x0000000083c00000, 0x0000000083c00000| Complete 
|  61|0x0000000083d00000, 0x0000000083e00000, 0x0000000083e00000|100%| E|CS|TAMS 0x0000000083d00000, 0x0000000083d00000| Complete 
|  62|0x0000000083e00000, 0x0000000083f00000, 0x0000000083f00000|100%| E|CS|TAMS 0x0000000083e00000, 0x0000000083e00000| Complete 
|  63|0x0000000083f00000, 0x0000000084000000, 0x0000000084000000|100%| E|CS|TAMS 0x0000000083f00000, 0x0000000083f00000| Complete 
|  64|0x0000000084000000, 0x0000000084022980, 0x0000000084100000| 13%| S|CS|TAMS 0x0000000084000000, 0x0000000084000000| Complete 
|  65|0x0000000084100000, 0x0000000084200000, 0x0000000084200000|100%| S|CS|TAMS 0x0000000084100000, 0x0000000084100000| Complete 
|  66|0x0000000084200000, 0x0000000084300000, 0x0000000084300000|100%| S|CS|TAMS 0x0000000084200000, 0x0000000084200000| Complete 
|  67|0x0000000084300000, 0x0000000084400000, 0x0000000084400000|100%| S|CS|TAMS 0x0000000084300000, 0x0000000084300000| Complete 
|  68|0x0000000084400000, 0x0000000084500000, 0x0000000084500000|100%| E|CS|TAMS 0x0000000084400000, 0x0000000084400000| Complete 
|  69|0x0000000084500000, 0x0000000084600000, 0x0000000084600000|100%| E|CS|TAMS 0x0000000084500000, 0x0000000084500000| Complete 
|  70|0x0000000084600000, 0x0000000084700000, 0x0000000084700000|100%| E|CS|TAMS 0x0000000084600000, 0x0000000084600000| Complete 
|  71|0x0000000084700000, 0x0000000084800000, 0x0000000084800000|100%| E|CS|TAMS 0x0000000084700000, 0x0000000084700000| Complete 
|  72|0x0000000084800000, 0x0000000084900000, 0x0000000084900000|100%| E|CS|TAMS 0x0000000084800000, 0x0000000084800000| Complete 
|  73|0x0000000084900000, 0x0000000084a00000, 0x0000000084a00000|100%| E|CS|TAMS 0x0000000084900000, 0x0000000084900000| Complete 
|  74|0x0000000084a00000, 0x0000000084b00000, 0x0000000084b00000|100%| E|CS|TAMS 0x0000000084a00000, 0x0000000084a00000| Complete 
|  75|0x0000000084b00000, 0x0000000084c00000, 0x0000000084c00000|100%| E|CS|TAMS 0x0000000084b00000, 0x0000000084b00000| Complete 
|  76|0x0000000084c00000, 0x0000000084d00000, 0x0000000084d00000|100%| E|CS|TAMS 0x0000000084c00000, 0x0000000084c00000| Complete 
|  77|0x0000000084d00000, 0x0000000084e00000, 0x0000000084e00000|100%| E|CS|TAMS 0x0000000084d00000, 0x0000000084d00000| Complete 
|  78|0x0000000084e00000, 0x0000000084f00000, 0x0000000084f00000|100%| E|CS|TAMS 0x0000000084e00000, 0x0000000084e00000| Complete 
|  79|0x0000000084f00000, 0x0000000085000000, 0x0000000085000000|100%| E|CS|TAMS 0x0000000084f00000, 0x0000000084f00000| Complete 
|  80|0x0000000085000000, 0x0000000085100000, 0x0000000085100000|100%| E|CS|TAMS 0x0000000085000000, 0x0000000085000000| Complete 
|  81|0x0000000085100000, 0x0000000085200000, 0x0000000085200000|100%| E|CS|TAMS 0x0000000085100000, 0x0000000085100000| Complete 
|  82|0x0000000085200000, 0x0000000085300000, 0x0000000085300000|100%| E|CS|TAMS 0x0000000085200000, 0x0000000085200000| Complete 
|  83|0x0000000085300000, 0x0000000085400000, 0x0000000085400000|100%| E|CS|TAMS 0x0000000085300000, 0x0000000085300000| Complete 
|  84|0x0000000085400000, 0x0000000085500000, 0x0000000085500000|100%| E|CS|TAMS 0x0000000085400000, 0x0000000085400000| Complete 
|  85|0x0000000085500000, 0x0000000085600000, 0x0000000085600000|100%| E|CS|TAMS 0x0000000085500000, 0x0000000085500000| Complete 
|  86|0x0000000085600000, 0x0000000085700000, 0x0000000085700000|100%| E|CS|TAMS 0x0000000085600000, 0x0000000085600000| Complete 
|  87|0x0000000085700000, 0x0000000085800000, 0x0000000085800000|100%| E|CS|TAMS 0x0000000085700000, 0x0000000085700000| Complete 
|  88|0x0000000085800000, 0x0000000085900000, 0x0000000085900000|100%| E|CS|TAMS 0x0000000085800000, 0x0000000085800000| Complete 
|  89|0x0000000085900000, 0x0000000085a00000, 0x0000000085a00000|100%| E|CS|TAMS 0x0000000085900000, 0x0000000085900000| Complete 
|  90|0x0000000085a00000, 0x0000000085b00000, 0x0000000085b00000|100%| E|CS|TAMS 0x0000000085a00000, 0x0000000085a00000| Complete 
|  91|0x0000000085b00000, 0x0000000085c00000, 0x0000000085c00000|100%| E|CS|TAMS 0x0000000085b00000, 0x0000000085b00000| Complete 
|  92|0x0000000085c00000, 0x0000000085d00000, 0x0000000085d00000|100%| E|CS|TAMS 0x0000000085c00000, 0x0000000085c00000| Complete 
|  93|0x0000000085d00000, 0x0000000085e00000, 0x0000000085e00000|100%| E|CS|TAMS 0x0000000085d00000, 0x0000000085d00000| Complete 
|  94|0x0000000085e00000, 0x0000000085f00000, 0x0000000085f00000|100%| E|CS|TAMS 0x0000000085e00000, 0x0000000085e00000| Complete 
|  95|0x0000000085f00000, 0x0000000086000000, 0x0000000086000000|100%| E|CS|TAMS 0x0000000085f00000, 0x0000000085f00000| Complete 
|  96|0x0000000086000000, 0x0000000086100000, 0x0000000086100000|100%| E|CS|TAMS 0x0000000086000000, 0x0000000086000000| Complete 
|  97|0x0000000086100000, 0x0000000086200000, 0x0000000086200000|100%| E|CS|TAMS 0x0000000086100000, 0x0000000086100000| Complete 
|  98|0x0000000086200000, 0x0000000086300000, 0x0000000086300000|100%| E|CS|TAMS 0x0000000086200000, 0x0000000086200000| Complete 
|  99|0x0000000086300000, 0x0000000086400000, 0x0000000086400000|100%| E|CS|TAMS 0x0000000086300000, 0x0000000086300000| Complete 
| 100|0x0000000086400000, 0x0000000086500000, 0x0000000086500000|100%| E|CS|TAMS 0x0000000086400000, 0x0000000086400000| Complete 
| 101|0x0000000086500000, 0x0000000086600000, 0x0000000086600000|100%| E|CS|TAMS 0x0000000086500000, 0x0000000086500000| Complete 
| 102|0x0000000086600000, 0x0000000086700000, 0x0000000086700000|100%| E|CS|TAMS 0x0000000086600000, 0x0000000086600000| Complete 
| 103|0x0000000086700000, 0x0000000086800000, 0x0000000086800000|100%| E|CS|TAMS 0x0000000086700000, 0x0000000086700000| Complete 
| 104|0x0000000086800000, 0x0000000086900000, 0x0000000086900000|100%| E|CS|TAMS 0x0000000086800000, 0x0000000086800000| Complete 
| 105|0x0000000086900000, 0x0000000086a00000, 0x0000000086a00000|100%| E|CS|TAMS 0x0000000086900000, 0x0000000086900000| Complete 
| 106|0x0000000086a00000, 0x0000000086b00000, 0x0000000086b00000|100%| E|CS|TAMS 0x0000000086a00000, 0x0000000086a00000| Complete 
| 107|0x0000000086b00000, 0x0000000086c00000, 0x0000000086c00000|100%| E|CS|TAMS 0x0000000086b00000, 0x0000000086b00000| Complete 
| 108|0x0000000086c00000, 0x0000000086d00000, 0x0000000086d00000|100%| E|CS|TAMS 0x0000000086c00000, 0x0000000086c00000| Complete 
| 109|0x0000000086d00000, 0x0000000086e00000, 0x0000000086e00000|100%| E|CS|TAMS 0x0000000086d00000, 0x0000000086d00000| Complete 
| 110|0x0000000086e00000, 0x0000000086f00000, 0x0000000086f00000|100%| E|CS|TAMS 0x0000000086e00000, 0x0000000086e00000| Complete 
| 111|0x0000000086f00000, 0x0000000087000000, 0x0000000087000000|100%| E|CS|TAMS 0x0000000086f00000, 0x0000000086f00000| Complete 
| 112|0x0000000087000000, 0x0000000087100000, 0x0000000087100000|100%| E|CS|TAMS 0x0000000087000000, 0x0000000087000000| Complete 
| 113|0x0000000087100000, 0x0000000087200000, 0x0000000087200000|100%| E|CS|TAMS 0x0000000087100000, 0x0000000087100000| Complete 
| 114|0x0000000087200000, 0x0000000087300000, 0x0000000087300000|100%| E|CS|TAMS 0x0000000087200000, 0x0000000087200000| Complete 
| 115|0x0000000087300000, 0x0000000087400000, 0x0000000087400000|100%| E|CS|TAMS 0x0000000087300000, 0x0000000087300000| Complete 
| 116|0x0000000087400000, 0x0000000087500000, 0x0000000087500000|100%| E|CS|TAMS 0x0000000087400000, 0x0000000087400000| Complete 
| 117|0x0000000087500000, 0x0000000087600000, 0x0000000087600000|100%| E|CS|TAMS 0x0000000087500000, 0x0000000087500000| Complete 
| 118|0x0000000087600000, 0x0000000087700000, 0x0000000087700000|100%| E|CS|TAMS 0x0000000087600000, 0x0000000087600000| Complete 
| 119|0x0000000087700000, 0x0000000087800000, 0x0000000087800000|100%| E|CS|TAMS 0x0000000087700000, 0x0000000087700000| Complete 
| 120|0x0000000087800000, 0x0000000087900000, 0x0000000087900000|100%| E|CS|TAMS 0x0000000087800000, 0x0000000087800000| Complete 
| 121|0x0000000087900000, 0x0000000087a00000, 0x0000000087a00000|100%| E|CS|TAMS 0x0000000087900000, 0x0000000087900000| Complete 
| 122|0x0000000087a00000, 0x0000000087b00000, 0x0000000087b00000|100%| E|CS|TAMS 0x0000000087a00000, 0x0000000087a00000| Complete 
| 123|0x0000000087b00000, 0x0000000087c00000, 0x0000000087c00000|100%| E|CS|TAMS 0x0000000087b00000, 0x0000000087b00000| Complete 
| 124|0x0000000087c00000, 0x0000000087d00000, 0x0000000087d00000|100%| E|CS|TAMS 0x0000000087c00000, 0x0000000087c00000| Complete 
| 125|0x0000000087d00000, 0x0000000087e00000, 0x0000000087e00000|100%| E|CS|TAMS 0x0000000087d00000, 0x0000000087d00000| Complete 
| 126|0x0000000087e00000, 0x0000000087f00000, 0x0000000087f00000|100%| E|CS|TAMS 0x0000000087e00000, 0x0000000087e00000| Complete 
| 127|0x0000000087f00000, 0x0000000088000000, 0x0000000088000000|100%| E|CS|TAMS 0x0000000087f00000, 0x0000000087f00000| Complete 

Card table byte_map: [0x000001d3b00a0000,0x000001d3b04a0000] _byte_map_base: 0x000001d3afca0000

Marking Bits (Prev, Next): (CMBitMap*) 0x000001d39ce9fbb0, (CMBitMap*) 0x000001d39ce9fb78
 Prev Bits: [0x000001d3b28a0000, 0x000001d3b48a0000)
 Next Bits: [0x000001d3b08a0000, 0x000001d3b28a0000)

Polling page: 0x000001d39ae30000

Metaspace:

Usage:
  Non-class:     28.29 MB capacity,    27.70 MB ( 98%) used,   520.02 KB (  2%) free+waste,    77.13 KB ( <1%) overhead. 
      Class:      4.64 MB capacity,     4.32 MB ( 93%) used,   281.91 KB (  6%) free+waste,    38.75 KB ( <1%) overhead. 
       Both:     32.92 MB capacity,    32.03 MB ( 97%) used,   801.93 KB (  2%) free+waste,   115.88 KB ( <1%) overhead. 

Virtual space:
  Non-class space:       30.00 MB reserved,      28.50 MB ( 95%) committed 
      Class space:        1.00 GB reserved,       4.75 MB ( <1%) committed 
             Both:        1.03 GB reserved,      33.25 MB (  3%) committed 

Chunk freelists:
   Non-Class:  26.00 KB
       Class:  19.00 KB
        Both:  45.00 KB

MaxMetaspaceSize: 17179869184.00 GB
CompressedClassSpaceSize: 1.00 GB
Initial GC threshold: 20.80 MB
Current GC threshold: 35.00 MB
CDS: off

CodeHeap 'non-profiled nmethods': size=120000Kb used=1537Kb max_used=1537Kb free=118463Kb
 bounds [0x000001d3a8440000, 0x000001d3a86b0000, 0x000001d3af970000]
CodeHeap 'profiled nmethods': size=120000Kb used=5963Kb max_used=5963Kb free=114036Kb
 bounds [0x000001d3a0f10000, 0x000001d3a14f0000, 0x000001d3a8440000]
CodeHeap 'non-nmethods': size=5760Kb used=1239Kb max_used=1281Kb free=4520Kb
 bounds [0x000001d3a0970000, 0x000001d3a0be0000, 0x000001d3a0f10000]
 total_blobs=3294 nmethods=2781 adapters=425
 compilation: enabled
              stopped_count=0, restarted_count=0
 full_count=0

Compilation events (20 events):
Event: 7.441 Thread 0x000001d3b7327800 2775       3       org.objectweb.asm.MethodWriter::visitCode (1 bytes)
Event: 7.441 Thread 0x000001d3b7327800 nmethod 2775 0x000001d3a14dd490 code [0x000001d3a14dd640, 0x000001d3a14dd738]
Event: 7.445 Thread 0x000001d3b7327800 2776       3       com.google.common.collect.ImmutableCollection::<init> (5 bytes)
Event: 7.445 Thread 0x000001d3b7327800 nmethod 2776 0x000001d3a14dd810 code [0x000001d3a14dd9c0, 0x000001d3a14ddb78]
Event: 7.458 Thread 0x000001d3b7323000 nmethod 2770 0x000001d3a85bde90 code [0x000001d3a85be0e0, 0x000001d3a85bed20]
Event: 7.459 Thread 0x000001d3b7323000 2771       4       org.gradle.internal.reflect.PropertyAccessorType::of (95 bytes)
Event: 7.474 Thread 0x000001d3b7323000 nmethod 2771 0x000001d3a85bf290 code [0x000001d3a85bf460, 0x000001d3a85bf838]
Event: 7.475 Thread 0x000001d3b7327800 2777       3       org.objectweb.asm.MethodWriter::putFrame (549 bytes)
Event: 7.476 Thread 0x000001d3b7323000 2780       4       org.objectweb.asm.SymbolTable::addConstantUtf8 (98 bytes)
Event: 7.478 Thread 0x000001d3b7327800 nmethod 2777 0x000001d3a14ddc90 code [0x000001d3a14de0e0, 0x000001d3a14dfb38]
Event: 7.478 Thread 0x000001d3b7327800 2779       3       org.objectweb.asm.Frame::setInputFrameFromDescriptor (175 bytes)
Event: 7.479 Thread 0x000001d3b7327800 nmethod 2779 0x000001d3a14e0790 code [0x000001d3a14e09c0, 0x000001d3a14e1198]
Event: 7.479 Thread 0x000001d3b7327800 2778       3       org.objectweb.asm.MethodWriter::putAbstractTypes (31 bytes)
Event: 7.479 Thread 0x000001d3b7327800 nmethod 2778 0x000001d3a14e1590 code [0x000001d3a14e1760, 0x000001d3a14e1988]
Event: 7.481 Thread 0x000001d3b7327800 2781       3       com.google.common.cache.LocalCache::recordsAccess (5 bytes)
Event: 7.481 Thread 0x000001d3b7327800 nmethod 2781 0x000001d3a14e1b10 code [0x000001d3a14e1cc0, 0x000001d3a14e1e98]
Event: 7.483 Thread 0x000001d3b7327800 2782       3       java.util.stream.StreamSupport::stream (19 bytes)
Event: 7.484 Thread 0x000001d3b7327800 nmethod 2782 0x000001d3a14e1f90 code [0x000001d3a14e2180, 0x000001d3a14e2588]
Event: 7.484 Thread 0x000001d3b7327800 2783       3       java.util.stream.StreamOpFlag::fromCharacteristics (37 bytes)
Event: 7.484 Thread 0x000001d3b7327800 nmethod 2783 0x000001d3a14e2790 code [0x000001d3a14e2960, 0x000001d3a14e2c58]

GC Heap History (8 events):
Event: 0.714 GC heap before
{Heap before GC invocations=0 (full 0):
 garbage-first heap   total 131072K, used 30720K [0x0000000080000000, 0x0000000100000000)
  region size 1024K, 24 young (24576K), 0 survivors (0K)
 Metaspace       used 10214K, capacity 10493K, committed 10624K, reserved 1058816K
  class space    used 1072K, capacity 1139K, committed 1152K, reserved 1048576K
}
Event: 0.718 GC heap after
{Heap after GC invocations=1 (full 0):
 garbage-first heap   total 131072K, used 9466K [0x0000000080000000, 0x0000000100000000)
  region size 1024K, 3 young (3072K), 3 survivors (3072K)
 Metaspace       used 10214K, capacity 10493K, committed 10624K, reserved 1058816K
  class space    used 1072K, capacity 1139K, committed 1152K, reserved 1048576K
}
Event: 3.563 GC heap before
{Heap before GC invocations=1 (full 0):
 garbage-first heap   total 131072K, used 84218K [0x0000000080000000, 0x0000000100000000)
  region size 1024K, 76 young (77824K), 3 survivors (3072K)
 Metaspace       used 18011K, capacity 18506K, committed 18688K, reserved 1064960K
  class space    used 2131K, capacity 2292K, committed 2304K, reserved 1048576K
}
Event: 3.573 GC heap after
{Heap after GC invocations=2 (full 0):
 garbage-first heap   total 131072K, used 16089K [0x0000000080000000, 0x0000000100000000)
  region size 1024K, 10 young (10240K), 10 survivors (10240K)
 Metaspace       used 18011K, capacity 18506K, committed 18688K, reserved 1064960K
  class space    used 2131K, capacity 2292K, committed 2304K, reserved 1048576K
}
Event: 4.273 GC heap before
{Heap before GC invocations=2 (full 0):
 garbage-first heap   total 131072K, used 41689K [0x0000000080000000, 0x0000000100000000)
  region size 1024K, 36 young (36864K), 10 survivors (10240K)
 Metaspace       used 20656K, capacity 21155K, committed 21248K, reserved 1067008K
  class space    used 2538K, capacity 2728K, committed 2816K, reserved 1048576K
}
Event: 4.284 GC heap after
{Heap after GC invocations=3 (full 0):
 garbage-first heap   total 131072K, used 17120K [0x0000000080000000, 0x0000000100000000)
  region size 1024K, 2 young (2048K), 2 survivors (2048K)
 Metaspace       used 20656K, capacity 21155K, committed 21248K, reserved 1067008K
  class space    used 2538K, capacity 2728K, committed 2816K, reserved 1048576K
}
Event: 5.471 GC heap before
{Heap before GC invocations=4 (full 0):
 garbage-first heap   total 131072K, used 76512K [0x0000000080000000, 0x0000000100000000)
  region size 1024K, 60 young (61440K), 2 survivors (2048K)
 Metaspace       used 27298K, capacity 27959K, committed 28160K, reserved 1073152K
  class space    used 3570K, capacity 3816K, committed 3840K, reserved 1048576K
}
Event: 5.474 GC heap after
{Heap after GC invocations=5 (full 0):
 garbage-first heap   total 131072K, used 19221K [0x0000000080000000, 0x0000000100000000)
  region size 1024K, 4 young (4096K), 4 survivors (4096K)
 Metaspace       used 27298K, capacity 27959K, committed 28160K, reserved 1073152K
  class space    used 3570K, capacity 3816K, committed 3840K, reserved 1048576K
}

Deoptimization events (20 events):
Event: 5.532 Thread 0x000001d3b8df8800 DEOPT PACKING pc=0x000001d3a84ce27c sp=0x000000bc79cf6220
Event: 5.532 Thread 0x000001d3b8df8800 DEOPT UNPACKING pc=0x000001d3a09ba1af sp=0x000000bc79cf6208 mode 2
Event: 5.609 Thread 0x000001d3b8df8800 DEOPT PACKING pc=0x000001d3a13fb284 sp=0x000000bc79cf5130
Event: 5.609 Thread 0x000001d3b8df8800 DEOPT UNPACKING pc=0x000001d3a09ba95e sp=0x000000bc79cf4720 mode 0
Event: 5.644 Thread 0x000001d3b8df8800 DEOPT PACKING pc=0x000001d3a13fb284 sp=0x000000bc79cf4170
Event: 5.644 Thread 0x000001d3b8df8800 DEOPT UNPACKING pc=0x000001d3a09ba95e sp=0x000000bc79cf3760 mode 0
Event: 5.645 Thread 0x000001d3b8df8800 DEOPT PACKING pc=0x000001d3a0fd281b sp=0x000000bc79cf4590
Event: 5.645 Thread 0x000001d3b8df8800 DEOPT UNPACKING pc=0x000001d3a09ba95e sp=0x000000bc79cf3ad0 mode 0
Event: 6.406 Thread 0x000001d3b8df8800 Uncommon trap: trap_request=0xffffff4d fr.pc=0x000001d3a85322cc relative=0x000000000000020c
Event: 6.406 Thread 0x000001d3b8df8800 Uncommon trap: reason=unstable_if action=reinterpret pc=0x000001d3a85322cc method=java.util.HashMap.hash(Ljava/lang/Object;)I @ 1 c2
Event: 6.406 Thread 0x000001d3b8df8800 DEOPT PACKING pc=0x000001d3a85322cc sp=0x000000bc79cf85c0
Event: 6.407 Thread 0x000001d3b8df8800 DEOPT UNPACKING pc=0x000001d3a09ba1af sp=0x000000bc79cf84f8 mode 2
Event: 6.407 Thread 0x000001d3b8df8800 Uncommon trap: trap_request=0xffffff4d fr.pc=0x000001d3a84b1bac relative=0x000000000000008c
Event: 6.407 Thread 0x000001d3b8df8800 Uncommon trap: reason=unstable_if action=reinterpret pc=0x000001d3a84b1bac method=java.util.HashMap.hash(Ljava/lang/Object;)I @ 1 c2
Event: 6.407 Thread 0x000001d3b8df8800 DEOPT PACKING pc=0x000001d3a84b1bac sp=0x000000bc79cf8330
Event: 6.407 Thread 0x000001d3b8df8800 DEOPT UNPACKING pc=0x000001d3a09ba1af sp=0x000000bc79cf82c8 mode 2
Event: 7.387 Thread 0x000001d3b8df8800 Uncommon trap: trap_request=0xffffff4d fr.pc=0x000001d3a85ba364 relative=0x00000000000001a4
Event: 7.387 Thread 0x000001d3b8df8800 Uncommon trap: reason=unstable_if action=reinterpret pc=0x000001d3a85ba364 method=java.util.regex.Pattern$BmpCharProperty.match(Ljava/util/regex/Matcher;ILjava/lang/CharSequence;)Z @ 39 c2
Event: 7.387 Thread 0x000001d3b8df8800 DEOPT PACKING pc=0x000001d3a85ba364 sp=0x000000bc79cf8f80
Event: 7.387 Thread 0x000001d3b8df8800 DEOPT UNPACKING pc=0x000001d3a09ba1af sp=0x000000bc79cf8f30 mode 2

Classes redefined (0 events):
No events

Internal exceptions (20 events):
Event: 5.662 Thread 0x000001d3b8df8800 Exception <a 'java/lang/NoSuchMethodError'{0x00000000876da568}: <clinit>> (0x00000000876da568) thrown at [./src/hotspot/share/prims/jni.cpp, line 1365]
Event: 5.671 Thread 0x000001d3b8df8800 Exception <a 'java/lang/NoSuchMethodError'{0x0000000087590260}: <clinit>> (0x0000000087590260) thrown at [./src/hotspot/share/prims/jni.cpp, line 1365]
Event: 5.671 Thread 0x000001d3b8df8800 Exception <a 'java/lang/NoSuchMethodError'{0x0000000087592c98}: <clinit>> (0x0000000087592c98) thrown at [./src/hotspot/share/prims/jni.cpp, line 1365]
Event: 5.671 Thread 0x000001d3b8df8800 Exception <a 'java/lang/NoSuchMethodError'{0x00000000875942a0}: <clinit>> (0x00000000875942a0) thrown at [./src/hotspot/share/prims/jni.cpp, line 1365]
Event: 5.671 Thread 0x000001d3b8df8800 Exception <a 'java/lang/NoSuchMethodError'{0x0000000087595838}: <clinit>> (0x0000000087595838) thrown at [./src/hotspot/share/prims/jni.cpp, line 1365]
Event: 5.672 Thread 0x000001d3b8df8800 Exception <a 'java/lang/NoSuchMethodError'{0x0000000087596f98}: <clinit>> (0x0000000087596f98) thrown at [./src/hotspot/share/prims/jni.cpp, line 1365]
Event: 5.672 Thread 0x000001d3b8df8800 Exception <a 'java/lang/NoSuchMethodError'{0x0000000087598630}: <clinit>> (0x0000000087598630) thrown at [./src/hotspot/share/prims/jni.cpp, line 1365]
Event: 5.672 Thread 0x000001d3b8df8800 Exception <a 'java/lang/NoSuchMethodError'{0x0000000087599b68}: <clinit>> (0x0000000087599b68) thrown at [./src/hotspot/share/prims/jni.cpp, line 1365]
Event: 6.132 Thread 0x000001d3b8df8800 Exception <a 'java/lang/NoSuchMethodError'{0x00000000864d0ee0}: 'java.lang.Object java.lang.invoke.DirectMethodHandle$Holder.invokeSpecialIFC(java.lang.Object, java.lang.Object, java.lang.Object, java.lang.Object)'> (0x00000000864d0ee0) thrown at [./src/hotspot/share/interpreter/linkResolver.cpp, line 773]
Event: 6.144 Thread 0x000001d3b8df8800 Exception <a 'java/lang/NoSuchMethodError'{0x00000000863b6fe8}: 'java.lang.Object java.lang.invoke.DirectMethodHandle$Holder.invokeSpecial(java.lang.Object, java.lang.Object, java.lang.Object, java.lang.Object, java.lang.Object, java.lang.Object, java.lang.Object, java.lang.Object, java.lang.Object, java.lang.Object, java.lang.Object, java.lang.Object, java.lang.Object)'> (0x00000000863b6fe8) thrown at [./src/hotspot/share/interpreter/linkResolver.cpp, line 773]
Event: 6.145 Thread 0x000001d3b8df8800 Exception <a 'java/lang/NoSuchMethodError'{0x00000000863c80f0}: 'java.lang.Object java.lang.invoke.DirectMethodHandle$Holder.invokeSpecial(java.lang.Object, java.lang.Object, java.lang.Object, java.lang.Object, java.lang.Object, java.lang.Object, java.lang.Object, java.lang.Object, java.lang.Object, java.lang.Object, java.lang.Object, java.lang.Object)'> (0x00000000863c80f0) thrown at [./src/hotspot/share/interpreter/linkResolver.cpp, line 773]
Event: 6.145 Thread 0x000001d3b8df8800 Exception <a 'java/lang/NoSuchMethodError'{0x00000000863cd4c0}: 'java.lang.Object java.lang.invoke.Invokers$Holder.linkToTargetMethod(java.lang.Object, java.lang.Object, java.lang.Object, java.lang.Object, java.lang.Object, java.lang.Object, java.lang.Object, java.lang.Object, java.lang.Object, java.lang.Object, java.lang.Object)'> (0x00000000863cd4c0) thrown at [./src/hotspot/share/interpreter/linkResolver.cpp, line 773]
Event: 6.261 Thread 0x000001d3b8df8800 Exception <a 'java/lang/NoSuchMethodError'{0x000000008611cc18}: 'java.lang.Object java.lang.invoke.DirectMethodHandle$Holder.invokeSpecial(java.lang.Object, java.lang.Object, java.lang.Object, java.lang.Object, java.lang.Object, java.lang.Object, java.lang.Object, java.lang.Object, java.lang.Object, java.lang.Object, java.lang.Object, java.lang.Object, java.lang.Object, java.lang.Object)'> (0x000000008611cc18) thrown at [./src/hotspot/share/interpreter/linkResolver.cpp, line 773]
Event: 6.262 Thread 0x000001d3b8df8800 Exception <a 'java/lang/NoSuchMethodError'{0x000000008612e538}: 'java.lang.Object java.lang.invoke.Invokers$Holder.linkToTargetMethod(java.lang.Object, java.lang.Object, java.lang.Object, java.lang.Object, java.lang.Object, java.lang.Object, java.lang.Object, java.lang.Object, java.lang.Object, java.lang.Object, java.lang.Object, java.lang.Object)'> (0x000000008612e538) thrown at [./src/hotspot/share/interpreter/linkResolver.cpp, line 773]
Event: 6.278 Thread 0x000001d3b8df8800 Exception <a 'java/lang/NoSuchMethodError'{0x000000008601de08}: 'java.lang.Object java.lang.invoke.DirectMethodHandle$Holder.invokeStaticInit(java.lang.Object, java.lang.Object, java.lang.Object, java.lang.Object)'> (0x000000008601de08) thrown at [./src/hotspot/share/interpreter/linkResolver.cpp, line 773]
Event: 6.406 Thread 0x000001d3b8df8800 Implicit null exception at 0x000001d3a85320f5 to 0x000001d3a85322bc
Event: 6.407 Thread 0x000001d3b8df8800 Implicit null exception at 0x000001d3a84b1b2f to 0x000001d3a84b1b9d
Event: 6.931 Thread 0x000001d3b8df8800 Exception <a 'java/lang/NoSuchMethodError'{0x0000000084f4fcd0}: 'java.lang.Object java.lang.invoke.Invokers$Holder.linkToTargetMethod(java.lang.Object, java.lang.Object, java.lang.Object, java.lang.Object, java.lang.Object, java.lang.Object, java.lang.Object, java.lang.Object)'> (0x0000000084f4fcd0) thrown at [./src/hotspot/share/interpreter/linkResolver.cpp, line 773]
Event: 6.935 Thread 0x000001d3b8df8800 Exception <a 'java/lang/NoSuchMethodError'{0x0000000084f9c598}: 'java.lang.Object java.lang.invoke.Invokers$Holder.linkToTargetMethod(java.lang.Object, java.lang.Object, java.lang.Object, java.lang.Object, java.lang.Object, java.lang.Object, java.lang.Object)'> (0x0000000084f9c598) thrown at [./src/hotspot/share/interpreter/linkResolver.cpp, line 773]
Event: 6.946 Thread 0x000001d3b8df8800 Exception <a 'java/lang/IncompatibleClassChangeError'{0x0000000084fdac98}: Found class java.lang.Object, but interface was expected> (0x0000000084fdac98) thrown at [./src/hotspot/share/interpreter/linkResolver.cpp, line 839]

Events (20 events):
Event: 7.507 loading class org/gradle/configuration/ScriptTarget
Event: 7.507 loading class org/gradle/configuration/ScriptTarget done
Event: 7.508 loading class org/gradle/configuration/BuildOperationScriptPlugin
Event: 7.508 loading class org/gradle/configuration/BuildOperationScriptPlugin done
Event: 7.509 loading class org/gradle/configuration/ApplyScriptPluginBuildOperationType$Result
Event: 7.509 loading class org/gradle/configuration/ApplyScriptPluginBuildOperationType$Result done
Event: 7.509 loading class org/gradle/configuration/BuildOperationScriptPlugin$2
Event: 7.509 loading class org/gradle/configuration/BuildOperationScriptPlugin$2 done
Event: 7.511 loading class org/gradle/internal/Describables$1
Event: 7.511 loading class org/gradle/internal/Describables$1 done
Event: 7.512 loading class org/gradle/configuration/internal/UserCodeApplicationId
Event: 7.512 loading class org/gradle/configuration/internal/UserCodeApplicationId done
Event: 7.512 loading class org/gradle/configuration/internal/UserCodeApplicationId
Event: 7.512 loading class org/gradle/configuration/internal/UserCodeApplicationId done
Event: 7.514 loading class org/gradle/configuration/internal/UserCodeApplicationId
Event: 7.514 loading class org/gradle/configuration/internal/UserCodeApplicationId done
Event: 7.514 loading class org/gradle/configuration/BuildOperationScriptPlugin
Event: 7.514 loading class org/gradle/configuration/BuildOperationScriptPlugin done
Event: 7.515 loading class org/gradle/configuration/internal/DefaultUserCodeApplicationContext$CurrentApplication
Event: 7.515 loading class org/gradle/configuration/internal/DefaultUserCodeApplicationContext$CurrentApplication done


Dynamic libraries:
0x00007ff6192d0000 - 0x00007ff6192da000 	D:\programy\android studio\jre\bin\java.exe
0x00007ff948520000 - 0x00007ff948729000 	C:\Windows\SYSTEM32\ntdll.dll
0x00007ff9469b0000 - 0x00007ff946a6d000 	C:\Windows\System32\KERNEL32.DLL
0x00007ff945e20000 - 0x00007ff94619d000 	C:\Windows\System32\KERNELBASE.dll
0x00007ff945aa0000 - 0x00007ff945bb1000 	C:\Windows\System32\ucrtbase.dll
0x00007ff9400a0000 - 0x00007ff9400b9000 	D:\programy\android studio\jre\bin\jli.dll
0x00007ff93f3d0000 - 0x00007ff93f3e7000 	D:\programy\android studio\jre\bin\VCRUNTIME140.dll
0x00007ff948240000 - 0x00007ff9483ed000 	C:\Windows\System32\USER32.dll
0x00007ff946380000 - 0x00007ff9463a6000 	C:\Windows\System32\win32u.dll
0x00007ff946620000 - 0x00007ff946649000 	C:\Windows\System32\GDI32.dll
0x00007ff934f70000 - 0x00007ff935215000 	C:\Windows\WinSxS\amd64_microsoft.windows.common-controls_6595b64144ccf1df_6.0.22000.120_none_9d947278b86cc467\COMCTL32.dll
0x00007ff945d00000 - 0x00007ff945e18000 	C:\Windows\System32\gdi32full.dll
0x00007ff945a00000 - 0x00007ff945a9d000 	C:\Windows\System32\msvcp_win.dll
0x00007ff9463b0000 - 0x00007ff946453000 	C:\Windows\System32\msvcrt.dll
0x00007ff9467f0000 - 0x00007ff946821000 	C:\Windows\System32\IMM32.DLL
0x00007ff914ff0000 - 0x00007ff91508d000 	D:\programy\android studio\jre\bin\msvcp140.dll
0x00007ff8e34b0000 - 0x00007ff8e3f95000 	D:\programy\android studio\jre\bin\server\jvm.dll
0x00007ff946900000 - 0x00007ff9469ae000 	C:\Windows\System32\ADVAPI32.dll
0x00007ff947600000 - 0x00007ff94769e000 	C:\Windows\System32\sechost.dll
0x00007ff947450000 - 0x00007ff947570000 	C:\Windows\System32\RPCRT4.dll
0x00007ff947570000 - 0x00007ff947578000 	C:\Windows\System32\PSAPI.DLL
0x00007ff93dbd0000 - 0x00007ff93dbd9000 	C:\Windows\SYSTEM32\WSOCK32.dll
0x00007ff9405b0000 - 0x00007ff9405ba000 	C:\Windows\SYSTEM32\VERSION.dll
0x00007ff947950000 - 0x00007ff9479bf000 	C:\Windows\System32\WS2_32.dll
0x00007ff940bf0000 - 0x00007ff940c23000 	C:\Windows\SYSTEM32\WINMM.dll
0x00007ff944bf0000 - 0x00007ff944c08000 	C:\Windows\SYSTEM32\kernel.appcore.dll
0x00007ff93f2b0000 - 0x00007ff93f2c1000 	D:\programy\android studio\jre\bin\verify.dll
0x00007ff943570000 - 0x00007ff943791000 	C:\Windows\SYSTEM32\DBGHELP.DLL
0x00007ff93fb80000 - 0x00007ff93fbb1000 	C:\Windows\SYSTEM32\dbgcore.DLL
0x00007ff945bc0000 - 0x00007ff945c3f000 	C:\Windows\System32\bcryptPrimitives.dll
0x00007ff93f280000 - 0x00007ff93f2a9000 	D:\programy\android studio\jre\bin\java.dll
0x00007ff9417f0000 - 0x00007ff9417fb000 	D:\programy\android studio\jre\bin\jimage.dll
0x00007ff93e8c0000 - 0x00007ff93e8d8000 	D:\programy\android studio\jre\bin\zip.dll
0x00007ff9479c0000 - 0x00007ff948178000 	C:\Windows\System32\SHELL32.dll
0x00007ff943b80000 - 0x00007ff9443e8000 	C:\Windows\SYSTEM32\windows.storage.dll
0x00007ff946f60000 - 0x00007ff9472d9000 	C:\Windows\System32\combase.dll
0x00007ff943a10000 - 0x00007ff943b76000 	C:\Windows\SYSTEM32\wintypes.dll
0x00007ff9483f0000 - 0x00007ff9484da000 	C:\Windows\System32\SHCORE.dll
0x00007ff9465a0000 - 0x00007ff9465fd000 	C:\Windows\System32\shlwapi.dll
0x00007ff945930000 - 0x00007ff945951000 	C:\Windows\SYSTEM32\profapi.dll
0x00007ff93dcb0000 - 0x00007ff93dcca000 	D:\programy\android studio\jre\bin\net.dll
0x00007ff9408e0000 - 0x00007ff9409ec000 	C:\Windows\SYSTEM32\WINHTTP.dll
0x00007ff945020000 - 0x00007ff945087000 	C:\Windows\system32\mswsock.dll
0x00007ff93dc60000 - 0x00007ff93dc74000 	D:\programy\android studio\jre\bin\nio.dll
0x00007ff93f3f0000 - 0x00007ff93f417000 	C:\Users\svkja\.gradle\native\e1d6ef7f7dcc3fd88c89a11ec53ec762bb8ba0a96d01ffa2cd45eb1d1d8dd5c5\windows-amd64\native-platform.dll
0x00007ff90f330000 - 0x00007ff90f474000 	C:\Users\svkja\.gradle\native\5664cfc778a61ccfe75a443a1ab52a65af34e5dc3c78e0209fed803814484fcb\windows-amd64\native-platform-file-events.dll
0x00007ff93e8b0000 - 0x00007ff93e8ba000 	D:\programy\android studio\jre\bin\management.dll
0x00007ff93dc50000 - 0x00007ff93dc5d000 	D:\programy\android studio\jre\bin\management_ext.dll
0x00007ff945260000 - 0x00007ff945278000 	C:\Windows\SYSTEM32\CRYPTSP.dll
0x00007ff944b50000 - 0x00007ff944b85000 	C:\Windows\system32\rsaenh.dll
0x00007ff945110000 - 0x00007ff945139000 	C:\Windows\SYSTEM32\USERENV.dll
0x00007ff9453e0000 - 0x00007ff945407000 	C:\Windows\SYSTEM32\bcrypt.dll
0x00007ff945280000 - 0x00007ff94528c000 	C:\Windows\SYSTEM32\CRYPTBASE.dll
0x00007ff944720000 - 0x00007ff94474d000 	C:\Windows\SYSTEM32\IPHLPAPI.DLL
0x00007ff946f50000 - 0x00007ff946f59000 	C:\Windows\System32\NSI.dll
0x00007ff940ac0000 - 0x00007ff940ad9000 	C:\Windows\SYSTEM32\dhcpcsvc6.DLL
0x00007ff940ce0000 - 0x00007ff940cfe000 	C:\Windows\SYSTEM32\dhcpcsvc.DLL
0x00007ff944790000 - 0x00007ff944878000 	C:\Windows\SYSTEM32\DNSAPI.dll

dbghelp: loaded successfully - version: 4.0.5 - missing functions: none
symbol engine: initialized successfully - sym options: 0x614 - pdb path: .;D:\programy\android studio\jre\bin;C:\Windows\SYSTEM32;C:\Windows\WinSxS\amd64_microsoft.windows.common-controls_6595b64144ccf1df_6.0.22000.120_none_9d947278b86cc467;D:\programy\android studio\jre\bin\server;C:\Users\svkja\.gradle\native\e1d6ef7f7dcc3fd88c89a11ec53ec762bb8ba0a96d01ffa2cd45eb1d1d8dd5c5\windows-amd64;C:\Users\svkja\.gradle\native\5664cfc778a61ccfe75a443a1ab52a65af34e5dc3c78e0209fed803814484fcb\windows-amd64

VM Arguments:
jvm_args: --add-opens=java.base/java.util=ALL-UNNAMED --add-opens=java.base/java.lang=ALL-UNNAMED --add-opens=java.base/java.lang.invoke=ALL-UNNAMED --add-opens=java.base/java.util=ALL-UNNAMED --add-opens=java.prefs/java.util.prefs=ALL-UNNAMED --add-opens=java.prefs/java.util.prefs=ALL-UNNAMED --add-opens=java.base/java.nio.charset=ALL-UNNAMED --add-opens=java.base/java.net=ALL-UNNAMED --add-opens=java.base/java.util.concurrent.atomic=ALL-UNNAMED -Xmx2048m -Dfile.encoding=UTF-8 -Duser.country=SK -Duser.language=sk -Duser.variant 
java_command: org.gradle.launcher.daemon.bootstrap.GradleDaemon 7.3.3
java_class_path (initial): C:\Users\svkja\.gradle\wrapper\dists\gradle-7.3.3-bin\6a41zxkdtcxs8rphpq6y0069z\gradle-7.3.3\lib\gradle-launcher-7.3.3.jar
Launcher Type: SUN_STANDARD

[Global flags]
     intx CICompilerCount                          = 4                                         {product} {ergonomic}
     uint ConcGCThreads                            = 2                                         {product} {ergonomic}
     uint G1ConcRefinementThreads                  = 8                                         {product} {ergonomic}
   size_t G1HeapRegionSize                         = 1048576                                   {product} {ergonomic}
    uintx GCDrainStackTargetSize                   = 64                                        {product} {ergonomic}
   size_t InitialHeapSize                          = 134217728                                 {product} {ergonomic}
   size_t MarkStackSize                            = 4194304                                   {product} {ergonomic}
   size_t MaxHeapSize                              = 2147483648                                {product} {command line}
   size_t MaxNewSize                               = 1287651328                                {product} {ergonomic}
   size_t MinHeapDeltaBytes                        = 1048576                                   {product} {ergonomic}
    uintx NonNMethodCodeHeapSize                   = 5836300                                {pd product} {ergonomic}
    uintx NonProfiledCodeHeapSize                  = 122910970                              {pd product} {ergonomic}
    uintx ProfiledCodeHeapSize                     = 122910970                              {pd product} {ergonomic}
    uintx ReservedCodeCacheSize                    = 251658240                              {pd product} {ergonomic}
     bool SegmentedCodeCache                       = true                                      {product} {ergonomic}
     bool UseCompressedClassPointers               = true                                 {lp64_product} {ergonomic}
     bool UseCompressedOops                        = true                                 {lp64_product} {ergonomic}
     bool UseG1GC                                  = true                                      {product} {ergonomic}
     bool UseLargePagesIndividualAllocation        = false                                  {pd product} {ergonomic}

Logging:
Log output configuration:
 #0: stdout all=warning uptime,level,tags
 #1: stderr all=off uptime,level,tags

Environment Variables:
PATH=C:\Windows\system32;C:\Windows;C:\Windows\System32\Wbem;C:\Windows\System32\WindowsPowerShell\v1.0\;C:\Windows\System32\OpenSSH\;D:\programy\matlab\bin;D:\programy\putty\;C:\Users\svkja\AppData\Local\Microsoft\WindowsApps;;D:\programy\vsc\Microsoft VS Code\bin
USERNAME=svkja
OS=Windows_NT
PROCESSOR_IDENTIFIER=Intel64 Family 6 Model 158 Stepping 10, GenuineIntel



---------------  S Y S T E M  ---------------

OS: Windows 10 , 64 bit Build 22000 (10.0.22000.708)
OS uptime: 5 days 12:11 hours

CPU:total 8 (initial active 8) (4 cores per cpu, 2 threads per core) family 6 model 158 stepping 10 microcode 0xde, cmov, cx8, fxsr, mmx, sse, sse2, sse3, ssse3, sse4.1, sse4.2, popcnt, avx, avx2, aes, clmul, erms, 3dnowpref, lzcnt, ht, tsc, tscinvbit, bmi1, bmi2, adx, fma

Memory: 4k page, system-wide physical 8066M (489M free)
TotalPageFile size 23169M (AvailPageFile size 187M)
current process WorkingSet (physical memory assigned to process): 232M, peak: 232M
current process commit charge ("private bytes"): 288M, peak: 290M

vm_info: OpenJDK 64-Bit Server VM (11.0.12+7-b1504.28-7817840) for windows-amd64 JRE (11.0.12+7-b1504.28-7817840), built on Oct 13 2021 22:12:33 by "builder" with MS VC++ 14.0 (VS2015)

END.
