#
# There is insufficient memory for the Java Runtime Environment to continue.
# Native memory allocation (mmap) failed to map 56623104 bytes for Failed to commit area from 0x0000000090b00000 to 0x0000000094100000 of length 56623104.
# Possible reasons:
#   The system is out of physical RAM or swap space
#   The process is running with CompressedOops enabled, and the Java Heap may be blocking the growth of the native heap
# Possible solutions:
#   Reduce memory load on the system
#   Increase physical memory or swap space
#   Check if swap backing store is full
#   Decrease Java heap size (-Xmx/-Xms)
#   Decrease number of Java threads
#   Decrease Java thread stack sizes (-Xss)
#   Set larger code cache with -XX:ReservedCodeCacheSize=
#   JVM is running with Unscaled Compressed Oops mode in which the Java heap is
#     placed in the first 4GB address space. The Java Heap base address is the
#     maximum limit for the native heap growth. Please use -XX:HeapBaseMinAddress
#     to set the Java Heap base and to place the Java Heap above 4GB virtual address.
# This output file may be truncated or incomplete.
#
#  Out of Memory Error (./src/hotspot/os/windows/os_windows.cpp:3521), pid=14372, tid=15944
#
# JRE version: OpenJDK Runtime Environment (11.0.12+7) (build 11.0.12+7-b1504.28-7817840)
# Java VM: OpenJDK 64-Bit Server VM (11.0.12+7-b1504.28-7817840, mixed mode, tiered, compressed oops, g1 gc, windows-amd64)
# No core dump will be written. Minidumps are not enabled by default on client versions of Windows
#

---------------  S U M M A R Y ------------

Command Line: --add-opens=java.base/java.util=ALL-UNNAMED --add-opens=java.base/java.lang=ALL-UNNAMED --add-opens=java.base/java.lang.invoke=ALL-UNNAMED --add-opens=java.base/java.util=ALL-UNNAMED --add-opens=java.prefs/java.util.prefs=ALL-UNNAMED --add-opens=java.prefs/java.util.prefs=ALL-UNNAMED --add-opens=java.base/java.nio.charset=ALL-UNNAMED --add-opens=java.base/java.net=ALL-UNNAMED --add-opens=java.base/java.util.concurrent.atomic=ALL-UNNAMED -Xmx2048m -Dfile.encoding=UTF-8 -Duser.country=SK -Duser.language=sk -Duser.variant org.gradle.launcher.daemon.bootstrap.GradleDaemon 7.3.3

Host: Intel(R) Core(TM) i5-8300H CPU @ 2.30GHz, 8 cores, 7G,  Windows 10 , 64 bit Build 22000 (10.0.22000.708)
Time: Tue Aug 16 12:06:59 2022 Stredoeurópsky èas (letný) elapsed time: 13.435113 seconds (0d 0h 0m 13s)

---------------  T H R E A D  ---------------

Current thread (0x0000026a1bfa2800):  VMThread "VM Thread" [stack: 0x000000a315f00000,0x000000a316000000] [id=15944]

Stack: [0x000000a315f00000,0x000000a316000000]
[error occurred during error reporting (printing stack bounds), id 0xc0000005, EXCEPTION_ACCESS_VIOLATION (0xc0000005) at pc=0x0000026a04e6112d]

Native frames: (J=compiled Java code, j=interpreted, Vv=VM code, C=native code)
V  [jvm.dll+0x5fbcea]
V  [jvm.dll+0x731905]
V  [jvm.dll+0x732f1d]
V  [jvm.dll+0x733535]
V  [jvm.dll+0x7334eb]
V  [jvm.dll+0x5fb080]
V  [jvm.dll+0x5fb818]
C  [ntdll.dll+0xa8fcf]
C  [ntdll.dll+0x35e9a]
C  [ntdll.dll+0xa7fde]
C  0x0000026a04e6112d

VM_Operation (0x000000a318efe2e0): G1CollectForAllocation, mode: safepoint, requested by thread 0x0000026a202a2800


---------------  P R O C E S S  ---------------

Threads class SMR info:
_java_thread_list=0x0000026a1ddb4be0, length=136, elements={
0x0000026a7f74d800, 0x0000026a1bfa5800, 0x0000026a1bfae000, 0x0000026a1bfc3000,
0x0000026a1bfc3800, 0x0000026a1bfc5000, 0x0000026a1bfca000, 0x0000026a1bfcb000,
0x0000026a1bfce800, 0x0000026a1ca89000, 0x0000026a1eb47000, 0x0000026a1cb5a800,
0x0000026a1e00d000, 0x0000026a1e3c9000, 0x0000026a1db62800, 0x0000026a1eb16000,
0x0000026a1f60e000, 0x0000026a1f3ad000, 0x0000026a1fa5d800, 0x0000026a1e957800,
0x0000026a1f802800, 0x0000026a1f803800, 0x0000026a1f7fd800, 0x0000026a1f7ff000,
0x0000026a1f801000, 0x0000026a1f800000, 0x0000026a1f801800, 0x0000026a1f804000,
0x0000026a1f7fe800, 0x0000026a2029a800, 0x0000026a20298000, 0x0000026a20296800,
0x0000026a2029d000, 0x0000026a2029e800, 0x0000026a20298800, 0x0000026a2029f800,
0x0000026a20299800, 0x0000026a202a3800, 0x0000026a202a2800, 0x0000026a202a4000,
0x0000026a202a1000, 0x0000026a202a0000, 0x0000026a202a1800, 0x0000026a20474800,
0x0000026a20470800, 0x0000026a20475800, 0x0000026a20472000, 0x0000026a20473000,
0x0000026a20473800, 0x0000026a2046f800, 0x0000026a20476000, 0x0000026a20477000,
0x0000026a20471800, 0x0000026a2047a000, 0x0000026a20478000, 0x0000026a2047b000,
0x0000026a2047c000, 0x0000026a2047d800, 0x0000026a2047c800, 0x0000026a2047e800,
0x0000026a20478800, 0x0000026a20479800, 0x0000026a217b5000, 0x0000026a217b4000,
0x0000026a217b6800, 0x0000026a217b3800, 0x0000026a217b5800, 0x0000026a217b7800,
0x0000026a217b8000, 0x0000026a217b2800, 0x0000026a217be000, 0x0000026a217bb800,
0x0000026a217be800, 0x0000026a217bd000, 0x0000026a217b9000, 0x0000026a217bc800,
0x0000026a217ba000, 0x0000026a217c0800, 0x0000026a217bf800, 0x0000026a217ba800,
0x0000026a217c1000, 0x0000026a2076f800, 0x0000026a20773000, 0x0000026a20774800,
0x0000026a20772000, 0x0000026a20776000, 0x0000026a20773800, 0x0000026a20775800,
0x0000026a20770800, 0x0000026a20777000, 0x0000026a20771000, 0x0000026a2077c000,
0x0000026a20779800, 0x0000026a2077b000, 0x0000026a20778800, 0x0000026a2077a000,
0x0000026a2077c800, 0x0000026a20777800, 0x0000026a2077d800, 0x0000026a2077e800,
0x0000026a20790800, 0x0000026a20791800, 0x0000026a2078f000, 0x0000026a20792800,
0x0000026a2078d800, 0x0000026a20793000, 0x0000026a20790000, 0x0000026a20794000,
0x0000026a2078e000, 0x0000026a2079a800, 0x0000026a20796800, 0x0000026a20799000,
0x0000026a20795000, 0x0000026a20799800, 0x0000026a2079b800, 0x0000026a20798000,
0x0000026a20795800, 0x0000026a2079c000, 0x0000026a20797000, 0x0000026a217e6800,
0x0000026a217ea800, 0x0000026a217e4800, 0x0000026a217e5800, 0x0000026a217e8000,
0x0000026a217ed000, 0x0000026a217e9800, 0x0000026a217e9000, 0x0000026a217ec000,
0x0000026a217e7000, 0x0000026a217f2800, 0x0000026a217f2000, 0x0000026a217ef800,
0x0000026a217ee800, 0x0000026a217f3800, 0x0000026a217f0000, 0x0000026a217f1000
}

Java Threads: ( => current thread )
  0x0000026a7f74d800 JavaThread "main" [_thread_blocked, id=16280, stack(0x000000a315900000,0x000000a315a00000)]
  0x0000026a1bfa5800 JavaThread "Reference Handler" daemon [_thread_blocked, id=8140, stack(0x000000a316000000,0x000000a316100000)]
  0x0000026a1bfae000 JavaThread "Finalizer" daemon [_thread_blocked, id=4552, stack(0x000000a316100000,0x000000a316200000)]
  0x0000026a1bfc3000 JavaThread "Signal Dispatcher" daemon [_thread_blocked, id=3452, stack(0x000000a316200000,0x000000a316300000)]
  0x0000026a1bfc3800 JavaThread "Attach Listener" daemon [_thread_blocked, id=2136, stack(0x000000a316300000,0x000000a316400000)]
  0x0000026a1bfc5000 JavaThread "Service Thread" daemon [_thread_blocked, id=4024, stack(0x000000a316400000,0x000000a316500000)]
  0x0000026a1bfca000 JavaThread "C2 CompilerThread0" daemon [_thread_blocked, id=1624, stack(0x000000a316500000,0x000000a316600000)]
  0x0000026a1bfcb000 JavaThread "C1 CompilerThread0" daemon [_thread_blocked, id=10548, stack(0x000000a316600000,0x000000a316700000)]
  0x0000026a1bfce800 JavaThread "Sweeper thread" daemon [_thread_blocked, id=7092, stack(0x000000a316700000,0x000000a316800000)]
  0x0000026a1ca89000 JavaThread "Common-Cleaner" daemon [_thread_blocked, id=13244, stack(0x000000a316800000,0x000000a316900000)]
  0x0000026a1eb47000 JavaThread "Daemon health stats" [_thread_blocked, id=7576, stack(0x000000a316d00000,0x000000a316e00000)]
  0x0000026a1cb5a800 JavaThread "Incoming local TCP Connector on port 57875" [_thread_in_native, id=8168, stack(0x000000a316a00000,0x000000a316b00000)]
  0x0000026a1e00d000 JavaThread "Daemon periodic checks" [_thread_blocked, id=3748, stack(0x000000a316e00000,0x000000a316f00000)]
  0x0000026a1e3c9000 JavaThread "Daemon" [_thread_blocked, id=2576, stack(0x000000a316f00000,0x000000a317000000)]
  0x0000026a1db62800 JavaThread "Handler for socket connection from /127.0.0.1:57875 to /127.0.0.1:57876" [_thread_in_native, id=15368, stack(0x000000a317000000,0x000000a317100000)]
  0x0000026a1eb16000 JavaThread "C2 CompilerThread1" daemon [_thread_in_native, id=7408, stack(0x000000a317100000,0x000000a317200000)]
  0x0000026a1f60e000 JavaThread "Cancel handler" [_thread_blocked, id=15744, stack(0x000000a317200000,0x000000a317300000)]
  0x0000026a1f3ad000 JavaThread "Daemon worker" [_thread_blocked, id=7760, stack(0x000000a317300000,0x000000a317400000)]
  0x0000026a1fa5d800 JavaThread "Asynchronous log dispatcher for DefaultDaemonConnection: socket connection from /127.0.0.1:57875 to /127.0.0.1:57876" [_thread_blocked, id=10760, stack(0x000000a317400000,0x000000a317500000)]
  0x0000026a1e957800 JavaThread "Stdin handler" [_thread_blocked, id=15448, stack(0x000000a317500000,0x000000a317600000)]
  0x0000026a1f802800 JavaThread "Daemon client event forwarder" [_thread_blocked, id=9976, stack(0x000000a317600000,0x000000a317700000)]
  0x0000026a1f803800 JavaThread "Cache worker for journal cache (C:\Users\svkja\.gradle\caches\journal-1)" [_thread_blocked, id=8956, stack(0x000000a317c00000,0x000000a317d00000)]
  0x0000026a1f7fd800 JavaThread "File lock request listener" [_thread_in_native, id=13620, stack(0x000000a317d00000,0x000000a317e00000)]
  0x0000026a1f7ff000 JavaThread "Cache worker for file hash cache (C:\Users\svkja\.gradle\caches\7.3.3\fileHashes)" [_thread_blocked, id=6960, stack(0x000000a317e00000,0x000000a317f00000)]
  0x0000026a1f801000 JavaThread "Cache worker for file hash cache (D:\test2\.gradle\7.3.3\fileHashes)" [_thread_blocked, id=14772, stack(0x000000a318000000,0x000000a318100000)]
  0x0000026a1f800000 JavaThread "File watcher server" daemon [_thread_blocked, id=1936, stack(0x000000a318100000,0x000000a318200000)]
  0x0000026a1f801800 JavaThread "File watcher consumer" daemon [_thread_blocked, id=15956, stack(0x000000a318200000,0x000000a318300000)]
  0x0000026a1f804000 JavaThread "Cache worker for checksums cache (D:\test2\.gradle\7.3.3\checksums)" [_thread_blocked, id=10880, stack(0x000000a318300000,0x000000a318400000)]
  0x0000026a1f7fe800 JavaThread "Cache worker for cache directory md-supplier (C:\Users\svkja\.gradle\caches\7.3.3\md-supplier)" [_thread_blocked, id=7940, stack(0x000000a318400000,0x000000a318500000)]
  0x0000026a2029a800 JavaThread "Cache worker for cache directory md-rule (C:\Users\svkja\.gradle\caches\7.3.3\md-rule)" [_thread_blocked, id=2524, stack(0x000000a318500000,0x000000a318600000)]
  0x0000026a20298000 JavaThread "Cache worker for execution history cache (C:\Users\svkja\.gradle\caches\7.3.3\executionHistory)" [_thread_blocked, id=5224, stack(0x000000a318600000,0x000000a318700000)]
  0x0000026a20296800 JavaThread "jar transforms" [_thread_blocked, id=8708, stack(0x000000a318700000,0x000000a318800000)]
  0x0000026a2029d000 JavaThread "Cache worker for file content cache (C:\Users\svkja\.gradle\caches\7.3.3\fileContent)" [_thread_blocked, id=8772, stack(0x000000a318800000,0x000000a318900000)]
  0x0000026a2029e800 JavaThread "jar transforms Thread 2" [_thread_blocked, id=4576, stack(0x000000a318900000,0x000000a318a00000)]
  0x0000026a20298800 JavaThread "Cache worker for dependencies-accessors (D:\test2\.gradle\7.3.3\dependencies-accessors)" [_thread_blocked, id=16200, stack(0x000000a318a00000,0x000000a318b00000)]
  0x0000026a2029f800 JavaThread "jar transforms Thread 3" [_thread_blocked, id=956, stack(0x000000a318b00000,0x000000a318c00000)]
  0x0000026a20299800 JavaThread "Cache worker for Build Output Cleanup Cache (D:\test2\.gradle\buildOutputCleanup)" [_thread_blocked, id=16048, stack(0x000000a318c00000,0x000000a318d00000)]
  0x0000026a202a3800 JavaThread "Unconstrained build operations" [_thread_blocked, id=10520, stack(0x000000a318d00000,0x000000a318e00000)]
  0x0000026a202a2800 JavaThread "Unconstrained build operations Thread 2" [_thread_blocked, id=14516, stack(0x000000a318e00000,0x000000a318f00000)]
  0x0000026a202a4000 JavaThread "Unconstrained build operations Thread 3" [_thread_blocked, id=14708, stack(0x000000a318f00000,0x000000a319000000)]
  0x0000026a202a1000 JavaThread "Unconstrained build operations Thread 4" [_thread_blocked, id=9648, stack(0x000000a319000000,0x000000a319100000)]
  0x0000026a202a0000 JavaThread "Unconstrained build operations Thread 5" [_thread_blocked, id=11872, stack(0x000000a319100000,0x000000a319200000)]
  0x0000026a202a1800 JavaThread "Unconstrained build operations Thread 6" [_thread_blocked, id=13860, stack(0x000000a319200000,0x000000a319300000)]
  0x0000026a20474800 JavaThread "Unconstrained build operations Thread 7" [_thread_blocked, id=7684, stack(0x000000a319300000,0x000000a319400000)]
  0x0000026a20470800 JavaThread "Unconstrained build operations Thread 8" [_thread_blocked, id=1380, stack(0x000000a319400000,0x000000a319500000)]
  0x0000026a20475800 JavaThread "Unconstrained build operations Thread 9" [_thread_blocked, id=9764, stack(0x000000a319500000,0x000000a319600000)]
  0x0000026a20472000 JavaThread "Unconstrained build operations Thread 10" [_thread_blocked, id=8456, stack(0x000000a319600000,0x000000a319700000)]
  0x0000026a20473000 JavaThread "Unconstrained build operations Thread 11" [_thread_blocked, id=15248, stack(0x000000a319700000,0x000000a319800000)]
  0x0000026a20473800 JavaThread "Unconstrained build operations Thread 12" [_thread_blocked, id=12492, stack(0x000000a319800000,0x000000a319900000)]
  0x0000026a2046f800 JavaThread "Unconstrained build operations Thread 13" [_thread_blocked, id=8628, stack(0x000000a319900000,0x000000a319a00000)]
  0x0000026a20476000 JavaThread "Unconstrained build operations Thread 14" [_thread_blocked, id=12560, stack(0x000000a319a00000,0x000000a319b00000)]
  0x0000026a20477000 JavaThread "Unconstrained build operations Thread 15" [_thread_blocked, id=14412, stack(0x000000a319b00000,0x000000a319c00000)]
  0x0000026a20471800 JavaThread "Unconstrained build operations Thread 16" [_thread_blocked, id=2516, stack(0x000000a319c00000,0x000000a319d00000)]
  0x0000026a2047a000 JavaThread "Unconstrained build operations Thread 17" [_thread_blocked, id=14476, stack(0x000000a319d00000,0x000000a319e00000)]
  0x0000026a20478000 JavaThread "Unconstrained build operations Thread 18" [_thread_blocked, id=14640, stack(0x000000a319e00000,0x000000a319f00000)]
  0x0000026a2047b000 JavaThread "Unconstrained build operations Thread 19" [_thread_blocked, id=15580, stack(0x000000a319f00000,0x000000a31a000000)]
  0x0000026a2047c000 JavaThread "Unconstrained build operations Thread 20" [_thread_blocked, id=12428, stack(0x000000a31a000000,0x000000a31a100000)]
  0x0000026a2047d800 JavaThread "Unconstrained build operations Thread 21" [_thread_blocked, id=408, stack(0x000000a31a100000,0x000000a31a200000)]
  0x0000026a2047c800 JavaThread "Unconstrained build operations Thread 22" [_thread_blocked, id=9768, stack(0x000000a31a200000,0x000000a31a300000)]
  0x0000026a2047e800 JavaThread "Unconstrained build operations Thread 23" [_thread_blocked, id=2984, stack(0x000000a31a300000,0x000000a31a400000)]
  0x0000026a20478800 JavaThread "Unconstrained build operations Thread 24" [_thread_blocked, id=8800, stack(0x000000a31a400000,0x000000a31a500000)]
  0x0000026a20479800 JavaThread "Unconstrained build operations Thread 25" [_thread_blocked, id=11196, stack(0x000000a31a500000,0x000000a31a600000)]
  0x0000026a217b5000 JavaThread "Unconstrained build operations Thread 26" [_thread_blocked, id=5220, stack(0x000000a31a600000,0x000000a31a700000)]
  0x0000026a217b4000 JavaThread "Unconstrained build operations Thread 27" [_thread_blocked, id=15828, stack(0x000000a31a700000,0x000000a31a800000)]
  0x0000026a217b6800 JavaThread "Unconstrained build operations Thread 28" [_thread_blocked, id=12756, stack(0x000000a31a800000,0x000000a31a900000)]
  0x0000026a217b3800 JavaThread "Unconstrained build operations Thread 29" [_thread_blocked, id=10156, stack(0x000000a31a900000,0x000000a31aa00000)]
  0x0000026a217b5800 JavaThread "Unconstrained build operations Thread 30" [_thread_blocked, id=8288, stack(0x000000a31aa00000,0x000000a31ab00000)]
  0x0000026a217b7800 JavaThread "Unconstrained build operations Thread 31" [_thread_blocked, id=8264, stack(0x000000a31ab00000,0x000000a31ac00000)]
  0x0000026a217b8000 JavaThread "Unconstrained build operations Thread 32" [_thread_blocked, id=5216, stack(0x000000a31ac00000,0x000000a31ad00000)]
  0x0000026a217b2800 JavaThread "Unconstrained build operations Thread 33" [_thread_blocked, id=1460, stack(0x000000a31ad00000,0x000000a31ae00000)]
  0x0000026a217be000 JavaThread "Unconstrained build operations Thread 34" [_thread_blocked, id=16224, stack(0x000000a31ae00000,0x000000a31af00000)]
  0x0000026a217bb800 JavaThread "Unconstrained build operations Thread 35" [_thread_blocked, id=11952, stack(0x000000a31af00000,0x000000a31b000000)]
  0x0000026a217be800 JavaThread "Unconstrained build operations Thread 36" [_thread_blocked, id=8008, stack(0x000000a31b000000,0x000000a31b100000)]
  0x0000026a217bd000 JavaThread "Unconstrained build operations Thread 37" [_thread_blocked, id=11124, stack(0x000000a31b100000,0x000000a31b200000)]
  0x0000026a217b9000 JavaThread "Unconstrained build operations Thread 38" [_thread_blocked, id=11568, stack(0x000000a31b200000,0x000000a31b300000)]
  0x0000026a217bc800 JavaThread "Unconstrained build operations Thread 39" [_thread_blocked, id=13976, stack(0x000000a31b300000,0x000000a31b400000)]
  0x0000026a217ba000 JavaThread "Unconstrained build operations Thread 40" [_thread_blocked, id=14688, stack(0x000000a31b400000,0x000000a31b500000)]
  0x0000026a217c0800 JavaThread "Unconstrained build operations Thread 41" [_thread_blocked, id=5896, stack(0x000000a31b500000,0x000000a31b600000)]
  0x0000026a217bf800 JavaThread "Unconstrained build operations Thread 42" [_thread_blocked, id=9584, stack(0x000000a31b600000,0x000000a31b700000)]
  0x0000026a217ba800 JavaThread "Unconstrained build operations Thread 43" [_thread_blocked, id=16236, stack(0x000000a31b700000,0x000000a31b800000)]
  0x0000026a217c1000 JavaThread "Unconstrained build operations Thread 44" [_thread_blocked, id=8876, stack(0x000000a31b800000,0x000000a31b900000)]
  0x0000026a2076f800 JavaThread "Unconstrained build operations Thread 45" [_thread_blocked, id=2836, stack(0x000000a31b900000,0x000000a31ba00000)]
  0x0000026a20773000 JavaThread "Unconstrained build operations Thread 46" [_thread_blocked, id=5828, stack(0x000000a31ba00000,0x000000a31bb00000)]
  0x0000026a20774800 JavaThread "Unconstrained build operations Thread 47" [_thread_blocked, id=8412, stack(0x000000a31bb00000,0x000000a31bc00000)]
  0x0000026a20772000 JavaThread "Unconstrained build operations Thread 48" [_thread_blocked, id=8048, stack(0x000000a31bc00000,0x000000a31bd00000)]
  0x0000026a20776000 JavaThread "Unconstrained build operations Thread 49" [_thread_blocked, id=13012, stack(0x000000a31bd00000,0x000000a31be00000)]
  0x0000026a20773800 JavaThread "Unconstrained build operations Thread 50" [_thread_blocked, id=4172, stack(0x000000a31be00000,0x000000a31bf00000)]
  0x0000026a20775800 JavaThread "Unconstrained build operations Thread 51" [_thread_blocked, id=7912, stack(0x000000a31bf00000,0x000000a31c000000)]
  0x0000026a20770800 JavaThread "Unconstrained build operations Thread 52" [_thread_blocked, id=3212, stack(0x000000a31c000000,0x000000a31c100000)]
  0x0000026a20777000 JavaThread "Unconstrained build operations Thread 53" [_thread_blocked, id=6836, stack(0x000000a31c100000,0x000000a31c200000)]
  0x0000026a20771000 JavaThread "Unconstrained build operations Thread 54" [_thread_blocked, id=15276, stack(0x000000a31c200000,0x000000a31c300000)]
  0x0000026a2077c000 JavaThread "Unconstrained build operations Thread 55" [_thread_blocked, id=7112, stack(0x000000a31c300000,0x000000a31c400000)]
  0x0000026a20779800 JavaThread "Unconstrained build operations Thread 56" [_thread_blocked, id=11032, stack(0x000000a31c400000,0x000000a31c500000)]
  0x0000026a2077b000 JavaThread "Unconstrained build operations Thread 57" [_thread_blocked, id=15716, stack(0x000000a31c500000,0x000000a31c600000)]
  0x0000026a20778800 JavaThread "Unconstrained build operations Thread 58" [_thread_blocked, id=9072, stack(0x000000a31c600000,0x000000a31c700000)]
  0x0000026a2077a000 JavaThread "Unconstrained build operations Thread 59" [_thread_blocked, id=4568, stack(0x000000a31c700000,0x000000a31c800000)]
  0x0000026a2077c800 JavaThread "Unconstrained build operations Thread 60" [_thread_blocked, id=10232, stack(0x000000a31c800000,0x000000a31c900000)]
  0x0000026a20777800 JavaThread "Unconstrained build operations Thread 61" [_thread_blocked, id=4612, stack(0x000000a31c900000,0x000000a31ca00000)]
  0x0000026a2077d800 JavaThread "Unconstrained build operations Thread 62" [_thread_blocked, id=8752, stack(0x000000a31ca00000,0x000000a31cb00000)]
  0x0000026a2077e800 JavaThread "Unconstrained build operations Thread 63" [_thread_blocked, id=14992, stack(0x000000a31cb00000,0x000000a31cc00000)]
  0x0000026a20790800 JavaThread "Unconstrained build operations Thread 64" [_thread_blocked, id=7276, stack(0x000000a31cc00000,0x000000a31cd00000)]
  0x0000026a20791800 JavaThread "Unconstrained build operations Thread 65" [_thread_blocked, id=6524, stack(0x000000a31cd00000,0x000000a31ce00000)]
  0x0000026a2078f000 JavaThread "Unconstrained build operations Thread 66" [_thread_blocked, id=8560, stack(0x000000a31ce00000,0x000000a31cf00000)]
  0x0000026a20792800 JavaThread "Unconstrained build operations Thread 67" [_thread_blocked, id=10564, stack(0x000000a31cf00000,0x000000a31d000000)]
  0x0000026a2078d800 JavaThread "Unconstrained build operations Thread 68" [_thread_blocked, id=6140, stack(0x000000a31d000000,0x000000a31d100000)]
  0x0000026a20793000 JavaThread "Unconstrained build operations Thread 69" [_thread_blocked, id=10076, stack(0x000000a31d100000,0x000000a31d200000)]
  0x0000026a20790000 JavaThread "Unconstrained build operations Thread 70" [_thread_blocked, id=11816, stack(0x000000a31d200000,0x000000a31d300000)]
  0x0000026a20794000 JavaThread "Unconstrained build operations Thread 71" [_thread_blocked, id=12896, stack(0x000000a31d300000,0x000000a31d400000)]
  0x0000026a2078e000 JavaThread "Unconstrained build operations Thread 72" [_thread_blocked, id=11520, stack(0x000000a31d400000,0x000000a31d500000)]
  0x0000026a2079a800 JavaThread "Unconstrained build operations Thread 73" [_thread_blocked, id=11692, stack(0x000000a31d500000,0x000000a31d600000)]
  0x0000026a20796800 JavaThread "Unconstrained build operations Thread 74" [_thread_blocked, id=11364, stack(0x000000a31d600000,0x000000a31d700000)]
  0x0000026a20799000 JavaThread "Unconstrained build operations Thread 75" [_thread_blocked, id=8052, stack(0x000000a31d700000,0x000000a31d800000)]
  0x0000026a20795000 JavaThread "Unconstrained build operations Thread 76" [_thread_blocked, id=9516, stack(0x000000a31d800000,0x000000a31d900000)]
  0x0000026a20799800 JavaThread "Unconstrained build operations Thread 77" [_thread_blocked, id=3600, stack(0x000000a31d900000,0x000000a31da00000)]
  0x0000026a2079b800 JavaThread "Unconstrained build operations Thread 78" [_thread_blocked, id=3324, stack(0x000000a31da00000,0x000000a31db00000)]
  0x0000026a20798000 JavaThread "Unconstrained build operations Thread 79" [_thread_blocked, id=5908, stack(0x000000a31db00000,0x000000a31dc00000)]
  0x0000026a20795800 JavaThread "Unconstrained build operations Thread 80" [_thread_blocked, id=2280, stack(0x000000a31dc00000,0x000000a31dd00000)]
  0x0000026a2079c000 JavaThread "jar transforms Thread 4" [_thread_blocked, id=5764, stack(0x000000a31dd00000,0x000000a31de00000)]
  0x0000026a20797000 JavaThread "jar transforms Thread 5" [_thread_blocked, id=1532, stack(0x000000a31de00000,0x000000a31df00000)]
  0x0000026a217e6800 JavaThread "jar transforms Thread 6" [_thread_blocked, id=10796, stack(0x000000a31df00000,0x000000a31e000000)]
  0x0000026a217ea800 JavaThread "jar transforms Thread 7" [_thread_blocked, id=12820, stack(0x000000a31e000000,0x000000a31e100000)]
  0x0000026a217e4800 JavaThread "jar transforms Thread 8" [_thread_blocked, id=12056, stack(0x000000a31e100000,0x000000a31e200000)]
  0x0000026a217e5800 JavaThread "Memory manager" [_thread_blocked, id=2896, stack(0x000000a31e200000,0x000000a31e300000)]
  0x0000026a217e8000 JavaThread "build event listener" [_thread_blocked, id=860, stack(0x000000a31e300000,0x000000a31e400000)]
  0x0000026a217ed000 JavaThread "Execution worker for ':'" [_thread_blocked, id=10508, stack(0x000000a31e400000,0x000000a31e500000)]
  0x0000026a217e9800 JavaThread "Execution worker for ':' Thread 2" [_thread_blocked, id=6168, stack(0x000000a31e500000,0x000000a31e600000)]
  0x0000026a217e9000 JavaThread "Execution worker for ':' Thread 3" [_thread_blocked, id=12996, stack(0x000000a31e600000,0x000000a31e700000)]
  0x0000026a217ec000 JavaThread "Execution worker for ':' Thread 4" [_thread_blocked, id=12860, stack(0x000000a31e700000,0x000000a31e800000)]
  0x0000026a217e7000 JavaThread "Execution worker for ':' Thread 5" [_thread_blocked, id=7120, stack(0x000000a31e800000,0x000000a31e900000)]
  0x0000026a217f2800 JavaThread "Execution worker for ':' Thread 6" [_thread_blocked, id=7768, stack(0x000000a31e900000,0x000000a31ea00000)]
  0x0000026a217f2000 JavaThread "Execution worker for ':' Thread 7" [_thread_blocked, id=6452, stack(0x000000a31ea00000,0x000000a31eb00000)]
  0x0000026a217ef800 JavaThread "Cache worker for execution history cache (D:\test2\.gradle\7.3.3\executionHistory)" [_thread_blocked, id=5632, stack(0x000000a31eb00000,0x000000a31ec00000)]
  0x0000026a217ee800 JavaThread "WorkerExecutor Queue" [_thread_blocked, id=2696, stack(0x000000a31ec00000,0x000000a31ed00000)]
  0x0000026a217f3800 JavaThread "pool-3-thread-1" [_thread_blocked, id=11772, stack(0x000000a31ed00000,0x000000a31ee00000)]
  0x0000026a217f0000 JavaThread "stderr" [_thread_blocked, id=15300, stack(0x000000a31ee00000,0x000000a31ef00000)]
  0x0000026a217f1000 JavaThread "stdout" [_thread_in_native, id=14072, stack(0x000000a31ef00000,0x000000a31f000000)]

Other Threads:
=>0x0000026a1bfa2800 VMThread "VM Thread" [stack: 0x000000a315f00000,0x000000a316000000] [id=15944]
  0x0000026a1caa3800 WatcherThread [stack: 0x000000a316900000,0x000000a316a00000] [id=8144]
  0x0000026a7f766000 GCTaskThread "GC Thread#0" [stack: 0x000000a315a00000,0x000000a315b00000] [id=9940]
  0x0000026a1d4ee800 GCTaskThread "GC Thread#1" [stack: 0x000000a316b00000,0x000000a316c00000] [id=9412]
  0x0000026a1dbea800 GCTaskThread "GC Thread#2" [stack: 0x000000a316c00000,0x000000a316d00000] [id=9776]
  0x0000026a1fb02800 GCTaskThread "GC Thread#3" [stack: 0x000000a317700000,0x000000a317800000] [id=10948]
  0x0000026a1f555800 GCTaskThread "GC Thread#4" [stack: 0x000000a317800000,0x000000a317900000] [id=5340]
  0x0000026a1f60d000 GCTaskThread "GC Thread#5" [stack: 0x000000a317900000,0x000000a317a00000] [id=10020]
  0x0000026a1e1fb000 GCTaskThread "GC Thread#6" [stack: 0x000000a317a00000,0x000000a317b00000] [id=6356]
  0x0000026a1e939800 GCTaskThread "GC Thread#7" [stack: 0x000000a317b00000,0x000000a317c00000] [id=10896]
  0x0000026a7f799000 ConcurrentGCThread "G1 Main Marker" [stack: 0x000000a315b00000,0x000000a315c00000] [id=9384]
  0x0000026a7f79b000 ConcurrentGCThread "G1 Conc#0" [stack: 0x000000a315c00000,0x000000a315d00000] [id=12660]
  0x0000026a1df6a800 ConcurrentGCThread "G1 Conc#1" [stack: 0x000000a317f00000,0x000000a318000000] [id=2032]
  0x0000026a7f82d800 ConcurrentGCThread "G1 Refine#0" [stack: 0x000000a315d00000,0x000000a315e00000] [id=3416]
  0x0000026a7f82e800 ConcurrentGCThread "G1 Young RemSet Sampling" [stack: 0x000000a315e00000,0x000000a315f00000] [id=15544]

Threads with active compile tasks:
C2 CompilerThread0  13471 13118       4       com.android.tools.r8.internal.sJ::a (447 bytes)
C1 CompilerThread0  13471 13200       2       com.android.tools.r8.internal.yR::b (92 bytes)
C2 CompilerThread1  13471 12956       4       com.android.tools.r8.ir.regalloc.b::i (614 bytes)

VM state:at safepoint (normal execution)

VM Mutex/Monitor currently owned by a thread:  ([mutex/lock_event])
[0x0000026a7ea5b1d0] Threads_lock - owner thread: 0x0000026a1bfa2800
[0x0000026a7ea5aba0] Heap_lock - owner thread: 0x0000026a202a2800

Heap address: 0x0000000080000000, size: 2048 MB, Compressed Oops mode: 32-bit
Narrow klass base: 0x0000000000000000, Narrow klass shift: 3
Compressed class space size: 1073741824 Address: 0x0000000100000000

Heap:
 garbage-first heap   total 328704K, used 148537K [0x0000000080000000, 0x0000000100000000)
  region size 1024K, 3 young (3072K), 3 survivors (3072K)
 Metaspace       used 100504K, capacity 103193K, committed 103672K, reserved 1138688K
  class space    used 13153K, capacity 14185K, committed 14412K, reserved 1048576K
Heap Regions: E=young(eden), S=young(survivor), O=old, HS=humongous(starts), HC=humongous(continues), CS=collection set, F=free, A=archive, TAMS=top-at-mark-start (previous, next)
|   0|0x0000000080000000, 0x0000000080100000, 0x0000000080100000|100%| O|  |TAMS 0x0000000080100000, 0x0000000080000000| Updating 
|   1|0x0000000080100000, 0x0000000080200000, 0x0000000080200000|100%| O|  |TAMS 0x0000000080200000, 0x0000000080100000| Updating 
|   2|0x0000000080200000, 0x0000000080300000, 0x0000000080300000|100%| O|  |TAMS 0x0000000080300000, 0x0000000080200000| Updating 
|   3|0x0000000080300000, 0x0000000080400000, 0x0000000080400000|100%|HS|  |TAMS 0x0000000080400000, 0x0000000080300000| Complete 
|   4|0x0000000080400000, 0x0000000080500000, 0x0000000080500000|100%|HC|  |TAMS 0x0000000080500000, 0x0000000080400000| Complete 
|   5|0x0000000080500000, 0x0000000080600000, 0x0000000080600000|100%|HC|  |TAMS 0x0000000080600000, 0x0000000080500000| Complete 
|   6|0x0000000080600000, 0x0000000080700000, 0x0000000080700000|100%| O|  |TAMS 0x0000000080700000, 0x0000000080600000| Updating 
|   7|0x0000000080700000, 0x0000000080800000, 0x0000000080800000|100%| O|  |TAMS 0x0000000080800000, 0x0000000080700000| Updating 
|   8|0x0000000080800000, 0x0000000080900000, 0x0000000080900000|100%| O|  |TAMS 0x0000000080900000, 0x0000000080800000| Updating 
|   9|0x0000000080900000, 0x0000000080a00000, 0x0000000080a00000|100%| O|  |TAMS 0x0000000080a00000, 0x0000000080900000| Updating 
|  10|0x0000000080a00000, 0x0000000080b00000, 0x0000000080b00000|100%| O|  |TAMS 0x0000000080b00000, 0x0000000080a00000| Updating 
|  11|0x0000000080b00000, 0x0000000080c00000, 0x0000000080c00000|100%| O|  |TAMS 0x0000000080c00000, 0x0000000080b00000| Updating 
|  12|0x0000000080c00000, 0x0000000080d00000, 0x0000000080d00000|100%| O|  |TAMS 0x0000000080d00000, 0x0000000080c00000| Updating 
|  13|0x0000000080d00000, 0x0000000080e00000, 0x0000000080e00000|100%| O|  |TAMS 0x0000000080e00000, 0x0000000080d00000| Updating 
|  14|0x0000000080e00000, 0x0000000080f00000, 0x0000000080f00000|100%| O|  |TAMS 0x0000000080f00000, 0x0000000080e00000| Updating 
|  15|0x0000000080f00000, 0x0000000081000000, 0x0000000081000000|100%| O|  |TAMS 0x0000000081000000, 0x0000000080f00000| Updating 
|  16|0x0000000081000000, 0x0000000081100000, 0x0000000081100000|100%| O|  |TAMS 0x0000000081100000, 0x0000000081000000| Updating 
|  17|0x0000000081100000, 0x0000000081200000, 0x0000000081200000|100%|HS|  |TAMS 0x0000000081200000, 0x0000000081100000| Complete 
|  18|0x0000000081200000, 0x0000000081300000, 0x0000000081300000|100%| O|  |TAMS 0x0000000081300000, 0x0000000081200000| Updating 
|  19|0x0000000081300000, 0x0000000081400000, 0x0000000081400000|100%| O|  |TAMS 0x0000000081400000, 0x0000000081300000| Updating 
|  20|0x0000000081400000, 0x0000000081500000, 0x0000000081500000|100%| O|  |TAMS 0x0000000081500000, 0x0000000081400000| Updating 
|  21|0x0000000081500000, 0x0000000081600000, 0x0000000081600000|100%| O|  |TAMS 0x0000000081600000, 0x0000000081500000| Updating 
|  22|0x0000000081600000, 0x0000000081700000, 0x0000000081700000|100%| O|  |TAMS 0x0000000081700000, 0x0000000081600000| Updating 
|  23|0x0000000081700000, 0x0000000081800000, 0x0000000081800000|100%| O|  |TAMS 0x0000000081800000, 0x0000000081700000| Updating 
|  24|0x0000000081800000, 0x0000000081900000, 0x0000000081900000|100%|HS|  |TAMS 0x0000000081900000, 0x0000000081800000| Complete 
|  25|0x0000000081900000, 0x0000000081a00000, 0x0000000081a00000|100%|HS|  |TAMS 0x0000000081a00000, 0x0000000081900000| Complete 
|  26|0x0000000081a00000, 0x0000000081b00000, 0x0000000081b00000|100%|HC|  |TAMS 0x0000000081b00000, 0x0000000081a00000| Complete 
|  27|0x0000000081b00000, 0x0000000081c00000, 0x0000000081c00000|100%| O|  |TAMS 0x0000000081c00000, 0x0000000081b00000| Updating 
|  28|0x0000000081c00000, 0x0000000081d00000, 0x0000000081d00000|100%| O|  |TAMS 0x0000000081d00000, 0x0000000081c00000| Updating 
|  29|0x0000000081d00000, 0x0000000081e00000, 0x0000000081e00000|100%| O|  |TAMS 0x0000000081e00000, 0x0000000081d00000| Updating 
|  30|0x0000000081e00000, 0x0000000081f00000, 0x0000000081f00000|100%| O|  |TAMS 0x0000000081f00000, 0x0000000081e00000| Updating 
|  31|0x0000000081f00000, 0x0000000082000000, 0x0000000082000000|100%| O|  |TAMS 0x0000000082000000, 0x0000000081f00000| Updating 
|  32|0x0000000082000000, 0x0000000082100000, 0x0000000082100000|100%| O|  |TAMS 0x0000000082100000, 0x0000000082000000| Updating 
|  33|0x0000000082100000, 0x0000000082200000, 0x0000000082200000|100%| O|  |TAMS 0x0000000082200000, 0x0000000082100000| Updating 
|  34|0x0000000082200000, 0x0000000082300000, 0x0000000082300000|100%| O|  |TAMS 0x0000000082300000, 0x0000000082200000| Updating 
|  35|0x0000000082300000, 0x0000000082400000, 0x0000000082400000|100%| O|  |TAMS 0x0000000082400000, 0x0000000082300000| Updating 
|  36|0x0000000082400000, 0x0000000082500000, 0x0000000082500000|100%| O|  |TAMS 0x0000000082500000, 0x0000000082400000| Updating 
|  37|0x0000000082500000, 0x0000000082600000, 0x0000000082600000|100%| O|  |TAMS 0x0000000082600000, 0x0000000082500000| Updating 
|  38|0x0000000082600000, 0x0000000082700000, 0x0000000082700000|100%| O|  |TAMS 0x0000000082700000, 0x0000000082600000| Updating 
|  39|0x0000000082700000, 0x0000000082800000, 0x0000000082800000|100%| O|  |TAMS 0x0000000082800000, 0x0000000082700000| Updating 
|  40|0x0000000082800000, 0x0000000082900000, 0x0000000082900000|100%| O|  |TAMS 0x0000000082900000, 0x0000000082800000| Updating 
|  41|0x0000000082900000, 0x0000000082a00000, 0x0000000082a00000|100%| O|  |TAMS 0x0000000082a00000, 0x0000000082900000| Updating 
|  42|0x0000000082a00000, 0x0000000082b00000, 0x0000000082b00000|100%| O|  |TAMS 0x0000000082b00000, 0x0000000082a00000| Updating 
|  43|0x0000000082b00000, 0x0000000082c00000, 0x0000000082c00000|100%| O|  |TAMS 0x0000000082c00000, 0x0000000082b00000| Updating 
|  44|0x0000000082c00000, 0x0000000082d00000, 0x0000000082d00000|100%| O|  |TAMS 0x0000000082d00000, 0x0000000082c00000| Updating 
|  45|0x0000000082d00000, 0x0000000082e00000, 0x0000000082e00000|100%| O|  |TAMS 0x0000000082e00000, 0x0000000082d00000| Updating 
|  46|0x0000000082e00000, 0x0000000082f00000, 0x0000000082f00000|100%| O|  |TAMS 0x0000000082f00000, 0x0000000082e00000| Updating 
|  47|0x0000000082f00000, 0x0000000083000000, 0x0000000083000000|100%| O|  |TAMS 0x0000000083000000, 0x0000000082f00000| Updating 
|  48|0x0000000083000000, 0x0000000083100000, 0x0000000083100000|100%| O|  |TAMS 0x0000000083100000, 0x0000000083000000| Updating 
|  49|0x0000000083100000, 0x0000000083200000, 0x0000000083200000|100%| O|  |TAMS 0x0000000083200000, 0x0000000083100000| Updating 
|  50|0x0000000083200000, 0x0000000083300000, 0x0000000083300000|100%| O|  |TAMS 0x0000000083300000, 0x0000000083200000| Updating 
|  51|0x0000000083300000, 0x0000000083400000, 0x0000000083400000|100%| O|  |TAMS 0x0000000083400000, 0x0000000083300000| Updating 
|  52|0x0000000083400000, 0x0000000083500000, 0x0000000083500000|100%| O|  |TAMS 0x0000000083500000, 0x0000000083400000| Updating 
|  53|0x0000000083500000, 0x0000000083600000, 0x0000000083600000|100%| O|  |TAMS 0x0000000083600000, 0x0000000083500000| Updating 
|  54|0x0000000083600000, 0x0000000083700000, 0x0000000083700000|100%| O|  |TAMS 0x0000000083700000, 0x0000000083600000| Updating 
|  55|0x0000000083700000, 0x0000000083800000, 0x0000000083800000|100%| O|  |TAMS 0x0000000083800000, 0x0000000083700000| Updating 
|  56|0x0000000083800000, 0x0000000083900000, 0x0000000083900000|100%| O|  |TAMS 0x0000000083900000, 0x0000000083800000| Updating 
|  57|0x0000000083900000, 0x0000000083a00000, 0x0000000083a00000|100%| O|  |TAMS 0x0000000083a00000, 0x0000000083900000| Updating 
|  58|0x0000000083a00000, 0x0000000083b00000, 0x0000000083b00000|100%| O|  |TAMS 0x0000000083b00000, 0x0000000083a00000| Updating 
|  59|0x0000000083b00000, 0x0000000083c00000, 0x0000000083c00000|100%| O|  |TAMS 0x0000000083c00000, 0x0000000083b00000| Updating 
|  60|0x0000000083c00000, 0x0000000083d00000, 0x0000000083d00000|100%| O|  |TAMS 0x0000000083d00000, 0x0000000083c00000| Updating 
|  61|0x0000000083d00000, 0x0000000083e00000, 0x0000000083e00000|100%| O|  |TAMS 0x0000000083e00000, 0x0000000083d00000| Updating 
|  62|0x0000000083e00000, 0x0000000083f00000, 0x0000000083f00000|100%| O|  |TAMS 0x0000000083f00000, 0x0000000083e00000| Updating 
|  63|0x0000000083f00000, 0x0000000084000000, 0x0000000084000000|100%| O|  |TAMS 0x0000000084000000, 0x0000000083f00000| Updating 
|  64|0x0000000084000000, 0x0000000084100000, 0x0000000084100000|100%| O|  |TAMS 0x0000000084100000, 0x0000000084000000| Updating 
|  65|0x0000000084100000, 0x0000000084200000, 0x0000000084200000|100%| O|  |TAMS 0x0000000084200000, 0x0000000084100000| Updating 
|  66|0x0000000084200000, 0x0000000084300000, 0x0000000084300000|100%| O|  |TAMS 0x0000000084300000, 0x0000000084200000| Updating 
|  67|0x0000000084300000, 0x0000000084400000, 0x0000000084400000|100%| O|  |TAMS 0x0000000084400000, 0x0000000084300000| Updating 
|  68|0x0000000084400000, 0x0000000084500000, 0x0000000084500000|100%| O|  |TAMS 0x0000000084500000, 0x0000000084400000| Updating 
|  69|0x0000000084500000, 0x0000000084600000, 0x0000000084600000|100%| O|  |TAMS 0x0000000084600000, 0x0000000084500000| Updating 
|  70|0x0000000084600000, 0x0000000084700000, 0x0000000084700000|100%| O|  |TAMS 0x0000000084700000, 0x0000000084600000| Updating 
|  71|0x0000000084700000, 0x0000000084800000, 0x0000000084800000|100%| O|  |TAMS 0x0000000084800000, 0x0000000084700000| Updating 
|  72|0x0000000084800000, 0x0000000084900000, 0x0000000084900000|100%| O|  |TAMS 0x0000000084900000, 0x0000000084800000| Updating 
|  73|0x0000000084900000, 0x0000000084a00000, 0x0000000084a00000|100%| O|  |TAMS 0x0000000084a00000, 0x0000000084900000| Updating 
|  74|0x0000000084a00000, 0x0000000084b00000, 0x0000000084b00000|100%| O|  |TAMS 0x0000000084b00000, 0x0000000084a00000| Updating 
|  75|0x0000000084b00000, 0x0000000084c00000, 0x0000000084c00000|100%| O|  |TAMS 0x0000000084c00000, 0x0000000084b00000| Updating 
|  76|0x0000000084c00000, 0x0000000084d00000, 0x0000000084d00000|100%| O|  |TAMS 0x0000000084d00000, 0x0000000084c00000| Updating 
|  77|0x0000000084d00000, 0x0000000084e00000, 0x0000000084e00000|100%| O|  |TAMS 0x0000000084e00000, 0x0000000084d00000| Updating 
|  78|0x0000000084e00000, 0x0000000084f00000, 0x0000000084f00000|100%| O|  |TAMS 0x0000000084f00000, 0x0000000084e00000| Updating 
|  79|0x0000000084f00000, 0x0000000085000000, 0x0000000085000000|100%| O|  |TAMS 0x0000000085000000, 0x0000000084f00000| Updating 
|  80|0x0000000085000000, 0x0000000085100000, 0x0000000085100000|100%| O|  |TAMS 0x0000000085100000, 0x0000000085000000| Updating 
|  81|0x0000000085100000, 0x0000000085200000, 0x0000000085200000|100%| O|  |TAMS 0x0000000085200000, 0x0000000085100000| Updating 
|  82|0x0000000085200000, 0x0000000085300000, 0x0000000085300000|100%| O|  |TAMS 0x0000000085300000, 0x0000000085200000| Updating 
|  83|0x0000000085300000, 0x0000000085400000, 0x0000000085400000|100%| O|  |TAMS 0x0000000085400000, 0x0000000085300000| Updating 
|  84|0x0000000085400000, 0x0000000085500000, 0x0000000085500000|100%| O|  |TAMS 0x0000000085500000, 0x0000000085400000| Updating 
|  85|0x0000000085500000, 0x0000000085600000, 0x0000000085600000|100%| O|  |TAMS 0x0000000085600000, 0x0000000085500000| Updating 
|  86|0x0000000085600000, 0x0000000085700000, 0x0000000085700000|100%| O|  |TAMS 0x0000000085700000, 0x0000000085600000| Updating 
|  87|0x0000000085700000, 0x0000000085800000, 0x0000000085800000|100%| O|  |TAMS 0x0000000085800000, 0x0000000085700000| Updating 
|  88|0x0000000085800000, 0x0000000085900000, 0x0000000085900000|100%| O|  |TAMS 0x0000000085900000, 0x0000000085800000| Updating 
|  89|0x0000000085900000, 0x0000000085a00000, 0x0000000085a00000|100%| O|  |TAMS 0x0000000085a00000, 0x0000000085900000| Updating 
|  90|0x0000000085a00000, 0x0000000085b00000, 0x0000000085b00000|100%| O|  |TAMS 0x0000000085b00000, 0x0000000085a00000| Updating 
|  91|0x0000000085b00000, 0x0000000085c00000, 0x0000000085c00000|100%| O|  |TAMS 0x0000000085c00000, 0x0000000085b00000| Updating 
|  92|0x0000000085c00000, 0x0000000085d00000, 0x0000000085d00000|100%| O|  |TAMS 0x0000000085d00000, 0x0000000085c00000| Updating 
|  93|0x0000000085d00000, 0x0000000085e00000, 0x0000000085e00000|100%| O|  |TAMS 0x0000000085e00000, 0x0000000085d00000| Updating 
|  94|0x0000000085e00000, 0x0000000085f00000, 0x0000000085f00000|100%| O|  |TAMS 0x0000000085f00000, 0x0000000085e00000| Updating 
|  95|0x0000000085f00000, 0x0000000086000000, 0x0000000086000000|100%| O|  |TAMS 0x0000000086000000, 0x0000000085f00000| Updating 
|  96|0x0000000086000000, 0x0000000086100000, 0x0000000086100000|100%| O|  |TAMS 0x0000000086100000, 0x0000000086000000| Updating 
|  97|0x0000000086100000, 0x0000000086200000, 0x0000000086200000|100%| O|  |TAMS 0x0000000086200000, 0x0000000086100000| Updating 
|  98|0x0000000086200000, 0x0000000086300000, 0x0000000086300000|100%| O|  |TAMS 0x0000000086300000, 0x0000000086200000| Updating 
|  99|0x0000000086300000, 0x0000000086400000, 0x0000000086400000|100%| O|  |TAMS 0x0000000086400000, 0x0000000086300000| Updating 
| 100|0x0000000086400000, 0x0000000086500000, 0x0000000086500000|100%| O|  |TAMS 0x0000000086500000, 0x0000000086400000| Updating 
| 101|0x0000000086500000, 0x0000000086600000, 0x0000000086600000|100%| O|  |TAMS 0x0000000086600000, 0x0000000086500000| Updating 
| 102|0x0000000086600000, 0x0000000086700000, 0x0000000086700000|100%| O|  |TAMS 0x0000000086700000, 0x0000000086600000| Updating 
| 103|0x0000000086700000, 0x0000000086800000, 0x0000000086800000|100%| O|  |TAMS 0x0000000086800000, 0x0000000086700000| Updating 
| 104|0x0000000086800000, 0x0000000086900000, 0x0000000086900000|100%| O|  |TAMS 0x0000000086900000, 0x0000000086800000| Updating 
| 105|0x0000000086900000, 0x0000000086a00000, 0x0000000086a00000|100%| O|  |TAMS 0x0000000086a00000, 0x0000000086900000| Updating 
| 106|0x0000000086a00000, 0x0000000086b00000, 0x0000000086b00000|100%| O|  |TAMS 0x0000000086b00000, 0x0000000086a00000| Updating 
| 107|0x0000000086b00000, 0x0000000086c00000, 0x0000000086c00000|100%| O|  |TAMS 0x0000000086c00000, 0x0000000086b00000| Updating 
| 108|0x0000000086c00000, 0x0000000086d00000, 0x0000000086d00000|100%| O|  |TAMS 0x0000000086d00000, 0x0000000086c00000| Updating 
| 109|0x0000000086d00000, 0x0000000086e00000, 0x0000000086e00000|100%| O|  |TAMS 0x0000000086e00000, 0x0000000086d00000| Updating 
| 110|0x0000000086e00000, 0x0000000086f00000, 0x0000000086f00000|100%| O|  |TAMS 0x0000000086f00000, 0x0000000086e00000| Updating 
| 111|0x0000000086f00000, 0x0000000087000000, 0x0000000087000000|100%| O|  |TAMS 0x0000000087000000, 0x0000000086f00000| Updating 
| 112|0x0000000087000000, 0x0000000087100000, 0x0000000087100000|100%| O|  |TAMS 0x0000000087100000, 0x0000000087000000| Updating 
| 113|0x0000000087100000, 0x0000000087200000, 0x0000000087200000|100%| O|  |TAMS 0x0000000087200000, 0x0000000087100000| Updating 
| 114|0x0000000087200000, 0x0000000087300000, 0x0000000087300000|100%| O|  |TAMS 0x0000000087300000, 0x0000000087200000| Updating 
| 115|0x0000000087300000, 0x0000000087300000, 0x0000000087400000|  0%| F|  |TAMS 0x0000000087300000, 0x0000000087300000| Untracked 
| 116|0x0000000087400000, 0x0000000087500000, 0x0000000087500000|100%| O|  |TAMS 0x0000000087500000, 0x0000000087400000| Updating 
| 117|0x0000000087500000, 0x0000000087600000, 0x0000000087600000|100%| O|  |TAMS 0x0000000087600000, 0x0000000087500000| Updating 
| 118|0x0000000087600000, 0x0000000087700000, 0x0000000087700000|100%| O|  |TAMS 0x0000000087700000, 0x0000000087600000| Updating 
| 119|0x0000000087700000, 0x0000000087800000, 0x0000000087800000|100%| O|  |TAMS 0x0000000087800000, 0x0000000087700000| Updating 
| 120|0x0000000087800000, 0x0000000087900000, 0x0000000087900000|100%| O|  |TAMS 0x0000000087900000, 0x0000000087800000| Updating 
| 121|0x0000000087900000, 0x0000000087a00000, 0x0000000087a00000|100%| O|  |TAMS 0x0000000087a00000, 0x0000000087900000| Updating 
| 122|0x0000000087a00000, 0x0000000087b00000, 0x0000000087b00000|100%| O|  |TAMS 0x0000000087b00000, 0x0000000087a00000| Updating 
| 123|0x0000000087b00000, 0x0000000087c00000, 0x0000000087c00000|100%| O|  |TAMS 0x0000000087c00000, 0x0000000087b00000| Updating 
| 124|0x0000000087c00000, 0x0000000087d00000, 0x0000000087d00000|100%| O|  |TAMS 0x0000000087d00000, 0x0000000087c00000| Updating 
| 125|0x0000000087d00000, 0x0000000087e00000, 0x0000000087e00000|100%| O|  |TAMS 0x0000000087e00000, 0x0000000087d00000| Updating 
| 126|0x0000000087e00000, 0x0000000087f00000, 0x0000000087f00000|100%| O|  |TAMS 0x0000000087f00000, 0x0000000087e00000| Updating 
| 127|0x0000000087f00000, 0x0000000088000000, 0x0000000088000000|100%| O|  |TAMS 0x0000000088000000, 0x0000000087f00000| Updating 
| 128|0x0000000088000000, 0x0000000088100000, 0x0000000088100000|100%| O|  |TAMS 0x0000000088100000, 0x0000000088000000| Updating 
| 129|0x0000000088100000, 0x0000000088200000, 0x0000000088200000|100%| O|  |TAMS 0x0000000088200000, 0x0000000088100000| Updating 
| 130|0x0000000088200000, 0x0000000088300000, 0x0000000088300000|100%| O|  |TAMS 0x0000000088300000, 0x0000000088200000| Updating 
| 131|0x0000000088300000, 0x0000000088400000, 0x0000000088400000|100%| O|  |TAMS 0x0000000088400000, 0x0000000088300000| Updating 
| 132|0x0000000088400000, 0x0000000088500000, 0x0000000088500000|100%| O|  |TAMS 0x0000000088500000, 0x0000000088400000| Updating 
| 133|0x0000000088500000, 0x0000000088600000, 0x0000000088600000|100%| O|  |TAMS 0x0000000088600000, 0x0000000088500000| Updating 
| 134|0x0000000088600000, 0x0000000088700000, 0x0000000088700000|100%| O|  |TAMS 0x0000000088700000, 0x0000000088600000| Updating 
| 135|0x0000000088700000, 0x0000000088800000, 0x0000000088800000|100%| O|  |TAMS 0x0000000088800000, 0x0000000088700000| Updating 
| 136|0x0000000088800000, 0x0000000088900000, 0x0000000088900000|100%| O|  |TAMS 0x0000000088900000, 0x0000000088800000| Updating 
| 137|0x0000000088900000, 0x0000000088a00000, 0x0000000088a00000|100%| O|  |TAMS 0x0000000088a00000, 0x0000000088900000| Updating 
| 138|0x0000000088a00000, 0x0000000088b00000, 0x0000000088b00000|100%| O|  |TAMS 0x0000000088b00000, 0x0000000088a00000| Updating 
| 139|0x0000000088b00000, 0x0000000088c00000, 0x0000000088c00000|100%| O|  |TAMS 0x0000000088c00000, 0x0000000088b00000| Updating 
| 140|0x0000000088c00000, 0x0000000088c00000, 0x0000000088d00000|  0%| F|  |TAMS 0x0000000088c00000, 0x0000000088c00000| Untracked 
| 141|0x0000000088d00000, 0x0000000088e00000, 0x0000000088e00000|100%| O|  |TAMS 0x0000000088e00000, 0x0000000088d00000| Updating 
| 142|0x0000000088e00000, 0x0000000088f00000, 0x0000000088f00000|100%| O|  |TAMS 0x0000000088f00000, 0x0000000088e00000| Updating 
| 143|0x0000000088f00000, 0x0000000089000000, 0x0000000089000000|100%| O|  |TAMS 0x0000000089000000, 0x0000000088f00000| Updating 
| 144|0x0000000089000000, 0x00000000890d4200, 0x0000000089100000| 82%| O|  |TAMS 0x00000000890d4200, 0x0000000089000000| Updating 
| 145|0x0000000089100000, 0x0000000089100000, 0x0000000089200000|  0%| F|  |TAMS 0x0000000089100000, 0x0000000089100000| Untracked 
| 146|0x0000000089200000, 0x0000000089200000, 0x0000000089300000|  0%| F|  |TAMS 0x0000000089200000, 0x0000000089200000| Untracked 
| 147|0x0000000089300000, 0x0000000089300000, 0x0000000089400000|  0%| F|  |TAMS 0x0000000089300000, 0x0000000089300000| Untracked 
| 148|0x0000000089400000, 0x0000000089400000, 0x0000000089500000|  0%| F|  |TAMS 0x0000000089400000, 0x0000000089400000| Untracked 
| 149|0x0000000089500000, 0x0000000089500000, 0x0000000089600000|  0%| F|  |TAMS 0x0000000089500000, 0x0000000089500000| Untracked 
| 150|0x0000000089600000, 0x0000000089600000, 0x0000000089700000|  0%| F|  |TAMS 0x0000000089600000, 0x0000000089600000| Untracked 
| 151|0x0000000089700000, 0x0000000089700000, 0x0000000089800000|  0%| F|  |TAMS 0x0000000089700000, 0x0000000089700000| Untracked 
| 152|0x0000000089800000, 0x0000000089800000, 0x0000000089900000|  0%| F|  |TAMS 0x0000000089800000, 0x0000000089800000| Untracked 
| 153|0x0000000089900000, 0x0000000089900000, 0x0000000089a00000|  0%| F|  |TAMS 0x0000000089900000, 0x0000000089900000| Untracked 
| 154|0x0000000089a00000, 0x0000000089a00000, 0x0000000089b00000|  0%| F|  |TAMS 0x0000000089a00000, 0x0000000089a00000| Untracked 
| 155|0x0000000089b00000, 0x0000000089b00000, 0x0000000089c00000|  0%| F|  |TAMS 0x0000000089b00000, 0x0000000089b00000| Untracked 
| 156|0x0000000089c00000, 0x0000000089c00000, 0x0000000089d00000|  0%| F|  |TAMS 0x0000000089c00000, 0x0000000089c00000| Untracked 
| 157|0x0000000089d00000, 0x0000000089d00000, 0x0000000089e00000|  0%| F|  |TAMS 0x0000000089d00000, 0x0000000089d00000| Untracked 
| 158|0x0000000089e00000, 0x0000000089e00000, 0x0000000089f00000|  0%| F|  |TAMS 0x0000000089e00000, 0x0000000089e00000| Untracked 
| 159|0x0000000089f00000, 0x0000000089f00000, 0x000000008a000000|  0%| F|  |TAMS 0x0000000089f00000, 0x0000000089f00000| Untracked 
| 160|0x000000008a000000, 0x000000008a000000, 0x000000008a100000|  0%| F|  |TAMS 0x000000008a000000, 0x000000008a000000| Untracked 
| 161|0x000000008a100000, 0x000000008a100000, 0x000000008a200000|  0%| F|  |TAMS 0x000000008a100000, 0x000000008a100000| Untracked 
| 162|0x000000008a200000, 0x000000008a200000, 0x000000008a300000|  0%| F|  |TAMS 0x000000008a200000, 0x000000008a200000| Untracked 
| 163|0x000000008a300000, 0x000000008a300000, 0x000000008a400000|  0%| F|  |TAMS 0x000000008a300000, 0x000000008a300000| Untracked 
| 164|0x000000008a400000, 0x000000008a400000, 0x000000008a500000|  0%| F|  |TAMS 0x000000008a400000, 0x000000008a400000| Untracked 
| 165|0x000000008a500000, 0x000000008a500000, 0x000000008a600000|  0%| F|  |TAMS 0x000000008a500000, 0x000000008a500000| Untracked 
| 166|0x000000008a600000, 0x000000008a600000, 0x000000008a700000|  0%| F|  |TAMS 0x000000008a600000, 0x000000008a600000| Untracked 
| 167|0x000000008a700000, 0x000000008a700000, 0x000000008a800000|  0%| F|  |TAMS 0x000000008a700000, 0x000000008a700000| Untracked 
| 168|0x000000008a800000, 0x000000008a800000, 0x000000008a900000|  0%| F|  |TAMS 0x000000008a800000, 0x000000008a800000| Untracked 
| 169|0x000000008a900000, 0x000000008a900000, 0x000000008aa00000|  0%| F|  |TAMS 0x000000008a900000, 0x000000008a900000| Untracked 
| 170|0x000000008aa00000, 0x000000008aa00000, 0x000000008ab00000|  0%| F|  |TAMS 0x000000008aa00000, 0x000000008aa00000| Untracked 
| 171|0x000000008ab00000, 0x000000008ab00000, 0x000000008ac00000|  0%| F|  |TAMS 0x000000008ab00000, 0x000000008ab00000| Untracked 
| 172|0x000000008ac00000, 0x000000008ac00000, 0x000000008ad00000|  0%| F|  |TAMS 0x000000008ac00000, 0x000000008ac00000| Untracked 
| 173|0x000000008ad00000, 0x000000008ad00000, 0x000000008ae00000|  0%| F|  |TAMS 0x000000008ad00000, 0x000000008ad00000| Untracked 
| 174|0x000000008ae00000, 0x000000008ae00000, 0x000000008af00000|  0%| F|  |TAMS 0x000000008ae00000, 0x000000008ae00000| Untracked 
| 175|0x000000008af00000, 0x000000008af00000, 0x000000008b000000|  0%| F|  |TAMS 0x000000008af00000, 0x000000008af00000| Untracked 
| 176|0x000000008b000000, 0x000000008b000000, 0x000000008b100000|  0%| F|  |TAMS 0x000000008b000000, 0x000000008b000000| Untracked 
| 177|0x000000008b100000, 0x000000008b100000, 0x000000008b200000|  0%| F|  |TAMS 0x000000008b100000, 0x000000008b100000| Untracked 
| 178|0x000000008b200000, 0x000000008b200000, 0x000000008b300000|  0%| F|  |TAMS 0x000000008b200000, 0x000000008b200000| Untracked 
| 179|0x000000008b300000, 0x000000008b300000, 0x000000008b400000|  0%| F|  |TAMS 0x000000008b300000, 0x000000008b300000| Untracked 
| 180|0x000000008b400000, 0x000000008b400000, 0x000000008b500000|  0%| F|  |TAMS 0x000000008b400000, 0x000000008b400000| Untracked 
| 181|0x000000008b500000, 0x000000008b500000, 0x000000008b600000|  0%| F|  |TAMS 0x000000008b500000, 0x000000008b500000| Untracked 
| 182|0x000000008b600000, 0x000000008b600000, 0x000000008b700000|  0%| F|  |TAMS 0x000000008b600000, 0x000000008b600000| Untracked 
| 183|0x000000008b700000, 0x000000008b73a280, 0x000000008b800000| 22%| S|CS|TAMS 0x000000008b700000, 0x000000008b700000| Complete 
| 184|0x000000008b800000, 0x000000008b900000, 0x000000008b900000|100%| S|CS|TAMS 0x000000008b800000, 0x000000008b800000| Complete 
| 185|0x000000008b900000, 0x000000008ba00000, 0x000000008ba00000|100%| S|CS|TAMS 0x000000008b900000, 0x000000008b900000| Complete 
| 186|0x000000008ba00000, 0x000000008ba00000, 0x000000008bb00000|  0%| F|  |TAMS 0x000000008ba00000, 0x000000008ba00000| Untracked 
| 187|0x000000008bb00000, 0x000000008bb00000, 0x000000008bc00000|  0%| F|  |TAMS 0x000000008bb00000, 0x000000008bb00000| Untracked 
| 188|0x000000008bc00000, 0x000000008bc00000, 0x000000008bd00000|  0%| F|  |TAMS 0x000000008bc00000, 0x000000008bc00000| Untracked 
| 189|0x000000008bd00000, 0x000000008bd00000, 0x000000008be00000|  0%| F|  |TAMS 0x000000008bd00000, 0x000000008bd00000| Untracked 
| 190|0x000000008be00000, 0x000000008be00000, 0x000000008bf00000|  0%| F|  |TAMS 0x000000008be00000, 0x000000008be00000| Untracked 
| 191|0x000000008bf00000, 0x000000008bf00000, 0x000000008c000000|  0%| F|  |TAMS 0x000000008bf00000, 0x000000008bf00000| Untracked 
| 192|0x000000008c000000, 0x000000008c000000, 0x000000008c100000|  0%| F|  |TAMS 0x000000008c000000, 0x000000008c000000| Untracked 
| 193|0x000000008c100000, 0x000000008c100000, 0x000000008c200000|  0%| F|  |TAMS 0x000000008c100000, 0x000000008c100000| Untracked 
| 194|0x000000008c200000, 0x000000008c200000, 0x000000008c300000|  0%| F|  |TAMS 0x000000008c200000, 0x000000008c200000| Untracked 
| 195|0x000000008c300000, 0x000000008c300000, 0x000000008c400000|  0%| F|  |TAMS 0x000000008c300000, 0x000000008c300000| Untracked 
| 196|0x000000008c400000, 0x000000008c400000, 0x000000008c500000|  0%| F|  |TAMS 0x000000008c400000, 0x000000008c400000| Untracked 
| 197|0x000000008c500000, 0x000000008c500000, 0x000000008c600000|  0%| F|  |TAMS 0x000000008c500000, 0x000000008c500000| Untracked 
| 198|0x000000008c600000, 0x000000008c600000, 0x000000008c700000|  0%| F|  |TAMS 0x000000008c600000, 0x000000008c600000| Untracked 
| 199|0x000000008c700000, 0x000000008c700000, 0x000000008c800000|  0%| F|  |TAMS 0x000000008c700000, 0x000000008c700000| Untracked 
| 200|0x000000008c800000, 0x000000008c800000, 0x000000008c900000|  0%| F|  |TAMS 0x000000008c800000, 0x000000008c800000| Untracked 
| 201|0x000000008c900000, 0x000000008c900000, 0x000000008ca00000|  0%| F|  |TAMS 0x000000008c900000, 0x000000008c900000| Untracked 
| 202|0x000000008ca00000, 0x000000008ca00000, 0x000000008cb00000|  0%| F|  |TAMS 0x000000008ca00000, 0x000000008ca00000| Untracked 
| 203|0x000000008cb00000, 0x000000008cb00000, 0x000000008cc00000|  0%| F|  |TAMS 0x000000008cb00000, 0x000000008cb00000| Untracked 
| 204|0x000000008cc00000, 0x000000008cc00000, 0x000000008cd00000|  0%| F|  |TAMS 0x000000008cc00000, 0x000000008cc00000| Untracked 
| 205|0x000000008cd00000, 0x000000008cd00000, 0x000000008ce00000|  0%| F|  |TAMS 0x000000008cd00000, 0x000000008cd00000| Untracked 
| 206|0x000000008ce00000, 0x000000008ce00000, 0x000000008cf00000|  0%| F|  |TAMS 0x000000008ce00000, 0x000000008ce00000| Untracked 
| 207|0x000000008cf00000, 0x000000008cf00000, 0x000000008d000000|  0%| F|  |TAMS 0x000000008cf00000, 0x000000008cf00000| Untracked 
| 208|0x000000008d000000, 0x000000008d000000, 0x000000008d100000|  0%| F|  |TAMS 0x000000008d000000, 0x000000008d000000| Untracked 
| 209|0x000000008d100000, 0x000000008d100000, 0x000000008d200000|  0%| F|  |TAMS 0x000000008d100000, 0x000000008d100000| Untracked 
| 210|0x000000008d200000, 0x000000008d200000, 0x000000008d300000|  0%| F|  |TAMS 0x000000008d200000, 0x000000008d200000| Untracked 
| 211|0x000000008d300000, 0x000000008d300000, 0x000000008d400000|  0%| F|  |TAMS 0x000000008d300000, 0x000000008d300000| Untracked 
| 212|0x000000008d400000, 0x000000008d400000, 0x000000008d500000|  0%| F|  |TAMS 0x000000008d400000, 0x000000008d400000| Untracked 
| 213|0x000000008d500000, 0x000000008d500000, 0x000000008d600000|  0%| F|  |TAMS 0x000000008d500000, 0x000000008d500000| Untracked 
| 214|0x000000008d600000, 0x000000008d600000, 0x000000008d700000|  0%| F|  |TAMS 0x000000008d600000, 0x000000008d600000| Untracked 
| 215|0x000000008d700000, 0x000000008d700000, 0x000000008d800000|  0%| F|  |TAMS 0x000000008d700000, 0x000000008d700000| Untracked 
| 216|0x000000008d800000, 0x000000008d800000, 0x000000008d900000|  0%| F|  |TAMS 0x000000008d800000, 0x000000008d800000| Untracked 
| 217|0x000000008d900000, 0x000000008d900000, 0x000000008da00000|  0%| F|  |TAMS 0x000000008d900000, 0x000000008d900000| Untracked 
| 218|0x000000008da00000, 0x000000008da00000, 0x000000008db00000|  0%| F|  |TAMS 0x000000008da00000, 0x000000008da00000| Untracked 
| 219|0x000000008db00000, 0x000000008db00000, 0x000000008dc00000|  0%| F|  |TAMS 0x000000008db00000, 0x000000008db00000| Untracked 
| 220|0x000000008dc00000, 0x000000008dc00000, 0x000000008dd00000|  0%| F|  |TAMS 0x000000008dc00000, 0x000000008dc00000| Untracked 
| 221|0x000000008dd00000, 0x000000008dd00000, 0x000000008de00000|  0%| F|  |TAMS 0x000000008dd00000, 0x000000008dd00000| Untracked 
| 222|0x000000008de00000, 0x000000008de00000, 0x000000008df00000|  0%| F|  |TAMS 0x000000008de00000, 0x000000008de00000| Untracked 
| 223|0x000000008df00000, 0x000000008df00000, 0x000000008e000000|  0%| F|  |TAMS 0x000000008df00000, 0x000000008df00000| Untracked 
| 224|0x000000008e000000, 0x000000008e000000, 0x000000008e100000|  0%| F|  |TAMS 0x000000008e000000, 0x000000008e000000| Untracked 
| 225|0x000000008e100000, 0x000000008e100000, 0x000000008e200000|  0%| F|  |TAMS 0x000000008e100000, 0x000000008e100000| Untracked 
| 226|0x000000008e200000, 0x000000008e200000, 0x000000008e300000|  0%| F|  |TAMS 0x000000008e200000, 0x000000008e200000| Untracked 
| 227|0x000000008e300000, 0x000000008e300000, 0x000000008e400000|  0%| F|  |TAMS 0x000000008e300000, 0x000000008e300000| Untracked 
| 228|0x000000008e400000, 0x000000008e400000, 0x000000008e500000|  0%| F|  |TAMS 0x000000008e400000, 0x000000008e400000| Untracked 
| 229|0x000000008e500000, 0x000000008e500000, 0x000000008e600000|  0%| F|  |TAMS 0x000000008e500000, 0x000000008e500000| Untracked 
| 230|0x000000008e600000, 0x000000008e600000, 0x000000008e700000|  0%| F|  |TAMS 0x000000008e600000, 0x000000008e600000| Untracked 
| 231|0x000000008e700000, 0x000000008e700000, 0x000000008e800000|  0%| F|  |TAMS 0x000000008e700000, 0x000000008e700000| Untracked 
| 232|0x000000008e800000, 0x000000008e800000, 0x000000008e900000|  0%| F|  |TAMS 0x000000008e800000, 0x000000008e800000| Untracked 
| 233|0x000000008e900000, 0x000000008e900000, 0x000000008ea00000|  0%| F|  |TAMS 0x000000008e900000, 0x000000008e900000| Untracked 
| 234|0x000000008ea00000, 0x000000008ea00000, 0x000000008eb00000|  0%| F|  |TAMS 0x000000008ea00000, 0x000000008ea00000| Untracked 
| 235|0x000000008eb00000, 0x000000008eb00000, 0x000000008ec00000|  0%| F|  |TAMS 0x000000008eb00000, 0x000000008eb00000| Untracked 
| 236|0x000000008ec00000, 0x000000008ec00000, 0x000000008ed00000|  0%| F|  |TAMS 0x000000008ec00000, 0x000000008ec00000| Untracked 
| 237|0x000000008ed00000, 0x000000008ed00000, 0x000000008ee00000|  0%| F|  |TAMS 0x000000008ed00000, 0x000000008ed00000| Untracked 
| 238|0x000000008ee00000, 0x000000008ee00000, 0x000000008ef00000|  0%| F|  |TAMS 0x000000008ee00000, 0x000000008ee00000| Untracked 
| 239|0x000000008ef00000, 0x000000008ef00000, 0x000000008f000000|  0%| F|  |TAMS 0x000000008ef00000, 0x000000008ef00000| Untracked 
| 240|0x000000008f000000, 0x000000008f000000, 0x000000008f100000|  0%| F|  |TAMS 0x000000008f000000, 0x000000008f000000| Untracked 
| 241|0x000000008f100000, 0x000000008f100000, 0x000000008f200000|  0%| F|  |TAMS 0x000000008f100000, 0x000000008f100000| Untracked 
| 242|0x000000008f200000, 0x000000008f200000, 0x000000008f300000|  0%| F|  |TAMS 0x000000008f200000, 0x000000008f200000| Untracked 
| 243|0x000000008f300000, 0x000000008f300000, 0x000000008f400000|  0%| F|  |TAMS 0x000000008f300000, 0x000000008f300000| Untracked 
| 244|0x000000008f400000, 0x000000008f400000, 0x000000008f500000|  0%| F|  |TAMS 0x000000008f400000, 0x000000008f400000| Untracked 
| 245|0x000000008f500000, 0x000000008f500000, 0x000000008f600000|  0%| F|  |TAMS 0x000000008f500000, 0x000000008f500000| Untracked 
| 246|0x000000008f600000, 0x000000008f600000, 0x000000008f700000|  0%| F|  |TAMS 0x000000008f600000, 0x000000008f600000| Untracked 
| 247|0x000000008f700000, 0x000000008f700000, 0x000000008f800000|  0%| F|  |TAMS 0x000000008f700000, 0x000000008f700000| Untracked 
| 248|0x000000008f800000, 0x000000008f800000, 0x000000008f900000|  0%| F|  |TAMS 0x000000008f800000, 0x000000008f800000| Untracked 
| 249|0x000000008f900000, 0x000000008f900000, 0x000000008fa00000|  0%| F|  |TAMS 0x000000008f900000, 0x000000008f900000| Untracked 
| 250|0x000000008fa00000, 0x000000008fa00000, 0x000000008fb00000|  0%| F|  |TAMS 0x000000008fa00000, 0x000000008fa00000| Untracked 
| 251|0x000000008fb00000, 0x000000008fb00000, 0x000000008fc00000|  0%| F|  |TAMS 0x000000008fb00000, 0x000000008fb00000| Untracked 
| 252|0x000000008fc00000, 0x000000008fc00000, 0x000000008fd00000|  0%| F|  |TAMS 0x000000008fc00000, 0x000000008fc00000| Untracked 
| 253|0x000000008fd00000, 0x000000008fd00000, 0x000000008fe00000|  0%| F|  |TAMS 0x000000008fd00000, 0x000000008fd00000| Untracked 
| 254|0x000000008fe00000, 0x000000008fe00000, 0x000000008ff00000|  0%| F|  |TAMS 0x000000008fe00000, 0x000000008fe00000| Untracked 
| 255|0x000000008ff00000, 0x000000008ff00000, 0x0000000090000000|  0%| F|  |TAMS 0x000000008ff00000, 0x000000008ff00000| Untracked 
| 256|0x0000000090000000, 0x0000000090000000, 0x0000000090100000|  0%| F|  |TAMS 0x0000000090000000, 0x0000000090000000| Untracked 
| 257|0x0000000090100000, 0x0000000090100000, 0x0000000090200000|  0%| F|  |TAMS 0x0000000090100000, 0x0000000090100000| Untracked 
| 258|0x0000000090200000, 0x0000000090200000, 0x0000000090300000|  0%| F|  |TAMS 0x0000000090200000, 0x0000000090200000| Untracked 
| 259|0x0000000090300000, 0x0000000090300000, 0x0000000090400000|  0%| F|  |TAMS 0x0000000090300000, 0x0000000090300000| Untracked 
| 260|0x0000000090400000, 0x0000000090400000, 0x0000000090500000|  0%| F|  |TAMS 0x0000000090400000, 0x0000000090400000| Untracked 
| 261|0x0000000090500000, 0x0000000090500000, 0x0000000090600000|  0%| F|  |TAMS 0x0000000090500000, 0x0000000090500000| Untracked 
| 262|0x0000000090600000, 0x0000000090600000, 0x0000000090700000|  0%| F|  |TAMS 0x0000000090600000, 0x0000000090600000| Untracked 
| 263|0x0000000090700000, 0x0000000090700000, 0x0000000090800000|  0%| F|  |TAMS 0x0000000090700000, 0x0000000090700000| Untracked 
| 264|0x0000000090800000, 0x0000000090800000, 0x0000000090900000|  0%| F|  |TAMS 0x0000000090800000, 0x0000000090800000| Untracked 
| 265|0x0000000090900000, 0x0000000090900000, 0x0000000090a00000|  0%| F|  |TAMS 0x0000000090900000, 0x0000000090900000| Untracked 
| 266|0x0000000090a00000, 0x0000000090a00000, 0x0000000090b00000|  0%| F|  |TAMS 0x0000000090a00000, 0x0000000090a00000| Untracked 

Card table byte_map: [0x0000026a14cd0000,0x0000026a150d0000] _byte_map_base: 0x0000026a148d0000

Marking Bits (Prev, Next): (CMBitMap*) 0x0000026a7f790168, (CMBitMap*) 0x0000026a7f7901a0
 Prev Bits: [0x0000026a154d0000, 0x0000026a174d0000)
 Next Bits: [0x0000026a174d0000, 0x0000026a194d0000)

Polling page: 0x0000026a01410000

Metaspace:

Usage:
  Non-class:     86.92 MB capacity,    85.30 MB ( 98%) used,     1.30 MB (  2%) free+waste,   320.88 KB ( <1%) overhead. 
      Class:     13.85 MB capacity,    12.85 MB ( 93%) used,   884.78 KB (  6%) free+waste,   146.50 KB (  1%) overhead. 
       Both:    100.77 MB capacity,    98.15 MB ( 97%) used,     2.17 MB (  2%) free+waste,   467.38 KB ( <1%) overhead. 

Virtual space:
  Non-class space:       88.00 MB reserved,      87.17 MB (>99%) committed 
      Class space:        1.00 GB reserved,      14.07 MB (  1%) committed 
             Both:        1.09 GB reserved,     101.24 MB (  9%) committed 

Chunk freelists:
   Non-Class:  124.00 KB
       Class:  151.00 KB
        Both:  275.00 KB

MaxMetaspaceSize: 17179869184.00 GB
CompressedClassSpaceSize: 1.00 GB
Initial GC threshold: 20.80 MB
Current GC threshold: 168.74 MB
CDS: off

CodeHeap 'non-profiled nmethods': size=120000Kb used=6858Kb max_used=6858Kb free=113141Kb
 bounds [0x0000026a0c930000, 0x0000026a0cff0000, 0x0000026a13e60000]
CodeHeap 'profiled nmethods': size=120000Kb used=31460Kb max_used=31460Kb free=88539Kb
 bounds [0x0000026a05400000, 0x0000026a072c0000, 0x0000026a0c930000]
CodeHeap 'non-nmethods': size=5760Kb used=2407Kb max_used=2456Kb free=3352Kb
 bounds [0x0000026a04e60000, 0x0000026a050d0000, 0x0000026a05400000]
 total_blobs=13792 nmethods=12866 adapters=837
 compilation: enabled
              stopped_count=0, restarted_count=0
 full_count=0

Compilation events (20 events):
Event: 13.396 Thread 0x0000026a1bfcb000 nmethod 13241 0x0000026a072af710 code [0x0000026a072af900, 0x0000026a072afb88]
Event: 13.396 Thread 0x0000026a1bfcb000 13249       2       com.android.tools.r8.internal.u8::a (58 bytes)
Event: 13.396 Thread 0x0000026a1bfcb000 nmethod 13249 0x0000026a072afd10 code [0x0000026a072afec0, 0x0000026a072b0088]
Event: 13.396 Thread 0x0000026a1bfcb000 13193       2       com.android.tools.r8.internal.xE::a (280 bytes)
Event: 13.398 Thread 0x0000026a1bfcb000 nmethod 13193 0x0000026a072b0190 code [0x0000026a072b0460, 0x0000026a072b0ea8]
Event: 13.398 Thread 0x0000026a1bfcb000 13288 %     3       com.android.tools.r8.internal.g8::a @ 56 (280 bytes)
Event: 13.400 Thread 0x0000026a1bfcb000 nmethod 13288% 0x0000026a072b1690 code [0x0000026a072b1aa0, 0x0000026a072b3db8]
Event: 13.400 Thread 0x0000026a1bfcb000 13287       2       com.android.tools.r8.internal.qb::b (158 bytes)
Event: 13.401 Thread 0x0000026a1bfcb000 nmethod 13287 0x0000026a072b4790 code [0x0000026a072b4b20, 0x0000026a072b5f38]
Event: 13.401 Thread 0x0000026a1bfcb000 13204       2       java.util.TreeSet::size (10 bytes)
Event: 13.402 Thread 0x0000026a1bfcb000 nmethod 13204 0x0000026a072b6790 code [0x0000026a072b6940, 0x0000026a072b6a68]
Event: 13.402 Thread 0x0000026a1bfcb000 13220       2       com.android.tools.r8.internal.Ao::a (239 bytes)
Event: 13.403 Thread 0x0000026a1bfcb000 nmethod 13220 0x0000026a072b6b10 code [0x0000026a072b6e40, 0x0000026a072b7aa8]
Event: 13.403 Thread 0x0000026a1bfcb000 13262       2       com.android.tools.r8.code.w1::a (37 bytes)
Event: 13.404 Thread 0x0000026a1bfcb000 nmethod 13262 0x0000026a072b8490 code [0x0000026a072b8680, 0x0000026a072b8898]
Event: 13.404 Thread 0x0000026a1bfcb000 13263       2       com.android.tools.r8.code.w1::J (2 bytes)
Event: 13.404 Thread 0x0000026a1bfcb000 nmethod 13263 0x0000026a072b8a10 code [0x0000026a072b8bc0, 0x0000026a072b8cb8]
Event: 13.404 Thread 0x0000026a1bfcb000 13218       2       com.android.tools.r8.internal.Ja::hashCode (25 bytes)
Event: 13.404 Thread 0x0000026a1bfcb000 nmethod 13218 0x0000026a072b8d90 code [0x0000026a072b8f60, 0x0000026a072b9288]
Event: 13.404 Thread 0x0000026a1bfcb000 13200       2       com.android.tools.r8.internal.yR::b (92 bytes)

GC Heap History (20 events):
Event: 11.060 GC heap after
{Heap after GC invocations=23 (full 0):
 garbage-first heap   total 227328K, used 128696K [0x0000000080000000, 0x0000000100000000)
  region size 1024K, 9 young (9216K), 9 survivors (9216K)
 Metaspace       used 96219K, capacity 98959K, committed 99192K, reserved 1134592K
  class space    used 12719K, capacity 13743K, committed 13772K, reserved 1048576K
}
Event: 11.219 GC heap before
{Heap before GC invocations=23 (full 0):
 garbage-first heap   total 227328K, used 181944K [0x0000000080000000, 0x0000000100000000)
  region size 1024K, 61 young (62464K), 9 survivors (9216K)
 Metaspace       used 97468K, capacity 100229K, committed 100472K, reserved 1136640K
  class space    used 12913K, capacity 13995K, committed 14028K, reserved 1048576K
}
Event: 11.239 GC heap after
{Heap after GC invocations=24 (full 0):
 garbage-first heap   total 273408K, used 137542K [0x0000000080000000, 0x0000000100000000)
  region size 1024K, 8 young (8192K), 8 survivors (8192K)
 Metaspace       used 97468K, capacity 100229K, committed 100472K, reserved 1136640K
  class space    used 12913K, capacity 13995K, committed 14028K, reserved 1048576K
}
Event: 11.557 GC heap before
{Heap before GC invocations=25 (full 0):
 garbage-first heap   total 273408K, used 208198K [0x0000000080000000, 0x0000000100000000)
  region size 1024K, 77 young (78848K), 8 survivors (8192K)
 Metaspace       used 97880K, capacity 100408K, committed 101112K, reserved 1136640K
  class space    used 12914K, capacity 13882K, committed 14156K, reserved 1048576K
}
Event: 11.573 GC heap after
{Heap after GC invocations=26 (full 0):
 garbage-first heap   total 273408K, used 144180K [0x0000000080000000, 0x0000000100000000)
  region size 1024K, 6 young (6144K), 6 survivors (6144K)
 Metaspace       used 97880K, capacity 100408K, committed 101112K, reserved 1136640K
  class space    used 12914K, capacity 13882K, committed 14156K, reserved 1048576K
}
Event: 11.798 GC heap before
{Heap before GC invocations=26 (full 0):
 garbage-first heap   total 273408K, used 213812K [0x0000000080000000, 0x0000000100000000)
  region size 1024K, 74 young (75776K), 6 survivors (6144K)
 Metaspace       used 98466K, capacity 101035K, committed 101752K, reserved 1136640K
  class space    used 12957K, capacity 13958K, committed 14284K, reserved 1048576K
}
Event: 11.807 GC heap after
{Heap after GC invocations=27 (full 0):
 garbage-first heap   total 273408K, used 146029K [0x0000000080000000, 0x0000000100000000)
  region size 1024K, 2 young (2048K), 2 survivors (2048K)
 Metaspace       used 98466K, capacity 101035K, committed 101752K, reserved 1136640K
  class space    used 12957K, capacity 13958K, committed 14284K, reserved 1048576K
}
Event: 12.266 GC heap before
{Heap before GC invocations=28 (full 0):
 garbage-first heap   total 273408K, used 217709K [0x0000000080000000, 0x0000000100000000)
  region size 1024K, 72 young (73728K), 2 survivors (2048K)
 Metaspace       used 98557K, capacity 101062K, committed 102008K, reserved 1136640K
  class space    used 12928K, capacity 13904K, committed 14284K, reserved 1048576K
}
Event: 12.271 GC heap after
{Heap after GC invocations=29 (full 0):
 garbage-first heap   total 273408K, used 145692K [0x0000000080000000, 0x0000000100000000)
  region size 1024K, 2 young (2048K), 2 survivors (2048K)
 Metaspace       used 98557K, capacity 101062K, committed 102008K, reserved 1136640K
  class space    used 12928K, capacity 13904K, committed 14284K, reserved 1048576K
}
Event: 12.467 GC heap before
{Heap before GC invocations=29 (full 0):
 garbage-first heap   total 273408K, used 219420K [0x0000000080000000, 0x0000000100000000)
  region size 1024K, 74 young (75776K), 2 survivors (2048K)
 Metaspace       used 98711K, capacity 101257K, committed 102264K, reserved 1136640K
  class space    used 12954K, capacity 13927K, committed 14284K, reserved 1048576K
}
Event: 12.471 GC heap after
{Heap after GC invocations=30 (full 0):
 garbage-first heap   total 273408K, used 145741K [0x0000000080000000, 0x0000000100000000)
  region size 1024K, 2 young (2048K), 2 survivors (2048K)
 Metaspace       used 98711K, capacity 101257K, committed 102264K, reserved 1136640K
  class space    used 12954K, capacity 13927K, committed 14284K, reserved 1048576K
}
Event: 12.765 GC heap before
{Heap before GC invocations=30 (full 0):
 garbage-first heap   total 273408K, used 222541K [0x0000000080000000, 0x0000000100000000)
  region size 1024K, 77 young (78848K), 2 survivors (2048K)
 Metaspace       used 99519K, capacity 102111K, committed 102904K, reserved 1138688K
  class space    used 13048K, capacity 14063K, committed 14412K, reserved 1048576K
}
Event: 12.769 GC heap after
{Heap after GC invocations=31 (full 0):
 garbage-first heap   total 273408K, used 146525K [0x0000000080000000, 0x0000000100000000)
  region size 1024K, 3 young (3072K), 3 survivors (3072K)
 Metaspace       used 99519K, capacity 102111K, committed 102904K, reserved 1138688K
  class space    used 13048K, capacity 14063K, committed 14412K, reserved 1048576K
}
Event: 12.931 GC heap before
{Heap before GC invocations=32 (full 0):
 garbage-first heap   total 273408K, used 223325K [0x0000000080000000, 0x0000000100000000)
  region size 1024K, 79 young (80896K), 3 survivors (3072K)
 Metaspace       used 99913K, capacity 102596K, committed 103160K, reserved 1138688K
  class space    used 13097K, capacity 14097K, committed 14412K, reserved 1048576K
}
Event: 12.936 GC heap after
{Heap after GC invocations=33 (full 0):
 garbage-first heap   total 273408K, used 148249K [0x0000000080000000, 0x0000000100000000)
  region size 1024K, 4 young (4096K), 4 survivors (4096K)
 Metaspace       used 99913K, capacity 102596K, committed 103160K, reserved 1138688K
  class space    used 13097K, capacity 14097K, committed 14412K, reserved 1048576K
}
Event: 12.953 GC heap before
{Heap before GC invocations=33 (full 0):
 garbage-first heap   total 273408K, used 156441K [0x0000000080000000, 0x0000000100000000)
  region size 1024K, 13 young (13312K), 4 survivors (4096K)
 Metaspace       used 99926K, capacity 102608K, committed 103160K, reserved 1138688K
  class space    used 13099K, capacity 14101K, committed 14412K, reserved 1048576K
}
Event: 12.959 GC heap after
{Heap after GC invocations=34 (full 0):
 garbage-first heap   total 273408K, used 146962K [0x0000000080000000, 0x0000000100000000)
  region size 1024K, 1 young (1024K), 1 survivors (1024K)
 Metaspace       used 99926K, capacity 102608K, committed 103160K, reserved 1138688K
  class space    used 13099K, capacity 14101K, committed 14412K, reserved 1048576K
}
Event: 13.138 GC heap before
{Heap before GC invocations=34 (full 0):
 garbage-first heap   total 273408K, used 225810K [0x0000000080000000, 0x0000000100000000)
  region size 1024K, 79 young (80896K), 1 survivors (1024K)
 Metaspace       used 100216K, capacity 102920K, committed 103416K, reserved 1138688K
  class space    used 13153K, capacity 14184K, committed 14412K, reserved 1048576K
}
Event: 13.143 GC heap after
{Heap after GC invocations=35 (full 0):
 garbage-first heap   total 273408K, used 147525K [0x0000000080000000, 0x0000000100000000)
  region size 1024K, 2 young (2048K), 2 survivors (2048K)
 Metaspace       used 100216K, capacity 102920K, committed 103416K, reserved 1138688K
  class space    used 13153K, capacity 14184K, committed 14412K, reserved 1048576K
}
Event: 13.405 GC heap before
{Heap before GC invocations=35 (full 0):
 garbage-first heap   total 273408K, used 228421K [0x0000000080000000, 0x0000000100000000)
  region size 1024K, 81 young (82944K), 2 survivors (2048K)
 Metaspace       used 100504K, capacity 103193K, committed 103672K, reserved 1138688K
  class space    used 13153K, capacity 14185K, committed 14412K, reserved 1048576K
}

Deoptimization events (20 events):
Event: 13.115 Thread 0x0000026a2078d800 DEOPT PACKING pc=0x0000026a0cf34f3c sp=0x000000a31d0fad20
Event: 13.115 Thread 0x0000026a2078d800 DEOPT UNPACKING pc=0x0000026a04eaa1af sp=0x000000a31d0fad00 mode 2
Event: 13.118 Thread 0x0000026a2078d800 Uncommon trap: trap_request=0xffffff6e fr.pc=0x0000026a0ce47318 relative=0x0000000000000798
Event: 13.118 Thread 0x0000026a2078d800 Uncommon trap: reason=speculate_class_check action=maybe_recompile pc=0x0000026a0ce47318 method=sun.security.provider.DigestBase.implCompressMultiBlock([BII)I @ 11 c2
Event: 13.118 Thread 0x0000026a2078d800 DEOPT PACKING pc=0x0000026a0ce47318 sp=0x000000a31d0fa470
Event: 13.118 Thread 0x0000026a2078d800 DEOPT UNPACKING pc=0x0000026a04eaa1af sp=0x000000a31d0fa3a8 mode 2
Event: 13.131 Thread 0x0000026a202a4000 DEOPT PACKING pc=0x0000026a06febffa sp=0x000000a318ff9190
Event: 13.131 Thread 0x0000026a202a4000 DEOPT UNPACKING pc=0x0000026a04eaa95e sp=0x000000a318ff8870 mode 0
Event: 13.145 Thread 0x0000026a20791800 DEOPT PACKING pc=0x0000026a06f98ef6 sp=0x000000a31cdf94a0
Event: 13.145 Thread 0x0000026a20791800 DEOPT UNPACKING pc=0x0000026a04eaa95e sp=0x000000a31cdf8b50 mode 0
Event: 13.360 Thread 0x0000026a2078d800 DEOPT PACKING pc=0x0000026a065bf1dc sp=0x000000a31d0fef10
Event: 13.360 Thread 0x0000026a2078d800 DEOPT UNPACKING pc=0x0000026a04eaa95e sp=0x000000a31d0fe4e0 mode 0
Event: 13.398 Thread 0x0000026a20298000 Uncommon trap: trap_request=0xffffff4d fr.pc=0x0000026a0cdd5828 relative=0x0000000000000708
Event: 13.398 Thread 0x0000026a20298000 Uncommon trap: reason=unstable_if action=reinterpret pc=0x0000026a0cdd5828 method=com.google.common.collect.MapMakerInternalMap$Segment.drainKeyReferenceQueue(Ljava/lang/ref/ReferenceQueue;)V @ 8 c2
Event: 13.398 Thread 0x0000026a20298000 DEOPT PACKING pc=0x0000026a0cdd5828 sp=0x000000a3186fdff0
Event: 13.398 Thread 0x0000026a20298000 DEOPT UNPACKING pc=0x0000026a04eaa1af sp=0x000000a3186fdd18 mode 2
Event: 13.400 Thread 0x0000026a217b9000 Uncommon trap: trap_request=0xffffff7e fr.pc=0x0000026a0cfc4f70 relative=0x00000000000025d0
Event: 13.400 Thread 0x0000026a217b9000 Uncommon trap: reason=predicate action=maybe_recompile pc=0x0000026a0cfc4f70 method=java.util.TimSort.reverseRange([Ljava/lang/Object;II)V @ 5 c2
Event: 13.400 Thread 0x0000026a217b9000 DEOPT PACKING pc=0x0000026a0cfc4f70 sp=0x000000a31b2fc370
Event: 13.400 Thread 0x0000026a217b9000 DEOPT UNPACKING pc=0x0000026a04eaa1af sp=0x000000a31b2fc1d8 mode 2

Classes redefined (0 events):
No events

Internal exceptions (20 events):
Event: 10.580 Thread 0x0000026a2047e800 Exception <a 'java/lang/IncompatibleClassChangeError'{0x000000008b50ca08}: Found class java.lang.Object, but interface was expected> (0x000000008b50ca08) thrown at [./src/hotspot/share/interpreter/linkResolver.cpp, line 839]
Event: 10.795 Thread 0x0000026a20477000 Exception <a 'java/lang/NoSuchMethodError'{0x000000008cab8c00}: 'java.lang.Object java.lang.invoke.DirectMethodHandle$Holder.invokeStatic(java.lang.Object, int, java.lang.Object, java.lang.Object)'> (0x000000008cab8c00) thrown at [./src/hotspot/share/interpreter/linkResolver.cpp, line 773]
Event: 10.795 Thread 0x0000026a217bd000 Exception <a 'java/lang/NoSuchMethodError'{0x000000008c851030}: 'java.lang.Object java.lang.invoke.DirectMethodHandle$Holder.invokeStatic(java.lang.Object, int, java.lang.Object, java.lang.Object)'> (0x000000008c851030) thrown at [./src/hotspot/share/interpreter/linkResolver.cpp, line 773]
Event: 10.795 Thread 0x0000026a2047e800 Exception <a 'java/lang/NoSuchMethodError'{0x000000008c908e10}: 'java.lang.Object java.lang.invoke.DirectMethodHandle$Holder.invokeStatic(java.lang.Object, int, java.lang.Object, java.lang.Object)'> (0x000000008c908e10) thrown at [./src/hotspot/share/interpreter/linkResolver.cpp, line 773]
Event: 10.951 Thread 0x0000026a20477000 Exception <a 'java/lang/IncompatibleClassChangeError'{0x000000008d6f3cb0}: Found class java.lang.Object, but interface was expected> (0x000000008d6f3cb0) thrown at [./src/hotspot/share/interpreter/linkResolver.cpp, line 839]
Event: 10.952 Thread 0x0000026a20477000 Exception <a 'java/lang/IncompatibleClassChangeError'{0x000000008d231ed0}: Found class java.lang.Object, but interface was expected> (0x000000008d231ed0) thrown at [./src/hotspot/share/interpreter/linkResolver.cpp, line 839]
Event: 11.006 Thread 0x0000026a20477000 Exception <a 'java/lang/NoSuchMethodError'{0x000000008b1e46b0}: 'void java.lang.invoke.DirectMethodHandle$Holder.invokeSpecial(java.lang.Object, java.lang.Object, int, java.lang.Object)'> (0x000000008b1e46b0) thrown at [./src/hotspot/share/interpreter/linkResolver.cpp, line 773]
Event: 11.135 Thread 0x0000026a217bd000 Exception <a 'java/lang/NoSuchMethodError'{0x000000008bd59a18}: 'java.lang.Object java.lang.invoke.DirectMethodHandle$Holder.newInvokeSpecial(java.lang.Object, int)'> (0x000000008bd59a18) thrown at [./src/hotspot/share/interpreter/linkResolver.cpp, line 773]
Event: 11.647 Thread 0x0000026a217ee800 Exception <a 'java/lang/NoSuchMethodError'{0x000000008f6f1470}: 'int java.lang.invoke.DirectMethodHandle$Holder.invokeSpecialIFC(java.lang.Object, java.lang.Object, java.lang.Object)'> (0x000000008f6f1470) thrown at [./src/hotspot/share/interpreter/linkResolver.cpp, line 773]
Event: 11.794 Thread 0x0000026a202a4000 Exception <a 'java/lang/NoSuchMethodError'{0x000000008ca09478}: 'int java.lang.invoke.DirectMethodHandle$Holder.invokeInterface(java.lang.Object, java.lang.Object, int)'> (0x000000008ca09478) thrown at [./src/hotspot/share/interpreter/linkResolver.cpp, line 773]
Event: 12.588 Thread 0x0000026a20477000 Exception <a 'java/lang/NoSuchMethodError'{0x00000000900b04d8}: 'java.lang.Object java.lang.invoke.Invokers$Holder.linkToTargetMethod(java.lang.Object, int, java.lang.Object, java.lang.Object, java.lang.Object, java.lang.Object)'> (0x00000000900b04d8) thrown at [./src/hotspot/share/interpreter/linkResolver.cpp, line 773]
Event: 12.589 Thread 0x0000026a20477000 Exception <a 'java/lang/NoSuchMethodError'{0x00000000900c44c8}: 'java.lang.Object java.lang.invoke.Invokers$Holder.linkToTargetMethod(java.lang.Object, java.lang.Object, java.lang.Object, int, java.lang.Object, java.lang.Object, java.lang.Object)'> (0x00000000900c44c8) thrown at [./src/hotspot/share/interpreter/linkResolver.cpp, line 773]
Event: 12.591 Thread 0x0000026a20477000 Exception <a 'java/lang/NoSuchMethodError'{0x000000008ede4940}: 'void java.lang.invoke.DirectMethodHandle$Holder.invokeStatic(java.lang.Object, java.lang.Object, java.lang.Object, java.lang.Object, java.lang.Object, java.lang.Object, java.lang.Object, java.lang.Object)'> (0x000000008ede4940) thrown at [./src/hotspot/share/interpreter/linkResolver.cpp, line 773]
Event: 12.730 Thread 0x0000026a20477000 Exception <a 'java/lang/IncompatibleClassChangeError'{0x000000008c85a4b8}: Found class java.lang.Object, but interface was expected> (0x000000008c85a4b8) thrown at [./src/hotspot/share/interpreter/linkResolver.cpp, line 839]
Event: 12.914 Thread 0x0000026a20477000 Exception <a 'java/lang/NoSuchMethodError'{0x000000008ca8ff40}: 'void java.lang.invoke.DirectMethodHandle$Holder.invokeSpecial(java.lang.Object, java.lang.Object, int)'> (0x000000008ca8ff40) thrown at [./src/hotspot/share/interpreter/linkResolver.cpp, line 773]
Event: 13.016 Thread 0x0000026a20477000 Exception <a 'sun/nio/fs/WindowsException'{0x000000008f6f28c0}> (0x000000008f6f28c0) thrown at [./src/hotspot/share/prims/jni.cpp, line 615]
Event: 13.082 Thread 0x0000026a20477000 Exception <a 'java/lang/NoSuchMethodError'{0x000000008da91440}: 'java.lang.Object java.lang.invoke.DirectMethodHandle$Holder.newInvokeSpecial(java.lang.Object, java.lang.Object, java.lang.Object, java.lang.Object)'> (0x000000008da91440) thrown at [./src/hotspot/share/interpreter/linkResolver.cpp, line 773]
Event: 13.094 Thread 0x0000026a2078d800 Implicit null exception at 0x0000026a0ce5012d to 0x0000026a0ce504f8
Event: 13.112 Thread 0x0000026a2078d800 Exception <a 'sun/nio/fs/WindowsException'{0x000000008cf651a8}> (0x000000008cf651a8) thrown at [./src/hotspot/share/prims/jni.cpp, line 615]
Event: 13.119 Thread 0x0000026a2078d800 Exception <a 'sun/nio/fs/WindowsException'{0x000000008c6e6ba8}> (0x000000008c6e6ba8) thrown at [./src/hotspot/share/prims/jni.cpp, line 615]

Events (20 events):
Event: 13.116 loading class com/android/tools/r8/graph/P1 done
Event: 13.116 loading class com/android/tools/r8/graph/C1$e
Event: 13.116 loading class com/android/tools/r8/graph/C1$e done
Event: 13.117 loading class com/android/tools/r8/graph/C1$e
Event: 13.117 loading class com/android/tools/r8/graph/C1$e done
Event: 13.117 loading class com/android/tools/r8/graph/P1
Event: 13.117 loading class com/android/tools/r8/graph/P1 done
Event: 13.129 Executing VM operation: ICBufferFull
Event: 13.129 Executing VM operation: ICBufferFull done
Event: 13.137 Executing VM operation: G1CollectForAllocation
Event: 13.143 Executing VM operation: G1CollectForAllocation done
Event: 13.281 loading class com/android/tools/r8/code/H0
Event: 13.281 loading class com/android/tools/r8/code/H0 done
Event: 13.281 loading class com/android/tools/r8/code/H0
Event: 13.281 loading class com/android/tools/r8/code/H0 done
Event: 13.342 Executing VM operation: ICBufferFull
Event: 13.343 Executing VM operation: ICBufferFull done
Event: 13.351 Executing VM operation: CGC_Operation
Event: 13.359 Executing VM operation: CGC_Operation done
Event: 13.404 Executing VM operation: G1CollectForAllocation


Dynamic libraries:
0x00007ff7312e0000 - 0x00007ff7312ea000 	D:\programy\android studio\jre\bin\java.exe
0x00007ff948520000 - 0x00007ff948729000 	C:\Windows\SYSTEM32\ntdll.dll
0x00007ff9469b0000 - 0x00007ff946a6d000 	C:\Windows\System32\KERNEL32.DLL
0x00007ff945e20000 - 0x00007ff94619d000 	C:\Windows\System32\KERNELBASE.dll
0x00007ff945aa0000 - 0x00007ff945bb1000 	C:\Windows\System32\ucrtbase.dll
0x00007ff9400b0000 - 0x00007ff9400c9000 	D:\programy\android studio\jre\bin\jli.dll
0x00007ff9417b0000 - 0x00007ff9417c7000 	D:\programy\android studio\jre\bin\VCRUNTIME140.dll
0x00007ff948240000 - 0x00007ff9483ed000 	C:\Windows\System32\USER32.dll
0x00007ff934f70000 - 0x00007ff935215000 	C:\Windows\WinSxS\amd64_microsoft.windows.common-controls_6595b64144ccf1df_6.0.22000.120_none_9d947278b86cc467\COMCTL32.dll
0x00007ff946380000 - 0x00007ff9463a6000 	C:\Windows\System32\win32u.dll
0x00007ff9463b0000 - 0x00007ff946453000 	C:\Windows\System32\msvcrt.dll
0x00007ff946620000 - 0x00007ff946649000 	C:\Windows\System32\GDI32.dll
0x00007ff945d00000 - 0x00007ff945e18000 	C:\Windows\System32\gdi32full.dll
0x00007ff945a00000 - 0x00007ff945a9d000 	C:\Windows\System32\msvcp_win.dll
0x00007ff9467f0000 - 0x00007ff946821000 	C:\Windows\System32\IMM32.DLL
0x00007ff92d830000 - 0x00007ff92d8cd000 	D:\programy\android studio\jre\bin\msvcp140.dll
0x00007ff8e34b0000 - 0x00007ff8e3f95000 	D:\programy\android studio\jre\bin\server\jvm.dll
0x00007ff946900000 - 0x00007ff9469ae000 	C:\Windows\System32\ADVAPI32.dll
0x00007ff947600000 - 0x00007ff94769e000 	C:\Windows\System32\sechost.dll
0x00007ff947450000 - 0x00007ff947570000 	C:\Windows\System32\RPCRT4.dll
0x00007ff947570000 - 0x00007ff947578000 	C:\Windows\System32\PSAPI.DLL
0x00007ff940bf0000 - 0x00007ff940c23000 	C:\Windows\SYSTEM32\WINMM.dll
0x00007ff93dbd0000 - 0x00007ff93dbd9000 	C:\Windows\SYSTEM32\WSOCK32.dll
0x00007ff9405b0000 - 0x00007ff9405ba000 	C:\Windows\SYSTEM32\VERSION.dll
0x00007ff947950000 - 0x00007ff9479bf000 	C:\Windows\System32\WS2_32.dll
0x00007ff944bf0000 - 0x00007ff944c08000 	C:\Windows\SYSTEM32\kernel.appcore.dll
0x00007ff93f2b0000 - 0x00007ff93f2c1000 	D:\programy\android studio\jre\bin\verify.dll
0x00007ff943570000 - 0x00007ff943791000 	C:\Windows\SYSTEM32\DBGHELP.DLL
0x00007ff93fb80000 - 0x00007ff93fbb1000 	C:\Windows\SYSTEM32\dbgcore.DLL
0x00007ff945bc0000 - 0x00007ff945c3f000 	C:\Windows\System32\bcryptPrimitives.dll
0x00007ff93f280000 - 0x00007ff93f2a9000 	D:\programy\android studio\jre\bin\java.dll
0x00007ff9417f0000 - 0x00007ff9417fb000 	D:\programy\android studio\jre\bin\jimage.dll
0x00007ff93e8c0000 - 0x00007ff93e8d8000 	D:\programy\android studio\jre\bin\zip.dll
0x00007ff9479c0000 - 0x00007ff948178000 	C:\Windows\System32\SHELL32.dll
0x00007ff943b80000 - 0x00007ff9443e8000 	C:\Windows\SYSTEM32\windows.storage.dll
0x00007ff946f60000 - 0x00007ff9472d9000 	C:\Windows\System32\combase.dll
0x00007ff943a10000 - 0x00007ff943b76000 	C:\Windows\SYSTEM32\wintypes.dll
0x00007ff9483f0000 - 0x00007ff9484da000 	C:\Windows\System32\SHCORE.dll
0x00007ff9465a0000 - 0x00007ff9465fd000 	C:\Windows\System32\shlwapi.dll
0x00007ff945930000 - 0x00007ff945951000 	C:\Windows\SYSTEM32\profapi.dll
0x00007ff93dcb0000 - 0x00007ff93dcca000 	D:\programy\android studio\jre\bin\net.dll
0x00007ff9408e0000 - 0x00007ff9409ec000 	C:\Windows\SYSTEM32\WINHTTP.dll
0x00007ff945020000 - 0x00007ff945087000 	C:\Windows\system32\mswsock.dll
0x00007ff93dc60000 - 0x00007ff93dc74000 	D:\programy\android studio\jre\bin\nio.dll
0x00007ff93f3f0000 - 0x00007ff93f417000 	C:\Users\svkja\.gradle\native\e1d6ef7f7dcc3fd88c89a11ec53ec762bb8ba0a96d01ffa2cd45eb1d1d8dd5c5\windows-amd64\native-platform.dll
0x00007ff9213c0000 - 0x00007ff921504000 	C:\Users\svkja\.gradle\native\5664cfc778a61ccfe75a443a1ab52a65af34e5dc3c78e0209fed803814484fcb\windows-amd64\native-platform-file-events.dll
0x00007ff93e8b0000 - 0x00007ff93e8ba000 	D:\programy\android studio\jre\bin\management.dll
0x00007ff93dc50000 - 0x00007ff93dc5d000 	D:\programy\android studio\jre\bin\management_ext.dll
0x00007ff945260000 - 0x00007ff945278000 	C:\Windows\SYSTEM32\CRYPTSP.dll
0x00007ff944b50000 - 0x00007ff944b85000 	C:\Windows\system32\rsaenh.dll
0x00007ff945110000 - 0x00007ff945139000 	C:\Windows\SYSTEM32\USERENV.dll
0x00007ff9453e0000 - 0x00007ff945407000 	C:\Windows\SYSTEM32\bcrypt.dll
0x00007ff945280000 - 0x00007ff94528c000 	C:\Windows\SYSTEM32\CRYPTBASE.dll
0x00007ff944720000 - 0x00007ff94474d000 	C:\Windows\SYSTEM32\IPHLPAPI.DLL
0x00007ff946f50000 - 0x00007ff946f59000 	C:\Windows\System32\NSI.dll
0x00007ff940ac0000 - 0x00007ff940ad9000 	C:\Windows\SYSTEM32\dhcpcsvc6.DLL
0x00007ff940ce0000 - 0x00007ff940cfe000 	C:\Windows\SYSTEM32\dhcpcsvc.DLL
0x00007ff944790000 - 0x00007ff944878000 	C:\Windows\SYSTEM32\DNSAPI.dll

dbghelp: loaded successfully - version: 4.0.5 - missing functions: none
symbol engine: initialized successfully - sym options: 0x614 - pdb path: .;D:\programy\android studio\jre\bin;C:\Windows\SYSTEM32;C:\Windows\WinSxS\amd64_microsoft.windows.common-controls_6595b64144ccf1df_6.0.22000.120_none_9d947278b86cc467;D:\programy\android studio\jre\bin\server;C:\Users\svkja\.gradle\native\e1d6ef7f7dcc3fd88c89a11ec53ec762bb8ba0a96d01ffa2cd45eb1d1d8dd5c5\windows-amd64;C:\Users\svkja\.gradle\native\5664cfc778a61ccfe75a443a1ab52a65af34e5dc3c78e0209fed803814484fcb\windows-amd64

VM Arguments:
jvm_args: --add-opens=java.base/java.util=ALL-UNNAMED --add-opens=java.base/java.lang=ALL-UNNAMED --add-opens=java.base/java.lang.invoke=ALL-UNNAMED --add-opens=java.base/java.util=ALL-UNNAMED --add-opens=java.prefs/java.util.prefs=ALL-UNNAMED --add-opens=java.prefs/java.util.prefs=ALL-UNNAMED --add-opens=java.base/java.nio.charset=ALL-UNNAMED --add-opens=java.base/java.net=ALL-UNNAMED --add-opens=java.base/java.util.concurrent.atomic=ALL-UNNAMED -Xmx2048m -Dfile.encoding=UTF-8 -Duser.country=SK -Duser.language=sk -Duser.variant 
java_command: org.gradle.launcher.daemon.bootstrap.GradleDaemon 7.3.3
java_class_path (initial): C:\Users\svkja\.gradle\wrapper\dists\gradle-7.3.3-bin\6a41zxkdtcxs8rphpq6y0069z\gradle-7.3.3\lib\gradle-launcher-7.3.3.jar
Launcher Type: SUN_STANDARD

[Global flags]
     intx CICompilerCount                          = 4                                         {product} {ergonomic}
     uint ConcGCThreads                            = 2                                         {product} {ergonomic}
     uint G1ConcRefinementThreads                  = 8                                         {product} {ergonomic}
   size_t G1HeapRegionSize                         = 1048576                                   {product} {ergonomic}
    uintx GCDrainStackTargetSize                   = 64                                        {product} {ergonomic}
   size_t InitialHeapSize                          = 134217728                                 {product} {ergonomic}
   size_t MarkStackSize                            = 4194304                                   {product} {ergonomic}
   size_t MaxHeapSize                              = 2147483648                                {product} {command line}
   size_t MaxNewSize                               = 1287651328                                {product} {ergonomic}
   size_t MinHeapDeltaBytes                        = 1048576                                   {product} {ergonomic}
    uintx NonNMethodCodeHeapSize                   = 5836300                                {pd product} {ergonomic}
    uintx NonProfiledCodeHeapSize                  = 122910970                              {pd product} {ergonomic}
    uintx ProfiledCodeHeapSize                     = 122910970                              {pd product} {ergonomic}
    uintx ReservedCodeCacheSize                    = 251658240                              {pd product} {ergonomic}
     bool SegmentedCodeCache                       = true                                      {product} {ergonomic}
     bool UseCompressedClassPointers               = true                                 {lp64_product} {ergonomic}
     bool UseCompressedOops                        = true                                 {lp64_product} {ergonomic}
     bool UseG1GC                                  = true                                      {product} {ergonomic}
     bool UseLargePagesIndividualAllocation        = false                                  {pd product} {ergonomic}

Logging:
Log output configuration:
 #0: stdout all=warning uptime,level,tags
 #1: stderr all=off uptime,level,tags

Environment Variables:
PATH=C:\Windows\system32;C:\Windows;C:\Windows\System32\Wbem;C:\Windows\System32\WindowsPowerShell\v1.0\;C:\Windows\System32\OpenSSH\;D:\programy\matlab\bin;D:\programy\putty\;C:\Users\svkja\AppData\Local\Microsoft\WindowsApps;;D:\programy\vsc\Microsoft VS Code\bin
USERNAME=svkja
OS=Windows_NT
PROCESSOR_IDENTIFIER=Intel64 Family 6 Model 158 Stepping 10, GenuineIntel



---------------  S Y S T E M  ---------------

OS: Windows 10 , 64 bit Build 22000 (10.0.22000.708)
OS uptime: 5 days 12:21 hours

CPU:total 8 (initial active 8) (4 cores per cpu, 2 threads per core) family 6 model 158 stepping 10 microcode 0xde, cmov, cx8, fxsr, mmx, sse, sse2, sse3, ssse3, sse4.1, sse4.2, popcnt, avx, avx2, aes, clmul, erms, 3dnowpref, lzcnt, ht, tsc, tscinvbit, bmi1, bmi2, adx, fma

Memory: 4k page, system-wide physical 8066M (375M free)
TotalPageFile size 23169M (AvailPageFile size 21M)
current process WorkingSet (physical memory assigned to process): 583M, peak: 584M
current process commit charge ("private bytes"): 678M, peak: 730M

vm_info: OpenJDK 64-Bit Server VM (11.0.12+7-b1504.28-7817840) for windows-amd64 JRE (11.0.12+7-b1504.28-7817840), built on Oct 13 2021 22:12:33 by "builder" with MS VC++ 14.0 (VS2015)

END.
