#
# There is insufficient memory for the Java Runtime Environment to continue.
# Native memory allocation (mmap) failed to map 422576128 bytes for Failed to commit area from 0x000000008de00000 to 0x00000000a7100000 of length 422576128.
# Possible reasons:
#   The system is out of physical RAM or swap space
#   The process is running with CompressedOops enabled, and the Java Heap may be blocking the growth of the native heap
# Possible solutions:
#   Reduce memory load on the system
#   Increase physical memory or swap space
#   Check if swap backing store is full
#   Decrease Java heap size (-Xmx/-Xms)
#   Decrease number of Java threads
#   Decrease Java thread stack sizes (-Xss)
#   Set larger code cache with -XX:ReservedCodeCacheSize=
#   JVM is running with Unscaled Compressed Oops mode in which the Java heap is
#     placed in the first 4GB address space. The Java Heap base address is the
#     maximum limit for the native heap growth. Please use -XX:HeapBaseMinAddress
#     to set the Java Heap base and to place the Java Heap above 4GB virtual address.
# This output file may be truncated or incomplete.
#
#  Out of Memory Error (./src/hotspot/os/windows/os_windows.cpp:3521), pid=6440, tid=3844
#
# JRE version: OpenJDK Runtime Environment (11.0.12+7) (build 11.0.12+7-b1504.28-7817840)
# Java VM: OpenJDK 64-Bit Server VM (11.0.12+7-b1504.28-7817840, mixed mode, tiered, compressed oops, g1 gc, windows-amd64)
# No core dump will be written. Minidumps are not enabled by default on client versions of Windows
#

---------------  S U M M A R Y ------------

Command Line: --add-opens=java.base/java.util=ALL-UNNAMED --add-opens=java.base/java.lang=ALL-UNNAMED --add-opens=java.base/java.lang.invoke=ALL-UNNAMED --add-opens=java.base/java.util=ALL-UNNAMED --add-opens=java.prefs/java.util.prefs=ALL-UNNAMED --add-opens=java.prefs/java.util.prefs=ALL-UNNAMED --add-opens=java.base/java.nio.charset=ALL-UNNAMED --add-opens=java.base/java.net=ALL-UNNAMED --add-opens=java.base/java.util.concurrent.atomic=ALL-UNNAMED -Xmx2048m -Dfile.encoding=UTF-8 -Duser.country=SK -Duser.language=sk -Duser.variant org.gradle.launcher.daemon.bootstrap.GradleDaemon 7.3.3

Host: Intel(R) Core(TM) i5-8300H CPU @ 2.30GHz, 8 cores, 7G,  Windows 10 , 64 bit Build 22000 (10.0.22000.708)
Time: Tue Aug 16 12:02:55 2022 Stredoeurópsky èas (letný) elapsed time: 59.059778 seconds (0d 0h 0m 59s)

---------------  T H R E A D  ---------------

Current thread (0x000001f81f40e000):  VMThread "VM Thread" [stack: 0x0000000ce0600000,0x0000000ce0700000] [id=3844]

Stack: [0x0000000ce0600000,0x0000000ce0700000]
[error occurred during error reporting (printing stack bounds), id 0xc0000005, EXCEPTION_ACCESS_VIOLATION (0xc0000005) at pc=0x000001f808a8112d]

Native frames: (J=compiled Java code, j=interpreted, Vv=VM code, C=native code)
V  [jvm.dll+0x5fbcea]
V  [jvm.dll+0x731905]
V  [jvm.dll+0x732f1d]
V  [jvm.dll+0x733535]
V  [jvm.dll+0x7334eb]
V  [jvm.dll+0x5fb080]
V  [jvm.dll+0x5fb818]
C  [ntdll.dll+0xa8fcf]
C  [ntdll.dll+0x35e9a]
C  [ntdll.dll+0xa7fde]
C  0x000001f808a8112d

VM_Operation (0x0000000ce50f9720): G1CollectForAllocation, mode: safepoint, requested by thread 0x000001f821e89000


---------------  P R O C E S S  ---------------

Threads class SMR info:
_java_thread_list=0x000001f8284a6350, length=137, elements={
0x000001f804f6e000, 0x000001f81f411800, 0x000001f81f41a800, 0x000001f81fd8a000,
0x000001f81fd8d000, 0x000001f81fd8e000, 0x000001f81fd91800, 0x000001f81fd92800,
0x000001f81f434000, 0x000001f81fede000, 0x000001f82318c800, 0x000001f822899000,
0x000001f823149800, 0x000001f8230d1800, 0x000001f82312e800, 0x000001f8230a5000,
0x000001f8230a4800, 0x000001f8230a0800, 0x000001f8230a1000, 0x000001f8230a2000,
0x000001f8230a2800, 0x000001f8230a3800, 0x000001f823652800, 0x000001f823650000,
0x000001f823651800, 0x000001f823653800, 0x000001f82364d800, 0x000001f823654000,
0x000001f82364f000, 0x000001f823659000, 0x000001f825c04800, 0x000001f825c03800,
0x000001f825c07000, 0x000001f825c06000, 0x000001f825c08000, 0x000001f825c02000,
0x000001f825c08800, 0x000001f825c05800, 0x000001f825c03000, 0x000001f825c0c000,
0x000001f825c09800, 0x000001f825c0d800, 0x000001f825c0e800, 0x000001f825c0f000,
0x000001f825c10000, 0x000001f825c0a800, 0x000001f825c0c800, 0x000001f825c11000,
0x000001f825c0b000, 0x000001f823651000, 0x000001f82364e800, 0x000001f82365a800,
0x000001f823655000, 0x000001f823656800, 0x000001f82365b800, 0x000001f823656000,
0x000001f82365c800, 0x000001f823657800, 0x000001f8230a7000, 0x000001f8230a6000,
0x000001f821e8c000, 0x000001f821e8d000, 0x000001f821e8b800, 0x000001f821e89800,
0x000001f821e89000, 0x000001f821e8a800, 0x000001f821e87000, 0x000001f821e8e000,
0x000001f821e88000, 0x000001f821e93800, 0x000001f821e92000, 0x000001f821e92800,
0x000001f821e94800, 0x000001f821e90000, 0x000001f821e8e800, 0x000001f821e95000,
0x000001f821e91000, 0x000001f821e8f800, 0x000001f821e96000, 0x000001f825fb4800,
0x000001f825fb1000, 0x000001f825fb3000, 0x000001f825fb3800, 0x000001f825fb7000,
0x000001f825fb5800, 0x000001f825fb6000, 0x000001f825fb7800, 0x000001f825fb2000,
0x000001f825fbd800, 0x000001f825fb8800, 0x000001f825fbc800, 0x000001f825fbc000,
0x000001f825fbb000, 0x000001f825fbe000, 0x000001f825fbf000, 0x000001f825fb9800,
0x000001f825fba000, 0x000001f825fc0000, 0x000001f827f75000, 0x000001f827f72000,
0x000001f827f73800, 0x000001f827f74800, 0x000001f827f6f800, 0x000001f827f73000,
0x000001f827f70800, 0x000001f827f76000, 0x000001f827f77000, 0x000001f827f71000,
0x000001f827f7c000, 0x000001f827f78800, 0x000001f827f7b000, 0x000001f827f79800,
0x000001f827f7a000, 0x000001f827f7c800, 0x000001f827f7d800, 0x000001f827f77800,
0x000001f827f7e000, 0x000001f820dc9000, 0x000001f820dcd000, 0x000001f820dce000,
0x000001f820dc8000, 0x000001f820dca800, 0x000001f820dce800, 0x000001f820dcb800,
0x000001f820dcc000, 0x000001f820dcf800, 0x000001f820dc9800, 0x000001f820dd4800,
0x000001f820dd1000, 0x000001f820dd5000, 0x000001f820dd0800, 0x000001f820dd6000,
0x000001f820dd7000, 0x000001f820dd2000, 0x000001f820dd2800, 0x000001f820dd3800,
0x000001f8281cf000
}

Java Threads: ( => current thread )
  0x000001f804f6e000 JavaThread "main" [_thread_blocked, id=2616, stack(0x0000000ce0000000,0x0000000ce0100000)]
  0x000001f81f411800 JavaThread "Reference Handler" daemon [_thread_blocked, id=9736, stack(0x0000000ce0700000,0x0000000ce0800000)]
  0x000001f81f41a800 JavaThread "Finalizer" daemon [_thread_blocked, id=7460, stack(0x0000000ce0800000,0x0000000ce0900000)]
  0x000001f81fd8a000 JavaThread "Signal Dispatcher" daemon [_thread_blocked, id=14432, stack(0x0000000ce0900000,0x0000000ce0a00000)]
  0x000001f81fd8d000 JavaThread "Attach Listener" daemon [_thread_blocked, id=10092, stack(0x0000000ce0a00000,0x0000000ce0b00000)]
  0x000001f81fd8e000 JavaThread "Service Thread" daemon [_thread_blocked, id=4508, stack(0x0000000ce0b00000,0x0000000ce0c00000)]
  0x000001f81fd91800 JavaThread "C2 CompilerThread0" daemon [_thread_blocked, id=15472, stack(0x0000000ce0c00000,0x0000000ce0d00000)]
  0x000001f81fd92800 JavaThread "C1 CompilerThread0" daemon [_thread_blocked, id=10576, stack(0x0000000ce0d00000,0x0000000ce0e00000)]
  0x000001f81f434000 JavaThread "Sweeper thread" daemon [_thread_blocked, id=12992, stack(0x0000000ce0e00000,0x0000000ce0f00000)]
  0x000001f81fede000 JavaThread "Common-Cleaner" daemon [_thread_blocked, id=14220, stack(0x0000000ce0f00000,0x0000000ce1000000)]
  0x000001f82318c800 JavaThread "Daemon health stats" [_thread_blocked, id=9172, stack(0x0000000ce1300000,0x0000000ce1400000)]
  0x000001f822899000 JavaThread "Incoming local TCP Connector on port 54590" [_thread_in_native, id=932, stack(0x0000000ce1400000,0x0000000ce1500000)]
  0x000001f823149800 JavaThread "Daemon periodic checks" [_thread_blocked, id=2260, stack(0x0000000ce1500000,0x0000000ce1600000)]
  0x000001f8230d1800 JavaThread "Daemon" [_thread_blocked, id=8444, stack(0x0000000ce1600000,0x0000000ce1700000)]
  0x000001f82312e800 JavaThread "Daemon worker" [_thread_blocked, id=9972, stack(0x0000000ce1900000,0x0000000ce1a00000)]
  0x000001f8230a5000 JavaThread "Cache worker for journal cache (C:\Users\svkja\.gradle\caches\journal-1)" [_thread_blocked, id=9808, stack(0x0000000ce2200000,0x0000000ce2300000)]
  0x000001f8230a4800 JavaThread "File lock request listener" [_thread_in_native, id=432, stack(0x0000000ce2300000,0x0000000ce2400000)]
  0x000001f8230a0800 JavaThread "Cache worker for file hash cache (C:\Users\svkja\.gradle\caches\7.3.3\fileHashes)" [_thread_blocked, id=12132, stack(0x0000000ce2500000,0x0000000ce2600000)]
  0x000001f8230a1000 JavaThread "File watcher server" daemon [_thread_blocked, id=6676, stack(0x0000000ce2700000,0x0000000ce2800000)]
  0x000001f8230a2000 JavaThread "File watcher consumer" daemon [_thread_blocked, id=10228, stack(0x0000000ce2800000,0x0000000ce2900000)]
  0x000001f8230a2800 JavaThread "jar transforms" [_thread_blocked, id=11728, stack(0x0000000ce2900000,0x0000000ce2a00000)]
  0x000001f8230a3800 JavaThread "jar transforms Thread 2" [_thread_blocked, id=11848, stack(0x0000000ce2a00000,0x0000000ce2b00000)]
  0x000001f823652800 JavaThread "jar transforms Thread 3" [_thread_blocked, id=3392, stack(0x0000000ce2b00000,0x0000000ce2c00000)]
  0x000001f823650000 JavaThread "jar transforms Thread 4" [_thread_blocked, id=4912, stack(0x0000000ce2c00000,0x0000000ce2d00000)]
  0x000001f823651800 JavaThread "jar transforms Thread 5" [_thread_blocked, id=4832, stack(0x0000000ce2d00000,0x0000000ce2e00000)]
  0x000001f823653800 JavaThread "jar transforms Thread 6" [_thread_blocked, id=12652, stack(0x0000000ce2e00000,0x0000000ce2f00000)]
  0x000001f82364d800 JavaThread "jar transforms Thread 7" [_thread_blocked, id=7404, stack(0x0000000ce2f00000,0x0000000ce3000000)]
  0x000001f823654000 JavaThread "jar transforms Thread 8" [_thread_blocked, id=2556, stack(0x0000000ce3000000,0x0000000ce3100000)]
  0x000001f82364f000 JavaThread "Cache worker for execution history cache (C:\Users\svkja\.gradle\caches\7.3.3\executionHistory)" [_thread_blocked, id=8128, stack(0x0000000ce3400000,0x0000000ce3500000)]
  0x000001f823659000 JavaThread "Cache worker for file content cache (C:\Users\svkja\.gradle\caches\7.3.3\fileContent)" [_thread_blocked, id=14020, stack(0x0000000ce3500000,0x0000000ce3600000)]
  0x000001f825c04800 JavaThread "Memory manager" [_thread_blocked, id=5952, stack(0x0000000ce8800000,0x0000000ce8900000)]
  0x000001f825c03800 JavaThread "Handler for socket connection from /127.0.0.1:54590 to /127.0.0.1:57633" [_thread_in_native, id=8988, stack(0x0000000ce1a00000,0x0000000ce1b00000)]
  0x000001f825c07000 JavaThread "Cancel handler" [_thread_blocked, id=15884, stack(0x0000000ce1b00000,0x0000000ce1c00000)]
  0x000001f825c06000 JavaThread "Asynchronous log dispatcher for DefaultDaemonConnection: socket connection from /127.0.0.1:54590 to /127.0.0.1:57633" [_thread_blocked, id=10372, stack(0x0000000ce1c00000,0x0000000ce1d00000)]
  0x000001f825c08000 JavaThread "Stdin handler" [_thread_blocked, id=4124, stack(0x0000000ce2600000,0x0000000ce2700000)]
  0x000001f825c02000 JavaThread "Daemon client event forwarder" [_thread_blocked, id=2528, stack(0x0000000ce3100000,0x0000000ce3200000)]
  0x000001f825c08800 JavaThread "Cache worker for file hash cache (D:\test2\.gradle\7.3.3\fileHashes)" [_thread_blocked, id=12340, stack(0x0000000ce3200000,0x0000000ce3300000)]
  0x000001f825c05800 JavaThread "Cache worker for checksums cache (D:\test2\.gradle\7.3.3\checksums)" [_thread_blocked, id=14364, stack(0x0000000ce3300000,0x0000000ce3400000)]
  0x000001f825c03000 JavaThread "Cache worker for cache directory md-supplier (C:\Users\svkja\.gradle\caches\7.3.3\md-supplier)" [_thread_blocked, id=14356, stack(0x0000000ce3600000,0x0000000ce3700000)]
  0x000001f825c0c000 JavaThread "Cache worker for cache directory md-rule (C:\Users\svkja\.gradle\caches\7.3.3\md-rule)" [_thread_blocked, id=5232, stack(0x0000000ce3700000,0x0000000ce3800000)]
  0x000001f825c09800 JavaThread "Cache worker for dependencies-accessors (D:\test2\.gradle\7.3.3\dependencies-accessors)" [_thread_blocked, id=9880, stack(0x0000000ce3800000,0x0000000ce3900000)]
  0x000001f825c0d800 JavaThread "Cache worker for Build Output Cleanup Cache (D:\test2\.gradle\buildOutputCleanup)" [_thread_blocked, id=10072, stack(0x0000000ce3900000,0x0000000ce3a00000)]
  0x000001f825c0e800 JavaThread "Unconstrained build operations" [_thread_blocked, id=15676, stack(0x0000000ce3a00000,0x0000000ce3b00000)]
  0x000001f825c0f000 JavaThread "Unconstrained build operations Thread 2" [_thread_blocked, id=3104, stack(0x0000000ce3b00000,0x0000000ce3c00000)]
  0x000001f825c10000 JavaThread "Unconstrained build operations Thread 3" [_thread_blocked, id=5616, stack(0x0000000ce3c00000,0x0000000ce3d00000)]
  0x000001f825c0a800 JavaThread "Unconstrained build operations Thread 4" [_thread_blocked, id=9916, stack(0x0000000ce3d00000,0x0000000ce3e00000)]
  0x000001f825c0c800 JavaThread "Unconstrained build operations Thread 5" [_thread_blocked, id=10720, stack(0x0000000ce3e00000,0x0000000ce3f00000)]
  0x000001f825c11000 JavaThread "Unconstrained build operations Thread 6" [_thread_blocked, id=2064, stack(0x0000000ce3f00000,0x0000000ce4000000)]
  0x000001f825c0b000 JavaThread "Unconstrained build operations Thread 7" [_thread_blocked, id=16196, stack(0x0000000ce4000000,0x0000000ce4100000)]
  0x000001f823651000 JavaThread "Unconstrained build operations Thread 8" [_thread_blocked, id=1564, stack(0x0000000ce4100000,0x0000000ce4200000)]
  0x000001f82364e800 JavaThread "Unconstrained build operations Thread 9" [_thread_blocked, id=2624, stack(0x0000000ce4200000,0x0000000ce4300000)]
  0x000001f82365a800 JavaThread "Unconstrained build operations Thread 10" [_thread_blocked, id=1496, stack(0x0000000ce4300000,0x0000000ce4400000)]
  0x000001f823655000 JavaThread "Unconstrained build operations Thread 11" [_thread_blocked, id=7696, stack(0x0000000ce4400000,0x0000000ce4500000)]
  0x000001f823656800 JavaThread "Unconstrained build operations Thread 12" [_thread_blocked, id=16160, stack(0x0000000ce4500000,0x0000000ce4600000)]
  0x000001f82365b800 JavaThread "Unconstrained build operations Thread 13" [_thread_blocked, id=10536, stack(0x0000000ce4600000,0x0000000ce4700000)]
  0x000001f823656000 JavaThread "Unconstrained build operations Thread 14" [_thread_blocked, id=2436, stack(0x0000000ce4700000,0x0000000ce4800000)]
  0x000001f82365c800 JavaThread "Unconstrained build operations Thread 15" [_thread_blocked, id=5148, stack(0x0000000ce4800000,0x0000000ce4900000)]
  0x000001f823657800 JavaThread "Unconstrained build operations Thread 16" [_thread_blocked, id=15820, stack(0x0000000ce4900000,0x0000000ce4a00000)]
  0x000001f8230a7000 JavaThread "Unconstrained build operations Thread 17" [_thread_blocked, id=10552, stack(0x0000000ce4a00000,0x0000000ce4b00000)]
  0x000001f8230a6000 JavaThread "Unconstrained build operations Thread 18" [_thread_blocked, id=11656, stack(0x0000000ce4b00000,0x0000000ce4c00000)]
  0x000001f821e8c000 JavaThread "Unconstrained build operations Thread 19" [_thread_blocked, id=11320, stack(0x0000000ce4c00000,0x0000000ce4d00000)]
  0x000001f821e8d000 JavaThread "Unconstrained build operations Thread 20" [_thread_blocked, id=2580, stack(0x0000000ce4d00000,0x0000000ce4e00000)]
  0x000001f821e8b800 JavaThread "Unconstrained build operations Thread 21" [_thread_blocked, id=12700, stack(0x0000000ce4e00000,0x0000000ce4f00000)]
  0x000001f821e89800 JavaThread "Unconstrained build operations Thread 22" [_thread_blocked, id=6796, stack(0x0000000ce4f00000,0x0000000ce5000000)]
  0x000001f821e89000 JavaThread "Unconstrained build operations Thread 23" [_thread_blocked, id=4788, stack(0x0000000ce5000000,0x0000000ce5100000)]
  0x000001f821e8a800 JavaThread "Unconstrained build operations Thread 24" [_thread_blocked, id=940, stack(0x0000000ce5100000,0x0000000ce5200000)]
  0x000001f821e87000 JavaThread "Unconstrained build operations Thread 25" [_thread_blocked, id=13072, stack(0x0000000ce5200000,0x0000000ce5300000)]
  0x000001f821e8e000 JavaThread "Unconstrained build operations Thread 26" [_thread_blocked, id=15620, stack(0x0000000ce5300000,0x0000000ce5400000)]
  0x000001f821e88000 JavaThread "Unconstrained build operations Thread 27" [_thread_blocked, id=9964, stack(0x0000000ce5400000,0x0000000ce5500000)]
  0x000001f821e93800 JavaThread "Unconstrained build operations Thread 28" [_thread_blocked, id=7424, stack(0x0000000ce5500000,0x0000000ce5600000)]
  0x000001f821e92000 JavaThread "Unconstrained build operations Thread 29" [_thread_blocked, id=4232, stack(0x0000000ce5600000,0x0000000ce5700000)]
  0x000001f821e92800 JavaThread "Unconstrained build operations Thread 30" [_thread_blocked, id=14624, stack(0x0000000ce5700000,0x0000000ce5800000)]
  0x000001f821e94800 JavaThread "Unconstrained build operations Thread 31" [_thread_blocked, id=9260, stack(0x0000000ce5800000,0x0000000ce5900000)]
  0x000001f821e90000 JavaThread "Unconstrained build operations Thread 32" [_thread_blocked, id=2536, stack(0x0000000ce5900000,0x0000000ce5a00000)]
  0x000001f821e8e800 JavaThread "Unconstrained build operations Thread 33" [_thread_blocked, id=6276, stack(0x0000000ce5a00000,0x0000000ce5b00000)]
  0x000001f821e95000 JavaThread "Unconstrained build operations Thread 34" [_thread_blocked, id=13188, stack(0x0000000ce5b00000,0x0000000ce5c00000)]
  0x000001f821e91000 JavaThread "Unconstrained build operations Thread 35" [_thread_blocked, id=15612, stack(0x0000000ce5c00000,0x0000000ce5d00000)]
  0x000001f821e8f800 JavaThread "Unconstrained build operations Thread 36" [_thread_blocked, id=14288, stack(0x0000000ce5d00000,0x0000000ce5e00000)]
  0x000001f821e96000 JavaThread "Unconstrained build operations Thread 37" [_thread_blocked, id=4544, stack(0x0000000ce5e00000,0x0000000ce5f00000)]
  0x000001f825fb4800 JavaThread "Unconstrained build operations Thread 38" [_thread_blocked, id=6748, stack(0x0000000ce5f00000,0x0000000ce6000000)]
  0x000001f825fb1000 JavaThread "Unconstrained build operations Thread 39" [_thread_blocked, id=12948, stack(0x0000000ce6000000,0x0000000ce6100000)]
  0x000001f825fb3000 JavaThread "Unconstrained build operations Thread 40" [_thread_blocked, id=9896, stack(0x0000000ce6100000,0x0000000ce6200000)]
  0x000001f825fb3800 JavaThread "Unconstrained build operations Thread 41" [_thread_blocked, id=13472, stack(0x0000000ce6200000,0x0000000ce6300000)]
  0x000001f825fb7000 JavaThread "Unconstrained build operations Thread 42" [_thread_blocked, id=15156, stack(0x0000000ce6300000,0x0000000ce6400000)]
  0x000001f825fb5800 JavaThread "Unconstrained build operations Thread 43" [_thread_blocked, id=6076, stack(0x0000000ce6400000,0x0000000ce6500000)]
  0x000001f825fb6000 JavaThread "Unconstrained build operations Thread 44" [_thread_blocked, id=5468, stack(0x0000000ce6500000,0x0000000ce6600000)]
  0x000001f825fb7800 JavaThread "Unconstrained build operations Thread 45" [_thread_blocked, id=13464, stack(0x0000000ce6600000,0x0000000ce6700000)]
  0x000001f825fb2000 JavaThread "Unconstrained build operations Thread 46" [_thread_blocked, id=9744, stack(0x0000000ce6700000,0x0000000ce6800000)]
  0x000001f825fbd800 JavaThread "Unconstrained build operations Thread 47" [_thread_blocked, id=2692, stack(0x0000000ce6800000,0x0000000ce6900000)]
  0x000001f825fb8800 JavaThread "Unconstrained build operations Thread 48" [_thread_blocked, id=15984, stack(0x0000000ce6900000,0x0000000ce6a00000)]
  0x000001f825fbc800 JavaThread "Unconstrained build operations Thread 49" [_thread_blocked, id=7804, stack(0x0000000ce6a00000,0x0000000ce6b00000)]
  0x000001f825fbc000 JavaThread "Unconstrained build operations Thread 50" [_thread_blocked, id=2200, stack(0x0000000ce6b00000,0x0000000ce6c00000)]
  0x000001f825fbb000 JavaThread "Unconstrained build operations Thread 51" [_thread_blocked, id=10500, stack(0x0000000ce6c00000,0x0000000ce6d00000)]
  0x000001f825fbe000 JavaThread "Unconstrained build operations Thread 52" [_thread_blocked, id=16252, stack(0x0000000ce6d00000,0x0000000ce6e00000)]
  0x000001f825fbf000 JavaThread "Unconstrained build operations Thread 53" [_thread_blocked, id=3644, stack(0x0000000ce6e00000,0x0000000ce6f00000)]
  0x000001f825fb9800 JavaThread "Unconstrained build operations Thread 54" [_thread_blocked, id=8536, stack(0x0000000ce6f00000,0x0000000ce7000000)]
  0x000001f825fba000 JavaThread "Unconstrained build operations Thread 55" [_thread_blocked, id=14260, stack(0x0000000ce7000000,0x0000000ce7100000)]
  0x000001f825fc0000 JavaThread "Unconstrained build operations Thread 56" [_thread_blocked, id=9488, stack(0x0000000ce7100000,0x0000000ce7200000)]
  0x000001f827f75000 JavaThread "Unconstrained build operations Thread 57" [_thread_blocked, id=7420, stack(0x0000000ce7200000,0x0000000ce7300000)]
  0x000001f827f72000 JavaThread "Unconstrained build operations Thread 58" [_thread_blocked, id=5840, stack(0x0000000ce7300000,0x0000000ce7400000)]
  0x000001f827f73800 JavaThread "Unconstrained build operations Thread 59" [_thread_blocked, id=2040, stack(0x0000000ce7400000,0x0000000ce7500000)]
  0x000001f827f74800 JavaThread "Unconstrained build operations Thread 60" [_thread_blocked, id=5260, stack(0x0000000ce7500000,0x0000000ce7600000)]
  0x000001f827f6f800 JavaThread "Unconstrained build operations Thread 61" [_thread_blocked, id=15440, stack(0x0000000ce7600000,0x0000000ce7700000)]
  0x000001f827f73000 JavaThread "Unconstrained build operations Thread 62" [_thread_blocked, id=10900, stack(0x0000000ce7700000,0x0000000ce7800000)]
  0x000001f827f70800 JavaThread "Unconstrained build operations Thread 63" [_thread_blocked, id=14768, stack(0x0000000ce7800000,0x0000000ce7900000)]
  0x000001f827f76000 JavaThread "Unconstrained build operations Thread 64" [_thread_blocked, id=10836, stack(0x0000000ce7900000,0x0000000ce7a00000)]
  0x000001f827f77000 JavaThread "Unconstrained build operations Thread 65" [_thread_blocked, id=14404, stack(0x0000000ce7a00000,0x0000000ce7b00000)]
  0x000001f827f71000 JavaThread "Unconstrained build operations Thread 66" [_thread_blocked, id=2488, stack(0x0000000ce7b00000,0x0000000ce7c00000)]
  0x000001f827f7c000 JavaThread "Unconstrained build operations Thread 67" [_thread_blocked, id=10396, stack(0x0000000ce7c00000,0x0000000ce7d00000)]
  0x000001f827f78800 JavaThread "Unconstrained build operations Thread 68" [_thread_blocked, id=11180, stack(0x0000000ce7d00000,0x0000000ce7e00000)]
  0x000001f827f7b000 JavaThread "Unconstrained build operations Thread 69" [_thread_blocked, id=15172, stack(0x0000000ce7e00000,0x0000000ce7f00000)]
  0x000001f827f79800 JavaThread "Unconstrained build operations Thread 70" [_thread_blocked, id=12200, stack(0x0000000ce7f00000,0x0000000ce8000000)]
  0x000001f827f7a000 JavaThread "Unconstrained build operations Thread 71" [_thread_blocked, id=14496, stack(0x0000000ce8000000,0x0000000ce8100000)]
  0x000001f827f7c800 JavaThread "Unconstrained build operations Thread 72" [_thread_blocked, id=14280, stack(0x0000000ce8100000,0x0000000ce8200000)]
  0x000001f827f7d800 JavaThread "Unconstrained build operations Thread 73" [_thread_blocked, id=7588, stack(0x0000000ce8200000,0x0000000ce8300000)]
  0x000001f827f77800 JavaThread "Unconstrained build operations Thread 74" [_thread_blocked, id=13084, stack(0x0000000ce8300000,0x0000000ce8400000)]
  0x000001f827f7e000 JavaThread "Unconstrained build operations Thread 75" [_thread_blocked, id=10860, stack(0x0000000ce8400000,0x0000000ce8500000)]
  0x000001f820dc9000 JavaThread "Unconstrained build operations Thread 76" [_thread_blocked, id=7948, stack(0x0000000ce8500000,0x0000000ce8600000)]
  0x000001f820dcd000 JavaThread "Unconstrained build operations Thread 77" [_thread_blocked, id=2660, stack(0x0000000ce8600000,0x0000000ce8700000)]
  0x000001f820dce000 JavaThread "Unconstrained build operations Thread 78" [_thread_blocked, id=15352, stack(0x0000000ce8700000,0x0000000ce8800000)]
  0x000001f820dc8000 JavaThread "Unconstrained build operations Thread 79" [_thread_blocked, id=15748, stack(0x0000000ce8900000,0x0000000ce8a00000)]
  0x000001f820dca800 JavaThread "Unconstrained build operations Thread 80" [_thread_blocked, id=13556, stack(0x0000000ce8a00000,0x0000000ce8b00000)]
  0x000001f820dce800 JavaThread "build event listener" [_thread_blocked, id=11188, stack(0x0000000ce8b00000,0x0000000ce8c00000)]
  0x000001f820dcb800 JavaThread "Execution worker for ':'" [_thread_blocked, id=15212, stack(0x0000000ce8c00000,0x0000000ce8d00000)]
  0x000001f820dcc000 JavaThread "Execution worker for ':' Thread 2" [_thread_blocked, id=5316, stack(0x0000000ce8d00000,0x0000000ce8e00000)]
  0x000001f820dcf800 JavaThread "Execution worker for ':' Thread 3" [_thread_blocked, id=1388, stack(0x0000000ce8e00000,0x0000000ce8f00000)]
  0x000001f820dc9800 JavaThread "Execution worker for ':' Thread 4" [_thread_blocked, id=3244, stack(0x0000000ce8f00000,0x0000000ce9000000)]
  0x000001f820dd4800 JavaThread "Execution worker for ':' Thread 5" [_thread_blocked, id=428, stack(0x0000000ce9000000,0x0000000ce9100000)]
  0x000001f820dd1000 JavaThread "Execution worker for ':' Thread 6" [_thread_blocked, id=11572, stack(0x0000000ce9100000,0x0000000ce9200000)]
  0x000001f820dd5000 JavaThread "Execution worker for ':' Thread 7" [_thread_blocked, id=1340, stack(0x0000000ce9200000,0x0000000ce9300000)]
  0x000001f820dd0800 JavaThread "Cache worker for execution history cache (D:\test2\.gradle\7.3.3\executionHistory)" [_thread_blocked, id=3884, stack(0x0000000ce9300000,0x0000000ce9400000)]
  0x000001f820dd6000 JavaThread "pool-3-thread-1" [_thread_blocked, id=9120, stack(0x0000000ce9400000,0x0000000ce9500000)]
  0x000001f820dd7000 JavaThread "stderr" [_thread_in_native, id=6200, stack(0x0000000ce9500000,0x0000000ce9600000)]
  0x000001f820dd2000 JavaThread "stdout" [_thread_in_native, id=15924, stack(0x0000000ce9600000,0x0000000ce9700000)]
  0x000001f820dd2800 JavaThread "stderr" [_thread_in_native, id=4560, stack(0x0000000ce9700000,0x0000000ce9800000)]
  0x000001f820dd3800 JavaThread "stdout" [_thread_in_native, id=7736, stack(0x0000000ce9800000,0x0000000ce9900000)]
  0x000001f8281cf000 JavaThread "WorkerExecutor Queue" [_thread_blocked, id=9312, stack(0x0000000ce9900000,0x0000000ce9a00000)]

Other Threads:
=>0x000001f81f40e000 VMThread "VM Thread" [stack: 0x0000000ce0600000,0x0000000ce0700000] [id=3844]
  0x000001f81fedf000 WatcherThread [stack: 0x0000000ce1000000,0x0000000ce1100000] [id=8120]
  0x000001f804f88000 GCTaskThread "GC Thread#0" [stack: 0x0000000ce0100000,0x0000000ce0200000] [id=9616]
  0x000001f8209b6800 GCTaskThread "GC Thread#1" [stack: 0x0000000ce1100000,0x0000000ce1200000] [id=1708]
  0x000001f821051800 GCTaskThread "GC Thread#2" [stack: 0x0000000ce1200000,0x0000000ce1300000] [id=2256]
  0x000001f822a95000 GCTaskThread "GC Thread#3" [stack: 0x0000000ce1d00000,0x0000000ce1e00000] [id=2196]
  0x000001f82312b000 GCTaskThread "GC Thread#4" [stack: 0x0000000ce1e00000,0x0000000ce1f00000] [id=8604]
  0x000001f82312b800 GCTaskThread "GC Thread#5" [stack: 0x0000000ce1f00000,0x0000000ce2000000] [id=15348]
  0x000001f821b66800 GCTaskThread "GC Thread#6" [stack: 0x0000000ce2000000,0x0000000ce2100000] [id=12440]
  0x000001f821b67800 GCTaskThread "GC Thread#7" [stack: 0x0000000ce2100000,0x0000000ce2200000] [id=14212]
  0x000001f804fbf800 ConcurrentGCThread "G1 Main Marker" [stack: 0x0000000ce0200000,0x0000000ce0300000] [id=12816]
  0x000001f804fc1800 ConcurrentGCThread "G1 Conc#0" [stack: 0x0000000ce0300000,0x0000000ce0400000] [id=11676]
  0x000001f8217ac000 ConcurrentGCThread "G1 Conc#1" [stack: 0x0000000ce2400000,0x0000000ce2500000] [id=8644]
  0x000001f80504e000 ConcurrentGCThread "G1 Refine#0" [stack: 0x0000000ce0400000,0x0000000ce0500000] [id=8748]
  0x000001f81f25a800 ConcurrentGCThread "G1 Young RemSet Sampling" [stack: 0x0000000ce0500000,0x0000000ce0600000] [id=4836]

Threads with active compile tasks:
C2 CompilerThread0  59153 15481       4       sun.invoke.util.VerifyAccess::isClassAccessible (182 bytes)
C1 CompilerThread0  59153 15553       2       com.android.tools.r8.internal.hF::b (74 bytes)

VM state:at safepoint (normal execution)

VM Mutex/Monitor currently owned by a thread:  ([mutex/lock_event])
[0x000001f804f6a3c0] Threads_lock - owner thread: 0x000001f81f40e000
[0x000001f804f6b020] Heap_lock - owner thread: 0x000001f821e89000

Heap address: 0x0000000080000000, size: 2048 MB, Compressed Oops mode: 32-bit
Narrow klass base: 0x0000000000000000, Narrow klass shift: 3
Compressed class space size: 1073741824 Address: 0x0000000100000000

Heap:
 garbage-first heap   total 640000K, used 173559K [0x0000000080000000, 0x0000000100000000)
  region size 1024K, 4 young (4096K), 4 survivors (4096K)
 Metaspace       used 112814K, capacity 116047K, committed 116172K, reserved 1150976K
  class space    used 14303K, capacity 15551K, committed 15640K, reserved 1048576K
Heap Regions: E=young(eden), S=young(survivor), O=old, HS=humongous(starts), HC=humongous(continues), CS=collection set, F=free, A=archive, TAMS=top-at-mark-start (previous, next)
|   0|0x0000000080000000, 0x0000000080100000, 0x0000000080100000|100%| O|  |TAMS 0x0000000080100000, 0x0000000080000000| Untracked 
|   1|0x0000000080100000, 0x0000000080200000, 0x0000000080200000|100%| O|  |TAMS 0x0000000080200000, 0x0000000080100000| Untracked 
|   2|0x0000000080200000, 0x0000000080300000, 0x0000000080300000|100%| O|  |TAMS 0x0000000080300000, 0x0000000080200000| Untracked 
|   3|0x0000000080300000, 0x0000000080400000, 0x0000000080400000|100%|HS|  |TAMS 0x0000000080400000, 0x0000000080300000| Complete 
|   4|0x0000000080400000, 0x0000000080500000, 0x0000000080500000|100%|HC|  |TAMS 0x0000000080500000, 0x0000000080400000| Complete 
|   5|0x0000000080500000, 0x0000000080600000, 0x0000000080600000|100%|HC|  |TAMS 0x0000000080600000, 0x0000000080500000| Complete 
|   6|0x0000000080600000, 0x0000000080700000, 0x0000000080700000|100%| O|  |TAMS 0x0000000080700000, 0x0000000080600000| Untracked 
|   7|0x0000000080700000, 0x0000000080800000, 0x0000000080800000|100%| O|  |TAMS 0x0000000080800000, 0x0000000080700000| Untracked 
|   8|0x0000000080800000, 0x0000000080900000, 0x0000000080900000|100%| O|  |TAMS 0x0000000080900000, 0x0000000080800000| Untracked 
|   9|0x0000000080900000, 0x0000000080a00000, 0x0000000080a00000|100%| O|  |TAMS 0x0000000080a00000, 0x0000000080900000| Complete 
|  10|0x0000000080a00000, 0x0000000080b00000, 0x0000000080b00000|100%| O|  |TAMS 0x0000000080b00000, 0x0000000080a00000| Untracked 
|  11|0x0000000080b00000, 0x0000000080c00000, 0x0000000080c00000|100%| O|  |TAMS 0x0000000080c00000, 0x0000000080b00000| Untracked 
|  12|0x0000000080c00000, 0x0000000080d00000, 0x0000000080d00000|100%| O|  |TAMS 0x0000000080d00000, 0x0000000080c00000| Complete 
|  13|0x0000000080d00000, 0x0000000080e00000, 0x0000000080e00000|100%| O|  |TAMS 0x0000000080e00000, 0x0000000080d00000| Complete 
|  14|0x0000000080e00000, 0x0000000080f00000, 0x0000000080f00000|100%| O|  |TAMS 0x0000000080f00000, 0x0000000080e00000| Untracked 
|  15|0x0000000080f00000, 0x0000000081000000, 0x0000000081000000|100%| O|  |TAMS 0x0000000081000000, 0x0000000080f00000| Untracked 
|  16|0x0000000081000000, 0x0000000081100000, 0x0000000081100000|100%| O|  |TAMS 0x0000000081100000, 0x0000000081000000| Untracked 
|  17|0x0000000081100000, 0x0000000081200000, 0x0000000081200000|100%|HS|  |TAMS 0x0000000081200000, 0x0000000081100000| Complete 
|  18|0x0000000081200000, 0x0000000081300000, 0x0000000081300000|100%|HC|  |TAMS 0x0000000081300000, 0x0000000081200000| Complete 
|  19|0x0000000081300000, 0x0000000081400000, 0x0000000081400000|100%|HS|  |TAMS 0x0000000081400000, 0x0000000081300000| Complete 
|  20|0x0000000081400000, 0x0000000081500000, 0x0000000081500000|100%|HC|  |TAMS 0x0000000081500000, 0x0000000081400000| Complete 
|  21|0x0000000081500000, 0x0000000081600000, 0x0000000081600000|100%|HC|  |TAMS 0x0000000081600000, 0x0000000081500000| Complete 
|  22|0x0000000081600000, 0x0000000081700000, 0x0000000081700000|100%|HS|  |TAMS 0x0000000081700000, 0x0000000081600000| Complete 
|  23|0x0000000081700000, 0x0000000081800000, 0x0000000081800000|100%|HS|  |TAMS 0x0000000081800000, 0x0000000081700000| Complete 
|  24|0x0000000081800000, 0x0000000081900000, 0x0000000081900000|100%|HC|  |TAMS 0x0000000081900000, 0x0000000081800000| Complete 
|  25|0x0000000081900000, 0x0000000081a00000, 0x0000000081a00000|100%|HC|  |TAMS 0x0000000081a00000, 0x0000000081900000| Complete 
|  26|0x0000000081a00000, 0x0000000081b00000, 0x0000000081b00000|100%|HC|  |TAMS 0x0000000081b00000, 0x0000000081a00000| Complete 
|  27|0x0000000081b00000, 0x0000000081c00000, 0x0000000081c00000|100%| O|  |TAMS 0x0000000081c00000, 0x0000000081b00000| Complete 
|  28|0x0000000081c00000, 0x0000000081d00000, 0x0000000081d00000|100%| O|  |TAMS 0x0000000081d00000, 0x0000000081c00000| Untracked 
|  29|0x0000000081d00000, 0x0000000081e00000, 0x0000000081e00000|100%| O|  |TAMS 0x0000000081e00000, 0x0000000081d00000| Untracked 
|  30|0x0000000081e00000, 0x0000000081f00000, 0x0000000081f00000|100%| O|  |TAMS 0x0000000081f00000, 0x0000000081e00000| Untracked 
|  31|0x0000000081f00000, 0x0000000082000000, 0x0000000082000000|100%| O|  |TAMS 0x0000000082000000, 0x0000000081f00000| Complete 
|  32|0x0000000082000000, 0x0000000082100000, 0x0000000082100000|100%| O|  |TAMS 0x0000000082100000, 0x0000000082000000| Untracked 
|  33|0x0000000082100000, 0x0000000082200000, 0x0000000082200000|100%| O|  |TAMS 0x0000000082200000, 0x0000000082100000| Untracked 
|  34|0x0000000082200000, 0x0000000082300000, 0x0000000082300000|100%|HS|  |TAMS 0x0000000082300000, 0x0000000082200000| Complete 
|  35|0x0000000082300000, 0x0000000082400000, 0x0000000082400000|100%|HC|  |TAMS 0x0000000082400000, 0x0000000082300000| Complete 
|  36|0x0000000082400000, 0x0000000082500000, 0x0000000082500000|100%|HC|  |TAMS 0x0000000082500000, 0x0000000082400000| Complete 
|  37|0x0000000082500000, 0x0000000082600000, 0x0000000082600000|100%|HS|  |TAMS 0x0000000082600000, 0x0000000082500000| Complete 
|  38|0x0000000082600000, 0x0000000082700000, 0x0000000082700000|100%|HS|  |TAMS 0x0000000082700000, 0x0000000082600000| Complete 
|  39|0x0000000082700000, 0x0000000082800000, 0x0000000082800000|100%| O|  |TAMS 0x0000000082800000, 0x0000000082700000| Untracked 
|  40|0x0000000082800000, 0x0000000082900000, 0x0000000082900000|100%| O|  |TAMS 0x0000000082900000, 0x0000000082800000| Untracked 
|  41|0x0000000082900000, 0x0000000082a00000, 0x0000000082a00000|100%| O|  |TAMS 0x0000000082a00000, 0x0000000082900000| Untracked 
|  42|0x0000000082a00000, 0x0000000082b00000, 0x0000000082b00000|100%| O|  |TAMS 0x0000000082b00000, 0x0000000082a00000| Untracked 
|  43|0x0000000082b00000, 0x0000000082c00000, 0x0000000082c00000|100%| O|  |TAMS 0x0000000082c00000, 0x0000000082b00000| Untracked 
|  44|0x0000000082c00000, 0x0000000082d00000, 0x0000000082d00000|100%| O|  |TAMS 0x0000000082d00000, 0x0000000082c00000| Untracked 
|  45|0x0000000082d00000, 0x0000000082e00000, 0x0000000082e00000|100%|HS|  |TAMS 0x0000000082e00000, 0x0000000082d00000| Complete 
|  46|0x0000000082e00000, 0x0000000082f00000, 0x0000000082f00000|100%|HC|  |TAMS 0x0000000082f00000, 0x0000000082e00000| Complete 
|  47|0x0000000082f00000, 0x0000000083000000, 0x0000000083000000|100%|HC|  |TAMS 0x0000000083000000, 0x0000000082f00000| Complete 
|  48|0x0000000083000000, 0x0000000083100000, 0x0000000083100000|100%|HC|  |TAMS 0x0000000083100000, 0x0000000083000000| Complete 
|  49|0x0000000083100000, 0x0000000083200000, 0x0000000083200000|100%|HS|  |TAMS 0x0000000083200000, 0x0000000083100000| Complete 
|  50|0x0000000083200000, 0x0000000083300000, 0x0000000083300000|100%|HS|  |TAMS 0x0000000083300000, 0x0000000083200000| Complete 
|  51|0x0000000083300000, 0x0000000083400000, 0x0000000083400000|100%|HC|  |TAMS 0x0000000083400000, 0x0000000083300000| Complete 
|  52|0x0000000083400000, 0x0000000083500000, 0x0000000083500000|100%| O|  |TAMS 0x0000000083500000, 0x0000000083400000| Untracked 
|  53|0x0000000083500000, 0x0000000083600000, 0x0000000083600000|100%| O|  |TAMS 0x0000000083600000, 0x0000000083500000| Untracked 
|  54|0x0000000083600000, 0x0000000083700000, 0x0000000083700000|100%| O|  |TAMS 0x0000000083700000, 0x0000000083600000| Untracked 
|  55|0x0000000083700000, 0x0000000083800000, 0x0000000083800000|100%| O|  |TAMS 0x0000000083800000, 0x0000000083700000| Untracked 
|  56|0x0000000083800000, 0x0000000083900000, 0x0000000083900000|100%| O|  |TAMS 0x0000000083900000, 0x0000000083800000| Untracked 
|  57|0x0000000083900000, 0x0000000083a00000, 0x0000000083a00000|100%| O|  |TAMS 0x0000000083a00000, 0x0000000083900000| Untracked 
|  58|0x0000000083a00000, 0x0000000083b00000, 0x0000000083b00000|100%| O|  |TAMS 0x0000000083b00000, 0x0000000083a00000| Complete 
|  59|0x0000000083b00000, 0x0000000083c00000, 0x0000000083c00000|100%| O|  |TAMS 0x0000000083c00000, 0x0000000083b00000| Untracked 
|  60|0x0000000083c00000, 0x0000000083d00000, 0x0000000083d00000|100%| O|  |TAMS 0x0000000083d00000, 0x0000000083c00000| Untracked 
|  61|0x0000000083d00000, 0x0000000083e00000, 0x0000000083e00000|100%| O|  |TAMS 0x0000000083e00000, 0x0000000083d00000| Untracked 
|  62|0x0000000083e00000, 0x0000000083f00000, 0x0000000083f00000|100%| O|  |TAMS 0x0000000083f00000, 0x0000000083e00000| Untracked 
|  63|0x0000000083f00000, 0x0000000084000000, 0x0000000084000000|100%| O|  |TAMS 0x0000000084000000, 0x0000000083f00000| Complete 
|  64|0x0000000084000000, 0x0000000084100000, 0x0000000084100000|100%| O|  |TAMS 0x0000000084100000, 0x0000000084000000| Complete 
|  65|0x0000000084100000, 0x0000000084200000, 0x0000000084200000|100%| O|  |TAMS 0x0000000084200000, 0x0000000084100000| Untracked 
|  66|0x0000000084200000, 0x0000000084300000, 0x0000000084300000|100%| O|  |TAMS 0x0000000084300000, 0x0000000084200000| Complete 
|  67|0x0000000084300000, 0x0000000084400000, 0x0000000084400000|100%| O|  |TAMS 0x0000000084400000, 0x0000000084300000| Complete 
|  68|0x0000000084400000, 0x0000000084500000, 0x0000000084500000|100%| O|  |TAMS 0x0000000084500000, 0x0000000084400000| Complete 
|  69|0x0000000084500000, 0x0000000084600000, 0x0000000084600000|100%| O|  |TAMS 0x0000000084600000, 0x0000000084500000| Untracked 
|  70|0x0000000084600000, 0x0000000084700000, 0x0000000084700000|100%| O|  |TAMS 0x0000000084700000, 0x0000000084600000| Untracked 
|  71|0x0000000084700000, 0x0000000084800000, 0x0000000084800000|100%| O|  |TAMS 0x0000000084800000, 0x0000000084700000| Untracked 
|  72|0x0000000084800000, 0x0000000084900000, 0x0000000084900000|100%| O|  |TAMS 0x0000000084900000, 0x0000000084800000| Untracked 
|  73|0x0000000084900000, 0x0000000084a00000, 0x0000000084a00000|100%| O|  |TAMS 0x0000000084a00000, 0x0000000084900000| Untracked 
|  74|0x0000000084a00000, 0x0000000084b00000, 0x0000000084b00000|100%| O|  |TAMS 0x0000000084b00000, 0x0000000084a00000| Complete 
|  75|0x0000000084b00000, 0x0000000084c00000, 0x0000000084c00000|100%|HS|  |TAMS 0x0000000084c00000, 0x0000000084b00000| Complete 
|  76|0x0000000084c00000, 0x0000000084d00000, 0x0000000084d00000|100%|HC|  |TAMS 0x0000000084d00000, 0x0000000084c00000| Complete 
|  77|0x0000000084d00000, 0x0000000084e00000, 0x0000000084e00000|100%|HS|  |TAMS 0x0000000084e00000, 0x0000000084d00000| Complete 
|  78|0x0000000084e00000, 0x0000000084f00000, 0x0000000084f00000|100%|HC|  |TAMS 0x0000000084f00000, 0x0000000084e00000| Complete 
|  79|0x0000000084f00000, 0x0000000085000000, 0x0000000085000000|100%|HC|  |TAMS 0x0000000085000000, 0x0000000084f00000| Complete 
|  80|0x0000000085000000, 0x0000000085100000, 0x0000000085100000|100%| O|  |TAMS 0x0000000085100000, 0x0000000085000000| Complete 
|  81|0x0000000085100000, 0x0000000085200000, 0x0000000085200000|100%| O|  |TAMS 0x0000000085200000, 0x0000000085100000| Untracked 
|  82|0x0000000085200000, 0x0000000085300000, 0x0000000085300000|100%| O|  |TAMS 0x0000000085300000, 0x0000000085200000| Untracked 
|  83|0x0000000085300000, 0x0000000085400000, 0x0000000085400000|100%| O|  |TAMS 0x0000000085400000, 0x0000000085300000| Complete 
|  84|0x0000000085400000, 0x0000000085500000, 0x0000000085500000|100%|HS|  |TAMS 0x0000000085500000, 0x0000000085400000| Complete 
|  85|0x0000000085500000, 0x0000000085600000, 0x0000000085600000|100%| O|  |TAMS 0x0000000085600000, 0x0000000085500000| Complete 
|  86|0x0000000085600000, 0x0000000085700000, 0x0000000085700000|100%| O|  |TAMS 0x0000000085700000, 0x0000000085600000| Complete 
|  87|0x0000000085700000, 0x0000000085800000, 0x0000000085800000|100%| O|  |TAMS 0x0000000085800000, 0x0000000085700000| Untracked 
|  88|0x0000000085800000, 0x0000000085900000, 0x0000000085900000|100%|HS|  |TAMS 0x0000000085900000, 0x0000000085800000| Complete 
|  89|0x0000000085900000, 0x0000000085a00000, 0x0000000085a00000|100%|HC|  |TAMS 0x0000000085a00000, 0x0000000085900000| Complete 
|  90|0x0000000085a00000, 0x0000000085b00000, 0x0000000085b00000|100%|HC|  |TAMS 0x0000000085b00000, 0x0000000085a00000| Complete 
|  91|0x0000000085b00000, 0x0000000085c00000, 0x0000000085c00000|100%|HC|  |TAMS 0x0000000085c00000, 0x0000000085b00000| Complete 
|  92|0x0000000085c00000, 0x0000000085d00000, 0x0000000085d00000|100%| O|  |TAMS 0x0000000085d00000, 0x0000000085c00000| Complete 
|  93|0x0000000085d00000, 0x0000000085e00000, 0x0000000085e00000|100%| O|  |TAMS 0x0000000085e00000, 0x0000000085d00000| Untracked 
|  94|0x0000000085e00000, 0x0000000085f00000, 0x0000000085f00000|100%| O|  |TAMS 0x0000000085f00000, 0x0000000085e00000| Untracked 
|  95|0x0000000085f00000, 0x0000000086000000, 0x0000000086000000|100%| O|  |TAMS 0x0000000086000000, 0x0000000085f00000| Complete 
|  96|0x0000000086000000, 0x0000000086100000, 0x0000000086100000|100%| O|  |TAMS 0x0000000086100000, 0x0000000086000000| Untracked 
|  97|0x0000000086100000, 0x0000000086200000, 0x0000000086200000|100%| O|  |TAMS 0x0000000086200000, 0x0000000086100000| Untracked 
|  98|0x0000000086200000, 0x0000000086300000, 0x0000000086300000|100%| O|  |TAMS 0x0000000086300000, 0x0000000086200000| Complete 
|  99|0x0000000086300000, 0x0000000086400000, 0x0000000086400000|100%| O|  |TAMS 0x0000000086400000, 0x0000000086300000| Complete 
| 100|0x0000000086400000, 0x0000000086500000, 0x0000000086500000|100%| O|  |TAMS 0x0000000086500000, 0x0000000086400000| Complete 
| 101|0x0000000086500000, 0x0000000086600000, 0x0000000086600000|100%| O|  |TAMS 0x0000000086600000, 0x0000000086500000| Untracked 
| 102|0x0000000086600000, 0x0000000086700000, 0x0000000086700000|100%| O|  |TAMS 0x0000000086700000, 0x0000000086600000| Complete 
| 103|0x0000000086700000, 0x0000000086800000, 0x0000000086800000|100%| O|  |TAMS 0x0000000086800000, 0x0000000086700000| Untracked 
| 104|0x0000000086800000, 0x0000000086900000, 0x0000000086900000|100%| O|  |TAMS 0x0000000086900000, 0x0000000086800000| Complete 
| 105|0x0000000086900000, 0x0000000086a00000, 0x0000000086a00000|100%| O|  |TAMS 0x0000000086a00000, 0x0000000086900000| Complete 
| 106|0x0000000086a00000, 0x0000000086b00000, 0x0000000086b00000|100%| O|  |TAMS 0x0000000086b00000, 0x0000000086a00000| Complete 
| 107|0x0000000086b00000, 0x0000000086c00000, 0x0000000086c00000|100%| O|  |TAMS 0x0000000086c00000, 0x0000000086b00000| Untracked 
| 108|0x0000000086c00000, 0x0000000086d00000, 0x0000000086d00000|100%| O|  |TAMS 0x0000000086d00000, 0x0000000086c00000| Complete 
| 109|0x0000000086d00000, 0x0000000086e00000, 0x0000000086e00000|100%| O|  |TAMS 0x0000000086e00000, 0x0000000086d00000| Untracked 
| 110|0x0000000086e00000, 0x0000000086f00000, 0x0000000086f00000|100%| O|  |TAMS 0x0000000086f00000, 0x0000000086e00000| Complete 
| 111|0x0000000086f00000, 0x0000000087000000, 0x0000000087000000|100%| O|  |TAMS 0x0000000087000000, 0x0000000086f00000| Complete 
| 112|0x0000000087000000, 0x0000000087100000, 0x0000000087100000|100%| O|  |TAMS 0x0000000087100000, 0x0000000087000000| Complete 
| 113|0x0000000087100000, 0x0000000087200000, 0x0000000087200000|100%| O|  |TAMS 0x0000000087200000, 0x0000000087100000| Untracked 
| 114|0x0000000087200000, 0x0000000087300000, 0x0000000087300000|100%| O|  |TAMS 0x0000000087300000, 0x0000000087200000| Untracked 
| 115|0x0000000087300000, 0x0000000087400000, 0x0000000087400000|100%| O|  |TAMS 0x0000000087400000, 0x0000000087300000| Untracked 
| 116|0x0000000087400000, 0x0000000087500000, 0x0000000087500000|100%| O|  |TAMS 0x0000000087500000, 0x0000000087400000| Untracked 
| 117|0x0000000087500000, 0x0000000087600000, 0x0000000087600000|100%| O|  |TAMS 0x0000000087600000, 0x0000000087500000| Untracked 
| 118|0x0000000087600000, 0x0000000087700000, 0x0000000087700000|100%| O|  |TAMS 0x0000000087700000, 0x0000000087600000| Complete 
| 119|0x0000000087700000, 0x0000000087800000, 0x0000000087800000|100%| O|  |TAMS 0x0000000087800000, 0x0000000087700000| Untracked 
| 120|0x0000000087800000, 0x0000000087900000, 0x0000000087900000|100%| O|  |TAMS 0x0000000087900000, 0x0000000087800000| Complete 
| 121|0x0000000087900000, 0x0000000087a00000, 0x0000000087a00000|100%| O|  |TAMS 0x0000000087a00000, 0x0000000087900000| Untracked 
| 122|0x0000000087a00000, 0x0000000087b00000, 0x0000000087b00000|100%| O|  |TAMS 0x0000000087b00000, 0x0000000087a00000| Untracked 
| 123|0x0000000087b00000, 0x0000000087c00000, 0x0000000087c00000|100%| O|  |TAMS 0x0000000087c00000, 0x0000000087b00000| Untracked 
| 124|0x0000000087c00000, 0x0000000087d00000, 0x0000000087d00000|100%| O|  |TAMS 0x0000000087d00000, 0x0000000087c00000| Complete 
| 125|0x0000000087d00000, 0x0000000087e00000, 0x0000000087e00000|100%| O|  |TAMS 0x0000000087e00000, 0x0000000087d00000| Complete 
| 126|0x0000000087e00000, 0x0000000087f00000, 0x0000000087f00000|100%| O|  |TAMS 0x0000000087f00000, 0x0000000087e00000| Untracked 
| 127|0x0000000087f00000, 0x0000000088000000, 0x0000000088000000|100%| O|  |TAMS 0x0000000088000000, 0x0000000087f00000| Untracked 
| 128|0x0000000088000000, 0x0000000088100000, 0x0000000088100000|100%| O|  |TAMS 0x0000000088100000, 0x0000000088000000| Untracked 
| 129|0x0000000088100000, 0x0000000088200000, 0x0000000088200000|100%| O|  |TAMS 0x0000000088200000, 0x0000000088100000| Untracked 
| 130|0x0000000088200000, 0x0000000088300000, 0x0000000088300000|100%| O|  |TAMS 0x0000000088300000, 0x0000000088200000| Untracked 
| 131|0x0000000088300000, 0x0000000088400000, 0x0000000088400000|100%| O|  |TAMS 0x0000000088400000, 0x0000000088300000| Untracked 
| 132|0x0000000088400000, 0x0000000088500000, 0x0000000088500000|100%| O|  |TAMS 0x0000000088500000, 0x0000000088400000| Untracked 
| 133|0x0000000088500000, 0x0000000088600000, 0x0000000088600000|100%| O|  |TAMS 0x0000000088600000, 0x0000000088500000| Untracked 
| 134|0x0000000088600000, 0x0000000088700000, 0x0000000088700000|100%| O|  |TAMS 0x0000000088700000, 0x0000000088600000| Complete 
| 135|0x0000000088700000, 0x0000000088800000, 0x0000000088800000|100%| O|  |TAMS 0x0000000088800000, 0x0000000088700000| Complete 
| 136|0x0000000088800000, 0x0000000088900000, 0x0000000088900000|100%| O|  |TAMS 0x0000000088900000, 0x0000000088800000| Untracked 
| 137|0x0000000088900000, 0x0000000088a00000, 0x0000000088a00000|100%| O|  |TAMS 0x0000000088a00000, 0x0000000088900000| Untracked 
| 138|0x0000000088a00000, 0x0000000088b00000, 0x0000000088b00000|100%| O|  |TAMS 0x0000000088b00000, 0x0000000088a00000| Untracked 
| 139|0x0000000088b00000, 0x0000000088c00000, 0x0000000088c00000|100%| O|  |TAMS 0x0000000088c00000, 0x0000000088b00000| Complete 
| 140|0x0000000088c00000, 0x0000000088d00000, 0x0000000088d00000|100%| O|  |TAMS 0x0000000088d00000, 0x0000000088c00000| Untracked 
| 141|0x0000000088d00000, 0x0000000088e00000, 0x0000000088e00000|100%| O|  |TAMS 0x0000000088e00000, 0x0000000088d00000| Untracked 
| 142|0x0000000088e00000, 0x0000000088f00000, 0x0000000088f00000|100%| O|  |TAMS 0x0000000088f00000, 0x0000000088e00000| Untracked 
| 143|0x0000000088f00000, 0x0000000089000000, 0x0000000089000000|100%| O|  |TAMS 0x0000000089000000, 0x0000000088f00000| Complete 
| 144|0x0000000089000000, 0x0000000089100000, 0x0000000089100000|100%| O|  |TAMS 0x0000000089100000, 0x0000000089000000| Untracked 
| 145|0x0000000089100000, 0x0000000089200000, 0x0000000089200000|100%| O|  |TAMS 0x0000000089200000, 0x0000000089100000| Untracked 
| 146|0x0000000089200000, 0x0000000089300000, 0x0000000089300000|100%| O|  |TAMS 0x0000000089300000, 0x0000000089200000| Complete 
| 147|0x0000000089300000, 0x0000000089400000, 0x0000000089400000|100%| O|  |TAMS 0x0000000089400000, 0x0000000089300000| Untracked 
| 148|0x0000000089400000, 0x0000000089500000, 0x0000000089500000|100%| O|  |TAMS 0x0000000089500000, 0x0000000089400000| Complete 
| 149|0x0000000089500000, 0x0000000089600000, 0x0000000089600000|100%| O|  |TAMS 0x0000000089600000, 0x0000000089500000| Untracked 
| 150|0x0000000089600000, 0x0000000089700000, 0x0000000089700000|100%| O|  |TAMS 0x0000000089700000, 0x0000000089600000| Untracked 
| 151|0x0000000089700000, 0x0000000089800000, 0x0000000089800000|100%| O|  |TAMS 0x0000000089800000, 0x0000000089700000| Untracked 
| 152|0x0000000089800000, 0x0000000089900000, 0x0000000089900000|100%| O|  |TAMS 0x0000000089900000, 0x0000000089800000| Complete 
| 153|0x0000000089900000, 0x0000000089a00000, 0x0000000089a00000|100%| O|  |TAMS 0x0000000089a00000, 0x0000000089900000| Untracked 
| 154|0x0000000089a00000, 0x0000000089b00000, 0x0000000089b00000|100%| O|  |TAMS 0x0000000089b00000, 0x0000000089a00000| Untracked 
| 155|0x0000000089b00000, 0x0000000089c00000, 0x0000000089c00000|100%| O|  |TAMS 0x0000000089c00000, 0x0000000089b00000| Untracked 
| 156|0x0000000089c00000, 0x0000000089d00000, 0x0000000089d00000|100%| O|  |TAMS 0x0000000089d00000, 0x0000000089c00000| Untracked 
| 157|0x0000000089d00000, 0x0000000089e00000, 0x0000000089e00000|100%| O|  |TAMS 0x0000000089d75400, 0x0000000089d00000| Complete 
| 158|0x0000000089e00000, 0x0000000089f00000, 0x0000000089f00000|100%| O|  |TAMS 0x0000000089e00000, 0x0000000089e00000| Untracked 
| 159|0x0000000089f00000, 0x000000008a000000, 0x000000008a000000|100%| O|  |TAMS 0x0000000089f00000, 0x0000000089f00000| Untracked 
| 160|0x000000008a000000, 0x000000008a100000, 0x000000008a100000|100%| O|  |TAMS 0x000000008a000000, 0x000000008a000000| Untracked 
| 161|0x000000008a100000, 0x000000008a200000, 0x000000008a200000|100%| O|  |TAMS 0x000000008a100000, 0x000000008a100000| Untracked 
| 162|0x000000008a200000, 0x000000008a300000, 0x000000008a300000|100%| O|  |TAMS 0x000000008a200000, 0x000000008a200000| Untracked 
| 163|0x000000008a300000, 0x000000008a400000, 0x000000008a400000|100%| O|  |TAMS 0x000000008a300000, 0x000000008a300000| Untracked 
| 164|0x000000008a400000, 0x000000008a500000, 0x000000008a500000|100%| O|  |TAMS 0x000000008a400000, 0x000000008a400000| Untracked 
| 165|0x000000008a500000, 0x000000008a600000, 0x000000008a600000|100%| O|  |TAMS 0x000000008a500000, 0x000000008a500000| Untracked 
| 166|0x000000008a600000, 0x000000008a61a200, 0x000000008a700000| 10%| O|  |TAMS 0x000000008a600000, 0x000000008a600000| Untracked 
| 167|0x000000008a700000, 0x000000008a700000, 0x000000008a800000|  0%| F|  |TAMS 0x000000008a700000, 0x000000008a700000| Untracked 
| 168|0x000000008a800000, 0x000000008a800000, 0x000000008a900000|  0%| F|  |TAMS 0x000000008a800000, 0x000000008a800000| Untracked 
| 169|0x000000008a900000, 0x000000008a900000, 0x000000008aa00000|  0%| F|  |TAMS 0x000000008a900000, 0x000000008a900000| Untracked 
| 170|0x000000008aa00000, 0x000000008aa00000, 0x000000008ab00000|  0%| F|  |TAMS 0x000000008aa00000, 0x000000008aa00000| Untracked 
| 171|0x000000008ab00000, 0x000000008ab00000, 0x000000008ac00000|  0%| F|  |TAMS 0x000000008ab00000, 0x000000008ab00000| Untracked 
| 172|0x000000008ac00000, 0x000000008ac00000, 0x000000008ad00000|  0%| F|  |TAMS 0x000000008ac00000, 0x000000008ac00000| Untracked 
| 173|0x000000008ad00000, 0x000000008ad00000, 0x000000008ae00000|  0%| F|  |TAMS 0x000000008ad00000, 0x000000008ad00000| Untracked 
| 174|0x000000008ae00000, 0x000000008ae00000, 0x000000008af00000|  0%| F|  |TAMS 0x000000008ae00000, 0x000000008ae00000| Untracked 
| 175|0x000000008af00000, 0x000000008af00000, 0x000000008b000000|  0%| F|  |TAMS 0x000000008af00000, 0x000000008af00000| Untracked 
| 176|0x000000008b000000, 0x000000008b000000, 0x000000008b100000|  0%| F|  |TAMS 0x000000008b000000, 0x000000008b000000| Untracked 
| 177|0x000000008b100000, 0x000000008b100000, 0x000000008b200000|  0%| F|  |TAMS 0x000000008b100000, 0x000000008b100000| Untracked 
| 178|0x000000008b200000, 0x000000008b200000, 0x000000008b300000|  0%| F|  |TAMS 0x000000008b200000, 0x000000008b200000| Untracked 
| 179|0x000000008b300000, 0x000000008b300000, 0x000000008b400000|  0%| F|  |TAMS 0x000000008b300000, 0x000000008b300000| Untracked 
| 180|0x000000008b400000, 0x000000008b400000, 0x000000008b500000|  0%| F|  |TAMS 0x000000008b400000, 0x000000008b400000| Untracked 
| 181|0x000000008b500000, 0x000000008b500000, 0x000000008b600000|  0%| F|  |TAMS 0x000000008b500000, 0x000000008b500000| Untracked 
| 182|0x000000008b600000, 0x000000008b600000, 0x000000008b700000|  0%| F|  |TAMS 0x000000008b600000, 0x000000008b600000| Untracked 
| 183|0x000000008b700000, 0x000000008b700000, 0x000000008b800000|  0%| F|  |TAMS 0x000000008b700000, 0x000000008b700000| Untracked 
| 184|0x000000008b800000, 0x000000008b800000, 0x000000008b900000|  0%| F|  |TAMS 0x000000008b800000, 0x000000008b800000| Untracked 
| 185|0x000000008b900000, 0x000000008b900000, 0x000000008ba00000|  0%| F|  |TAMS 0x000000008b900000, 0x000000008b900000| Untracked 
| 186|0x000000008ba00000, 0x000000008ba00000, 0x000000008bb00000|  0%| F|  |TAMS 0x000000008ba00000, 0x000000008ba00000| Untracked 
| 187|0x000000008bb00000, 0x000000008bb00000, 0x000000008bc00000|  0%| F|  |TAMS 0x000000008bb00000, 0x000000008bb00000| Untracked 
| 188|0x000000008bc00000, 0x000000008bc00000, 0x000000008bd00000|  0%| F|  |TAMS 0x000000008bc00000, 0x000000008bc00000| Untracked 
| 189|0x000000008bd00000, 0x000000008bd00000, 0x000000008be00000|  0%| F|  |TAMS 0x000000008bd00000, 0x000000008bd00000| Untracked 
| 190|0x000000008be00000, 0x000000008be00000, 0x000000008bf00000|  0%| F|  |TAMS 0x000000008be00000, 0x000000008be00000| Untracked 
| 191|0x000000008bf00000, 0x000000008bf00000, 0x000000008c000000|  0%| F|  |TAMS 0x000000008bf00000, 0x000000008bf00000| Untracked 
| 192|0x000000008c000000, 0x000000008c000000, 0x000000008c100000|  0%| F|  |TAMS 0x000000008c000000, 0x000000008c000000| Untracked 
| 193|0x000000008c100000, 0x000000008c100000, 0x000000008c200000|  0%| F|  |TAMS 0x000000008c100000, 0x000000008c100000| Untracked 
| 194|0x000000008c200000, 0x000000008c200000, 0x000000008c300000|  0%| F|  |TAMS 0x000000008c200000, 0x000000008c200000| Untracked 
| 195|0x000000008c300000, 0x000000008c363ae0, 0x000000008c400000| 38%| S|CS|TAMS 0x000000008c300000, 0x000000008c300000| Complete 
| 196|0x000000008c400000, 0x000000008c500000, 0x000000008c500000|100%| S|CS|TAMS 0x000000008c400000, 0x000000008c400000| Complete 
| 197|0x000000008c500000, 0x000000008c500000, 0x000000008c600000|  0%| F|  |TAMS 0x000000008c500000, 0x000000008c500000| Untracked 
| 198|0x000000008c600000, 0x000000008c600000, 0x000000008c700000|  0%| F|  |TAMS 0x000000008c600000, 0x000000008c600000| Untracked 
| 199|0x000000008c700000, 0x000000008c800000, 0x000000008c800000|100%| S|CS|TAMS 0x000000008c700000, 0x000000008c700000| Complete 
| 200|0x000000008c800000, 0x000000008c900000, 0x000000008c900000|100%| S|CS|TAMS 0x000000008c800000, 0x000000008c800000| Complete 
| 201|0x000000008c900000, 0x000000008c900000, 0x000000008ca00000|  0%| F|  |TAMS 0x000000008c900000, 0x000000008c900000| Untracked 
| 202|0x000000008ca00000, 0x000000008ca00000, 0x000000008cb00000|  0%| F|  |TAMS 0x000000008ca00000, 0x000000008ca00000| Untracked 
| 203|0x000000008cb00000, 0x000000008cb00000, 0x000000008cc00000|  0%| F|  |TAMS 0x000000008cb00000, 0x000000008cb00000| Untracked 
| 204|0x000000008cc00000, 0x000000008cc00000, 0x000000008cd00000|  0%| F|  |TAMS 0x000000008cc00000, 0x000000008cc00000| Untracked 
| 205|0x000000008cd00000, 0x000000008cd00000, 0x000000008ce00000|  0%| F|  |TAMS 0x000000008cd00000, 0x000000008cd00000| Untracked 
| 206|0x000000008ce00000, 0x000000008ce00000, 0x000000008cf00000|  0%| F|  |TAMS 0x000000008ce00000, 0x000000008ce00000| Untracked 
| 207|0x000000008cf00000, 0x000000008cf00000, 0x000000008d000000|  0%| F|  |TAMS 0x000000008cf00000, 0x000000008cf00000| Untracked 
| 208|0x000000008d000000, 0x000000008d000000, 0x000000008d100000|  0%| F|  |TAMS 0x000000008d000000, 0x000000008d000000| Untracked 
| 209|0x000000008d100000, 0x000000008d100000, 0x000000008d200000|  0%| F|  |TAMS 0x000000008d100000, 0x000000008d100000| Untracked 
| 210|0x000000008d200000, 0x000000008d200000, 0x000000008d300000|  0%| F|  |TAMS 0x000000008d200000, 0x000000008d200000| Untracked 
| 211|0x000000008d300000, 0x000000008d300000, 0x000000008d400000|  0%| F|  |TAMS 0x000000008d300000, 0x000000008d300000| Untracked 
| 212|0x000000008d400000, 0x000000008d400000, 0x000000008d500000|  0%| F|  |TAMS 0x000000008d400000, 0x000000008d400000| Untracked 
| 213|0x000000008d500000, 0x000000008d500000, 0x000000008d600000|  0%| F|  |TAMS 0x000000008d500000, 0x000000008d500000| Untracked 
| 214|0x000000008d600000, 0x000000008d600000, 0x000000008d700000|  0%| F|  |TAMS 0x000000008d600000, 0x000000008d600000| Untracked 
| 215|0x000000008d700000, 0x000000008d700000, 0x000000008d800000|  0%| F|  |TAMS 0x000000008d700000, 0x000000008d700000| Untracked 
| 216|0x000000008d800000, 0x000000008d800000, 0x000000008d900000|  0%| F|  |TAMS 0x000000008d800000, 0x000000008d800000| Untracked 
| 217|0x000000008d900000, 0x000000008d900000, 0x000000008da00000|  0%| F|  |TAMS 0x000000008d900000, 0x000000008d900000| Untracked 
| 218|0x000000008da00000, 0x000000008da00000, 0x000000008db00000|  0%| F|  |TAMS 0x000000008da00000, 0x000000008da00000| Untracked 
| 219|0x000000008db00000, 0x000000008db00000, 0x000000008dc00000|  0%| F|  |TAMS 0x000000008db00000, 0x000000008db00000| Untracked 
| 220|0x000000008dc00000, 0x000000008dc00000, 0x000000008dd00000|  0%| F|  |TAMS 0x000000008dc00000, 0x000000008dc00000| Untracked 
| 221|0x000000008dd00000, 0x000000008dd00000, 0x000000008de00000|  0%| F|  |TAMS 0x000000008dd00000, 0x000000008dd00000| Untracked 

Card table byte_map: [0x000001f8181b0000,0x000001f8185b0000] _byte_map_base: 0x000001f817db0000

Marking Bits (Prev, Next): (CMBitMap*) 0x000001f804fb67b8, (CMBitMap*) 0x000001f804fb67f0
 Prev Bits: [0x000001f8189b0000, 0x000001f81a9b0000)
 Next Bits: [0x000001f81a9b0000, 0x000001f81c9b0000)

Polling page: 0x000001f802f80000

Metaspace:

Usage:
  Non-class:     98.14 MB capacity,    96.20 MB ( 98%) used,     1.58 MB (  2%) free+waste,   362.81 KB ( <1%) overhead. 
      Class:     15.19 MB capacity,    13.97 MB ( 92%) used,     1.05 MB (  7%) free+waste,   169.00 KB (  1%) overhead. 
       Both:    113.33 MB capacity,   110.17 MB ( 97%) used,     2.64 MB (  2%) free+waste,   531.81 KB ( <1%) overhead. 

Virtual space:
  Non-class space:      100.00 MB reserved,      98.18 MB ( 98%) committed 
      Class space:        1.00 GB reserved,      15.27 MB (  1%) committed 
             Both:        1.10 GB reserved,     113.45 MB ( 10%) committed 

Chunk freelists:
   Non-Class:  36.00 KB
       Class:  0 bytes
        Both:  36.00 KB

MaxMetaspaceSize: 17179869184.00 GB
CompressedClassSpaceSize: 1.00 GB
Initial GC threshold: 20.80 MB
Current GC threshold: 187.00 MB
CDS: off

CodeHeap 'non-profiled nmethods': size=120000Kb used=7692Kb max_used=7692Kb free=112307Kb
 bounds [0x000001f810550000, 0x000001f810ce0000, 0x000001f817a80000]
CodeHeap 'profiled nmethods': size=120000Kb used=34464Kb max_used=34464Kb free=85535Kb
 bounds [0x000001f809020000, 0x000001f80b1d0000, 0x000001f810550000]
CodeHeap 'non-nmethods': size=5760Kb used=2448Kb max_used=2486Kb free=3311Kb
 bounds [0x000001f808a80000, 0x000001f808cf0000, 0x000001f809020000]
 total_blobs=16179 nmethods=15208 adapters=882
 compilation: enabled
              stopped_count=0, restarted_count=0
 full_count=0

Compilation events (20 events):
Event: 58.965 Thread 0x000001f81fd92800 nmethod 15539 0x000001f80b1c3f90 code [0x000001f80b1c4140, 0x000001f80b1c4358]
Event: 58.966 Thread 0x000001f81fd92800 15541       3       com.android.tools.r8.graph.L::<init> (83 bytes)
Event: 58.967 Thread 0x000001f81fd92800 nmethod 15541 0x000001f80b1c4410 code [0x000001f80b1c45e0, 0x000001f80b1c4818]
Event: 58.967 Thread 0x000001f81fd92800 15542 %     3       java.util.ArrayList::forEach @ 24 (74 bytes)
Event: 58.967 Thread 0x000001f81fd92800 nmethod 15542% 0x000001f80b1c4910 code [0x000001f80b1c4b20, 0x000001f80b1c51a8]
Event: 58.967 Thread 0x000001f81fd92800 15543       3       com.android.tools.r8.ir.conversion.r$$Lambda$1762/0x0000000100f29440::test (8 bytes)
Event: 58.967 Thread 0x000001f81fd92800 nmethod 15543 0x000001f80b1c5490 code [0x000001f80b1c5680, 0x000001f80b1c5bc8]
Event: 58.967 Thread 0x000001f81fd92800 15544       3       com.android.tools.r8.ir.conversion.r::b (23 bytes)
Event: 58.968 Thread 0x000001f81fd92800 nmethod 15544 0x000001f80b1c5d90 code [0x000001f80b1c5f80, 0x000001f80b1c6348]
Event: 58.968 Thread 0x000001f81fd92800 15545       3       com.android.tools.r8.ir.conversion.r$$Lambda$1764/0x0000000100f29c40::accept (16 bytes)
Event: 58.968 Thread 0x000001f81fd92800 nmethod 15545 0x000001f80b1c6490 code [0x000001f80b1c6660, 0x000001f80b1c6988]
Event: 58.968 Thread 0x000001f81fd92800 15549       3       com.android.tools.r8.ir.conversion.r::a (10 bytes)
Event: 58.968 Thread 0x000001f81fd92800 nmethod 15549 0x000001f80b1c6b10 code [0x000001f80b1c6cc0, 0x000001f80b1c6e88]
Event: 58.968 Thread 0x000001f81fd92800 15546       3       com.android.tools.r8.graph.Y0$$Lambda$1771/0x0000000100f2b440::accept (16 bytes)
Event: 58.968 Thread 0x000001f81fd92800 nmethod 15546 0x000001f80b1c6f90 code [0x000001f80b1c7180, 0x000001f80b1c7598]
Event: 58.968 Thread 0x000001f81fd92800 15547       3       com.android.tools.r8.graph.Y0::c (18 bytes)
Event: 58.968 Thread 0x000001f81fd92800 nmethod 15547 0x000001f80b1c7790 code [0x000001f80b1c7960, 0x000001f80b1c7c18]
Event: 58.968 Thread 0x000001f81fd92800 15552       2       com.android.tools.r8.internal.hF::a (20 bytes)
Event: 58.969 Thread 0x000001f81fd92800 nmethod 15552 0x000001f80b1c7d90 code [0x000001f80b1c7f60, 0x000001f80b1c81f8]
Event: 58.969 Thread 0x000001f81fd92800 15553       2       com.android.tools.r8.internal.hF::b (74 bytes)

GC Heap History (20 events):
Event: 57.146 GC heap after
{Heap after GC invocations=68 (full 0):
 garbage-first heap   total 189440K, used 140152K [0x0000000080000000, 0x0000000100000000)
  region size 1024K, 5 young (5120K), 5 survivors (5120K)
 Metaspace       used 106838K, capacity 109806K, committed 110028K, reserved 1144832K
  class space    used 13462K, capacity 14528K, committed 14616K, reserved 1048576K
}
Event: 57.202 GC heap before
{Heap before GC invocations=68 (full 0):
 garbage-first heap   total 189440K, used 159608K [0x0000000080000000, 0x0000000100000000)
  region size 1024K, 25 young (25600K), 5 survivors (5120K)
 Metaspace       used 107361K, capacity 110254K, committed 110284K, reserved 1144832K
  class space    used 13521K, capacity 14592K, committed 14616K, reserved 1048576K
}
Event: 57.205 GC heap after
{Heap after GC invocations=69 (full 0):
 garbage-first heap   total 189440K, used 142536K [0x0000000080000000, 0x0000000100000000)
  region size 1024K, 4 young (4096K), 4 survivors (4096K)
 Metaspace       used 107361K, capacity 110254K, committed 110284K, reserved 1144832K
  class space    used 13521K, capacity 14592K, committed 14616K, reserved 1048576K
}
Event: 57.376 GC heap before
{Heap before GC invocations=70 (full 0):
 garbage-first heap   total 189440K, used 159944K [0x0000000080000000, 0x0000000100000000)
  region size 1024K, 21 young (21504K), 4 survivors (4096K)
 Metaspace       used 109706K, capacity 112785K, committed 113100K, reserved 1146880K
  class space    used 13871K, capacity 15025K, committed 15128K, reserved 1048576K
}
Event: 57.380 GC heap after
{Heap after GC invocations=71 (full 0):
 garbage-first heap   total 189440K, used 142899K [0x0000000080000000, 0x0000000100000000)
  region size 1024K, 3 young (3072K), 3 survivors (3072K)
 Metaspace       used 109706K, capacity 112785K, committed 113100K, reserved 1146880K
  class space    used 13871K, capacity 15025K, committed 15128K, reserved 1048576K
}
Event: 57.428 GC heap before
{Heap before GC invocations=71 (full 0):
 garbage-first heap   total 189440K, used 158259K [0x0000000080000000, 0x0000000100000000)
  region size 1024K, 19 young (19456K), 3 survivors (3072K)
 Metaspace       used 110141K, capacity 113206K, committed 113356K, reserved 1146880K
  class space    used 13922K, capacity 15058K, committed 15128K, reserved 1048576K
}
Event: 57.437 GC heap after
{Heap after GC invocations=72 (full 0):
 garbage-first heap   total 189440K, used 146134K [0x0000000080000000, 0x0000000100000000)
  region size 1024K, 3 young (3072K), 3 survivors (3072K)
 Metaspace       used 110141K, capacity 113206K, committed 113356K, reserved 1146880K
  class space    used 13922K, capacity 15058K, committed 15128K, reserved 1048576K
}
Event: 57.519 GC heap before
{Heap before GC invocations=72 (full 0):
 garbage-first heap   total 189440K, used 161494K [0x0000000080000000, 0x0000000100000000)
  region size 1024K, 18 young (18432K), 3 survivors (3072K)
 Metaspace       used 110313K, capacity 113384K, committed 113612K, reserved 1148928K
  class space    used 13941K, capacity 15096K, committed 15128K, reserved 1048576K
}
Event: 57.525 GC heap after
{Heap after GC invocations=73 (full 0):
 garbage-first heap   total 189440K, used 149791K [0x0000000080000000, 0x0000000100000000)
  region size 1024K, 3 young (3072K), 3 survivors (3072K)
 Metaspace       used 110313K, capacity 113384K, committed 113612K, reserved 1148928K
  class space    used 13941K, capacity 15096K, committed 15128K, reserved 1048576K
}
Event: 57.574 GC heap before
{Heap before GC invocations=73 (full 0):
 garbage-first heap   total 189440K, used 162079K [0x0000000080000000, 0x0000000100000000)
  region size 1024K, 15 young (15360K), 3 survivors (3072K)
 Metaspace       used 110877K, capacity 113988K, committed 114252K, reserved 1148928K
  class space    used 14032K, capacity 15190K, committed 15256K, reserved 1048576K
}
Event: 57.581 GC heap after
{Heap after GC invocations=74 (full 0):
 garbage-first heap   total 189440K, used 152290K [0x0000000080000000, 0x0000000100000000)
  region size 1024K, 2 young (2048K), 2 survivors (2048K)
 Metaspace       used 110877K, capacity 113988K, committed 114252K, reserved 1148928K
  class space    used 14032K, capacity 15190K, committed 15256K, reserved 1048576K
}
Event: 57.656 GC heap before
{Heap before GC invocations=74 (full 0):
 garbage-first heap   total 189440K, used 163554K [0x0000000080000000, 0x0000000100000000)
  region size 1024K, 13 young (13312K), 2 survivors (2048K)
 Metaspace       used 111016K, capacity 114107K, committed 114252K, reserved 1148928K
  class space    used 14047K, capacity 15208K, committed 15256K, reserved 1048576K
}
Event: 57.851 GC heap after
{Heap after GC invocations=75 (full 0):
 garbage-first heap   total 227328K, used 154624K [0x0000000080000000, 0x0000000100000000)
  region size 1024K, 2 young (2048K), 2 survivors (2048K)
 Metaspace       used 111016K, capacity 114107K, committed 114252K, reserved 1148928K
  class space    used 14047K, capacity 15208K, committed 15256K, reserved 1048576K
}
Event: 57.918 GC heap before
{Heap before GC invocations=76 (full 0):
 garbage-first heap   total 227328K, used 182272K [0x0000000080000000, 0x0000000100000000)
  region size 1024K, 29 young (29696K), 2 survivors (2048K)
 Metaspace       used 111211K, capacity 114303K, committed 114508K, reserved 1148928K
  class space    used 14064K, capacity 15208K, committed 15256K, reserved 1048576K
}
Event: 57.925 GC heap after
{Heap after GC invocations=77 (full 0):
 garbage-first heap   total 227328K, used 160370K [0x0000000080000000, 0x0000000100000000)
  region size 1024K, 4 young (4096K), 4 survivors (4096K)
 Metaspace       used 111211K, capacity 114303K, committed 114508K, reserved 1148928K
  class space    used 14064K, capacity 15208K, committed 15256K, reserved 1048576K
}
Event: 57.975 GC heap before
{Heap before GC invocations=77 (full 0):
 garbage-first heap   total 227328K, used 185970K [0x0000000080000000, 0x0000000100000000)
  region size 1024K, 29 young (29696K), 4 survivors (4096K)
 Metaspace       used 111323K, capacity 114404K, committed 114636K, reserved 1148928K
  class space    used 14072K, capacity 15240K, committed 15384K, reserved 1048576K
}
Event: 57.983 GC heap after
{Heap after GC invocations=78 (full 0):
 garbage-first heap   total 227328K, used 165333K [0x0000000080000000, 0x0000000100000000)
  region size 1024K, 4 young (4096K), 4 survivors (4096K)
 Metaspace       used 111323K, capacity 114404K, committed 114636K, reserved 1148928K
  class space    used 14072K, capacity 15240K, committed 15384K, reserved 1048576K
}
Event: 58.041 GC heap before
{Heap before GC invocations=78 (full 0):
 garbage-first heap   total 227328K, used 188885K [0x0000000080000000, 0x0000000100000000)
  region size 1024K, 27 young (27648K), 4 survivors (4096K)
 Metaspace       used 111345K, capacity 114472K, committed 114636K, reserved 1148928K
  class space    used 14073K, capacity 15240K, committed 15384K, reserved 1048576K
}
Event: 58.047 GC heap after
{Heap after GC invocations=79 (full 0):
 garbage-first heap   total 227328K, used 169893K [0x0000000080000000, 0x0000000100000000)
  region size 1024K, 4 young (4096K), 4 survivors (4096K)
 Metaspace       used 111345K, capacity 114472K, committed 114636K, reserved 1148928K
  class space    used 14073K, capacity 15240K, committed 15384K, reserved 1048576K
}
Event: 58.969 GC heap before
{Heap before GC invocations=80 (full 0):
 garbage-first heap   total 227328K, used 191397K [0x0000000080000000, 0x0000000100000000)
  region size 1024K, 25 young (25600K), 4 survivors (4096K)
 Metaspace       used 112814K, capacity 116047K, committed 116172K, reserved 1150976K
  class space    used 14303K, capacity 15551K, committed 15640K, reserved 1048576K
}

Deoptimization events (20 events):
Event: 57.583 Thread 0x000001f82364e800 Uncommon trap: trap_request=0xffffff4d fr.pc=0x000001f810c949f4 relative=0x00000000000009b4
Event: 57.583 Thread 0x000001f82364e800 Uncommon trap: reason=unstable_if action=reinterpret pc=0x000001f810c949f4 method=com.android.tools.r8.graph.c1.a(C)I @ 7 c2
Event: 57.583 Thread 0x000001f82364e800 DEOPT PACKING pc=0x000001f810c949f4 sp=0x0000000ce42fa030
Event: 57.583 Thread 0x000001f82364e800 DEOPT UNPACKING pc=0x000001f808aca1af sp=0x0000000ce42f9f88 mode 2
Event: 57.606 Thread 0x000001f821e89000 DEOPT PACKING pc=0x000001f80b0a87b8 sp=0x0000000ce50f9560
Event: 57.606 Thread 0x000001f821e89000 DEOPT UNPACKING pc=0x000001f808aca95e sp=0x0000000ce50f8a88 mode 0
Event: 57.607 Thread 0x000001f825c0e800 DEOPT PACKING pc=0x000001f80b0a87b8 sp=0x0000000ce3af9940
Event: 57.607 Thread 0x000001f825c0e800 DEOPT UNPACKING pc=0x000001f808aca95e sp=0x0000000ce3af8e68 mode 0
Event: 57.917 Thread 0x000001f8230a6000 Uncommon trap: trap_request=0xffffff4d fr.pc=0x000001f810ca6900 relative=0x0000000000001c00
Event: 57.917 Thread 0x000001f8230a6000 Uncommon trap: reason=unstable_if action=reinterpret pc=0x000001f810ca6900 method=com.android.tools.r8.internal.le.e(Ljava/lang/String;)[Ljava/lang/String; @ 27 c2
Event: 57.917 Thread 0x000001f8230a6000 DEOPT PACKING pc=0x000001f810ca6900 sp=0x0000000ce4bf9010
Event: 57.917 Thread 0x000001f8230a6000 DEOPT UNPACKING pc=0x000001f808aca1af sp=0x0000000ce4bf9000 mode 2
Event: 57.931 Thread 0x000001f825c0e800 DEOPT PACKING pc=0x000001f80b0e2eab sp=0x0000000ce3af9620
Event: 57.931 Thread 0x000001f825c0e800 DEOPT UNPACKING pc=0x000001f808aca95e sp=0x0000000ce3af8b40 mode 0
Event: 58.007 Thread 0x000001f82364e800 DEOPT PACKING pc=0x000001f80b05d584 sp=0x0000000ce42f9bc0
Event: 58.007 Thread 0x000001f82364e800 DEOPT UNPACKING pc=0x000001f808aca95e sp=0x0000000ce42f9090 mode 0
Event: 58.037 Thread 0x000001f82364e800 DEOPT PACKING pc=0x000001f80b14bcf7 sp=0x0000000ce42f93c0
Event: 58.037 Thread 0x000001f82364e800 DEOPT UNPACKING pc=0x000001f808aca95e sp=0x0000000ce42f8938 mode 0
Event: 58.050 Thread 0x000001f82364e800 DEOPT PACKING pc=0x000001f80b14bcf7 sp=0x0000000ce42f93c0
Event: 58.050 Thread 0x000001f82364e800 DEOPT UNPACKING pc=0x000001f808aca95e sp=0x0000000ce42f8938 mode 0

Classes redefined (0 events):
No events

Internal exceptions (20 events):
Event: 57.116 Thread 0x000001f821e89000 Exception <a 'sun/nio/fs/WindowsException'{0x000000008a56d0a0}> (0x000000008a56d0a0) thrown at [./src/hotspot/share/prims/jni.cpp, line 615]
Event: 57.120 Thread 0x000001f825c0e800 Exception <a 'sun/nio/fs/WindowsException'{0x0000000089f595d8}> (0x0000000089f595d8) thrown at [./src/hotspot/share/prims/jni.cpp, line 615]
Event: 57.123 Thread 0x000001f821e91000 Exception <a 'sun/nio/fs/WindowsException'{0x0000000089ca7698}> (0x0000000089ca7698) thrown at [./src/hotspot/share/prims/jni.cpp, line 615]
Event: 57.156 Thread 0x000001f8230a6000 Exception <a 'sun/nio/fs/WindowsException'{0x000000008b1bb650}> (0x000000008b1bb650) thrown at [./src/hotspot/share/prims/jni.cpp, line 615]
Event: 57.180 Thread 0x000001f82364e800 Exception <a 'sun/nio/fs/WindowsException'{0x000000008a6ca0c0}> (0x000000008a6ca0c0) thrown at [./src/hotspot/share/prims/jni.cpp, line 615]
Event: 57.305 Thread 0x000001f825c0f000 Exception <a 'java/lang/NoSuchMethodError'{0x000000008b24e658}: 'java.lang.Object java.lang.invoke.DirectMethodHandle$Holder.invokeStaticInit(java.lang.Object, java.lang.Object, java.lang.Object, java.lang.Object, java.lang.Object, java.lang.Object, java.lang.Object, java.lang.Object, java.lang.Object, java.lang.Object, java.lang.Object, java.lang.Object, java.lang.Object, java.lang.Object, java.lang.Object, java.lang.Object, java.lang.Object, java.lang.Object, int, java.lang.Object, java.lang.Object)'> (0
Event: 57.326 Thread 0x000001f82364e800 Exception <a 'java/lang/IncompatibleClassChangeError'{0x000000008b29ba48}: Found class java.lang.Object, but interface was expected> (0x000000008b29ba48) thrown at [./src/hotspot/share/interpreter/linkResolver.cpp, line 839]
Event: 57.326 Thread 0x000001f8230a6000 Exception <a 'java/lang/IncompatibleClassChangeError'{0x000000008b2150d0}: Found class java.lang.Object, but interface was expected> (0x000000008b2150d0) thrown at [./src/hotspot/share/interpreter/linkResolver.cpp, line 839]
Event: 57.326 Thread 0x000001f821e91000 Exception <a 'java/lang/IncompatibleClassChangeError'{0x000000008b114ba8}: Found class java.lang.Object, but interface was expected> (0x000000008b114ba8) thrown at [./src/hotspot/share/interpreter/linkResolver.cpp, line 839]
Event: 57.326 Thread 0x000001f821e89000 Exception <a 'java/lang/IncompatibleClassChangeError'{0x000000008b1a8d90}: Found class java.lang.Object, but interface was expected> (0x000000008b1a8d90) thrown at [./src/hotspot/share/interpreter/linkResolver.cpp, line 839]
Event: 57.326 Thread 0x000001f825c0e800 Exception <a 'java/lang/IncompatibleClassChangeError'{0x000000008b1a59c8}: Found class java.lang.Object, but interface was expected> (0x000000008b1a59c8) thrown at [./src/hotspot/share/interpreter/linkResolver.cpp, line 839]
Event: 57.326 Thread 0x000001f825c0f000 Exception <a 'java/lang/IncompatibleClassChangeError'{0x000000008b179060}: Found class java.lang.Object, but interface was expected> (0x000000008b179060) thrown at [./src/hotspot/share/interpreter/linkResolver.cpp, line 839]
Event: 57.545 Thread 0x000001f825c0e800 Exception <a 'java/lang/IncompatibleClassChangeError'{0x000000008b392140}: Found class java.lang.Object, but interface was expected> (0x000000008b392140) thrown at [./src/hotspot/share/interpreter/linkResolver.cpp, line 839]
Event: 57.545 Thread 0x000001f825c0f000 Exception <a 'java/lang/IncompatibleClassChangeError'{0x000000008b3b36f0}: Found class java.lang.Object, but interface was expected> (0x000000008b3b36f0) thrown at [./src/hotspot/share/interpreter/linkResolver.cpp, line 839]
Event: 58.929 Thread 0x000001f821e89000 Exception <a 'java/lang/NoSuchMethodError'{0x000000008d247688}: 'java.lang.Object java.lang.invoke.DirectMethodHandle$Holder.invokeStatic(java.lang.Object, int, java.lang.Object, java.lang.Object)'> (0x000000008d247688) thrown at [./src/hotspot/share/interpreter/linkResolver.cpp, line 773]
Event: 58.929 Thread 0x000001f825c0e800 Exception <a 'java/lang/NoSuchMethodError'{0x000000008d22b418}: 'java.lang.Object java.lang.invoke.DirectMethodHandle$Holder.invokeStatic(java.lang.Object, int, java.lang.Object, java.lang.Object)'> (0x000000008d22b418) thrown at [./src/hotspot/share/interpreter/linkResolver.cpp, line 773]
Event: 58.929 Thread 0x000001f8230a6000 Exception <a 'java/lang/NoSuchMethodError'{0x000000008d3f5ca0}: 'java.lang.Object java.lang.invoke.DirectMethodHandle$Holder.invokeStatic(java.lang.Object, int, java.lang.Object, java.lang.Object)'> (0x000000008d3f5ca0) thrown at [./src/hotspot/share/interpreter/linkResolver.cpp, line 773]
Event: 58.929 Thread 0x000001f82364e800 Exception <a 'java/lang/NoSuchMethodError'{0x000000008d437698}: 'java.lang.Object java.lang.invoke.DirectMethodHandle$Holder.invokeStatic(java.lang.Object, int, java.lang.Object, java.lang.Object)'> (0x000000008d437698) thrown at [./src/hotspot/share/interpreter/linkResolver.cpp, line 773]
Event: 58.929 Thread 0x000001f821e91000 Exception <a 'java/lang/NoSuchMethodError'{0x000000008d2339b8}: 'java.lang.Object java.lang.invoke.DirectMethodHandle$Holder.invokeStatic(java.lang.Object, int, java.lang.Object, java.lang.Object)'> (0x000000008d2339b8) thrown at [./src/hotspot/share/interpreter/linkResolver.cpp, line 773]
Event: 58.929 Thread 0x000001f825c0f000 Exception <a 'java/lang/NoSuchMethodError'{0x000000008d2510c0}: 'java.lang.Object java.lang.invoke.DirectMethodHandle$Holder.invokeStatic(java.lang.Object, int, java.lang.Object, java.lang.Object)'> (0x000000008d2510c0) thrown at [./src/hotspot/share/interpreter/linkResolver.cpp, line 773]

Events (20 events):
Event: 58.957 loading class com/android/tools/r8/graph/Y2 done
Event: 58.957 loading class com/android/tools/r8/graph/Y2
Event: 58.957 loading class com/android/tools/r8/graph/Y2 done
Event: 58.957 loading class com/android/tools/r8/graph/Y2
Event: 58.957 loading class com/android/tools/r8/graph/Y2 done
Event: 58.957 loading class com/android/tools/r8/graph/Y2
Event: 58.957 loading class com/android/tools/r8/graph/Y2 done
Event: 58.957 loading class com/android/tools/r8/graph/Y2
Event: 58.957 loading class com/android/tools/r8/graph/Y2 done
Event: 58.958 loading class com/android/tools/r8/graph/Y2
Event: 58.958 loading class com/android/tools/r8/graph/Y2 done
Event: 58.958 loading class com/android/tools/r8/graph/Y2
Event: 58.958 loading class com/android/tools/r8/graph/Y2 done
Event: 58.958 loading class com/android/tools/r8/internal/e7
Event: 58.958 loading class com/android/tools/r8/internal/e7 done
Event: 58.958 loading class com/android/tools/r8/internal/oE
Event: 58.958 loading class com/android/tools/r8/internal/oE done
Event: 58.958 loading class com/android/tools/r8/internal/oE
Event: 58.958 loading class com/android/tools/r8/internal/oE done
Event: 58.969 Executing VM operation: G1CollectForAllocation


Dynamic libraries:
0x00007ff69c200000 - 0x00007ff69c20a000 	D:\programy\android studio\jre\bin\java.exe
0x00007ff948520000 - 0x00007ff948729000 	C:\Windows\SYSTEM32\ntdll.dll
0x00007ff9469b0000 - 0x00007ff946a6d000 	C:\Windows\System32\KERNEL32.DLL
0x00007ff945e20000 - 0x00007ff94619d000 	C:\Windows\System32\KERNELBASE.dll
0x00007ff945aa0000 - 0x00007ff945bb1000 	C:\Windows\System32\ucrtbase.dll
0x00007ff9417b0000 - 0x00007ff9417c9000 	D:\programy\android studio\jre\bin\jli.dll
0x00007ff9400f0000 - 0x00007ff940107000 	D:\programy\android studio\jre\bin\VCRUNTIME140.dll
0x00007ff948240000 - 0x00007ff9483ed000 	C:\Windows\System32\USER32.dll
0x00007ff946380000 - 0x00007ff9463a6000 	C:\Windows\System32\win32u.dll
0x00007ff934f70000 - 0x00007ff935215000 	C:\Windows\WinSxS\amd64_microsoft.windows.common-controls_6595b64144ccf1df_6.0.22000.120_none_9d947278b86cc467\COMCTL32.dll
0x00007ff946620000 - 0x00007ff946649000 	C:\Windows\System32\GDI32.dll
0x00007ff9463b0000 - 0x00007ff946453000 	C:\Windows\System32\msvcrt.dll
0x00007ff945d00000 - 0x00007ff945e18000 	C:\Windows\System32\gdi32full.dll
0x00007ff945a00000 - 0x00007ff945a9d000 	C:\Windows\System32\msvcp_win.dll
0x00007ff9467f0000 - 0x00007ff946821000 	C:\Windows\System32\IMM32.DLL
0x00007ff92da10000 - 0x00007ff92daad000 	D:\programy\android studio\jre\bin\msvcp140.dll
0x00007ff8e34b0000 - 0x00007ff8e3f95000 	D:\programy\android studio\jre\bin\server\jvm.dll
0x00007ff946900000 - 0x00007ff9469ae000 	C:\Windows\System32\ADVAPI32.dll
0x00007ff947600000 - 0x00007ff94769e000 	C:\Windows\System32\sechost.dll
0x00007ff947450000 - 0x00007ff947570000 	C:\Windows\System32\RPCRT4.dll
0x00007ff947570000 - 0x00007ff947578000 	C:\Windows\System32\PSAPI.DLL
0x00007ff93dbd0000 - 0x00007ff93dbd9000 	C:\Windows\SYSTEM32\WSOCK32.dll
0x00007ff9405b0000 - 0x00007ff9405ba000 	C:\Windows\SYSTEM32\VERSION.dll
0x00007ff947950000 - 0x00007ff9479bf000 	C:\Windows\System32\WS2_32.dll
0x00007ff940bf0000 - 0x00007ff940c23000 	C:\Windows\SYSTEM32\WINMM.dll
0x00007ff944bf0000 - 0x00007ff944c08000 	C:\Windows\SYSTEM32\kernel.appcore.dll
0x00007ff93f2b0000 - 0x00007ff93f2c1000 	D:\programy\android studio\jre\bin\verify.dll
0x00007ff943570000 - 0x00007ff943791000 	C:\Windows\SYSTEM32\DBGHELP.DLL
0x00007ff93fb80000 - 0x00007ff93fbb1000 	C:\Windows\SYSTEM32\dbgcore.DLL
0x00007ff945bc0000 - 0x00007ff945c3f000 	C:\Windows\System32\bcryptPrimitives.dll
0x00007ff93f280000 - 0x00007ff93f2a9000 	D:\programy\android studio\jre\bin\java.dll
0x00007ff9417f0000 - 0x00007ff9417fb000 	D:\programy\android studio\jre\bin\jimage.dll
0x00007ff93e8c0000 - 0x00007ff93e8d8000 	D:\programy\android studio\jre\bin\zip.dll
0x00007ff9479c0000 - 0x00007ff948178000 	C:\Windows\System32\SHELL32.dll
0x00007ff943b80000 - 0x00007ff9443e8000 	C:\Windows\SYSTEM32\windows.storage.dll
0x00007ff946f60000 - 0x00007ff9472d9000 	C:\Windows\System32\combase.dll
0x00007ff943a10000 - 0x00007ff943b76000 	C:\Windows\SYSTEM32\wintypes.dll
0x00007ff9483f0000 - 0x00007ff9484da000 	C:\Windows\System32\SHCORE.dll
0x00007ff9465a0000 - 0x00007ff9465fd000 	C:\Windows\System32\shlwapi.dll
0x00007ff945930000 - 0x00007ff945951000 	C:\Windows\SYSTEM32\profapi.dll
0x00007ff93dcb0000 - 0x00007ff93dcca000 	D:\programy\android studio\jre\bin\net.dll
0x00007ff9408e0000 - 0x00007ff9409ec000 	C:\Windows\SYSTEM32\WINHTTP.dll
0x00007ff945020000 - 0x00007ff945087000 	C:\Windows\system32\mswsock.dll
0x00007ff93dc60000 - 0x00007ff93dc74000 	D:\programy\android studio\jre\bin\nio.dll
0x00007ff93f3f0000 - 0x00007ff93f417000 	C:\Users\svkja\.gradle\native\e1d6ef7f7dcc3fd88c89a11ec53ec762bb8ba0a96d01ffa2cd45eb1d1d8dd5c5\windows-amd64\native-platform.dll
0x00007ff92d8c0000 - 0x00007ff92da04000 	C:\Users\svkja\.gradle\native\5664cfc778a61ccfe75a443a1ab52a65af34e5dc3c78e0209fed803814484fcb\windows-amd64\native-platform-file-events.dll
0x00007ff93e8b0000 - 0x00007ff93e8ba000 	D:\programy\android studio\jre\bin\management.dll
0x00007ff93dc50000 - 0x00007ff93dc5d000 	D:\programy\android studio\jre\bin\management_ext.dll
0x00007ff945260000 - 0x00007ff945278000 	C:\Windows\SYSTEM32\CRYPTSP.dll
0x00007ff944b50000 - 0x00007ff944b85000 	C:\Windows\system32\rsaenh.dll
0x00007ff945110000 - 0x00007ff945139000 	C:\Windows\SYSTEM32\USERENV.dll
0x00007ff9453e0000 - 0x00007ff945407000 	C:\Windows\SYSTEM32\bcrypt.dll
0x00007ff945280000 - 0x00007ff94528c000 	C:\Windows\SYSTEM32\CRYPTBASE.dll
0x00007ff944720000 - 0x00007ff94474d000 	C:\Windows\SYSTEM32\IPHLPAPI.DLL
0x00007ff946f50000 - 0x00007ff946f59000 	C:\Windows\System32\NSI.dll
0x00007ff940ac0000 - 0x00007ff940ad9000 	C:\Windows\SYSTEM32\dhcpcsvc6.DLL
0x00007ff940ce0000 - 0x00007ff940cfe000 	C:\Windows\SYSTEM32\dhcpcsvc.DLL
0x00007ff944790000 - 0x00007ff944878000 	C:\Windows\SYSTEM32\DNSAPI.dll

dbghelp: loaded successfully - version: 4.0.5 - missing functions: none
symbol engine: initialized successfully - sym options: 0x614 - pdb path: .;D:\programy\android studio\jre\bin;C:\Windows\SYSTEM32;C:\Windows\WinSxS\amd64_microsoft.windows.common-controls_6595b64144ccf1df_6.0.22000.120_none_9d947278b86cc467;D:\programy\android studio\jre\bin\server;C:\Users\svkja\.gradle\native\e1d6ef7f7dcc3fd88c89a11ec53ec762bb8ba0a96d01ffa2cd45eb1d1d8dd5c5\windows-amd64;C:\Users\svkja\.gradle\native\5664cfc778a61ccfe75a443a1ab52a65af34e5dc3c78e0209fed803814484fcb\windows-amd64

VM Arguments:
jvm_args: --add-opens=java.base/java.util=ALL-UNNAMED --add-opens=java.base/java.lang=ALL-UNNAMED --add-opens=java.base/java.lang.invoke=ALL-UNNAMED --add-opens=java.base/java.util=ALL-UNNAMED --add-opens=java.prefs/java.util.prefs=ALL-UNNAMED --add-opens=java.prefs/java.util.prefs=ALL-UNNAMED --add-opens=java.base/java.nio.charset=ALL-UNNAMED --add-opens=java.base/java.net=ALL-UNNAMED --add-opens=java.base/java.util.concurrent.atomic=ALL-UNNAMED -Xmx2048m -Dfile.encoding=UTF-8 -Duser.country=SK -Duser.language=sk -Duser.variant 
java_command: org.gradle.launcher.daemon.bootstrap.GradleDaemon 7.3.3
java_class_path (initial): C:\Users\svkja\.gradle\wrapper\dists\gradle-7.3.3-bin\6a41zxkdtcxs8rphpq6y0069z\gradle-7.3.3\lib\gradle-launcher-7.3.3.jar
Launcher Type: SUN_STANDARD

[Global flags]
     intx CICompilerCount                          = 4                                         {product} {ergonomic}
     uint ConcGCThreads                            = 2                                         {product} {ergonomic}
     uint G1ConcRefinementThreads                  = 8                                         {product} {ergonomic}
   size_t G1HeapRegionSize                         = 1048576                                   {product} {ergonomic}
    uintx GCDrainStackTargetSize                   = 64                                        {product} {ergonomic}
   size_t InitialHeapSize                          = 134217728                                 {product} {ergonomic}
   size_t MarkStackSize                            = 4194304                                   {product} {ergonomic}
   size_t MaxHeapSize                              = 2147483648                                {product} {command line}
   size_t MaxNewSize                               = 1287651328                                {product} {ergonomic}
   size_t MinHeapDeltaBytes                        = 1048576                                   {product} {ergonomic}
    uintx NonNMethodCodeHeapSize                   = 5836300                                {pd product} {ergonomic}
    uintx NonProfiledCodeHeapSize                  = 122910970                              {pd product} {ergonomic}
    uintx ProfiledCodeHeapSize                     = 122910970                              {pd product} {ergonomic}
    uintx ReservedCodeCacheSize                    = 251658240                              {pd product} {ergonomic}
     bool SegmentedCodeCache                       = true                                      {product} {ergonomic}
     bool UseCompressedClassPointers               = true                                 {lp64_product} {ergonomic}
     bool UseCompressedOops                        = true                                 {lp64_product} {ergonomic}
     bool UseG1GC                                  = true                                      {product} {ergonomic}
     bool UseLargePagesIndividualAllocation        = false                                  {pd product} {ergonomic}

Logging:
Log output configuration:
 #0: stdout all=warning uptime,level,tags
 #1: stderr all=off uptime,level,tags

Environment Variables:
PATH=C:\Windows\system32;C:\Windows;C:\Windows\System32\Wbem;C:\Windows\System32\WindowsPowerShell\v1.0\;C:\Windows\System32\OpenSSH\;D:\programy\matlab\bin;D:\programy\putty\;C:\Users\svkja\AppData\Local\Microsoft\WindowsApps;;D:\programy\vsc\Microsoft VS Code\bin
USERNAME=svkja
OS=Windows_NT
PROCESSOR_IDENTIFIER=Intel64 Family 6 Model 158 Stepping 10, GenuineIntel



---------------  S Y S T E M  ---------------

OS: Windows 10 , 64 bit Build 22000 (10.0.22000.708)
OS uptime: 5 days 12:17 hours

CPU:total 8 (initial active 8) (4 cores per cpu, 2 threads per core) family 6 model 158 stepping 10 microcode 0xde, cmov, cx8, fxsr, mmx, sse, sse2, sse3, ssse3, sse4.1, sse4.2, popcnt, avx, avx2, aes, clmul, erms, 3dnowpref, lzcnt, ht, tsc, tscinvbit, bmi1, bmi2, adx, fma

Memory: 4k page, system-wide physical 8066M (317M free)
TotalPageFile size 23169M (AvailPageFile size 69M)
current process WorkingSet (physical memory assigned to process): 443M, peak: 443M
current process commit charge ("private bytes"): 611M, peak: 1014M

vm_info: OpenJDK 64-Bit Server VM (11.0.12+7-b1504.28-7817840) for windows-amd64 JRE (11.0.12+7-b1504.28-7817840), built on Oct 13 2021 22:12:33 by "builder" with MS VC++ 14.0 (VS2015)

END.
